2026-02-06 15:11:57.603 [info] [main] Nivel de registro: Info
2026-02-06 15:11:57.603 [info] [main] Validando git encontrado en: "git"
2026-02-06 15:11:57.603 [info] [main] Usando git "2.43.0" de "git"
2026-02-06 15:11:57.603 [info] [Model][doInitialScan] Initial repository scan started
2026-02-06 15:11:57.603 [info] > git rev-parse --show-toplevel [181ms]
2026-02-06 15:11:57.603 [info] fatal: not a git repository (or any of the parent directories): .git
2026-02-06 15:11:57.603 [info] > git rev-parse --show-toplevel [70ms]
2026-02-06 15:11:57.603 [info] fatal: not a git repository (or any of the parent directories): .git
2026-02-06 15:11:57.676 [info] > git rev-parse --show-toplevel [28ms]
2026-02-06 15:11:57.681 [info] fatal: not a git repository (or any of the parent directories): .git
2026-02-06 15:11:57.870 [info] > git rev-parse --show-toplevel [117ms]
2026-02-06 15:11:57.870 [info] fatal: not a git repository (or any of the parent directories): .git
2026-02-06 15:11:57.917 [info] > git rev-parse --show-toplevel [13ms]
2026-02-06 15:11:57.918 [info] fatal: not a git repository (or any of the parent directories): .git
2026-02-06 15:11:58.284 [info] > git rev-parse --show-toplevel [331ms]
2026-02-06 15:11:58.284 [info] fatal: not a git repository (or any of the parent directories): .git
2026-02-06 15:11:58.386 [info] > git rev-parse --show-toplevel [76ms]
2026-02-06 15:11:58.386 [info] fatal: not a git repository (or any of the parent directories): .git
2026-02-06 15:11:58.401 [info] > git rev-parse --show-toplevel [3ms]
2026-02-06 15:11:58.402 [info] fatal: not a git repository (or any of the parent directories): .git
2026-02-06 15:11:58.436 [info] > git rev-parse --show-toplevel [16ms]
2026-02-06 15:11:58.437 [info] fatal: not a git repository (or any of the parent directories): .git
2026-02-06 15:11:58.452 [info] > git rev-parse --show-toplevel [3ms]
2026-02-06 15:11:58.453 [info] fatal: not a git repository (or any of the parent directories): .git
2026-02-06 15:11:58.469 [info] > git rev-parse --show-toplevel [3ms]
2026-02-06 15:11:58.469 [info] fatal: not a git repository (or any of the parent directories): .git
2026-02-06 15:11:58.494 [info] > git rev-parse --show-toplevel [4ms]
2026-02-06 15:11:58.494 [info] fatal: not a git repository (or any of the parent directories): .git
2026-02-06 15:11:58.498 [info] [Model][doInitialScan] Initial repository scan completed - repositories (0), closed repositories (0), parent repositories (0), unsafe repositories (0)
2026-02-06 15:14:56.042 [info] > git rev-parse --show-toplevel [56ms]
2026-02-06 15:14:56.042 [info] fatal: not a git repository (or any of the parent directories): .git
2026-02-06 15:14:58.838 [info] > git rev-parse --show-toplevel [19ms]
2026-02-06 15:14:58.839 [info] fatal: not a git repository (or any of the parent directories): .git
2026-02-06 15:15:48.342 [info] > git rev-parse --show-toplevel [3ms]
2026-02-06 15:15:48.343 [info] fatal: not a git repository (or any of the parent directories): .git
2026-02-06 15:16:04.154 [info] > git rev-parse --show-toplevel [9ms]
2026-02-06 15:16:04.154 [info] fatal: not a git repository (or any of the parent directories): .git
2026-02-06 15:18:28.382 [info] > git rev-parse --show-toplevel [13ms]
2026-02-06 15:18:28.383 [info] fatal: not a git repository (or any of the parent directories): .git
2026-02-06 15:41:32.404 [info] > git rev-parse --show-toplevel [6ms]
2026-02-06 15:41:32.404 [info] fatal: not a git repository (or any of the parent directories): .git
2026-02-06 15:55:05.996 [info] > git rev-parse --show-toplevel [14ms]
2026-02-06 15:55:05.998 [info] fatal: not a git repository (or any of the parent directories): .git
2026-02-06 15:55:06.625 [info] > git rev-parse --show-toplevel [6ms]
2026-02-06 15:55:06.626 [info] fatal: not a git repository (or any of the parent directories): .git
2026-02-06 15:55:07.339 [info] > git rev-parse --show-toplevel [8ms]
2026-02-06 15:55:07.340 [info] fatal: not a git repository (or any of the parent directories): .git
2026-02-06 15:55:08.004 [info] > git rev-parse --show-toplevel [9ms]
2026-02-06 15:55:08.004 [info] fatal: not a git repository (or any of the parent directories): .git
2026-02-06 15:55:16.710 [info] > git rev-parse --show-toplevel [7ms]
2026-02-06 15:55:16.710 [info] fatal: not a git repository (or any of the parent directories): .git
2026-02-06 15:55:19.195 [info] > git rev-parse --show-toplevel [36ms]
2026-02-06 15:55:19.195 [info] fatal: not a git repository (or any of the parent directories): .git
2026-02-06 15:55:19.865 [info] > git rev-parse --show-toplevel [8ms]
2026-02-06 15:55:19.865 [info] fatal: not a git repository (or any of the parent directories): .git
2026-02-06 15:55:20.630 [info] > git rev-parse --show-toplevel [3ms]
2026-02-06 15:55:20.630 [info] fatal: not a git repository (or any of the parent directories): .git
2026-02-06 15:55:35.295 [info] > git rev-parse --show-toplevel [5ms]
2026-02-06 15:55:35.295 [info] fatal: not a git repository (or any of the parent directories): .git
2026-02-06 16:10:18.359 [info] > git rev-parse --show-toplevel [2ms]
2026-02-06 16:10:18.359 [info] fatal: not a git repository (or any of the parent directories): .git
2026-02-06 16:11:18.085 [info] > git rev-parse --show-toplevel [7ms]
2026-02-06 16:11:18.085 [info] fatal: not a git repository (or any of the parent directories): .git
2026-02-06 16:20:43.154 [info] > git rev-parse --show-toplevel [13ms]
2026-02-06 16:20:43.155 [info] fatal: not a git repository (or any of the parent directories): .git
2026-02-06 16:23:42.809 [info] > git rev-parse --show-toplevel [8ms]
2026-02-06 16:23:42.811 [info] fatal: not a git repository (or any of the parent directories): .git
2026-02-06 16:28:07.819 [info] > git rev-parse --show-toplevel [5ms]
2026-02-06 16:28:07.826 [info] fatal: not a git repository (or any of the parent directories): .git
2026-02-06 16:29:29.308 [info] > git rev-parse --show-toplevel [5ms]
2026-02-06 16:29:29.308 [info] fatal: not a git repository (or any of the parent directories): .git
2026-02-06 16:29:31.867 [info] > git rev-parse --show-toplevel [5ms]
2026-02-06 16:29:31.867 [info] fatal: not a git repository (or any of the parent directories): .git
2026-02-06 17:26:56.266 [info] > git rev-parse --show-toplevel [11ms]
2026-02-06 17:26:56.266 [info] fatal: not a git repository (or any of the parent directories): .git
2026-02-06 17:29:42.589 [info] > git rev-parse --show-toplevel [12ms]
2026-02-06 17:29:42.590 [info] fatal: not a git repository (or any of the parent directories): .git
2026-02-06 17:35:42.469 [info] > git rev-parse --show-toplevel [9ms]
2026-02-06 17:35:42.470 [info] fatal: not a git repository (or any of the parent directories): .git
2026-02-06 17:58:46.255 [info] > git rev-parse --show-toplevel [27ms]
2026-02-06 17:58:46.256 [info] fatal: not a git repository (or any of the parent directories): .git
2026-02-06 18:05:25.662 [info] > git rev-parse --show-toplevel [12ms]
2026-02-06 18:05:25.662 [info] fatal: not a git repository (or any of the parent directories): .git
2026-02-06 18:29:13.941 [info] > git rev-parse --show-toplevel [15ms]
2026-02-06 18:29:13.941 [info] fatal: not a git repository (or any of the parent directories): .git
2026-02-06 18:29:30.019 [info] > git rev-parse --show-toplevel [8ms]
2026-02-06 18:29:30.019 [info] fatal: not a git repository (or any of the parent directories): .git
2026-02-06 18:29:35.047 [info] > git rev-parse --show-toplevel [6ms]
2026-02-06 18:29:35.047 [info] fatal: not a git repository (or any of the parent directories): .git
2026-02-06 18:29:40.911 [info] > git rev-parse --show-toplevel [14ms]
2026-02-06 18:29:40.911 [info] fatal: not a git repository (or any of the parent directories): .git
2026-02-06 18:29:48.745 [info] > git rev-parse --show-toplevel [8ms]
2026-02-06 18:29:48.746 [info] fatal: not a git repository (or any of the parent directories): .git
2026-02-06 18:53:18.492 [info] > git rev-parse --show-toplevel [3ms]
2026-02-06 18:53:18.493 [info] fatal: not a git repository (or any of the parent directories): .git
2026-02-06 18:55:20.124 [info] > git rev-parse --show-toplevel [3ms]
2026-02-06 18:55:20.124 [info] fatal: not a git repository (or any of the parent directories): .git
2026-02-06 18:55:35.021 [info] > git rev-parse --show-toplevel [5ms]
2026-02-06 18:55:35.021 [info] fatal: not a git repository (or any of the parent directories): .git
2026-02-06 19:01:52.708 [info] > git rev-parse --show-toplevel [32ms]
2026-02-06 19:01:52.708 [info] fatal: not a git repository (or any of the parent directories): .git
2026-02-06 19:01:54.662 [info] > git rev-parse --show-toplevel [8ms]
2026-02-06 19:01:54.662 [info] fatal: not a git repository (or any of the parent directories): .git
2026-02-06 19:03:05.694 [info] > git rev-parse --show-toplevel [12ms]
2026-02-06 19:03:05.694 [info] fatal: not a git repository (or any of the parent directories): .git
2026-02-06 19:03:13.091 [info] > git rev-parse --show-toplevel [6ms]
2026-02-06 19:03:13.095 [info] fatal: not a git repository (or any of the parent directories): .git
2026-02-06 19:03:17.325 [info] > git rev-parse --show-toplevel [10ms]
2026-02-06 19:03:17.326 [info] fatal: not a git repository (or any of the parent directories): .git
2026-02-06 19:04:10.143 [info] > git rev-parse --show-toplevel [9ms]
2026-02-06 19:04:10.143 [info] fatal: not a git repository (or any of the parent directories): .git
2026-02-06 19:05:12.166 [info] > git rev-parse --show-toplevel [3ms]
2026-02-06 19:05:12.166 [info] fatal: not a git repository (or any of the parent directories): .git
2026-02-06 19:18:08.925 [info] > git rev-parse --show-toplevel [5ms]
2026-02-06 19:18:08.926 [info] fatal: not a git repository (or any of the parent directories): .git
2026-02-06 19:41:03.614 [info] > git rev-parse --show-toplevel [11ms]
2026-02-06 19:41:03.615 [info] fatal: not a git repository (or any of the parent directories): .git
2026-02-06 19:41:05.377 [info] > git rev-parse --show-toplevel [7ms]
2026-02-06 19:41:05.378 [info] fatal: not a git repository (or any of the parent directories): .git
2026-02-06 19:41:12.966 [info] > git rev-parse --show-toplevel [6ms]
2026-02-06 19:41:12.967 [info] fatal: not a git repository (or any of the parent directories): .git
2026-02-06 19:41:14.599 [info] > git rev-parse --show-toplevel [8ms]
2026-02-06 19:41:14.600 [info] fatal: not a git repository (or any of the parent directories): .git
2026-02-06 20:15:47.237 [info] > git rev-parse --show-toplevel [10ms]
2026-02-06 20:15:47.238 [info] fatal: not a git repository (or any of the parent directories): .git
2026-02-06 20:15:50.579 [info] > git rev-parse --show-toplevel [6ms]
2026-02-06 20:15:50.579 [info] fatal: not a git repository (or any of the parent directories): .git
2026-02-06 20:15:56.921 [info] > git rev-parse --show-toplevel [7ms]
2026-02-06 20:15:56.921 [info] fatal: not a git repository (or any of the parent directories): .git
2026-02-06 20:15:57.835 [info] > git rev-parse --show-toplevel [6ms]
2026-02-06 20:15:57.835 [info] fatal: not a git repository (or any of the parent directories): .git
2026-02-06 20:16:00.032 [info] > git rev-parse --show-toplevel [4ms]
2026-02-06 20:16:00.032 [info] fatal: not a git repository (or any of the parent directories): .git
2026-02-06 20:16:00.700 [info] > git rev-parse --show-toplevel [19ms]
2026-02-06 20:16:00.700 [info] fatal: not a git repository (or any of the parent directories): .git
2026-02-06 20:16:01.657 [info] > git rev-parse --show-toplevel [9ms]
2026-02-06 20:16:01.657 [info] fatal: not a git repository (or any of the parent directories): .git
2026-02-06 20:16:02.467 [info] > git rev-parse --show-toplevel [4ms]
2026-02-06 20:16:02.468 [info] fatal: not a git repository (or any of the parent directories): .git
2026-02-06 20:16:05.604 [info] > git rev-parse --show-toplevel [5ms]
2026-02-06 20:16:05.604 [info] fatal: not a git repository (or any of the parent directories): .git
2026-02-06 20:51:40.055 [info] > git rev-parse --show-toplevel [4ms]
2026-02-06 20:51:40.056 [info] fatal: not a git repository (or any of the parent directories): .git
2026-02-06 20:56:13.530 [info] > git rev-parse --show-toplevel [10ms]
2026-02-06 20:56:13.530 [info] fatal: not a git repository (or any of the parent directories): .git
2026-02-06 20:57:01.238 [info] > git rev-parse --show-toplevel [68ms]
2026-02-06 20:57:01.238 [info] fatal: not a git repository (or any of the parent directories): .git
2026-02-06 21:00:35.900 [info] > git rev-parse --show-toplevel [4ms]
2026-02-06 21:00:35.900 [info] fatal: not a git repository (or any of the parent directories): .git
2026-02-06 21:01:45.049 [info] > git rev-parse --show-toplevel [3ms]
2026-02-06 21:01:45.049 [info] fatal: not a git repository (or any of the parent directories): .git
2026-02-06 21:06:21.215 [info] > git rev-parse --show-toplevel [26ms]
2026-02-06 21:06:21.215 [info] fatal: not a git repository (or any of the parent directories): .git
2026-02-06 21:09:26.862 [info] > git rev-parse --show-toplevel [5ms]
2026-02-06 21:09:26.862 [info] fatal: not a git repository (or any of the parent directories): .git
2026-02-06 21:14:07.181 [info] > git rev-parse --show-toplevel [12ms]
2026-02-06 21:14:07.181 [info] fatal: not a git repository (or any of the parent directories): .git
2026-02-06 21:14:11.391 [info] > git rev-parse --show-toplevel [3ms]
2026-02-06 21:14:11.391 [info] fatal: not a git repository (or any of the parent directories): .git
2026-02-06 21:14:57.947 [info] > git rev-parse --show-toplevel [13ms]
2026-02-06 21:14:57.947 [info] fatal: not a git repository (or any of the parent directories): .git
2026-02-06 21:17:11.269 [info] > git rev-parse --show-toplevel [5ms]
2026-02-06 21:17:11.269 [info] fatal: not a git repository (or any of the parent directories): .git
2026-02-06 21:17:20.178 [info] > git rev-parse --show-toplevel [16ms]
2026-02-06 21:17:20.179 [info] fatal: not a git repository (or any of the parent directories): .git
2026-02-06 21:17:36.580 [info] > git rev-parse --show-toplevel [9ms]
2026-02-06 21:17:36.580 [info] fatal: not a git repository (or any of the parent directories): .git
2026-02-06 21:17:41.799 [info] > git rev-parse --show-toplevel [5ms]
2026-02-06 21:17:41.800 [info] fatal: not a git repository (or any of the parent directories): .git
2026-02-06 21:17:54.318 [info] > git rev-parse --show-toplevel [11ms]
2026-02-06 21:17:54.318 [info] fatal: not a git repository (or any of the parent directories): .git
2026-02-06 21:19:12.775 [info] > git rev-parse --show-toplevel [5ms]
2026-02-06 21:19:12.776 [info] fatal: not a git repository (or any of the parent directories): .git
2026-02-06 21:19:45.311 [info] > git rev-parse --show-toplevel [12ms]
2026-02-06 21:19:45.311 [info] fatal: not a git repository (or any of the parent directories): .git
2026-02-06 21:19:46.284 [info] > git rev-parse --show-toplevel [9ms]
2026-02-06 21:19:46.285 [info] fatal: not a git repository (or any of the parent directories): .git
2026-02-06 21:19:47.644 [info] > git rev-parse --show-toplevel [6ms]
2026-02-06 21:19:47.645 [info] fatal: not a git repository (or any of the parent directories): .git
2026-02-06 21:19:48.279 [info] > git rev-parse --show-toplevel [8ms]
2026-02-06 21:19:48.280 [info] fatal: not a git repository (or any of the parent directories): .git
2026-02-06 21:19:53.171 [info] > git rev-parse --show-toplevel [4ms]
2026-02-06 21:19:53.172 [info] fatal: not a git repository (or any of the parent directories): .git
2026-02-06 21:19:54.034 [info] > git rev-parse --show-toplevel [3ms]
2026-02-06 21:19:54.034 [info] fatal: not a git repository (or any of the parent directories): .git
2026-02-06 21:20:20.425 [info] > git rev-parse --show-toplevel [12ms]
2026-02-06 21:20:20.425 [info] fatal: not a git repository (or any of the parent directories): .git
2026-02-06 21:20:40.785 [info] > git rev-parse --show-toplevel [5ms]
2026-02-06 21:20:40.786 [info] fatal: not a git repository (or any of the parent directories): .git
2026-02-06 21:20:43.201 [info] > git rev-parse --show-toplevel [5ms]
2026-02-06 21:20:43.203 [info] fatal: not a git repository (or any of the parent directories): .git
2026-02-06 21:20:48.032 [info] > git rev-parse --show-toplevel [8ms]
2026-02-06 21:20:48.032 [info] fatal: not a git repository (or any of the parent directories): .git
2026-02-06 21:30:42.712 [info] > git rev-parse --show-toplevel [7ms]
2026-02-06 21:30:42.712 [info] fatal: not a git repository (or any of the parent directories): .git
2026-02-06 21:30:44.766 [info] > git rev-parse --show-toplevel [7ms]
2026-02-06 21:30:44.767 [info] fatal: not a git repository (or any of the parent directories): .git
2026-02-06 21:30:45.732 [info] > git rev-parse --show-toplevel [5ms]
2026-02-06 21:30:45.733 [info] fatal: not a git repository (or any of the parent directories): .git
2026-02-06 21:30:50.503 [info] > git rev-parse --show-toplevel [4ms]
2026-02-06 21:30:50.503 [info] fatal: not a git repository (or any of the parent directories): .git
2026-02-06 21:30:56.478 [info] > git rev-parse --show-toplevel [7ms]
2026-02-06 21:30:56.478 [info] fatal: not a git repository (or any of the parent directories): .git
2026-02-06 21:31:01.402 [info] > git rev-parse --show-toplevel [5ms]
2026-02-06 21:31:01.403 [info] fatal: not a git repository (or any of the parent directories): .git
2026-02-06 21:35:57.474 [info] > git rev-parse --show-toplevel [10ms]
2026-02-06 21:35:57.475 [info] fatal: not a git repository (or any of the parent directories): .git
2026-02-06 21:36:00.080 [info] > git rev-parse --show-toplevel [7ms]
2026-02-06 21:36:00.080 [info] fatal: not a git repository (or any of the parent directories): .git
2026-02-06 21:36:07.407 [info] > git rev-parse --show-toplevel [9ms]
2026-02-06 21:36:07.407 [info] fatal: not a git repository (or any of the parent directories): .git
2026-02-06 21:36:09.405 [info] > git rev-parse --show-toplevel [7ms]
2026-02-06 21:36:09.405 [info] fatal: not a git repository (or any of the parent directories): .git
2026-02-06 21:36:29.129 [info] > git rev-parse --show-toplevel [8ms]
2026-02-06 21:36:29.130 [info] fatal: not a git repository (or any of the parent directories): .git
2026-02-06 21:38:34.262 [info] > git rev-parse --show-toplevel [9ms]
2026-02-06 21:38:34.262 [info] fatal: not a git repository (or any of the parent directories): .git
2026-02-06 21:43:42.879 [info] > git rev-parse --show-toplevel [3ms]
2026-02-06 21:43:42.880 [info] fatal: not a git repository (or any of the parent directories): .git
2026-02-06 21:47:12.043 [info] > git rev-parse --show-toplevel [9ms]
2026-02-06 21:47:12.044 [info] fatal: not a git repository (or any of the parent directories): .git
2026-02-06 21:47:35.453 [info] > git rev-parse --show-toplevel [6ms]
2026-02-06 21:47:35.453 [info] fatal: not a git repository (or any of the parent directories): .git
2026-02-06 21:47:36.696 [info] > git rev-parse --show-toplevel [8ms]
2026-02-06 21:47:36.696 [info] fatal: not a git repository (or any of the parent directories): .git
2026-02-06 21:47:38.595 [info] > git rev-parse --show-toplevel [3ms]
2026-02-06 21:47:38.595 [info] fatal: not a git repository (or any of the parent directories): .git
2026-02-06 21:47:40.583 [info] > git rev-parse --show-toplevel [5ms]
2026-02-06 21:47:40.583 [info] fatal: not a git repository (or any of the parent directories): .git
2026-02-06 21:49:32.377 [info] > git rev-parse --show-toplevel [6ms]
2026-02-06 21:49:32.378 [info] fatal: not a git repository (or any of the parent directories): .git
2026-02-06 21:49:34.558 [info] > git rev-parse --show-toplevel [3ms]
2026-02-06 21:49:34.558 [info] fatal: not a git repository (or any of the parent directories): .git
2026-02-06 21:49:38.011 [info] > git rev-parse --show-toplevel [3ms]
2026-02-06 21:49:38.011 [info] fatal: not a git repository (or any of the parent directories): .git
2026-02-06 21:50:00.076 [info] > git rev-parse --show-toplevel [10ms]
2026-02-06 21:50:00.077 [info] fatal: not a git repository (or any of the parent directories): .git
2026-02-06 21:50:32.898 [info] > git rev-parse --show-toplevel [5ms]
2026-02-06 21:50:32.898 [info] fatal: not a git repository (or any of the parent directories): .git
2026-02-06 21:54:11.959 [info] > git rev-parse --show-toplevel [5ms]
2026-02-06 21:54:11.959 [info] fatal: not a git repository (or any of the parent directories): .git
2026-02-06 21:54:27.301 [info] > git rev-parse --show-toplevel [7ms]
2026-02-06 21:54:27.302 [info] fatal: not a git repository (or any of the parent directories): .git
2026-02-06 21:54:36.748 [info] > git rev-parse --show-toplevel [27ms]
2026-02-06 21:54:36.749 [info] fatal: not a git repository (or any of the parent directories): .git
2026-02-06 21:54:58.733 [info] > git rev-parse --show-toplevel [4ms]
2026-02-06 21:54:58.734 [info] fatal: not a git repository (or any of the parent directories): .git
2026-02-06 21:55:02.329 [info] > git rev-parse --show-toplevel [7ms]
2026-02-06 21:55:02.329 [info] fatal: not a git repository (or any of the parent directories): .git
2026-02-06 21:55:06.262 [info] > git rev-parse --show-toplevel [5ms]
2026-02-06 21:55:06.262 [info] fatal: not a git repository (or any of the parent directories): .git
2026-02-06 21:55:09.414 [info] > git rev-parse --show-toplevel [9ms]
2026-02-06 21:55:09.414 [info] fatal: not a git repository (or any of the parent directories): .git
2026-02-06 22:01:34.571 [info] > git rev-parse --show-toplevel [5ms]
2026-02-06 22:01:34.571 [info] fatal: not a git repository (or any of the parent directories): .git
2026-02-06 22:02:05.201 [info] > git rev-parse --show-toplevel [10ms]
2026-02-06 22:02:05.201 [info] fatal: not a git repository (or any of the parent directories): .git
2026-02-06 22:04:39.005 [info] > git rev-parse --show-toplevel [5ms]
2026-02-06 22:04:39.005 [info] fatal: not a git repository (or any of the parent directories): .git
2026-02-06 22:05:12.550 [info] > git rev-parse --show-toplevel [3ms]
2026-02-06 22:05:12.550 [info] fatal: not a git repository (or any of the parent directories): .git
