2026-02-12 23:09:38.440 [info] [main] Nivel de registro: Info
2026-02-12 23:09:38.440 [info] [main] Validando git encontrado en: "git"
2026-02-12 23:09:38.440 [info] [main] Usando git "2.43.0" de "git"
2026-02-12 23:09:38.440 [info] [Model][doInitialScan] Initial repository scan started
2026-02-12 23:09:38.440 [info] > git rev-parse --show-toplevel [42ms]
2026-02-12 23:09:38.440 [info] > git rev-parse --git-dir --git-common-dir [269ms]
2026-02-12 23:09:38.440 [info] [Model][openRepository] Opened repository: /home/leo
2026-02-12 23:09:38.551 [info] > git rev-parse --show-toplevel [75ms]
2026-02-12 23:09:38.556 [info] > git config --get commit.template [91ms]
2026-02-12 23:09:38.843 [info] > git for-each-ref --format=%(refname)%00%(upstream:short)%00%(objectname)%00%(upstream:track)%00%(upstream:remotename)%00%(upstream:remoteref) refs/heads/main refs/remotes/main [195ms]
2026-02-12 23:09:39.008 [info] > git status -z -uall [130ms]
2026-02-12 23:09:39.010 [info] > git for-each-ref --sort -committerdate --format %(refname) %(objectname) %(*objectname) [113ms]
2026-02-12 23:09:39.509 [info] > git check-ignore -v -z --stdin [451ms]
2026-02-12 23:09:39.512 [info] > git for-each-ref --format=%(refname)%00%(upstream:short)%00%(objectname)%00%(upstream:track)%00%(upstream:remotename)%00%(upstream:remoteref) refs/heads/main refs/remotes/main [249ms]
2026-02-12 23:09:39.882 [info] > git config --get commit.template [405ms]
2026-02-12 23:09:39.909 [info] > git rev-parse --show-toplevel [361ms]
2026-02-12 23:09:39.909 [info] > git config --get --local branch.main.vscode-merge-base [378ms]
2026-02-12 23:09:39.910 [warning] [Git][config] git config failed: Failed to execute git
2026-02-12 23:09:40.005 [info] > git rev-parse --show-toplevel [56ms]
2026-02-12 23:09:40.006 [info] > git for-each-ref --format=%(refname)%00%(upstream:short)%00%(objectname)%00%(upstream:track)%00%(upstream:remotename)%00%(upstream:remoteref) refs/heads/main refs/remotes/main [71ms]
2026-02-12 23:09:40.051 [info] > git reflog main --grep-reflog=branch: Created from *. [130ms]
2026-02-12 23:09:40.261 [info] > git status -z -uall [234ms]
2026-02-12 23:09:40.266 [info] > git for-each-ref --sort -committerdate --format %(refname) %(objectname) %(*objectname) [214ms]
2026-02-12 23:09:40.301 [info] > git rev-parse --show-toplevel [52ms]
2026-02-12 23:09:40.388 [info] > git symbolic-ref --short refs/remotes/origin/HEAD [313ms]
2026-02-12 23:09:40.391 [info] fatal: ref refs/remotes/origin/HEAD is not a symbolic ref
2026-02-12 23:09:40.391 [warning] [Repository][getDefaultBranch] Failed to get default branch details: Failed to execute git.
2026-02-12 23:09:40.437 [info] > git for-each-ref --format=%(refname)%00%(upstream:short)%00%(objectname)%00%(upstream:track)%00%(upstream:remotename)%00%(upstream:remoteref) refs/heads/main refs/remotes/main [51ms]
2026-02-12 23:09:40.706 [info] > git config --get --local branch.main.vscode-merge-base [242ms]
2026-02-12 23:09:40.707 [warning] [Git][config] git config failed: Failed to execute git
2026-02-12 23:09:40.732 [info] > git rev-parse --show-toplevel [314ms]
2026-02-12 23:09:40.814 [info] > git reflog main --grep-reflog=branch: Created from *. [82ms]
2026-02-12 23:09:40.851 [info] > git rev-parse --show-toplevel [47ms]
2026-02-12 23:09:41.172 [info] > git symbolic-ref --short refs/remotes/origin/HEAD [347ms]
2026-02-12 23:09:41.173 [info] fatal: ref refs/remotes/origin/HEAD is not a symbolic ref
2026-02-12 23:09:41.173 [warning] [Repository][getDefaultBranch] Failed to get default branch details: Failed to execute git.
2026-02-12 23:09:41.205 [info] > git rev-parse --show-toplevel [38ms]
2026-02-12 23:09:41.252 [info] > git rev-parse --show-toplevel [24ms]
2026-02-12 23:09:41.645 [info] > git rev-parse --show-toplevel [375ms]
2026-02-12 23:09:41.661 [info] > git rev-parse --show-toplevel [4ms]
2026-02-12 23:09:41.674 [info] > git rev-parse --show-toplevel [3ms]
2026-02-12 23:09:42.125 [info] > git rev-parse --show-toplevel [431ms]
2026-02-12 23:09:42.238 [info] > git rev-parse --show-toplevel [97ms]
2026-02-12 23:09:42.340 [info] > git rev-parse --show-toplevel [87ms]
2026-02-12 23:09:42.342 [info] [Model][doInitialScan] Initial repository scan completed - repositories (1), closed repositories (0), parent repositories (0), unsafe repositories (0)
2026-02-12 23:09:42.407 [info] > git show --textconv :backend/models/Proyecto.js [52ms]
2026-02-12 23:09:42.417 [info] > git config --get commit.template [26ms]
2026-02-12 23:09:42.418 [info] > git ls-files --stage -- /home/leo/backend/models/Proyecto.js [51ms]
2026-02-12 23:09:42.462 [info] > git cat-file -s 0c299f612d765258c3bb3aa038ad9bca46bbf3b3 [30ms]
2026-02-12 23:09:42.545 [info] > git for-each-ref --format=%(refname)%00%(upstream:short)%00%(objectname)%00%(upstream:track)%00%(upstream:remotename)%00%(upstream:remoteref) refs/heads/main refs/remotes/main [92ms]
2026-02-12 23:09:42.624 [info] > git for-each-ref --sort -committerdate --format %(refname) %(objectname) %(*objectname) [43ms]
2026-02-12 23:09:42.796 [info] > git status -z -uall [239ms]
2026-02-12 23:09:42.819 [info] > git blame --root --incremental 20413414256438a24bcb2f39f06bf070c1163f13 -- /home/leo/backend/models/Proyecto.js [160ms]
2026-02-12 23:09:46.524 [info] > git config --get commit.template [76ms]
2026-02-12 23:09:46.690 [info] > git for-each-ref --format=%(refname)%00%(upstream:short)%00%(objectname)%00%(upstream:track)%00%(upstream:remotename)%00%(upstream:remoteref) refs/heads/main refs/remotes/main [111ms]
2026-02-12 23:09:46.821 [info] > git status -z -uall [116ms]
2026-02-12 23:09:46.821 [info] > git for-each-ref --sort -committerdate --format %(refname) %(objectname) %(*objectname) [94ms]
2026-02-12 23:10:14.101 [info] > git config --get commit.template [18ms]
2026-02-12 23:10:14.103 [info] > git for-each-ref --format=%(refname)%00%(upstream:short)%00%(objectname)%00%(upstream:track)%00%(upstream:remotename)%00%(upstream:remoteref) refs/heads/main refs/remotes/main [4ms]
2026-02-12 23:10:14.141 [info] > git for-each-ref --sort -committerdate --format %(refname) %(objectname) %(*objectname) [5ms]
2026-02-12 23:10:14.204 [info] > git status -z -uall [87ms]
2026-02-12 23:10:19.244 [info] > git config --get commit.template [4ms]
2026-02-12 23:10:19.261 [info] > git for-each-ref --format=%(refname)%00%(upstream:short)%00%(objectname)%00%(upstream:track)%00%(upstream:remotename)%00%(upstream:remoteref) refs/heads/main refs/remotes/main [3ms]
2026-02-12 23:10:19.297 [info] > git for-each-ref --sort -committerdate --format %(refname) %(objectname) %(*objectname) [7ms]
2026-02-12 23:10:19.356 [info] > git status -z -uall [81ms]
2026-02-12 23:10:24.406 [info] > git config --get commit.template [11ms]
2026-02-12 23:10:24.408 [info] > git for-each-ref --format=%(refname)%00%(upstream:short)%00%(objectname)%00%(upstream:track)%00%(upstream:remotename)%00%(upstream:remoteref) refs/heads/main refs/remotes/main [2ms]
2026-02-12 23:10:24.439 [info] > git for-each-ref --sort -committerdate --format %(refname) %(objectname) %(*objectname) [3ms]
2026-02-12 23:10:24.479 [info] > git status -z -uall [58ms]
2026-02-12 23:10:36.851 [info] > git config --get commit.template [14ms]
2026-02-12 23:10:36.853 [info] > git for-each-ref --format=%(refname)%00%(upstream:short)%00%(objectname)%00%(upstream:track)%00%(upstream:remotename)%00%(upstream:remoteref) refs/heads/main refs/remotes/main [3ms]
2026-02-12 23:10:36.879 [info] > git for-each-ref --sort -committerdate --format %(refname) %(objectname) %(*objectname) [2ms]
2026-02-12 23:10:36.917 [info] > git status -z -uall [54ms]
2026-02-12 23:10:42.862 [info] > git config --get commit.template [14ms]
2026-02-12 23:10:42.863 [info] > git for-each-ref --format=%(refname)%00%(upstream:short)%00%(objectname)%00%(upstream:track)%00%(upstream:remotename)%00%(upstream:remoteref) refs/heads/main refs/remotes/main [2ms]
2026-02-12 23:10:42.893 [info] > git for-each-ref --sort -committerdate --format %(refname) %(objectname) %(*objectname) [3ms]
2026-02-12 23:10:42.936 [info] > git status -z -uall [62ms]
2026-02-12 23:10:52.527 [info] > git config --get commit.template [12ms]
2026-02-12 23:10:52.530 [info] > git for-each-ref --format=%(refname)%00%(upstream:short)%00%(objectname)%00%(upstream:track)%00%(upstream:remotename)%00%(upstream:remoteref) refs/heads/main refs/remotes/main [3ms]
2026-02-12 23:10:52.558 [info] > git for-each-ref --sort -committerdate --format %(refname) %(objectname) %(*objectname) [3ms]
2026-02-12 23:10:52.600 [info] > git status -z -uall [59ms]
2026-02-12 23:10:57.676 [info] > git config --get commit.template [14ms]
2026-02-12 23:10:57.678 [info] > git for-each-ref --format=%(refname)%00%(upstream:short)%00%(objectname)%00%(upstream:track)%00%(upstream:remotename)%00%(upstream:remoteref) refs/heads/main refs/remotes/main [2ms]
2026-02-12 23:10:57.706 [info] > git for-each-ref --sort -committerdate --format %(refname) %(objectname) %(*objectname) [1ms]
2026-02-12 23:10:57.746 [info] > git status -z -uall [56ms]
2026-02-12 23:11:02.826 [info] > git config --get commit.template [12ms]
2026-02-12 23:11:02.828 [info] > git for-each-ref --format=%(refname)%00%(upstream:short)%00%(objectname)%00%(upstream:track)%00%(upstream:remotename)%00%(upstream:remoteref) refs/heads/main refs/remotes/main [3ms]
2026-02-12 23:11:02.852 [info] > git for-each-ref --sort -committerdate --format %(refname) %(objectname) %(*objectname) [1ms]
2026-02-12 23:11:02.894 [info] > git status -z -uall [55ms]
2026-02-12 23:11:07.975 [info] > git config --get commit.template [11ms]
2026-02-12 23:11:07.977 [info] > git for-each-ref --format=%(refname)%00%(upstream:short)%00%(objectname)%00%(upstream:track)%00%(upstream:remotename)%00%(upstream:remoteref) refs/heads/main refs/remotes/main [3ms]
2026-02-12 23:11:08.002 [info] > git for-each-ref --sort -committerdate --format %(refname) %(objectname) %(*objectname) [4ms]
2026-02-12 23:11:08.050 [info] > git status -z -uall [63ms]
2026-02-12 23:11:13.106 [info] > git config --get commit.template [12ms]
2026-02-12 23:11:13.108 [info] > git for-each-ref --format=%(refname)%00%(upstream:short)%00%(objectname)%00%(upstream:track)%00%(upstream:remotename)%00%(upstream:remoteref) refs/heads/main refs/remotes/main [3ms]
2026-02-12 23:11:13.139 [info] > git for-each-ref --sort -committerdate --format %(refname) %(objectname) %(*objectname) [5ms]
2026-02-12 23:11:13.182 [info] > git status -z -uall [64ms]
2026-02-12 23:11:46.038 [info] > git config --get commit.template [12ms]
2026-02-12 23:11:46.040 [info] > git for-each-ref --format=%(refname)%00%(upstream:short)%00%(objectname)%00%(upstream:track)%00%(upstream:remotename)%00%(upstream:remoteref) refs/heads/main refs/remotes/main [3ms]
2026-02-12 23:11:46.070 [info] > git for-each-ref --sort -committerdate --format %(refname) %(objectname) %(*objectname) [5ms]
2026-02-12 23:11:46.115 [info] > git status -z -uall [64ms]
2026-02-12 23:11:51.205 [info] > git config --get commit.template [27ms]
2026-02-12 23:11:51.210 [info] > git for-each-ref --format=%(refname)%00%(upstream:short)%00%(objectname)%00%(upstream:track)%00%(upstream:remotename)%00%(upstream:remoteref) refs/heads/main refs/remotes/main [11ms]
2026-02-12 23:11:51.275 [info] > git for-each-ref --sort -committerdate --format %(refname) %(objectname) %(*objectname) [5ms]
2026-02-12 23:11:51.316 [info] > git status -z -uall [80ms]
2026-02-12 23:12:46.824 [info] > git config --get commit.template [14ms]
2026-02-12 23:12:46.827 [info] > git for-each-ref --format=%(refname)%00%(upstream:short)%00%(objectname)%00%(upstream:track)%00%(upstream:remotename)%00%(upstream:remoteref) refs/heads/main refs/remotes/main [3ms]
2026-02-12 23:12:46.858 [info] > git for-each-ref --sort -committerdate --format %(refname) %(objectname) %(*objectname) [3ms]
2026-02-12 23:12:46.907 [info] > git status -z -uall [68ms]
2026-02-12 23:12:51.990 [info] > git config --get commit.template [16ms]
2026-02-12 23:12:51.991 [info] > git for-each-ref --format=%(refname)%00%(upstream:short)%00%(objectname)%00%(upstream:track)%00%(upstream:remotename)%00%(upstream:remoteref) refs/heads/main refs/remotes/main [3ms]
2026-02-12 23:12:52.022 [info] > git for-each-ref --sort -committerdate --format %(refname) %(objectname) %(*objectname) [5ms]
2026-02-12 23:12:52.067 [info] > git status -z -uall [64ms]
2026-02-12 23:13:46.709 [info] > git check-ignore -v -z --stdin [5ms]
2026-02-12 23:13:54.402 [info] > git config --get commit.template [14ms]
2026-02-12 23:13:54.404 [info] > git for-each-ref --format=%(refname)%00%(upstream:short)%00%(objectname)%00%(upstream:track)%00%(upstream:remotename)%00%(upstream:remoteref) refs/heads/main refs/remotes/main [3ms]
2026-02-12 23:13:54.435 [info] > git for-each-ref --sort -committerdate --format %(refname) %(objectname) %(*objectname) [1ms]
2026-02-12 23:13:54.494 [info] > git status -z -uall [76ms]
2026-02-12 23:13:59.587 [info] > git config --get commit.template [12ms]
2026-02-12 23:13:59.589 [info] > git for-each-ref --format=%(refname)%00%(upstream:short)%00%(objectname)%00%(upstream:track)%00%(upstream:remotename)%00%(upstream:remoteref) refs/heads/main refs/remotes/main [2ms]
2026-02-12 23:13:59.616 [info] > git for-each-ref --sort -committerdate --format %(refname) %(objectname) %(*objectname) [6ms]
2026-02-12 23:13:59.660 [info] > git status -z -uall [62ms]
2026-02-12 23:15:32.451 [info] > git config --get commit.template [15ms]
2026-02-12 23:15:32.453 [info] > git for-each-ref --format=%(refname)%00%(upstream:short)%00%(objectname)%00%(upstream:track)%00%(upstream:remotename)%00%(upstream:remoteref) refs/heads/main refs/remotes/main [4ms]
2026-02-12 23:15:32.489 [info] > git for-each-ref --sort -committerdate --format %(refname) %(objectname) %(*objectname) [5ms]
2026-02-12 23:15:32.545 [info] > git status -z -uall [82ms]
2026-02-12 23:15:37.632 [info] > git config --get commit.template [10ms]
2026-02-12 23:15:37.634 [info] > git for-each-ref --format=%(refname)%00%(upstream:short)%00%(objectname)%00%(upstream:track)%00%(upstream:remotename)%00%(upstream:remoteref) refs/heads/main refs/remotes/main [3ms]
2026-02-12 23:15:37.657 [info] > git for-each-ref --sort -committerdate --format %(refname) %(objectname) %(*objectname) [5ms]
2026-02-12 23:15:37.699 [info] > git status -z -uall [57ms]
2026-02-12 23:16:13.952 [info] > git config --get commit.template [9ms]
2026-02-12 23:16:13.954 [info] > git for-each-ref --format=%(refname)%00%(upstream:short)%00%(objectname)%00%(upstream:track)%00%(upstream:remotename)%00%(upstream:remoteref) refs/heads/main refs/remotes/main [2ms]
2026-02-12 23:16:13.983 [info] > git for-each-ref --sort -committerdate --format %(refname) %(objectname) %(*objectname) [6ms]
2026-02-12 23:16:14.023 [info] > git status -z -uall [59ms]
2026-02-12 23:16:19.210 [info] > git config --get commit.template [13ms]
2026-02-12 23:16:19.214 [info] > git for-each-ref --format=%(refname)%00%(upstream:short)%00%(objectname)%00%(upstream:track)%00%(upstream:remotename)%00%(upstream:remoteref) refs/heads/main refs/remotes/main [6ms]
2026-02-12 23:16:19.241 [info] > git for-each-ref --sort -committerdate --format %(refname) %(objectname) %(*objectname) [3ms]
2026-02-12 23:16:19.292 [info] > git status -z -uall [67ms]
2026-02-12 23:16:24.803 [info] > git config --get commit.template [12ms]
2026-02-12 23:16:24.804 [info] > git for-each-ref --format=%(refname)%00%(upstream:short)%00%(objectname)%00%(upstream:track)%00%(upstream:remotename)%00%(upstream:remoteref) refs/heads/main refs/remotes/main [3ms]
2026-02-12 23:16:24.833 [info] > git for-each-ref --sort -committerdate --format %(refname) %(objectname) %(*objectname) [7ms]
2026-02-12 23:16:24.873 [info] > git status -z -uall [60ms]
2026-02-12 23:16:30.938 [info] > git config --get commit.template [11ms]
2026-02-12 23:16:30.940 [info] > git for-each-ref --format=%(refname)%00%(upstream:short)%00%(objectname)%00%(upstream:track)%00%(upstream:remotename)%00%(upstream:remoteref) refs/heads/main refs/remotes/main [3ms]
2026-02-12 23:16:30.966 [info] > git for-each-ref --sort -committerdate --format %(refname) %(objectname) %(*objectname) [5ms]
2026-02-12 23:16:31.012 [info] > git status -z -uall [63ms]
2026-02-12 23:16:36.079 [info] > git config --get commit.template [10ms]
2026-02-12 23:16:36.081 [info] > git for-each-ref --format=%(refname)%00%(upstream:short)%00%(objectname)%00%(upstream:track)%00%(upstream:remotename)%00%(upstream:remoteref) refs/heads/main refs/remotes/main [3ms]
2026-02-12 23:16:36.106 [info] > git for-each-ref --sort -committerdate --format %(refname) %(objectname) %(*objectname) [2ms]
2026-02-12 23:16:36.146 [info] > git status -z -uall [55ms]
2026-02-12 23:16:41.207 [info] > git config --get commit.template [10ms]
2026-02-12 23:16:41.209 [info] > git for-each-ref --format=%(refname)%00%(upstream:short)%00%(objectname)%00%(upstream:track)%00%(upstream:remotename)%00%(upstream:remoteref) refs/heads/main refs/remotes/main [3ms]
2026-02-12 23:16:41.236 [info] > git for-each-ref --sort -committerdate --format %(refname) %(objectname) %(*objectname) [6ms]
2026-02-12 23:16:41.276 [info] > git status -z -uall [59ms]
2026-02-12 23:16:46.388 [info] > git config --get commit.template [10ms]
2026-02-12 23:16:46.390 [info] > git for-each-ref --format=%(refname)%00%(upstream:short)%00%(objectname)%00%(upstream:track)%00%(upstream:remotename)%00%(upstream:remoteref) refs/heads/main refs/remotes/main [3ms]
2026-02-12 23:16:46.416 [info] > git for-each-ref --sort -committerdate --format %(refname) %(objectname) %(*objectname) [5ms]
2026-02-12 23:16:46.454 [info] > git status -z -uall [56ms]
2026-02-12 23:16:51.495 [info] > git config --get commit.template [11ms]
2026-02-12 23:16:51.496 [info] > git for-each-ref --format=%(refname)%00%(upstream:short)%00%(objectname)%00%(upstream:track)%00%(upstream:remotename)%00%(upstream:remoteref) refs/heads/main refs/remotes/main [1ms]
2026-02-12 23:16:51.519 [info] > git for-each-ref --sort -committerdate --format %(refname) %(objectname) %(*objectname) [2ms]
2026-02-12 23:16:51.557 [info] > git status -z -uall [53ms]
2026-02-12 23:16:56.791 [info] > git config --get commit.template [12ms]
2026-02-12 23:16:56.792 [info] > git for-each-ref --format=%(refname)%00%(upstream:short)%00%(objectname)%00%(upstream:track)%00%(upstream:remotename)%00%(upstream:remoteref) refs/heads/main refs/remotes/main [3ms]
2026-02-12 23:16:56.816 [info] > git for-each-ref --sort -committerdate --format %(refname) %(objectname) %(*objectname) [3ms]
2026-02-12 23:16:56.861 [info] > git status -z -uall [59ms]
2026-02-12 23:17:01.956 [info] > git config --get commit.template [12ms]
2026-02-12 23:17:01.957 [info] > git for-each-ref --format=%(refname)%00%(upstream:short)%00%(objectname)%00%(upstream:track)%00%(upstream:remotename)%00%(upstream:remoteref) refs/heads/main refs/remotes/main [4ms]
2026-02-12 23:17:01.982 [info] > git for-each-ref --sort -committerdate --format %(refname) %(objectname) %(*objectname) [7ms]
2026-02-12 23:17:02.028 [info] > git status -z -uall [63ms]
2026-02-12 23:17:07.078 [info] > git config --get commit.template [12ms]
2026-02-12 23:17:07.080 [info] > git for-each-ref --format=%(refname)%00%(upstream:short)%00%(objectname)%00%(upstream:track)%00%(upstream:remotename)%00%(upstream:remoteref) refs/heads/main refs/remotes/main [3ms]
2026-02-12 23:17:07.103 [info] > git for-each-ref --sort -committerdate --format %(refname) %(objectname) %(*objectname) [2ms]
2026-02-12 23:17:07.152 [info] > git status -z -uall [64ms]
2026-02-12 23:17:12.231 [info] > git config --get commit.template [13ms]
2026-02-12 23:17:12.234 [info] > git for-each-ref --format=%(refname)%00%(upstream:short)%00%(objectname)%00%(upstream:track)%00%(upstream:remotename)%00%(upstream:remoteref) refs/heads/main refs/remotes/main [3ms]
2026-02-12 23:17:12.257 [info] > git for-each-ref --sort -committerdate --format %(refname) %(objectname) %(*objectname) [3ms]
2026-02-12 23:17:12.313 [info] > git status -z -uall [71ms]
2026-02-12 23:17:17.387 [info] > git config --get commit.template [11ms]
2026-02-12 23:17:17.390 [info] > git for-each-ref --format=%(refname)%00%(upstream:short)%00%(objectname)%00%(upstream:track)%00%(upstream:remotename)%00%(upstream:remoteref) refs/heads/main refs/remotes/main [3ms]
2026-02-12 23:17:17.413 [info] > git for-each-ref --sort -committerdate --format %(refname) %(objectname) %(*objectname) [3ms]
2026-02-12 23:17:17.457 [info] > git status -z -uall [58ms]
2026-02-12 23:17:22.503 [info] > git config --get commit.template [12ms]
2026-02-12 23:17:22.506 [info] > git for-each-ref --format=%(refname)%00%(upstream:short)%00%(objectname)%00%(upstream:track)%00%(upstream:remotename)%00%(upstream:remoteref) refs/heads/main refs/remotes/main [4ms]
2026-02-12 23:17:22.530 [info] > git for-each-ref --sort -committerdate --format %(refname) %(objectname) %(*objectname) [3ms]
2026-02-12 23:17:22.572 [info] > git status -z -uall [57ms]
2026-02-12 23:17:27.610 [info] > git config --get commit.template [10ms]
2026-02-12 23:17:27.612 [info] > git for-each-ref --format=%(refname)%00%(upstream:short)%00%(objectname)%00%(upstream:track)%00%(upstream:remotename)%00%(upstream:remoteref) refs/heads/main refs/remotes/main [3ms]
2026-02-12 23:17:27.637 [info] > git for-each-ref --sort -committerdate --format %(refname) %(objectname) %(*objectname) [3ms]
2026-02-12 23:17:27.675 [info] > git status -z -uall [54ms]
2026-02-12 23:17:32.713 [info] > git config --get commit.template [11ms]
2026-02-12 23:17:32.715 [info] > git for-each-ref --format=%(refname)%00%(upstream:short)%00%(objectname)%00%(upstream:track)%00%(upstream:remotename)%00%(upstream:remoteref) refs/heads/main refs/remotes/main [3ms]
2026-02-12 23:17:32.741 [info] > git for-each-ref --sort -committerdate --format %(refname) %(objectname) %(*objectname) [3ms]
2026-02-12 23:17:32.780 [info] > git status -z -uall [56ms]
2026-02-12 23:17:37.840 [info] > git config --get commit.template [12ms]
2026-02-12 23:17:37.843 [info] > git for-each-ref --format=%(refname)%00%(upstream:short)%00%(objectname)%00%(upstream:track)%00%(upstream:remotename)%00%(upstream:remoteref) refs/heads/main refs/remotes/main [4ms]
2026-02-12 23:17:37.868 [info] > git for-each-ref --sort -committerdate --format %(refname) %(objectname) %(*objectname) [4ms]
2026-02-12 23:17:37.906 [info] > git status -z -uall [53ms]
2026-02-12 23:17:43.106 [info] > git config --get commit.template [14ms]
2026-02-12 23:17:43.108 [info] > git for-each-ref --format=%(refname)%00%(upstream:short)%00%(objectname)%00%(upstream:track)%00%(upstream:remotename)%00%(upstream:remoteref) refs/heads/main refs/remotes/main [3ms]
2026-02-12 23:17:43.136 [info] > git for-each-ref --sort -committerdate --format %(refname) %(objectname) %(*objectname) [5ms]
2026-02-12 23:17:43.172 [info] > git status -z -uall [56ms]
2026-02-12 23:17:48.403 [info] > git config --get commit.template [10ms]
2026-02-12 23:17:48.404 [info] > git for-each-ref --format=%(refname)%00%(upstream:short)%00%(objectname)%00%(upstream:track)%00%(upstream:remotename)%00%(upstream:remoteref) refs/heads/main refs/remotes/main [2ms]
2026-02-12 23:17:48.425 [info] > git for-each-ref --sort -committerdate --format %(refname) %(objectname) %(*objectname) [1ms]
2026-02-12 23:17:48.477 [info] > git status -z -uall [63ms]
2026-02-12 23:17:53.124 [info] > git show --textconv :backend/.env [12ms]
2026-02-12 23:17:53.130 [info] > git ls-files --stage -- /home/leo/backend/.env [7ms]
2026-02-12 23:17:53.142 [info] > git cat-file -s 6f9a0b3b63690c91b0d16e5c466e8d864edd337a [2ms]
2026-02-12 23:17:53.174 [info] > git blame --root --incremental 20413414256438a24bcb2f39f06bf070c1163f13 -- /home/leo/backend/.env [9ms]
2026-02-12 23:17:53.520 [info] > git config --get commit.template [11ms]
2026-02-12 23:17:53.522 [info] > git for-each-ref --format=%(refname)%00%(upstream:short)%00%(objectname)%00%(upstream:track)%00%(upstream:remotename)%00%(upstream:remoteref) refs/heads/main refs/remotes/main [3ms]
2026-02-12 23:17:53.548 [info] > git for-each-ref --sort -committerdate --format %(refname) %(objectname) %(*objectname) [3ms]
2026-02-12 23:17:53.589 [info] > git status -z -uall [58ms]
2026-02-12 23:17:58.638 [info] > git config --get commit.template [11ms]
2026-02-12 23:17:58.641 [info] > git for-each-ref --format=%(refname)%00%(upstream:short)%00%(objectname)%00%(upstream:track)%00%(upstream:remotename)%00%(upstream:remoteref) refs/heads/main refs/remotes/main [4ms]
2026-02-12 23:17:58.669 [info] > git for-each-ref --sort -committerdate --format %(refname) %(objectname) %(*objectname) [6ms]
2026-02-12 23:17:58.722 [info] > git status -z -uall [71ms]
2026-02-12 23:18:03.785 [info] > git config --get commit.template [11ms]
2026-02-12 23:18:03.787 [info] > git for-each-ref --format=%(refname)%00%(upstream:short)%00%(objectname)%00%(upstream:track)%00%(upstream:remotename)%00%(upstream:remoteref) refs/heads/main refs/remotes/main [3ms]
2026-02-12 23:18:03.817 [info] > git for-each-ref --sort -committerdate --format %(refname) %(objectname) %(*objectname) [4ms]
2026-02-12 23:18:03.855 [info] > git status -z -uall [56ms]
2026-02-12 23:18:08.993 [info] > git config --get commit.template [12ms]
2026-02-12 23:18:08.995 [info] > git for-each-ref --format=%(refname)%00%(upstream:short)%00%(objectname)%00%(upstream:track)%00%(upstream:remotename)%00%(upstream:remoteref) refs/heads/main refs/remotes/main [4ms]
2026-02-12 23:18:09.026 [info] > git for-each-ref --sort -committerdate --format %(refname) %(objectname) %(*objectname) [4ms]
2026-02-12 23:18:09.074 [info] > git status -z -uall [69ms]
2026-02-12 23:19:35.308 [info] > git config --get commit.template [5ms]
2026-02-12 23:19:35.323 [info] > git for-each-ref --format=%(refname)%00%(upstream:short)%00%(objectname)%00%(upstream:track)%00%(upstream:remotename)%00%(upstream:remoteref) refs/heads/main refs/remotes/main [3ms]
2026-02-12 23:19:35.351 [info] > git for-each-ref --sort -committerdate --format %(refname) %(objectname) %(*objectname) [3ms]
2026-02-12 23:19:35.401 [info] > git status -z -uall [67ms]
2026-02-12 23:19:40.503 [info] > git config --get commit.template [13ms]
2026-02-12 23:19:40.505 [info] > git for-each-ref --format=%(refname)%00%(upstream:short)%00%(objectname)%00%(upstream:track)%00%(upstream:remotename)%00%(upstream:remoteref) refs/heads/main refs/remotes/main [4ms]
2026-02-12 23:19:40.538 [info] > git for-each-ref --sort -committerdate --format %(refname) %(objectname) %(*objectname) [7ms]
2026-02-12 23:19:40.584 [info] > git status -z -uall [67ms]
2026-02-12 23:19:45.643 [info] > git config --get commit.template [9ms]
2026-02-12 23:19:45.646 [info] > git for-each-ref --format=%(refname)%00%(upstream:short)%00%(objectname)%00%(upstream:track)%00%(upstream:remotename)%00%(upstream:remoteref) refs/heads/main refs/remotes/main [4ms]
2026-02-12 23:19:45.675 [info] > git for-each-ref --sort -committerdate --format %(refname) %(objectname) %(*objectname) [7ms]
2026-02-12 23:19:45.728 [info] > git status -z -uall [73ms]
2026-02-12 23:19:50.781 [info] > git config --get commit.template [14ms]
2026-02-12 23:19:50.783 [info] > git for-each-ref --format=%(refname)%00%(upstream:short)%00%(objectname)%00%(upstream:track)%00%(upstream:remotename)%00%(upstream:remoteref) refs/heads/main refs/remotes/main [3ms]
2026-02-12 23:19:50.814 [info] > git for-each-ref --sort -committerdate --format %(refname) %(objectname) %(*objectname) [2ms]
2026-02-12 23:19:50.866 [info] > git status -z -uall [70ms]
2026-02-12 23:19:58.089 [info] > git for-each-ref --format=%(refname)%00%(upstream:short)%00%(objectname)%00%(upstream:track)%00%(upstream:remotename)%00%(upstream:remoteref) refs/heads/main refs/remotes/main [0ms]
2026-02-12 23:19:58.096 [info] > git config --get commit.template [28ms]
2026-02-12 23:19:58.135 [info] > git for-each-ref --sort -committerdate --format %(refname) %(objectname) %(*objectname) [6ms]
2026-02-12 23:19:58.189 [info] > git status -z -uall [73ms]
2026-02-12 23:20:03.248 [info] > git config --get commit.template [19ms]
2026-02-12 23:20:03.252 [info] > git for-each-ref --format=%(refname)%00%(upstream:short)%00%(objectname)%00%(upstream:track)%00%(upstream:remotename)%00%(upstream:remoteref) refs/heads/main refs/remotes/main [6ms]
2026-02-12 23:20:03.299 [info] > git for-each-ref --sort -committerdate --format %(refname) %(objectname) %(*objectname) [8ms]
2026-02-12 23:20:03.382 [info] > git status -z -uall [117ms]
2026-02-12 23:20:08.443 [info] > git for-each-ref --format=%(refname)%00%(upstream:short)%00%(objectname)%00%(upstream:track)%00%(upstream:remotename)%00%(upstream:remoteref) refs/heads/main refs/remotes/main [4ms]
2026-02-12 23:20:08.443 [info] > git config --get commit.template [24ms]
2026-02-12 23:20:08.500 [info] > git for-each-ref --sort -committerdate --format %(refname) %(objectname) %(*objectname) [7ms]
2026-02-12 23:20:08.546 [info] > git status -z -uall [86ms]
2026-02-12 23:20:13.619 [info] > git config --get commit.template [18ms]
2026-02-12 23:20:13.621 [info] > git for-each-ref --format=%(refname)%00%(upstream:short)%00%(objectname)%00%(upstream:track)%00%(upstream:remotename)%00%(upstream:remoteref) refs/heads/main refs/remotes/main [4ms]
2026-02-12 23:20:13.681 [info] > git for-each-ref --sort -committerdate --format %(refname) %(objectname) %(*objectname) [10ms]
2026-02-12 23:20:13.774 [info] > git status -z -uall [138ms]
2026-02-12 23:20:18.837 [info] > git config --get commit.template [20ms]
2026-02-12 23:20:18.840 [info] > git for-each-ref --format=%(refname)%00%(upstream:short)%00%(objectname)%00%(upstream:track)%00%(upstream:remotename)%00%(upstream:remoteref) refs/heads/main refs/remotes/main [4ms]
2026-02-12 23:20:18.901 [info] > git for-each-ref --sort -committerdate --format %(refname) %(objectname) %(*objectname) [11ms]
2026-02-12 23:20:18.988 [info] > git status -z -uall [135ms]
2026-02-12 23:20:24.094 [info] > git config --get commit.template [4ms]
2026-02-12 23:20:24.126 [info] > git for-each-ref --format=%(refname)%00%(upstream:short)%00%(objectname)%00%(upstream:track)%00%(upstream:remotename)%00%(upstream:remoteref) refs/heads/main refs/remotes/main [10ms]
2026-02-12 23:20:24.193 [info] > git for-each-ref --sort -committerdate --format %(refname) %(objectname) %(*objectname) [14ms]
2026-02-12 23:20:24.235 [info] > git status -z -uall [85ms]
2026-02-12 23:20:29.296 [info] > git config --get commit.template [16ms]
2026-02-12 23:20:29.298 [info] > git for-each-ref --format=%(refname)%00%(upstream:short)%00%(objectname)%00%(upstream:track)%00%(upstream:remotename)%00%(upstream:remoteref) refs/heads/main refs/remotes/main [4ms]
2026-02-12 23:20:29.335 [info] > git for-each-ref --sort -committerdate --format %(refname) %(objectname) %(*objectname) [5ms]
2026-02-12 23:20:29.416 [info] > git status -z -uall [103ms]
2026-02-12 23:20:34.517 [info] > git config --get commit.template [42ms]
2026-02-12 23:20:34.518 [info] > git for-each-ref --format=%(refname)%00%(upstream:short)%00%(objectname)%00%(upstream:track)%00%(upstream:remotename)%00%(upstream:remoteref) refs/heads/main refs/remotes/main [14ms]
2026-02-12 23:20:34.666 [info] > git for-each-ref --sort -committerdate --format %(refname) %(objectname) %(*objectname) [97ms]
2026-02-12 23:20:34.782 [info] > git status -z -uall [247ms]
2026-02-12 23:21:34.311 [info] > git config --get commit.template [17ms]
2026-02-12 23:21:34.314 [info] > git for-each-ref --format=%(refname)%00%(upstream:short)%00%(objectname)%00%(upstream:track)%00%(upstream:remotename)%00%(upstream:remoteref) refs/heads/main refs/remotes/main [4ms]
2026-02-12 23:21:34.359 [info] > git for-each-ref --sort -committerdate --format %(refname) %(objectname) %(*objectname) [4ms]
2026-02-12 23:21:34.421 [info] > git status -z -uall [81ms]
2026-02-12 23:21:41.494 [info] > git config --get commit.template [16ms]
2026-02-12 23:21:41.496 [info] > git for-each-ref --format=%(refname)%00%(upstream:short)%00%(objectname)%00%(upstream:track)%00%(upstream:remotename)%00%(upstream:remoteref) refs/heads/main refs/remotes/main [3ms]
2026-02-12 23:21:41.524 [info] > git for-each-ref --sort -committerdate --format %(refname) %(objectname) %(*objectname) [3ms]
2026-02-12 23:21:41.567 [info] > git status -z -uall [60ms]
2026-02-12 23:22:00.390 [info] > git config --get commit.template [13ms]
2026-02-12 23:22:00.392 [info] > git for-each-ref --format=%(refname)%00%(upstream:short)%00%(objectname)%00%(upstream:track)%00%(upstream:remotename)%00%(upstream:remoteref) refs/heads/main refs/remotes/main [3ms]
2026-02-12 23:22:00.430 [info] > git for-each-ref --sort -committerdate --format %(refname) %(objectname) %(*objectname) [8ms]
2026-02-12 23:22:00.476 [info] > git status -z -uall [69ms]
2026-02-12 23:22:05.541 [info] > git config --get commit.template [13ms]
2026-02-12 23:22:05.543 [info] > git for-each-ref --format=%(refname)%00%(upstream:short)%00%(objectname)%00%(upstream:track)%00%(upstream:remotename)%00%(upstream:remoteref) refs/heads/main refs/remotes/main [3ms]
2026-02-12 23:22:05.573 [info] > git for-each-ref --sort -committerdate --format %(refname) %(objectname) %(*objectname) [4ms]
2026-02-12 23:22:05.611 [info] > git status -z -uall [57ms]
2026-02-12 23:22:11.100 [info] > git config --get commit.template [14ms]
2026-02-12 23:22:11.101 [info] > git for-each-ref --format=%(refname)%00%(upstream:short)%00%(objectname)%00%(upstream:track)%00%(upstream:remotename)%00%(upstream:remoteref) refs/heads/main refs/remotes/main [2ms]
2026-02-12 23:22:11.130 [info] > git for-each-ref --sort -committerdate --format %(refname) %(objectname) %(*objectname) [6ms]
2026-02-12 23:22:11.169 [info] > git status -z -uall [59ms]
2026-02-12 23:22:16.237 [info] > git config --get commit.template [12ms]
2026-02-12 23:22:16.239 [info] > git for-each-ref --format=%(refname)%00%(upstream:short)%00%(objectname)%00%(upstream:track)%00%(upstream:remotename)%00%(upstream:remoteref) refs/heads/main refs/remotes/main [3ms]
2026-02-12 23:22:16.263 [info] > git for-each-ref --sort -committerdate --format %(refname) %(objectname) %(*objectname) [3ms]
2026-02-12 23:22:16.309 [info] > git status -z -uall [61ms]
2026-02-12 23:22:21.356 [info] > git config --get commit.template [10ms]
2026-02-12 23:22:21.358 [info] > git for-each-ref --format=%(refname)%00%(upstream:short)%00%(objectname)%00%(upstream:track)%00%(upstream:remotename)%00%(upstream:remoteref) refs/heads/main refs/remotes/main [3ms]
2026-02-12 23:22:21.380 [info] > git for-each-ref --sort -committerdate --format %(refname) %(objectname) %(*objectname) [3ms]
2026-02-12 23:22:21.444 [info] > git status -z -uall [77ms]
2026-02-12 23:22:26.493 [info] > git config --get commit.template [12ms]
2026-02-12 23:22:26.495 [info] > git for-each-ref --format=%(refname)%00%(upstream:short)%00%(objectname)%00%(upstream:track)%00%(upstream:remotename)%00%(upstream:remoteref) refs/heads/main refs/remotes/main [3ms]
2026-02-12 23:22:26.520 [info] > git for-each-ref --sort -committerdate --format %(refname) %(objectname) %(*objectname) [3ms]
2026-02-12 23:22:26.566 [info] > git status -z -uall [61ms]
2026-02-12 23:22:31.607 [info] > git config --get commit.template [10ms]
2026-02-12 23:22:31.610 [info] > git for-each-ref --format=%(refname)%00%(upstream:short)%00%(objectname)%00%(upstream:track)%00%(upstream:remotename)%00%(upstream:remoteref) refs/heads/main refs/remotes/main [4ms]
2026-02-12 23:22:31.634 [info] > git for-each-ref --sort -committerdate --format %(refname) %(objectname) %(*objectname) [3ms]
2026-02-12 23:22:31.675 [info] > git status -z -uall [55ms]
2026-02-12 23:22:36.874 [info] > git config --get commit.template [3ms]
2026-02-12 23:22:36.887 [info] > git for-each-ref --format=%(refname)%00%(upstream:short)%00%(objectname)%00%(upstream:track)%00%(upstream:remotename)%00%(upstream:remoteref) refs/heads/main refs/remotes/main [2ms]
2026-02-12 23:22:36.910 [info] > git for-each-ref --sort -committerdate --format %(refname) %(objectname) %(*objectname) [4ms]
2026-02-12 23:22:36.954 [info] > git status -z -uall [59ms]
2026-02-12 23:22:41.997 [info] > git config --get commit.template [2ms]
2026-02-12 23:22:42.010 [info] > git for-each-ref --format=%(refname)%00%(upstream:short)%00%(objectname)%00%(upstream:track)%00%(upstream:remotename)%00%(upstream:remoteref) refs/heads/main refs/remotes/main [3ms]
2026-02-12 23:22:42.040 [info] > git for-each-ref --sort -committerdate --format %(refname) %(objectname) %(*objectname) [10ms]
2026-02-12 23:22:42.094 [info] > git status -z -uall [74ms]
2026-02-12 23:22:47.147 [info] > git config --get commit.template [13ms]
2026-02-12 23:22:47.148 [info] > git for-each-ref --format=%(refname)%00%(upstream:short)%00%(objectname)%00%(upstream:track)%00%(upstream:remotename)%00%(upstream:remoteref) refs/heads/main refs/remotes/main [2ms]
2026-02-12 23:22:47.174 [info] > git for-each-ref --sort -committerdate --format %(refname) %(objectname) %(*objectname) [4ms]
2026-02-12 23:22:47.227 [info] > git status -z -uall [70ms]
2026-02-12 23:22:52.280 [info] > git config --get commit.template [15ms]
2026-02-12 23:22:52.282 [info] > git for-each-ref --format=%(refname)%00%(upstream:short)%00%(objectname)%00%(upstream:track)%00%(upstream:remotename)%00%(upstream:remoteref) refs/heads/main refs/remotes/main [3ms]
2026-02-12 23:22:52.327 [info] > git for-each-ref --sort -committerdate --format %(refname) %(objectname) %(*objectname) [8ms]
2026-02-12 23:22:52.378 [info] > git status -z -uall [83ms]
2026-02-12 23:22:59.952 [info] > git config --get commit.template [13ms]
2026-02-12 23:22:59.954 [info] > git for-each-ref --format=%(refname)%00%(upstream:short)%00%(objectname)%00%(upstream:track)%00%(upstream:remotename)%00%(upstream:remoteref) refs/heads/main refs/remotes/main [3ms]
2026-02-12 23:22:59.986 [info] > git for-each-ref --sort -committerdate --format %(refname) %(objectname) %(*objectname) [6ms]
2026-02-12 23:23:00.041 [info] > git status -z -uall [74ms]
2026-02-12 23:23:05.094 [info] > git config --get commit.template [15ms]
2026-02-12 23:23:05.097 [info] > git for-each-ref --format=%(refname)%00%(upstream:short)%00%(objectname)%00%(upstream:track)%00%(upstream:remotename)%00%(upstream:remoteref) refs/heads/main refs/remotes/main [4ms]
2026-02-12 23:23:05.149 [info] > git for-each-ref --sort -committerdate --format %(refname) %(objectname) %(*objectname) [5ms]
2026-02-12 23:23:05.317 [info] > git status -z -uall [206ms]
2026-02-12 23:23:10.411 [info] > git config --get commit.template [27ms]
2026-02-12 23:23:10.411 [info] > git for-each-ref --format=%(refname)%00%(upstream:short)%00%(objectname)%00%(upstream:track)%00%(upstream:remotename)%00%(upstream:remoteref) refs/heads/main refs/remotes/main [2ms]
2026-02-12 23:23:10.441 [info] > git for-each-ref --sort -committerdate --format %(refname) %(objectname) %(*objectname) [3ms]
2026-02-12 23:23:10.531 [info] > git status -z -uall [109ms]
2026-02-12 23:23:15.590 [info] > git config --get commit.template [19ms]
2026-02-12 23:23:15.596 [info] > git for-each-ref --format=%(refname)%00%(upstream:short)%00%(objectname)%00%(upstream:track)%00%(upstream:remotename)%00%(upstream:remoteref) refs/heads/main refs/remotes/main [8ms]
2026-02-12 23:23:15.643 [info] > git for-each-ref --sort -committerdate --format %(refname) %(objectname) %(*objectname) [13ms]
2026-02-12 23:23:15.712 [info] > git status -z -uall [103ms]
2026-02-12 23:23:20.778 [info] > git config --get commit.template [22ms]
2026-02-12 23:23:20.784 [info] > git for-each-ref --format=%(refname)%00%(upstream:short)%00%(objectname)%00%(upstream:track)%00%(upstream:remotename)%00%(upstream:remoteref) refs/heads/main refs/remotes/main [8ms]
2026-02-12 23:23:20.893 [info] > git for-each-ref --sort -committerdate --format %(refname) %(objectname) %(*objectname) [27ms]
2026-02-12 23:23:20.942 [info] > git status -z -uall [130ms]
2026-02-12 23:23:26.007 [info] > git config --get commit.template [15ms]
2026-02-12 23:23:26.010 [info] > git for-each-ref --format=%(refname)%00%(upstream:short)%00%(objectname)%00%(upstream:track)%00%(upstream:remotename)%00%(upstream:remoteref) refs/heads/main refs/remotes/main [3ms]
2026-02-12 23:23:26.045 [info] > git for-each-ref --sort -committerdate --format %(refname) %(objectname) %(*objectname) [4ms]
2026-02-12 23:23:26.130 [info] > git status -z -uall [100ms]
2026-02-12 23:23:31.187 [info] > git config --get commit.template [21ms]
2026-02-12 23:23:31.190 [info] > git for-each-ref --format=%(refname)%00%(upstream:short)%00%(objectname)%00%(upstream:track)%00%(upstream:remotename)%00%(upstream:remoteref) refs/heads/main refs/remotes/main [4ms]
2026-02-12 23:23:31.233 [info] > git for-each-ref --sort -committerdate --format %(refname) %(objectname) %(*objectname) [10ms]
2026-02-12 23:23:31.297 [info] > git status -z -uall [93ms]
2026-02-12 23:23:37.498 [info] > git config --get commit.template [16ms]
2026-02-12 23:23:37.501 [info] > git for-each-ref --format=%(refname)%00%(upstream:short)%00%(objectname)%00%(upstream:track)%00%(upstream:remotename)%00%(upstream:remoteref) refs/heads/main refs/remotes/main [3ms]
2026-02-12 23:23:37.530 [info] > git for-each-ref --sort -committerdate --format %(refname) %(objectname) %(*objectname) [5ms]
2026-02-12 23:23:37.576 [info] > git status -z -uall [62ms]
2026-02-12 23:23:42.628 [info] > git config --get commit.template [12ms]
2026-02-12 23:23:42.630 [info] > git for-each-ref --format=%(refname)%00%(upstream:short)%00%(objectname)%00%(upstream:track)%00%(upstream:remotename)%00%(upstream:remoteref) refs/heads/main refs/remotes/main [3ms]
2026-02-12 23:23:42.656 [info] > git for-each-ref --sort -committerdate --format %(refname) %(objectname) %(*objectname) [3ms]
2026-02-12 23:23:42.715 [info] > git status -z -uall [75ms]
2026-02-12 23:23:47.783 [info] > git config --get commit.template [12ms]
2026-02-12 23:23:47.785 [info] > git for-each-ref --format=%(refname)%00%(upstream:short)%00%(objectname)%00%(upstream:track)%00%(upstream:remotename)%00%(upstream:remoteref) refs/heads/main refs/remotes/main [4ms]
2026-02-12 23:23:47.812 [info] > git for-each-ref --sort -committerdate --format %(refname) %(objectname) %(*objectname) [3ms]
2026-02-12 23:23:47.856 [info] > git status -z -uall [61ms]
2026-02-12 23:23:52.919 [info] > git config --get commit.template [12ms]
2026-02-12 23:23:52.921 [info] > git for-each-ref --format=%(refname)%00%(upstream:short)%00%(objectname)%00%(upstream:track)%00%(upstream:remotename)%00%(upstream:remoteref) refs/heads/main refs/remotes/main [3ms]
2026-02-12 23:23:52.950 [info] > git for-each-ref --sort -committerdate --format %(refname) %(objectname) %(*objectname) [3ms]
2026-02-12 23:23:52.993 [info] > git status -z -uall [62ms]
2026-02-12 23:23:58.047 [info] > git config --get commit.template [13ms]
2026-02-12 23:23:58.049 [info] > git for-each-ref --format=%(refname)%00%(upstream:short)%00%(objectname)%00%(upstream:track)%00%(upstream:remotename)%00%(upstream:remoteref) refs/heads/main refs/remotes/main [3ms]
2026-02-12 23:23:58.073 [info] > git for-each-ref --sort -committerdate --format %(refname) %(objectname) %(*objectname) [3ms]
2026-02-12 23:23:58.118 [info] > git status -z -uall [60ms]
2026-02-12 23:24:03.164 [info] > git config --get commit.template [11ms]
2026-02-12 23:24:03.168 [info] > git for-each-ref --format=%(refname)%00%(upstream:short)%00%(objectname)%00%(upstream:track)%00%(upstream:remotename)%00%(upstream:remoteref) refs/heads/main refs/remotes/main [4ms]
2026-02-12 23:24:03.193 [info] > git for-each-ref --sort -committerdate --format %(refname) %(objectname) %(*objectname) [3ms]
2026-02-12 23:24:03.235 [info] > git status -z -uall [57ms]
2026-02-12 23:24:08.986 [info] > git config --get commit.template [11ms]
2026-02-12 23:24:08.988 [info] > git for-each-ref --format=%(refname)%00%(upstream:short)%00%(objectname)%00%(upstream:track)%00%(upstream:remotename)%00%(upstream:remoteref) refs/heads/main refs/remotes/main [3ms]
2026-02-12 23:24:09.019 [info] > git for-each-ref --sort -committerdate --format %(refname) %(objectname) %(*objectname) [4ms]
2026-02-12 23:24:09.059 [info] > git status -z -uall [62ms]
2026-02-12 23:24:14.105 [info] > git config --get commit.template [11ms]
2026-02-12 23:24:14.106 [info] > git for-each-ref --format=%(refname)%00%(upstream:short)%00%(objectname)%00%(upstream:track)%00%(upstream:remotename)%00%(upstream:remoteref) refs/heads/main refs/remotes/main [3ms]
2026-02-12 23:24:14.132 [info] > git for-each-ref --sort -committerdate --format %(refname) %(objectname) %(*objectname) [2ms]
2026-02-12 23:24:14.177 [info] > git status -z -uall [60ms]
2026-02-12 23:24:19.224 [info] > git config --get commit.template [12ms]
2026-02-12 23:24:19.226 [info] > git for-each-ref --format=%(refname)%00%(upstream:short)%00%(objectname)%00%(upstream:track)%00%(upstream:remotename)%00%(upstream:remoteref) refs/heads/main refs/remotes/main [3ms]
2026-02-12 23:24:19.253 [info] > git for-each-ref --sort -committerdate --format %(refname) %(objectname) %(*objectname) [5ms]
2026-02-12 23:24:19.303 [info] > git status -z -uall [66ms]
2026-02-12 23:24:24.363 [info] > git config --get commit.template [13ms]
2026-02-12 23:24:24.365 [info] > git for-each-ref --format=%(refname)%00%(upstream:short)%00%(objectname)%00%(upstream:track)%00%(upstream:remotename)%00%(upstream:remoteref) refs/heads/main refs/remotes/main [3ms]
2026-02-12 23:24:24.398 [info] > git for-each-ref --sort -committerdate --format %(refname) %(objectname) %(*objectname) [5ms]
2026-02-12 23:24:24.447 [info] > git status -z -uall [70ms]
2026-02-12 23:24:29.502 [info] > git for-each-ref --format=%(refname)%00%(upstream:short)%00%(objectname)%00%(upstream:track)%00%(upstream:remotename)%00%(upstream:remoteref) refs/heads/main refs/remotes/main [2ms]
2026-02-12 23:24:29.503 [info] > git config --get commit.template [17ms]
2026-02-12 23:24:29.532 [info] > git for-each-ref --sort -committerdate --format %(refname) %(objectname) %(*objectname) [7ms]
2026-02-12 23:24:29.572 [info] > git status -z -uall [57ms]
2026-02-12 23:24:34.618 [info] > git config --get commit.template [11ms]
2026-02-12 23:24:34.620 [info] > git for-each-ref --format=%(refname)%00%(upstream:short)%00%(objectname)%00%(upstream:track)%00%(upstream:remotename)%00%(upstream:remoteref) refs/heads/main refs/remotes/main [3ms]
2026-02-12 23:24:34.643 [info] > git for-each-ref --sort -committerdate --format %(refname) %(objectname) %(*objectname) [5ms]
2026-02-12 23:24:34.683 [info] > git status -z -uall [54ms]
2026-02-12 23:24:39.793 [info] > git config --get commit.template [12ms]
2026-02-12 23:24:39.794 [info] > git for-each-ref --format=%(refname)%00%(upstream:short)%00%(objectname)%00%(upstream:track)%00%(upstream:remotename)%00%(upstream:remoteref) refs/heads/main refs/remotes/main [2ms]
2026-02-12 23:24:39.821 [info] > git for-each-ref --sort -committerdate --format %(refname) %(objectname) %(*objectname) [3ms]
2026-02-12 23:24:39.865 [info] > git status -z -uall [60ms]
2026-02-12 23:24:44.893 [info] > git config --get commit.template [3ms]
2026-02-12 23:24:44.908 [info] > git for-each-ref --format=%(refname)%00%(upstream:short)%00%(objectname)%00%(upstream:track)%00%(upstream:remotename)%00%(upstream:remoteref) refs/heads/main refs/remotes/main [3ms]
2026-02-12 23:24:44.935 [info] > git for-each-ref --sort -committerdate --format %(refname) %(objectname) %(*objectname) [5ms]
2026-02-12 23:24:44.982 [info] > git status -z -uall [64ms]
2026-02-12 23:25:16.216 [info] > git config --get commit.template [13ms]
2026-02-12 23:25:16.219 [info] > git for-each-ref --format=%(refname)%00%(upstream:short)%00%(objectname)%00%(upstream:track)%00%(upstream:remotename)%00%(upstream:remoteref) refs/heads/main refs/remotes/main [4ms]
2026-02-12 23:25:16.247 [info] > git for-each-ref --sort -committerdate --format %(refname) %(objectname) %(*objectname) [2ms]
2026-02-12 23:25:16.305 [info] > git status -z -uall [76ms]
2026-02-12 23:25:21.556 [info] > git config --get commit.template [11ms]
2026-02-12 23:25:21.558 [info] > git for-each-ref --format=%(refname)%00%(upstream:short)%00%(objectname)%00%(upstream:track)%00%(upstream:remotename)%00%(upstream:remoteref) refs/heads/main refs/remotes/main [3ms]
2026-02-12 23:25:21.585 [info] > git for-each-ref --sort -committerdate --format %(refname) %(objectname) %(*objectname) [4ms]
2026-02-12 23:25:21.637 [info] > git status -z -uall [69ms]
2026-02-12 23:25:26.712 [info] > git config --get commit.template [12ms]
2026-02-12 23:25:26.714 [info] > git for-each-ref --format=%(refname)%00%(upstream:short)%00%(objectname)%00%(upstream:track)%00%(upstream:remotename)%00%(upstream:remoteref) refs/heads/main refs/remotes/main [2ms]
2026-02-12 23:25:26.739 [info] > git for-each-ref --sort -committerdate --format %(refname) %(objectname) %(*objectname) [4ms]
2026-02-12 23:25:26.786 [info] > git status -z -uall [64ms]
2026-02-12 23:25:31.831 [info] > git config --get commit.template [12ms]
2026-02-12 23:25:31.833 [info] > git for-each-ref --format=%(refname)%00%(upstream:short)%00%(objectname)%00%(upstream:track)%00%(upstream:remotename)%00%(upstream:remoteref) refs/heads/main refs/remotes/main [2ms]
2026-02-12 23:25:31.858 [info] > git for-each-ref --sort -committerdate --format %(refname) %(objectname) %(*objectname) [2ms]
2026-02-12 23:25:31.901 [info] > git status -z -uall [57ms]
2026-02-12 23:27:16.398 [info] > git for-each-ref --format=%(refname)%00%(upstream:short)%00%(objectname)%00%(upstream:track)%00%(upstream:remotename)%00%(upstream:remoteref) refs/heads/main refs/remotes/main [11ms]
2026-02-12 23:27:16.407 [info] > git config --get commit.template [35ms]
2026-02-12 23:27:16.442 [info] > git for-each-ref --sort -committerdate --format %(refname) %(objectname) %(*objectname) [2ms]
2026-02-12 23:27:16.497 [info] > git status -z -uall [70ms]
2026-02-12 23:28:32.853 [info] > git config --get commit.template [15ms]
2026-02-12 23:28:32.856 [info] > git for-each-ref --format=%(refname)%00%(upstream:short)%00%(objectname)%00%(upstream:track)%00%(upstream:remotename)%00%(upstream:remoteref) refs/heads/main refs/remotes/main [2ms]
2026-02-12 23:28:32.886 [info] > git for-each-ref --sort -committerdate --format %(refname) %(objectname) %(*objectname) [4ms]
2026-02-12 23:28:32.937 [info] > git status -z -uall [68ms]
