2026-02-04 13:10:02.135 [info] [main] Nivel de registro: Info
2026-02-04 13:10:02.135 [info] [main] Validando git encontrado en: "git"
2026-02-04 13:10:02.135 [info] [main] Usando git "2.43.0" de "git"
2026-02-04 13:10:02.135 [info] [Model][doInitialScan] Initial repository scan started
2026-02-04 13:10:02.135 [info] > git rev-parse --show-toplevel [67ms]
2026-02-04 13:10:02.135 [info] fatal: not a git repository (or any of the parent directories): .git
2026-02-04 13:10:02.135 [info] > git rev-parse --show-toplevel [7ms]
2026-02-04 13:10:02.135 [info] fatal: not a git repository (or any of the parent directories): .git
2026-02-04 13:10:02.148 [info] > git rev-parse --show-toplevel [3ms]
2026-02-04 13:10:02.148 [info] fatal: not a git repository (or any of the parent directories): .git
2026-02-04 13:10:02.156 [info] > git rev-parse --show-toplevel [3ms]
2026-02-04 13:10:02.156 [info] fatal: not a git repository (or any of the parent directories): .git
2026-02-04 13:10:02.167 [info] > git rev-parse --show-toplevel [3ms]
2026-02-04 13:10:02.167 [info] fatal: not a git repository (or any of the parent directories): .git
2026-02-04 13:10:02.232 [info] > git rev-parse --show-toplevel [58ms]
2026-02-04 13:10:02.232 [info] fatal: not a git repository (or any of the parent directories): .git
2026-02-04 13:10:02.243 [info] > git rev-parse --show-toplevel [4ms]
2026-02-04 13:10:02.243 [info] fatal: not a git repository (or any of the parent directories): .git
2026-02-04 13:10:02.250 [info] > git rev-parse --show-toplevel [3ms]
2026-02-04 13:10:02.251 [info] fatal: not a git repository (or any of the parent directories): .git
2026-02-04 13:10:02.267 [info] > git rev-parse --show-toplevel [12ms]
2026-02-04 13:10:02.267 [info] fatal: not a git repository (or any of the parent directories): .git
2026-02-04 13:10:02.281 [info] > git rev-parse --show-toplevel [3ms]
2026-02-04 13:10:02.281 [info] fatal: not a git repository (or any of the parent directories): .git
2026-02-04 13:10:02.293 [info] > git rev-parse --show-toplevel [3ms]
2026-02-04 13:10:02.293 [info] fatal: not a git repository (or any of the parent directories): .git
2026-02-04 13:10:02.297 [info] [Model][doInitialScan] Initial repository scan completed - repositories (0), closed repositories (0), parent repositories (0), unsafe repositories (0)
2026-02-04 13:10:03.600 [info] > git rev-parse --show-toplevel [6ms]
2026-02-04 13:10:03.600 [info] fatal: not a git repository (or any of the parent directories): .git
2026-02-04 13:29:17.345 [info] > git rev-parse --show-toplevel [10ms]
2026-02-04 13:29:17.345 [info] fatal: not a git repository (or any of the parent directories): .git
2026-02-04 13:29:57.124 [info] > git rev-parse --show-toplevel [6ms]
2026-02-04 13:29:57.124 [info] fatal: not a git repository (or any of the parent directories): .git
2026-02-04 13:38:01.022 [info] > git rev-parse --show-toplevel [3ms]
2026-02-04 13:38:01.022 [info] fatal: not a git repository (or any of the parent directories): .git
2026-02-04 13:38:10.551 [info] > git rev-parse --show-toplevel [6ms]
2026-02-04 13:38:10.551 [info] fatal: not a git repository (or any of the parent directories): .git
2026-02-04 13:38:12.439 [info] > git rev-parse --show-toplevel [18ms]
2026-02-04 13:38:12.439 [info] fatal: not a git repository (or any of the parent directories): .git
2026-02-04 13:55:16.368 [info] > git rev-parse --show-toplevel [4ms]
2026-02-04 13:55:16.368 [info] fatal: not a git repository (or any of the parent directories): .git
2026-02-04 13:57:03.089 [info] > git rev-parse --show-toplevel [6ms]
2026-02-04 13:57:03.089 [info] fatal: not a git repository (or any of the parent directories): .git
2026-02-04 14:01:47.323 [info] > git rev-parse --show-toplevel [2ms]
2026-02-04 14:01:47.323 [info] fatal: not a git repository (or any of the parent directories): .git
2026-02-04 14:35:19.380 [info] > git rev-parse --show-toplevel [3ms]
2026-02-04 14:35:19.380 [info] fatal: not a git repository (or any of the parent directories): .git
2026-02-04 14:35:47.708 [info] > git rev-parse --show-toplevel [12ms]
2026-02-04 14:35:47.708 [info] fatal: not a git repository (or any of the parent directories): .git
2026-02-04 14:35:51.908 [info] > git rev-parse --show-toplevel [13ms]
2026-02-04 14:35:51.908 [info] fatal: not a git repository (or any of the parent directories): .git
2026-02-04 14:35:56.592 [info] > git rev-parse --show-toplevel [53ms]
2026-02-04 14:35:56.592 [info] fatal: not a git repository (or any of the parent directories): .git
2026-02-04 14:36:04.678 [info] > git rev-parse --show-toplevel [8ms]
2026-02-04 14:36:04.678 [info] fatal: not a git repository (or any of the parent directories): .git
2026-02-04 14:36:22.008 [info] > git rev-parse --show-toplevel [4ms]
2026-02-04 14:36:22.008 [info] fatal: not a git repository (or any of the parent directories): .git
2026-02-04 14:37:14.592 [info] > git rev-parse --show-toplevel [21ms]
2026-02-04 14:37:14.592 [info] fatal: not a git repository (or any of the parent directories): .git
2026-02-04 14:49:16.486 [info] > git rev-parse --show-toplevel [3ms]
2026-02-04 14:49:16.486 [info] fatal: not a git repository (or any of the parent directories): .git
2026-02-04 15:08:57.335 [info] > git rev-parse --show-toplevel [5ms]
2026-02-04 15:08:57.335 [info] fatal: not a git repository (or any of the parent directories): .git
2026-02-04 15:08:58.698 [info] > git rev-parse --show-toplevel [8ms]
2026-02-04 15:08:58.698 [info] fatal: not a git repository (or any of the parent directories): .git
2026-02-04 15:48:35.460 [info] > git rev-parse --show-toplevel [5ms]
2026-02-04 15:48:35.460 [info] fatal: not a git repository (or any of the parent directories): .git
2026-02-04 15:48:37.859 [info] > git rev-parse --show-toplevel [6ms]
2026-02-04 15:48:37.859 [info] fatal: not a git repository (or any of the parent directories): .git
2026-02-04 15:50:42.138 [info] > git rev-parse --show-toplevel [4ms]
2026-02-04 15:50:42.139 [info] fatal: not a git repository (or any of the parent directories): .git
