2026-02-10 17:31:32.027 [info] [main] Nivel de registro: Info
2026-02-10 17:31:32.027 [info] [main] Validando git encontrado en: "git"
2026-02-10 17:31:32.027 [info] [main] Usando git "2.43.0" de "git"
2026-02-10 17:31:32.027 [info] [Model][doInitialScan] Initial repository scan started
2026-02-10 17:31:32.027 [info] > git rev-parse --show-toplevel [115ms]
2026-02-10 17:31:32.027 [info] fatal: not a git repository (or any of the parent directories): .git
2026-02-10 17:31:32.027 [info] > git rev-parse --show-toplevel [81ms]
2026-02-10 17:31:32.027 [info] fatal: not a git repository (or any of the parent directories): .git
2026-02-10 17:31:32.058 [info] > git rev-parse --show-toplevel [11ms]
2026-02-10 17:31:32.058 [info] fatal: not a git repository (or any of the parent directories): .git
2026-02-10 17:31:32.095 [info] > git rev-parse --show-toplevel [26ms]
2026-02-10 17:31:32.096 [info] fatal: not a git repository (or any of the parent directories): .git
2026-02-10 17:31:32.245 [info] > git rev-parse --show-toplevel [23ms]
2026-02-10 17:31:32.249 [info] fatal: not a git repository (or any of the parent directories): .git
2026-02-10 17:31:32.338 [info] > git rev-parse --show-toplevel [45ms]
2026-02-10 17:31:32.338 [info] fatal: not a git repository (or any of the parent directories): .git
2026-02-10 17:31:32.472 [info] > git rev-parse --show-toplevel [90ms]
2026-02-10 17:31:32.473 [info] fatal: not a git repository (or any of the parent directories): .git
2026-02-10 17:31:32.500 [info] > git rev-parse --show-toplevel [9ms]
2026-02-10 17:31:32.500 [info] fatal: not a git repository (or any of the parent directories): .git
2026-02-10 17:31:32.515 [info] > git rev-parse --show-toplevel [2ms]
2026-02-10 17:31:32.516 [info] fatal: not a git repository (or any of the parent directories): .git
2026-02-10 17:31:32.527 [info] > git rev-parse --show-toplevel [2ms]
2026-02-10 17:31:32.527 [info] fatal: not a git repository (or any of the parent directories): .git
2026-02-10 17:31:32.545 [info] > git rev-parse --show-toplevel [1ms]
2026-02-10 17:31:32.545 [info] fatal: not a git repository (or any of the parent directories): .git
2026-02-10 17:31:32.562 [info] > git rev-parse --show-toplevel [2ms]
2026-02-10 17:31:32.562 [info] fatal: not a git repository (or any of the parent directories): .git
2026-02-10 17:31:32.576 [info] > git rev-parse --show-toplevel [3ms]
2026-02-10 17:31:32.576 [info] fatal: not a git repository (or any of the parent directories): .git
2026-02-10 17:31:32.590 [info] > git rev-parse --show-toplevel [4ms]
2026-02-10 17:31:32.590 [info] fatal: not a git repository (or any of the parent directories): .git
2026-02-10 17:31:32.593 [info] [Model][doInitialScan] Initial repository scan completed - repositories (0), closed repositories (0), parent repositories (0), unsafe repositories (0)
2026-02-10 18:26:23.294 [info] > git rev-parse --show-toplevel [9ms]
2026-02-10 18:26:23.295 [info] fatal: not a git repository (or any of the parent directories): .git
2026-02-10 18:26:25.353 [info] > git rev-parse --show-toplevel [5ms]
2026-02-10 18:26:25.354 [info] fatal: not a git repository (or any of the parent directories): .git
2026-02-10 18:27:25.636 [info] > git rev-parse --show-toplevel [9ms]
2026-02-10 18:27:25.637 [info] fatal: not a git repository (or any of the parent directories): .git
2026-02-10 18:28:21.553 [info] > git rev-parse --show-toplevel [12ms]
2026-02-10 18:28:21.553 [info] fatal: not a git repository (or any of the parent directories): .git
2026-02-10 18:29:13.566 [info] > git rev-parse --show-toplevel [2ms]
2026-02-10 18:29:13.566 [info] fatal: not a git repository (or any of the parent directories): .git
2026-02-10 18:32:09.126 [info] > git rev-parse --show-toplevel [6ms]
2026-02-10 18:32:09.126 [info] fatal: not a git repository (or any of the parent directories): .git
2026-02-10 18:32:19.734 [info] > git rev-parse --show-toplevel [7ms]
2026-02-10 18:32:19.734 [info] fatal: not a git repository (or any of the parent directories): .git
2026-02-10 18:32:27.844 [info] > git rev-parse --show-toplevel [12ms]
2026-02-10 18:32:27.844 [info] fatal: not a git repository (or any of the parent directories): .git
2026-02-10 18:32:46.548 [info] > git rev-parse --show-toplevel [8ms]
2026-02-10 18:32:46.549 [info] fatal: not a git repository (or any of the parent directories): .git
2026-02-10 18:32:55.299 [info] > git rev-parse --show-toplevel [4ms]
2026-02-10 18:32:55.300 [info] fatal: not a git repository (or any of the parent directories): .git
2026-02-10 18:33:03.556 [info] > git rev-parse --show-toplevel [7ms]
2026-02-10 18:33:03.556 [info] fatal: not a git repository (or any of the parent directories): .git
2026-02-10 18:35:07.047 [info] > git rev-parse --show-toplevel [9ms]
2026-02-10 18:35:07.047 [info] fatal: not a git repository (or any of the parent directories): .git
2026-02-10 18:36:48.033 [info] > git rev-parse --show-toplevel [3ms]
2026-02-10 18:36:48.033 [info] fatal: not a git repository (or any of the parent directories): .git
2026-02-10 18:37:56.444 [info] > git rev-parse --show-toplevel [5ms]
2026-02-10 18:37:56.445 [info] fatal: not a git repository (or any of the parent directories): .git
2026-02-10 18:38:49.401 [info] > git rev-parse --show-toplevel [17ms]
2026-02-10 18:38:49.404 [info] fatal: not a git repository (or any of the parent directories): .git
2026-02-10 18:39:07.642 [info] > git rev-parse --show-toplevel [7ms]
2026-02-10 18:39:07.642 [info] fatal: not a git repository (or any of the parent directories): .git
2026-02-10 18:39:29.785 [info] > git rev-parse --show-toplevel [8ms]
2026-02-10 18:39:29.785 [info] fatal: not a git repository (or any of the parent directories): .git
2026-02-10 18:40:38.772 [info] > git rev-parse --show-toplevel [3ms]
2026-02-10 18:40:38.772 [info] fatal: not a git repository (or any of the parent directories): .git
2026-02-10 18:41:07.360 [info] > git rev-parse --show-toplevel [10ms]
2026-02-10 18:41:07.360 [info] fatal: not a git repository (or any of the parent directories): .git
2026-02-10 18:41:37.923 [info] > git rev-parse --show-toplevel [8ms]
2026-02-10 18:41:37.923 [info] fatal: not a git repository (or any of the parent directories): .git
2026-02-10 18:42:14.017 [info] > git rev-parse --show-toplevel [13ms]
2026-02-10 18:42:14.017 [info] fatal: not a git repository (or any of the parent directories): .git
2026-02-10 18:45:22.262 [info] > git rev-parse --show-toplevel [8ms]
2026-02-10 18:45:22.262 [info] fatal: not a git repository (or any of the parent directories): .git
2026-02-10 18:57:38.040 [info] > git rev-parse --show-toplevel [6ms]
2026-02-10 18:57:38.040 [info] fatal: not a git repository (or any of the parent directories): .git
2026-02-10 19:11:21.350 [info] > git rev-parse --show-toplevel [6ms]
2026-02-10 19:11:21.350 [info] fatal: not a git repository (or any of the parent directories): .git
2026-02-10 19:16:04.854 [info] > git rev-parse --show-toplevel [6ms]
2026-02-10 19:16:04.854 [info] fatal: not a git repository (or any of the parent directories): .git
2026-02-10 19:17:38.705 [info] > git rev-parse --show-toplevel [6ms]
2026-02-10 19:17:38.706 [info] fatal: not a git repository (or any of the parent directories): .git
2026-02-10 20:07:12.079 [info] > git rev-parse --show-toplevel [5ms]
2026-02-10 20:07:12.097 [info] > git rev-parse --git-dir --git-common-dir [2ms]
2026-02-10 20:07:12.106 [info] [Model][openRepository] Opened repository: /home/leo
2026-02-10 20:07:12.128 [info] > git config --get commit.template [7ms]
2026-02-10 20:07:12.144 [info] [Git][getRemotes] No remotes found in the git config file
2026-02-10 20:07:12.150 [info] > git for-each-ref --format=%(refname)%00%(upstream:short)%00%(objectname)%00%(upstream:track)%00%(upstream:remotename)%00%(upstream:remoteref) refs/heads/master refs/remotes/master [7ms]
2026-02-10 20:07:12.151 [warning] [Git][getBranch] No such branch: master
2026-02-10 20:07:12.181 [info] > git for-each-ref --sort -committerdate --format %(refname) %(objectname) %(*objectname) [5ms]
2026-02-10 20:07:12.316 [info] > git status -z -uall [152ms] (cancelled)
2026-02-10 20:07:12.318 [info] > git check-ignore -v -z --stdin [3ms]
2026-02-10 20:07:13.787 [info] > git for-each-ref --format=%(refname)%00%(upstream:short)%00%(objectname)%00%(upstream:track)%00%(upstream:remotename)%00%(upstream:remoteref) refs/heads/master refs/remotes/master [1331ms]
2026-02-10 20:07:13.787 [warning] [Git][getBranch] No such branch: master
2026-02-10 20:07:13.788 [error] [GitHistoryProvider][resolveHEADMergeBase] Failed to resolve merge base for master: Error: No such branch: master.
2026-02-10 20:07:13.858 [info] > git config --get commit.template [73ms]
2026-02-10 20:07:13.874 [info] [Git][getRemotes] No remotes found in the git config file
2026-02-10 20:07:13.877 [info] > git check-ignore -v -z --stdin [24ms]
2026-02-10 20:07:13.881 [info] > git for-each-ref --format=%(refname)%00%(upstream:short)%00%(objectname)%00%(upstream:track)%00%(upstream:remotename)%00%(upstream:remoteref) refs/heads/master refs/remotes/master [8ms]
2026-02-10 20:07:13.883 [warning] [Git][getBranch] No such branch: master
2026-02-10 20:07:13.928 [info] > git for-each-ref --sort -committerdate --format %(refname) %(objectname) %(*objectname) [20ms]
2026-02-10 20:07:14.167 [info] > git status -z -uall [272ms] (cancelled)
2026-02-10 20:07:14.169 [info] > git check-ignore -v -z --stdin [3ms]
2026-02-10 20:07:14.297 [info] > git show --textconv :backend/server.js [17ms]
2026-02-10 20:07:15.570 [info] > git hash-object -t tree /dev/null [1258ms]
2026-02-10 20:07:15.571 [warning] [GitFileSystemProvider][readFile] File not found - git:/home/leo/backend/server.js.git?%7B%22path%22%3A%22%2Fhome%2Fleo%2Fbackend%2Fserver.js%22%2C%22ref%22%3A%22%22%7D
2026-02-10 20:07:15.590 [info] > git ls-files --stage -- /home/leo/backend/server.js [1295ms]
2026-02-10 20:07:15.591 [warning] [GitFileSystemProvider][stat] File not found - git:/home/leo/backend/server.js.git?%7B%22path%22%3A%22%2Fhome%2Fleo%2Fbackend%2Fserver.js%22%2C%22ref%22%3A%22%22%7D
2026-02-10 20:07:31.862 [info] [Git][getRemotes] No remotes found in the git config file
2026-02-10 20:07:31.863 [info] > git config --get commit.template [14ms]
2026-02-10 20:07:31.865 [info] > git for-each-ref --format=%(refname)%00%(upstream:short)%00%(objectname)%00%(upstream:track)%00%(upstream:remotename)%00%(upstream:remoteref) refs/heads/master refs/remotes/master [3ms]
2026-02-10 20:07:31.866 [warning] [Git][getBranch] No such branch: master
2026-02-10 20:07:31.896 [info] > git for-each-ref --sort -committerdate --format %(refname) %(objectname) %(*objectname) [3ms]
2026-02-10 20:07:31.952 [info] > git status -z -uall [72ms]
2026-02-10 20:07:32.781 [info] > git check-ignore -v -z --stdin [689ms]
2026-02-10 20:07:32.802 [info] > git check-ignore -v -z --stdin [7ms]
2026-02-10 20:07:33.908 [info] [Git][getRemotes] No remotes found in the git config file
2026-02-10 20:07:33.910 [info] > git config --get commit.template [16ms]
2026-02-10 20:07:33.912 [info] > git for-each-ref --format=%(refname)%00%(upstream:short)%00%(objectname)%00%(upstream:track)%00%(upstream:remotename)%00%(upstream:remoteref) refs/heads/master refs/remotes/master [4ms]
2026-02-10 20:07:33.913 [warning] [Git][getBranch] No such branch: master
2026-02-10 20:07:33.939 [info] > git for-each-ref --sort -committerdate --format %(refname) %(objectname) %(*objectname) [3ms]
2026-02-10 20:07:33.977 [info] > git status -z -uall [52ms]
2026-02-10 20:07:39.048 [info] [Git][getRemotes] No remotes found in the git config file
2026-02-10 20:07:39.049 [info] > git config --get commit.template [14ms]
2026-02-10 20:07:39.050 [info] > git for-each-ref --format=%(refname)%00%(upstream:short)%00%(objectname)%00%(upstream:track)%00%(upstream:remotename)%00%(upstream:remoteref) refs/heads/master refs/remotes/master [2ms]
2026-02-10 20:07:39.051 [warning] [Git][getBranch] No such branch: master
2026-02-10 20:07:39.078 [info] > git for-each-ref --sort -committerdate --format %(refname) %(objectname) %(*objectname) [3ms]
2026-02-10 20:07:39.122 [info] > git status -z -uall [59ms]
2026-02-10 20:07:56.084 [info] [Git][getRemotes] No remotes found in the git config file
2026-02-10 20:07:56.085 [info] > git config --get commit.template [16ms]
2026-02-10 20:07:56.086 [info] > git for-each-ref --format=%(refname)%00%(upstream:short)%00%(objectname)%00%(upstream:track)%00%(upstream:remotename)%00%(upstream:remoteref) refs/heads/master refs/remotes/master [2ms]
2026-02-10 20:07:56.087 [warning] [Git][getBranch] No such branch: master
2026-02-10 20:07:56.115 [info] > git for-each-ref --sort -committerdate --format %(refname) %(objectname) %(*objectname) [2ms]
2026-02-10 20:07:56.162 [info] > git status -z -uall [63ms]
2026-02-10 20:08:01.260 [info] [Git][getRemotes] No remotes found in the git config file
2026-02-10 20:08:01.261 [info] > git config --get commit.template [15ms]
2026-02-10 20:08:01.262 [info] > git for-each-ref --format=%(refname)%00%(upstream:short)%00%(objectname)%00%(upstream:track)%00%(upstream:remotename)%00%(upstream:remoteref) refs/heads/master refs/remotes/master [2ms]
2026-02-10 20:08:01.262 [warning] [Git][getBranch] No such branch: master
2026-02-10 20:08:01.294 [info] > git for-each-ref --sort -committerdate --format %(refname) %(objectname) %(*objectname) [6ms]
2026-02-10 20:08:01.325 [info] > git status -z -uall [51ms]
2026-02-10 20:08:06.384 [info] [Git][getRemotes] No remotes found in the git config file
2026-02-10 20:08:06.386 [info] > git config --get commit.template [19ms]
2026-02-10 20:08:06.387 [info] > git for-each-ref --format=%(refname)%00%(upstream:short)%00%(objectname)%00%(upstream:track)%00%(upstream:remotename)%00%(upstream:remoteref) refs/heads/master refs/remotes/master [4ms]
2026-02-10 20:08:06.388 [warning] [Git][getBranch] No such branch: master
2026-02-10 20:08:06.418 [info] > git for-each-ref --sort -committerdate --format %(refname) %(objectname) %(*objectname) [3ms]
2026-02-10 20:08:06.468 [info] > git status -z -uall [65ms]
2026-02-10 20:08:11.532 [info] [Git][getRemotes] No remotes found in the git config file
2026-02-10 20:08:11.533 [info] > git config --get commit.template [16ms]
2026-02-10 20:08:11.535 [info] > git for-each-ref --format=%(refname)%00%(upstream:short)%00%(objectname)%00%(upstream:track)%00%(upstream:remotename)%00%(upstream:remoteref) refs/heads/master refs/remotes/master [3ms]
2026-02-10 20:08:11.536 [warning] [Git][getBranch] No such branch: master
2026-02-10 20:08:11.578 [info] > git for-each-ref --sort -committerdate --format %(refname) %(objectname) %(*objectname) [8ms]
2026-02-10 20:08:11.627 [info] > git status -z -uall [76ms]
