Locating server…
Booting server...
Setting up server…
Listening for messages…
Searching for Tailwind CSS projects in the workspace's folders.
hoist-at-import: The file '/home/leo/snap/postman/360/.local/share/themes/Ambiance/gtk-3.0/gtk-main.css' contains @import rules after other at rules. This is invalid CSS and may cause problems with your build.
hoist-at-import: The file '/home/leo/snap/postman/360/.local/share/themes/Ambiance/gtk-3.20/gtk-main.css' contains @import rules after other at rules. This is invalid CSS and may cause problems with your build.
hoist-at-import: The file '/home/leo/snap/postman/360/.local/share/themes/Radiance/gtk-3.0/gtk-main.css' contains @import rules after other at rules. This is invalid CSS and may cause problems with your build.
hoist-at-import: The file '/home/leo/snap/postman/360/.local/share/themes/Radiance/gtk-3.20/gtk-main.css' contains @import rules after other at rules. This is invalid CSS and may cause problems with your build.
hoist-at-import: The file '/home/leo/snap/postman/360/.themes/Ambiance/gtk-3.0/gtk-main.css' contains @import rules after other at rules. This is invalid CSS and may cause problems with your build.
hoist-at-import: The file '/home/leo/snap/postman/360/.themes/Ambiance/gtk-3.20/gtk-main.css' contains @import rules after other at rules. This is invalid CSS and may cause problems with your build.
hoist-at-import: The file '/home/leo/snap/postman/360/.themes/Radiance/gtk-3.0/gtk-main.css' contains @import rules after other at rules. This is invalid CSS and may cause problems with your build.
hoist-at-import: The file '/home/leo/snap/postman/360/.themes/Radiance/gtk-3.20/gtk-main.css' contains @import rules after other at rules. This is invalid CSS and may cause problems with your build.
hoist-at-import: The file '/home/leo/snap/postman/current/.local/share/themes/Ambiance/gtk-3.0/gtk-main.css' contains @import rules after other at rules. This is invalid CSS and may cause problems with your build.
hoist-at-import: The file '/home/leo/snap/postman/current/.local/share/themes/Ambiance/gtk-3.20/gtk-main.css' contains @import rules after other at rules. This is invalid CSS and may cause problems with your build.
hoist-at-import: The file '/home/leo/snap/postman/current/.local/share/themes/Radiance/gtk-3.0/gtk-main.css' contains @import rules after other at rules. This is invalid CSS and may cause problems with your build.
hoist-at-import: The file '/home/leo/snap/postman/current/.local/share/themes/Radiance/gtk-3.20/gtk-main.css' contains @import rules after other at rules. This is invalid CSS and may cause problems with your build.
hoist-at-import: The file '/home/leo/snap/postman/current/.themes/Ambiance/gtk-3.0/gtk-main.css' contains @import rules after other at rules. This is invalid CSS and may cause problems with your build.
hoist-at-import: The file '/home/leo/snap/postman/current/.themes/Ambiance/gtk-3.20/gtk-main.css' contains @import rules after other at rules. This is invalid CSS and may cause problems with your build.
hoist-at-import: The file '/home/leo/snap/postman/current/.themes/Radiance/gtk-3.0/gtk-main.css' contains @import rules after other at rules. This is invalid CSS and may cause problems with your build.
hoist-at-import: The file '/home/leo/snap/postman/current/.themes/Radiance/gtk-3.20/gtk-main.css' contains @import rules after other at rules. This is invalid CSS and may cause problems with your build.
{"tailwind":{"version":"4.1.15","features":["css-at-theme","layer:base","content-list","source-inline","source-not"],"isDefaultVersion":true},"path":"/home/leo/.vscode-server/data/User/History/131947df/FRfR.css"}
[Warn  - 1:10:04 PM] The config /home/leo/.vscode-server/data/User/History/131947df/FRfR.css looks like it might be for a different Tailwind CSS version. Skipping.
{"tailwind":{"version":"4.1.15","features":["css-at-theme","layer:base","content-list","source-inline","source-not"],"isDefaultVersion":true},"path":"/home/leo/.vscode-server/data/User/History/131947df/GGc3.css"}
[Warn  - 1:10:04 PM] The config /home/leo/.vscode-server/data/User/History/131947df/GGc3.css looks like it might be for a different Tailwind CSS version. Skipping.
{"tailwind":{"version":"4.1.15","features":["css-at-theme","layer:base","content-list","source-inline","source-not"],"isDefaultVersion":true},"path":"/home/leo/snap/postman/360/.local/share/themes/Ambiance/gtk-3.0/gtk-main.css"}
{"tailwind":{"version":"4.1.15","features":["css-at-theme","layer:base","content-list","source-inline","source-not"],"isDefaultVersion":true},"path":"/home/leo/snap/postman/360/.local/share/themes/Ambiance/gtk-3.20/gtk-main.css"}
{"tailwind":{"version":"4.1.15","features":["css-at-theme","layer:base","content-list","source-inline","source-not"],"isDefaultVersion":true},"path":"/home/leo/snap/postman/360/.local/share/themes/Radiance/gtk-3.0/gtk-main.css"}
{"tailwind":{"version":"4.1.15","features":["css-at-theme","layer:base","content-list","source-inline","source-not"],"isDefaultVersion":true},"path":"/home/leo/snap/postman/360/.local/share/themes/Radiance/gtk-3.20/gtk-main.css"}
{"tailwind":{"version":"4.1.15","features":["css-at-theme","layer:base","content-list","source-inline","source-not"],"isDefaultVersion":true},"path":"/home/leo/snap/postman/360/.local/share/themes/Ambiance/gtk-3.0/apps/gnome-applications.css"}
{"tailwind":{"version":"4.1.15","features":["css-at-theme","layer:base","content-list","source-inline","source-not"],"isDefaultVersion":true},"path":"/home/leo/snap/postman/360/.local/share/themes/Ambiance/gtk-3.20/apps/gnome-applications.css"}
{"tailwind":{"version":"4.1.18","features":["css-at-theme","layer:base","content-list","source-inline","source-not"],"isDefaultVersion":false},"path":"/home/leo/frontend/tailwind.config.js"}
{"tailwind":{"version":"4.1.18","features":["css-at-theme","layer:base","content-list","source-inline","source-not"],"isDefaultVersion":false},"path":"/home/leo/frontend/src/index.css"}
[Global] Creating projects: [{"folder":"/home/leo","config":"/home/leo/frontend/src/index.css","selectors":[{"pattern":"/home/leo/frontend/src/index.css","priority":0},{"pattern":"/home/leo/frontend/index.html","priority":1},{"pattern":"/home/leo/frontend/vite.config.js","priority":1},{"pattern":"/home/leo/frontend/README.md","priority":1},{"pattern":"/home/leo/frontend/public/vite.svg","priority":1},{"pattern":"/home/leo/frontend/src/App.jsx","priority":1},{"pattern":"/home/leo/frontend/src/Proyectos.jsx","priority":1},{"pattern":"/home/leo/frontend/src/App.css","priority":1},{"pattern":"/home/leo/frontend/src/main.jsx","priority":1},{"pattern":"/home/leo/frontend/src/custom.css","priority":1},{"pattern":"/home/leo/frontend/src/assets/react.svg","priority":1},{"pattern":"/home/leo/frontend/tailwind.config.js","priority":1},{"pattern":"/home/leo/frontend/package.json","priority":1},{"pattern":"/home/leo/frontend/eslint.config.js","priority":1},{"pattern":"/home/leo/frontend/postcss.config.cjs","priority":1},{"pattern":"/home/leo/frontend/*","priority":1},{"pattern":"/home/leo/frontend/src/**/*.{aspx,astro,cjs,css,cts,eex,erb,gjs,gts,haml,handlebars,hbs,heex,html,jade,js,json,jsx,liquid,md,mdx,mjs,mts,mustache,njk,nunjucks,php,pug,py,razor,rb,rhtml,rs,slim,svelte,svg,tpl,ts,tsx,twig,vue}","priority":1},{"pattern":"/home/leo/frontend/src/**","priority":2},{"pattern":"/home/leo/frontend/**","priority":4}],"user":false,"tailwind":{"version":"4.1.18","features":["css-at-theme","layer:base","content-list","source-inline","source-not"],"isDefaultVersion":false}},{"folder":"/home/leo","config":"/home/leo/snap/postman/360/.local/share/themes/Ambiance/gtk-3.0/apps/gnome-applications.css","selectors":[{"pattern":"/home/leo/snap/postman/360/.local/share/themes/Ambiance/gtk-3.0/apps/gnome-applications.css","priority":0},{"pattern":"/home/leo/snap/postman/360/.local/share/themes/Ambiance/gtk-3.0/apps/**","priority":2},{"pattern":"/home/leo/**","priority":4}],"user":false,"tailwind":{"version":"4.1.15","features":["css-at-theme","layer:base","content-list","source-inline","source-not"],"isDefaultVersion":true}},{"folder":"/home/leo","config":"/home/leo/snap/postman/360/.local/share/themes/Ambiance/gtk-3.0/gtk-main.css","selectors":[{"pattern":"/home/leo/snap/postman/360/.local/share/themes/Ambiance/gtk-3.0/apps/nautilus.css","priority":0},{"pattern":"/home/leo/snap/postman/360/.local/share/themes/Ambiance/gtk-3.0/gtk-main.css","priority":0},{"pattern":"/home/leo/snap/postman/360/.local/share/themes/Ambiance/gtk-3.0/apps/**","priority":2},{"pattern":"/home/leo/snap/postman/360/.local/share/themes/Ambiance/gtk-3.0/**","priority":2},{"pattern":"/home/leo/**","priority":4}],"user":false,"tailwind":{"version":"4.1.15","features":["css-at-theme","layer:base","content-list","source-inline","source-not"],"isDefaultVersion":true}},{"folder":"/home/leo","config":"/home/leo/snap/postman/360/.local/share/themes/Ambiance/gtk-3.20/apps/gnome-applications.css","selectors":[{"pattern":"/home/leo/snap/postman/360/.local/share/themes/Ambiance/gtk-3.20/apps/gnome-applications.css","priority":0},{"pattern":"/home/leo/snap/postman/360/.local/share/themes/Ambiance/gtk-3.20/apps/**","priority":2},{"pattern":"/home/leo/**","priority":4}],"user":false,"tailwind":{"version":"4.1.15","features":["css-at-theme","layer:base","content-list","source-inline","source-not"],"isDefaultVersion":true}},{"folder":"/home/leo","config":"/home/leo/snap/postman/360/.local/share/themes/Ambiance/gtk-3.20/gtk-main.css","selectors":[{"pattern":"/home/leo/snap/postman/360/.local/share/themes/Ambiance/gtk-3.20/apps/nautilus.css","priority":0},{"pattern":"/home/leo/snap/postman/360/.local/share/themes/Ambiance/gtk-3.20/gtk-main.css","priority":0},{"pattern":"/home/leo/snap/postman/360/.local/share/themes/Ambiance/gtk-3.20/apps/**","priority":2},{"pattern":"/home/leo/snap/postman/360/.local/share/themes/Ambiance/gtk-3.20/**","priority":2},{"pattern":"/home/leo/**","priority":4}],"user":false,"tailwind":{"version":"4.1.15","features":["css-at-theme","layer:base","content-list","source-inline","source-not"],"isDefaultVersion":true}},{"folder":"/home/leo","config":"/home/leo/snap/postman/360/.local/share/themes/Radiance/gtk-3.0/gtk-main.css","selectors":[{"pattern":"/home/leo/snap/postman/360/.local/share/themes/Radiance/gtk-3.0/apps/nautilus.css","priority":0},{"pattern":"/home/leo/snap/postman/360/.local/share/themes/Radiance/gtk-3.0/gtk-main.css","priority":0},{"pattern":"/home/leo/snap/postman/360/.local/share/themes/Radiance/gtk-3.0/apps/**","priority":2},{"pattern":"/home/leo/snap/postman/360/.local/share/themes/Radiance/gtk-3.0/**","priority":2},{"pattern":"/home/leo/**","priority":4}],"user":false,"tailwind":{"version":"4.1.15","features":["css-at-theme","layer:base","content-list","source-inline","source-not"],"isDefaultVersion":true}},{"folder":"/home/leo","config":"/home/leo/snap/postman/360/.local/share/themes/Radiance/gtk-3.20/gtk-main.css","selectors":[{"pattern":"/home/leo/snap/postman/360/.local/share/themes/Radiance/gtk-3.20/apps/nautilus.css","priority":0},{"pattern":"/home/leo/snap/postman/360/.local/share/themes/Radiance/gtk-3.20/gtk-main.css","priority":0},{"pattern":"/home/leo/snap/postman/360/.local/share/themes/Radiance/gtk-3.20/apps/**","priority":2},{"pattern":"/home/leo/snap/postman/360/.local/share/themes/Radiance/gtk-3.20/**","priority":2},{"pattern":"/home/leo/**","priority":4}],"user":false,"tailwind":{"version":"4.1.15","features":["css-at-theme","layer:base","content-list","source-inline","source-not"],"isDefaultVersion":true}}]
[Global] Preparing projects...
[Global] Initializing projects...
[frontend/src/index.css] Initializing...
[Global] Adding watch patterns: /home/leo/frontend/src/index.css, /home/leo/frontend/src, /home/leo/frontend, /home/leo
[frontend/src/index.css] supported features: ["css-at-theme","layer:base","content-list","source-inline","source-not"]
[frontend/src/index.css] Loaded tailwindcss v4.1.18: /home/leo/frontend/node_modules/tailwindcss
[frontend/src/index.css] Building...
[Global] Adding watch patterns: /home/leo/frontend/node_modules/tailwindcss/preflight.css, /home/leo/frontend/node_modules/tailwindcss/utilities.css
[Global] Initialized 1 projects
----------
RESTARTING
----------
[Info  - 1:10:28 PM] [GLOBAL] No matching project for document {
  fsPath: '/home/leo/frontend/src/index.css',
  normalPath: '/home/leo/frontend/src/index.css'
}
Searching for Tailwind CSS projects in the workspace's folders.
hoist-at-import: The file '/home/leo/snap/postman/360/.local/share/themes/Ambiance/gtk-3.0/gtk-main.css' contains @import rules after other at rules. This is invalid CSS and may cause problems with your build.
hoist-at-import: The file '/home/leo/snap/postman/360/.local/share/themes/Ambiance/gtk-3.20/gtk-main.css' contains @import rules after other at rules. This is invalid CSS and may cause problems with your build.
hoist-at-import: The file '/home/leo/snap/postman/360/.local/share/themes/Radiance/gtk-3.0/gtk-main.css' contains @import rules after other at rules. This is invalid CSS and may cause problems with your build.
hoist-at-import: The file '/home/leo/snap/postman/360/.local/share/themes/Radiance/gtk-3.20/gtk-main.css' contains @import rules after other at rules. This is invalid CSS and may cause problems with your build.
hoist-at-import: The file '/home/leo/snap/postman/360/.themes/Ambiance/gtk-3.0/gtk-main.css' contains @import rules after other at rules. This is invalid CSS and may cause problems with your build.
hoist-at-import: The file '/home/leo/snap/postman/360/.themes/Ambiance/gtk-3.20/gtk-main.css' contains @import rules after other at rules. This is invalid CSS and may cause problems with your build.
hoist-at-import: The file '/home/leo/snap/postman/360/.themes/Radiance/gtk-3.0/gtk-main.css' contains @import rules after other at rules. This is invalid CSS and may cause problems with your build.
hoist-at-import: The file '/home/leo/snap/postman/360/.themes/Radiance/gtk-3.20/gtk-main.css' contains @import rules after other at rules. This is invalid CSS and may cause problems with your build.
hoist-at-import: The file '/home/leo/snap/postman/current/.local/share/themes/Ambiance/gtk-3.0/gtk-main.css' contains @import rules after other at rules. This is invalid CSS and may cause problems with your build.
hoist-at-import: The file '/home/leo/snap/postman/current/.local/share/themes/Ambiance/gtk-3.20/gtk-main.css' contains @import rules after other at rules. This is invalid CSS and may cause problems with your build.
hoist-at-import: The file '/home/leo/snap/postman/current/.local/share/themes/Radiance/gtk-3.0/gtk-main.css' contains @import rules after other at rules. This is invalid CSS and may cause problems with your build.
hoist-at-import: The file '/home/leo/snap/postman/current/.local/share/themes/Radiance/gtk-3.20/gtk-main.css' contains @import rules after other at rules. This is invalid CSS and may cause problems with your build.
hoist-at-import: The file '/home/leo/snap/postman/current/.themes/Ambiance/gtk-3.0/gtk-main.css' contains @import rules after other at rules. This is invalid CSS and may cause problems with your build.
hoist-at-import: The file '/home/leo/snap/postman/current/.themes/Ambiance/gtk-3.20/gtk-main.css' contains @import rules after other at rules. This is invalid CSS and may cause problems with your build.
hoist-at-import: The file '/home/leo/snap/postman/current/.themes/Radiance/gtk-3.0/gtk-main.css' contains @import rules after other at rules. This is invalid CSS and may cause problems with your build.
hoist-at-import: The file '/home/leo/snap/postman/current/.themes/Radiance/gtk-3.20/gtk-main.css' contains @import rules after other at rules. This is invalid CSS and may cause problems with your build.
{"tailwind":{"version":"4.1.15","features":["css-at-theme","layer:base","content-list","source-inline","source-not"],"isDefaultVersion":true},"path":"/home/leo/.vscode-server/data/User/History/131947df/FRfR.css"}
[Warn  - 1:10:29 PM] The config /home/leo/.vscode-server/data/User/History/131947df/FRfR.css looks like it might be for a different Tailwind CSS version. Skipping.
{"tailwind":{"version":"4.1.15","features":["css-at-theme","layer:base","content-list","source-inline","source-not"],"isDefaultVersion":true},"path":"/home/leo/.vscode-server/data/User/History/131947df/GGc3.css"}
[Warn  - 1:10:29 PM] The config /home/leo/.vscode-server/data/User/History/131947df/GGc3.css looks like it might be for a different Tailwind CSS version. Skipping.
{"tailwind":{"version":"4.1.15","features":["css-at-theme","layer:base","content-list","source-inline","source-not"],"isDefaultVersion":true},"path":"/home/leo/snap/postman/360/.local/share/themes/Ambiance/gtk-3.0/gtk-main.css"}
{"tailwind":{"version":"4.1.15","features":["css-at-theme","layer:base","content-list","source-inline","source-not"],"isDefaultVersion":true},"path":"/home/leo/snap/postman/360/.local/share/themes/Ambiance/gtk-3.20/gtk-main.css"}
{"tailwind":{"version":"4.1.15","features":["css-at-theme","layer:base","content-list","source-inline","source-not"],"isDefaultVersion":true},"path":"/home/leo/snap/postman/360/.local/share/themes/Radiance/gtk-3.0/gtk-main.css"}
{"tailwind":{"version":"4.1.15","features":["css-at-theme","layer:base","content-list","source-inline","source-not"],"isDefaultVersion":true},"path":"/home/leo/snap/postman/360/.local/share/themes/Radiance/gtk-3.20/gtk-main.css"}
{"tailwind":{"version":"4.1.15","features":["css-at-theme","layer:base","content-list","source-inline","source-not"],"isDefaultVersion":true},"path":"/home/leo/snap/postman/360/.local/share/themes/Ambiance/gtk-3.0/apps/gnome-applications.css"}
{"tailwind":{"version":"4.1.15","features":["css-at-theme","layer:base","content-list","source-inline","source-not"],"isDefaultVersion":true},"path":"/home/leo/snap/postman/360/.local/share/themes/Ambiance/gtk-3.20/apps/gnome-applications.css"}
{"tailwind":{"version":"4.1.18","features":["css-at-theme","layer:base","content-list","source-inline","source-not"],"isDefaultVersion":false},"path":"/home/leo/frontend/tailwind.config.js"}
{"tailwind":{"version":"4.1.18","features":["css-at-theme","layer:base","content-list","source-inline","source-not"],"isDefaultVersion":false},"path":"/home/leo/frontend/src/index.css"}
[Global] Creating projects: [{"folder":"/home/leo","config":"/home/leo/frontend/src/index.css","selectors":[{"pattern":"/home/leo/frontend/src/index.css","priority":0},{"pattern":"/home/leo/frontend/index.html","priority":1},{"pattern":"/home/leo/frontend/vite.config.js","priority":1},{"pattern":"/home/leo/frontend/README.md","priority":1},{"pattern":"/home/leo/frontend/public/vite.svg","priority":1},{"pattern":"/home/leo/frontend/src/App.jsx","priority":1},{"pattern":"/home/leo/frontend/src/Proyectos.jsx","priority":1},{"pattern":"/home/leo/frontend/src/App.css","priority":1},{"pattern":"/home/leo/frontend/src/main.jsx","priority":1},{"pattern":"/home/leo/frontend/src/custom.css","priority":1},{"pattern":"/home/leo/frontend/src/assets/react.svg","priority":1},{"pattern":"/home/leo/frontend/tailwind.config.js","priority":1},{"pattern":"/home/leo/frontend/package.json","priority":1},{"pattern":"/home/leo/frontend/eslint.config.js","priority":1},{"pattern":"/home/leo/frontend/postcss.config.cjs","priority":1},{"pattern":"/home/leo/frontend/*","priority":1},{"pattern":"/home/leo/frontend/src/**/*.{aspx,astro,cjs,css,cts,eex,erb,gjs,gts,haml,handlebars,hbs,heex,html,jade,js,json,jsx,liquid,md,mdx,mjs,mts,mustache,njk,nunjucks,php,pug,py,razor,rb,rhtml,rs,slim,svelte,svg,tpl,ts,tsx,twig,vue}","priority":1},{"pattern":"/home/leo/frontend/src/**","priority":2},{"pattern":"/home/leo/frontend/**","priority":4}],"user":false,"tailwind":{"version":"4.1.18","features":["css-at-theme","layer:base","content-list","source-inline","source-not"],"isDefaultVersion":false}},{"folder":"/home/leo","config":"/home/leo/snap/postman/360/.local/share/themes/Ambiance/gtk-3.0/apps/gnome-applications.css","selectors":[{"pattern":"/home/leo/snap/postman/360/.local/share/themes/Ambiance/gtk-3.0/apps/gnome-applications.css","priority":0},{"pattern":"/home/leo/snap/postman/360/.local/share/themes/Ambiance/gtk-3.0/apps/**","priority":2},{"pattern":"/home/leo/**","priority":4}],"user":false,"tailwind":{"version":"4.1.15","features":["css-at-theme","layer:base","content-list","source-inline","source-not"],"isDefaultVersion":true}},{"folder":"/home/leo","config":"/home/leo/snap/postman/360/.local/share/themes/Ambiance/gtk-3.0/gtk-main.css","selectors":[{"pattern":"/home/leo/snap/postman/360/.local/share/themes/Ambiance/gtk-3.0/apps/nautilus.css","priority":0},{"pattern":"/home/leo/snap/postman/360/.local/share/themes/Ambiance/gtk-3.0/gtk-main.css","priority":0},{"pattern":"/home/leo/snap/postman/360/.local/share/themes/Ambiance/gtk-3.0/apps/**","priority":2},{"pattern":"/home/leo/snap/postman/360/.local/share/themes/Ambiance/gtk-3.0/**","priority":2},{"pattern":"/home/leo/**","priority":4}],"user":false,"tailwind":{"version":"4.1.15","features":["css-at-theme","layer:base","content-list","source-inline","source-not"],"isDefaultVersion":true}},{"folder":"/home/leo","config":"/home/leo/snap/postman/360/.local/share/themes/Ambiance/gtk-3.20/apps/gnome-applications.css","selectors":[{"pattern":"/home/leo/snap/postman/360/.local/share/themes/Ambiance/gtk-3.20/apps/gnome-applications.css","priority":0},{"pattern":"/home/leo/snap/postman/360/.local/share/themes/Ambiance/gtk-3.20/apps/**","priority":2},{"pattern":"/home/leo/**","priority":4}],"user":false,"tailwind":{"version":"4.1.15","features":["css-at-theme","layer:base","content-list","source-inline","source-not"],"isDefaultVersion":true}},{"folder":"/home/leo","config":"/home/leo/snap/postman/360/.local/share/themes/Ambiance/gtk-3.20/gtk-main.css","selectors":[{"pattern":"/home/leo/snap/postman/360/.local/share/themes/Ambiance/gtk-3.20/apps/nautilus.css","priority":0},{"pattern":"/home/leo/snap/postman/360/.local/share/themes/Ambiance/gtk-3.20/gtk-main.css","priority":0},{"pattern":"/home/leo/snap/postman/360/.local/share/themes/Ambiance/gtk-3.20/apps/**","priority":2},{"pattern":"/home/leo/snap/postman/360/.local/share/themes/Ambiance/gtk-3.20/**","priority":2},{"pattern":"/home/leo/**","priority":4}],"user":false,"tailwind":{"version":"4.1.15","features":["css-at-theme","layer:base","content-list","source-inline","source-not"],"isDefaultVersion":true}},{"folder":"/home/leo","config":"/home/leo/snap/postman/360/.local/share/themes/Radiance/gtk-3.0/gtk-main.css","selectors":[{"pattern":"/home/leo/snap/postman/360/.local/share/themes/Radiance/gtk-3.0/apps/nautilus.css","priority":0},{"pattern":"/home/leo/snap/postman/360/.local/share/themes/Radiance/gtk-3.0/gtk-main.css","priority":0},{"pattern":"/home/leo/snap/postman/360/.local/share/themes/Radiance/gtk-3.0/apps/**","priority":2},{"pattern":"/home/leo/snap/postman/360/.local/share/themes/Radiance/gtk-3.0/**","priority":2},{"pattern":"/home/leo/**","priority":4}],"user":false,"tailwind":{"version":"4.1.15","features":["css-at-theme","layer:base","content-list","source-inline","source-not"],"isDefaultVersion":true}},{"folder":"/home/leo","config":"/home/leo/snap/postman/360/.local/share/themes/Radiance/gtk-3.20/gtk-main.css","selectors":[{"pattern":"/home/leo/snap/postman/360/.local/share/themes/Radiance/gtk-3.20/apps/nautilus.css","priority":0},{"pattern":"/home/leo/snap/postman/360/.local/share/themes/Radiance/gtk-3.20/gtk-main.css","priority":0},{"pattern":"/home/leo/snap/postman/360/.local/share/themes/Radiance/gtk-3.20/apps/**","priority":2},{"pattern":"/home/leo/snap/postman/360/.local/share/themes/Radiance/gtk-3.20/**","priority":2},{"pattern":"/home/leo/**","priority":4}],"user":false,"tailwind":{"version":"4.1.15","features":["css-at-theme","layer:base","content-list","source-inline","source-not"],"isDefaultVersion":true}}]
[Global] Preparing projects...
[Global] Initializing projects...
[frontend/src/index.css] Initializing...
[Global] Adding watch patterns: /home/leo/frontend/src/index.css, /home/leo/frontend/src, /home/leo/frontend, /home/leo
[frontend/src/index.css] supported features: ["css-at-theme","layer:base","content-list","source-inline","source-not"]
[frontend/src/index.css] Loaded tailwindcss v4.1.18: /home/leo/frontend/node_modules/tailwindcss
[frontend/src/index.css] Building...
[Global] Adding watch patterns: /home/leo/frontend/node_modules/tailwindcss/preflight.css, /home/leo/frontend/node_modules/tailwindcss/utilities.css
[Global] Initialized 1 projects
---- RELOADING DESIGN SYSTEM ----
---- /home/leo/frontend/src/index.css ----
---- RELOADED IN 253.21ms ----
----------
RESTARTING
----------
[Info  - 1:13:01 PM] [GLOBAL] No matching project for document {
  fsPath: '/home/leo/frontend/src/index.css',
  normalPath: '/home/leo/frontend/src/index.css'
}
Searching for Tailwind CSS projects in the workspace's folders.
hoist-at-import: The file '/home/leo/snap/postman/360/.local/share/themes/Ambiance/gtk-3.0/gtk-main.css' contains @import rules after other at rules. This is invalid CSS and may cause problems with your build.
hoist-at-import: The file '/home/leo/snap/postman/360/.local/share/themes/Ambiance/gtk-3.20/gtk-main.css' contains @import rules after other at rules. This is invalid CSS and may cause problems with your build.
hoist-at-import: The file '/home/leo/snap/postman/360/.local/share/themes/Radiance/gtk-3.0/gtk-main.css' contains @import rules after other at rules. This is invalid CSS and may cause problems with your build.
hoist-at-import: The file '/home/leo/snap/postman/360/.local/share/themes/Radiance/gtk-3.20/gtk-main.css' contains @import rules after other at rules. This is invalid CSS and may cause problems with your build.
hoist-at-import: The file '/home/leo/snap/postman/360/.themes/Ambiance/gtk-3.0/gtk-main.css' contains @import rules after other at rules. This is invalid CSS and may cause problems with your build.
hoist-at-import: The file '/home/leo/snap/postman/360/.themes/Ambiance/gtk-3.20/gtk-main.css' contains @import rules after other at rules. This is invalid CSS and may cause problems with your build.
hoist-at-import: The file '/home/leo/snap/postman/360/.themes/Radiance/gtk-3.0/gtk-main.css' contains @import rules after other at rules. This is invalid CSS and may cause problems with your build.
hoist-at-import: The file '/home/leo/snap/postman/360/.themes/Radiance/gtk-3.20/gtk-main.css' contains @import rules after other at rules. This is invalid CSS and may cause problems with your build.
hoist-at-import: The file '/home/leo/snap/postman/current/.local/share/themes/Ambiance/gtk-3.0/gtk-main.css' contains @import rules after other at rules. This is invalid CSS and may cause problems with your build.
hoist-at-import: The file '/home/leo/snap/postman/current/.local/share/themes/Ambiance/gtk-3.20/gtk-main.css' contains @import rules after other at rules. This is invalid CSS and may cause problems with your build.
hoist-at-import: The file '/home/leo/snap/postman/current/.local/share/themes/Radiance/gtk-3.0/gtk-main.css' contains @import rules after other at rules. This is invalid CSS and may cause problems with your build.
hoist-at-import: The file '/home/leo/snap/postman/current/.local/share/themes/Radiance/gtk-3.20/gtk-main.css' contains @import rules after other at rules. This is invalid CSS and may cause problems with your build.
hoist-at-import: The file '/home/leo/snap/postman/current/.themes/Ambiance/gtk-3.0/gtk-main.css' contains @import rules after other at rules. This is invalid CSS and may cause problems with your build.
hoist-at-import: The file '/home/leo/snap/postman/current/.themes/Ambiance/gtk-3.20/gtk-main.css' contains @import rules after other at rules. This is invalid CSS and may cause problems with your build.
hoist-at-import: The file '/home/leo/snap/postman/current/.themes/Radiance/gtk-3.0/gtk-main.css' contains @import rules after other at rules. This is invalid CSS and may cause problems with your build.
hoist-at-import: The file '/home/leo/snap/postman/current/.themes/Radiance/gtk-3.20/gtk-main.css' contains @import rules after other at rules. This is invalid CSS and may cause problems with your build.
{"tailwind":{"version":"4.1.15","features":["css-at-theme","layer:base","content-list","source-inline","source-not"],"isDefaultVersion":true},"path":"/home/leo/.vscode-server/data/User/History/131947df/FRfR.css"}
[Warn  - 1:13:03 PM] The config /home/leo/.vscode-server/data/User/History/131947df/FRfR.css looks like it might be for a different Tailwind CSS version. Skipping.
{"tailwind":{"version":"4.1.15","features":["css-at-theme","layer:base","content-list","source-inline","source-not"],"isDefaultVersion":true},"path":"/home/leo/.vscode-server/data/User/History/131947df/GGc3.css"}
[Warn  - 1:13:03 PM] The config /home/leo/.vscode-server/data/User/History/131947df/GGc3.css looks like it might be for a different Tailwind CSS version. Skipping.
{"tailwind":{"version":"4.1.15","features":["css-at-theme","layer:base","content-list","source-inline","source-not"],"isDefaultVersion":true},"path":"/home/leo/snap/postman/360/.local/share/themes/Ambiance/gtk-3.0/gtk-main.css"}
{"tailwind":{"version":"4.1.15","features":["css-at-theme","layer:base","content-list","source-inline","source-not"],"isDefaultVersion":true},"path":"/home/leo/snap/postman/360/.local/share/themes/Ambiance/gtk-3.20/gtk-main.css"}
{"tailwind":{"version":"4.1.15","features":["css-at-theme","layer:base","content-list","source-inline","source-not"],"isDefaultVersion":true},"path":"/home/leo/snap/postman/360/.local/share/themes/Radiance/gtk-3.0/gtk-main.css"}
{"tailwind":{"version":"4.1.15","features":["css-at-theme","layer:base","content-list","source-inline","source-not"],"isDefaultVersion":true},"path":"/home/leo/snap/postman/360/.local/share/themes/Radiance/gtk-3.20/gtk-main.css"}
{"tailwind":{"version":"4.1.15","features":["css-at-theme","layer:base","content-list","source-inline","source-not"],"isDefaultVersion":true},"path":"/home/leo/snap/postman/360/.local/share/themes/Ambiance/gtk-3.0/apps/gnome-applications.css"}
{"tailwind":{"version":"4.1.15","features":["css-at-theme","layer:base","content-list","source-inline","source-not"],"isDefaultVersion":true},"path":"/home/leo/snap/postman/360/.local/share/themes/Ambiance/gtk-3.20/apps/gnome-applications.css"}
[Global] Creating projects: [{"folder":"/home/leo","config":"/home/leo/snap/postman/360/.local/share/themes/Ambiance/gtk-3.0/apps/gnome-applications.css","selectors":[{"pattern":"/home/leo/snap/postman/360/.local/share/themes/Ambiance/gtk-3.0/apps/gnome-applications.css","priority":0},{"pattern":"/home/leo/snap/postman/360/.local/share/themes/Ambiance/gtk-3.0/apps/**","priority":2},{"pattern":"/home/leo/**","priority":4}],"user":false,"tailwind":{"version":"4.1.15","features":["css-at-theme","layer:base","content-list","source-inline","source-not"],"isDefaultVersion":true}},{"folder":"/home/leo","config":"/home/leo/snap/postman/360/.local/share/themes/Ambiance/gtk-3.0/gtk-main.css","selectors":[{"pattern":"/home/leo/snap/postman/360/.local/share/themes/Ambiance/gtk-3.0/apps/nautilus.css","priority":0},{"pattern":"/home/leo/snap/postman/360/.local/share/themes/Ambiance/gtk-3.0/gtk-main.css","priority":0},{"pattern":"/home/leo/snap/postman/360/.local/share/themes/Ambiance/gtk-3.0/apps/**","priority":2},{"pattern":"/home/leo/snap/postman/360/.local/share/themes/Ambiance/gtk-3.0/**","priority":2},{"pattern":"/home/leo/**","priority":4}],"user":false,"tailwind":{"version":"4.1.15","features":["css-at-theme","layer:base","content-list","source-inline","source-not"],"isDefaultVersion":true}},{"folder":"/home/leo","config":"/home/leo/snap/postman/360/.local/share/themes/Ambiance/gtk-3.20/apps/gnome-applications.css","selectors":[{"pattern":"/home/leo/snap/postman/360/.local/share/themes/Ambiance/gtk-3.20/apps/gnome-applications.css","priority":0},{"pattern":"/home/leo/snap/postman/360/.local/share/themes/Ambiance/gtk-3.20/apps/**","priority":2},{"pattern":"/home/leo/**","priority":4}],"user":false,"tailwind":{"version":"4.1.15","features":["css-at-theme","layer:base","content-list","source-inline","source-not"],"isDefaultVersion":true}},{"folder":"/home/leo","config":"/home/leo/snap/postman/360/.local/share/themes/Ambiance/gtk-3.20/gtk-main.css","selectors":[{"pattern":"/home/leo/snap/postman/360/.local/share/themes/Ambiance/gtk-3.20/apps/nautilus.css","priority":0},{"pattern":"/home/leo/snap/postman/360/.local/share/themes/Ambiance/gtk-3.20/gtk-main.css","priority":0},{"pattern":"/home/leo/snap/postman/360/.local/share/themes/Ambiance/gtk-3.20/apps/**","priority":2},{"pattern":"/home/leo/snap/postman/360/.local/share/themes/Ambiance/gtk-3.20/**","priority":2},{"pattern":"/home/leo/**","priority":4}],"user":false,"tailwind":{"version":"4.1.15","features":["css-at-theme","layer:base","content-list","source-inline","source-not"],"isDefaultVersion":true}},{"folder":"/home/leo","config":"/home/leo/snap/postman/360/.local/share/themes/Radiance/gtk-3.0/gtk-main.css","selectors":[{"pattern":"/home/leo/snap/postman/360/.local/share/themes/Radiance/gtk-3.0/apps/nautilus.css","priority":0},{"pattern":"/home/leo/snap/postman/360/.local/share/themes/Radiance/gtk-3.0/gtk-main.css","priority":0},{"pattern":"/home/leo/snap/postman/360/.local/share/themes/Radiance/gtk-3.0/apps/**","priority":2},{"pattern":"/home/leo/snap/postman/360/.local/share/themes/Radiance/gtk-3.0/**","priority":2},{"pattern":"/home/leo/**","priority":4}],"user":false,"tailwind":{"version":"4.1.15","features":["css-at-theme","layer:base","content-list","source-inline","source-not"],"isDefaultVersion":true}},{"folder":"/home/leo","config":"/home/leo/snap/postman/360/.local/share/themes/Radiance/gtk-3.20/gtk-main.css","selectors":[{"pattern":"/home/leo/snap/postman/360/.local/share/themes/Radiance/gtk-3.20/apps/nautilus.css","priority":0},{"pattern":"/home/leo/snap/postman/360/.local/share/themes/Radiance/gtk-3.20/gtk-main.css","priority":0},{"pattern":"/home/leo/snap/postman/360/.local/share/themes/Radiance/gtk-3.20/apps/**","priority":2},{"pattern":"/home/leo/snap/postman/360/.local/share/themes/Radiance/gtk-3.20/**","priority":2},{"pattern":"/home/leo/**","priority":4}],"user":false,"tailwind":{"version":"4.1.15","features":["css-at-theme","layer:base","content-list","source-inline","source-not"],"isDefaultVersion":true}}]
[Global] Preparing projects...
[Global] Initializing projects...
[snap/postman/360/.local/share/themes/Ambiance/gtk-3.0/apps/gnome-applications.css] Initializing...
[Global] Adding watch patterns: /home/leo/snap/postman/360/.local/share/themes/Ambiance/gtk-3.0/apps/gnome-applications.css, /home/leo/snap/postman/360/.local/share/themes/Ambiance/gtk-3.0/apps, /home/leo/snap/postman/360/.local/share/themes/Ambiance/gtk-3.0, /home/leo/snap/postman/360/.local/share/themes/Ambiance, /home/leo/snap/postman/360/.local/share/themes, /home/leo/snap/postman/360/.local/share, /home/leo/snap/postman/360/.local, /home/leo/snap/postman/360, /home/leo/snap/postman, /home/leo/snap, /home/leo
[snap/postman/360/.local/share/themes/Ambiance/gtk-3.0/apps/gnome-applications.css] Failed to load workspace modules.
[snap/postman/360/.local/share/themes/Ambiance/gtk-3.0/apps/gnome-applications.css] Using bundled version of `tailwindcss`: v4.1.15
[snap/postman/360/.local/share/themes/Ambiance/gtk-3.0/apps/gnome-applications.css] Building...
[Global] Initialized 1 projects
----------
RESTARTING
----------
[Info  - 1:29:21 PM] [GLOBAL] No matching project for document {
  fsPath: '/home/leo/frontend/src/index.css',
  normalPath: '/home/leo/frontend/src/index.css'
}
[Info  - 1:29:21 PM] [GLOBAL] No matching project for document {
  fsPath: '/home/leo/backend/models/Proyecto.js',
  normalPath: '/home/leo/backend/models/Proyecto.js'
}
Searching for Tailwind CSS projects in the workspace's folders.
hoist-at-import: The file '/home/leo/snap/postman/360/.local/share/themes/Ambiance/gtk-3.0/gtk-main.css' contains @import rules after other at rules. This is invalid CSS and may cause problems with your build.
hoist-at-import: The file '/home/leo/snap/postman/360/.local/share/themes/Ambiance/gtk-3.20/gtk-main.css' contains @import rules after other at rules. This is invalid CSS and may cause problems with your build.
hoist-at-import: The file '/home/leo/snap/postman/360/.local/share/themes/Radiance/gtk-3.0/gtk-main.css' contains @import rules after other at rules. This is invalid CSS and may cause problems with your build.
hoist-at-import: The file '/home/leo/snap/postman/360/.local/share/themes/Radiance/gtk-3.20/gtk-main.css' contains @import rules after other at rules. This is invalid CSS and may cause problems with your build.
hoist-at-import: The file '/home/leo/snap/postman/360/.themes/Ambiance/gtk-3.0/gtk-main.css' contains @import rules after other at rules. This is invalid CSS and may cause problems with your build.
hoist-at-import: The file '/home/leo/snap/postman/360/.themes/Ambiance/gtk-3.20/gtk-main.css' contains @import rules after other at rules. This is invalid CSS and may cause problems with your build.
hoist-at-import: The file '/home/leo/snap/postman/360/.themes/Radiance/gtk-3.0/gtk-main.css' contains @import rules after other at rules. This is invalid CSS and may cause problems with your build.
hoist-at-import: The file '/home/leo/snap/postman/360/.themes/Radiance/gtk-3.20/gtk-main.css' contains @import rules after other at rules. This is invalid CSS and may cause problems with your build.
hoist-at-import: The file '/home/leo/snap/postman/current/.local/share/themes/Ambiance/gtk-3.0/gtk-main.css' contains @import rules after other at rules. This is invalid CSS and may cause problems with your build.
hoist-at-import: The file '/home/leo/snap/postman/current/.local/share/themes/Ambiance/gtk-3.20/gtk-main.css' contains @import rules after other at rules. This is invalid CSS and may cause problems with your build.
hoist-at-import: The file '/home/leo/snap/postman/current/.local/share/themes/Radiance/gtk-3.0/gtk-main.css' contains @import rules after other at rules. This is invalid CSS and may cause problems with your build.
hoist-at-import: The file '/home/leo/snap/postman/current/.local/share/themes/Radiance/gtk-3.20/gtk-main.css' contains @import rules after other at rules. This is invalid CSS and may cause problems with your build.
hoist-at-import: The file '/home/leo/snap/postman/current/.themes/Ambiance/gtk-3.0/gtk-main.css' contains @import rules after other at rules. This is invalid CSS and may cause problems with your build.
hoist-at-import: The file '/home/leo/snap/postman/current/.themes/Ambiance/gtk-3.20/gtk-main.css' contains @import rules after other at rules. This is invalid CSS and may cause problems with your build.
hoist-at-import: The file '/home/leo/snap/postman/current/.themes/Radiance/gtk-3.0/gtk-main.css' contains @import rules after other at rules. This is invalid CSS and may cause problems with your build.
hoist-at-import: The file '/home/leo/snap/postman/current/.themes/Radiance/gtk-3.20/gtk-main.css' contains @import rules after other at rules. This is invalid CSS and may cause problems with your build.
{"tailwind":{"version":"4.1.15","features":["css-at-theme","layer:base","content-list","source-inline","source-not"],"isDefaultVersion":true},"path":"/home/leo/.vscode-server/data/User/History/131947df/FRfR.css"}
[Warn  - 1:29:23 PM] The config /home/leo/.vscode-server/data/User/History/131947df/FRfR.css looks like it might be for a different Tailwind CSS version. Skipping.
{"tailwind":{"version":"4.1.15","features":["css-at-theme","layer:base","content-list","source-inline","source-not"],"isDefaultVersion":true},"path":"/home/leo/.vscode-server/data/User/History/131947df/GGc3.css"}
[Warn  - 1:29:23 PM] The config /home/leo/.vscode-server/data/User/History/131947df/GGc3.css looks like it might be for a different Tailwind CSS version. Skipping.
{"tailwind":{"version":"4.1.15","features":["css-at-theme","layer:base","content-list","source-inline","source-not"],"isDefaultVersion":true},"path":"/home/leo/snap/postman/360/.local/share/themes/Ambiance/gtk-3.0/gtk-main.css"}
{"tailwind":{"version":"4.1.15","features":["css-at-theme","layer:base","content-list","source-inline","source-not"],"isDefaultVersion":true},"path":"/home/leo/snap/postman/360/.local/share/themes/Ambiance/gtk-3.20/gtk-main.css"}
{"tailwind":{"version":"4.1.15","features":["css-at-theme","layer:base","content-list","source-inline","source-not"],"isDefaultVersion":true},"path":"/home/leo/snap/postman/360/.local/share/themes/Radiance/gtk-3.20/gtk-main.css"}
{"tailwind":{"version":"4.1.15","features":["css-at-theme","layer:base","content-list","source-inline","source-not"],"isDefaultVersion":true},"path":"/home/leo/snap/postman/360/.local/share/themes/Radiance/gtk-3.0/gtk-main.css"}
{"tailwind":{"version":"4.1.15","features":["css-at-theme","layer:base","content-list","source-inline","source-not"],"isDefaultVersion":true},"path":"/home/leo/snap/postman/360/.local/share/themes/Ambiance/gtk-3.0/apps/gnome-applications.css"}
{"tailwind":{"version":"4.1.15","features":["css-at-theme","layer:base","content-list","source-inline","source-not"],"isDefaultVersion":true},"path":"/home/leo/snap/postman/360/.local/share/themes/Ambiance/gtk-3.20/apps/gnome-applications.css"}
[Global] Creating projects: [{"folder":"/home/leo","config":"/home/leo/snap/postman/360/.local/share/themes/Ambiance/gtk-3.0/apps/gnome-applications.css","selectors":[{"pattern":"/home/leo/snap/postman/360/.local/share/themes/Ambiance/gtk-3.0/apps/gnome-applications.css","priority":0},{"pattern":"/home/leo/snap/postman/360/.local/share/themes/Ambiance/gtk-3.0/apps/**","priority":2},{"pattern":"/home/leo/**","priority":4}],"user":false,"tailwind":{"version":"4.1.15","features":["css-at-theme","layer:base","content-list","source-inline","source-not"],"isDefaultVersion":true}},{"folder":"/home/leo","config":"/home/leo/snap/postman/360/.local/share/themes/Ambiance/gtk-3.0/gtk-main.css","selectors":[{"pattern":"/home/leo/snap/postman/360/.local/share/themes/Ambiance/gtk-3.0/apps/nautilus.css","priority":0},{"pattern":"/home/leo/snap/postman/360/.local/share/themes/Ambiance/gtk-3.0/gtk-main.css","priority":0},{"pattern":"/home/leo/snap/postman/360/.local/share/themes/Ambiance/gtk-3.0/apps/**","priority":2},{"pattern":"/home/leo/snap/postman/360/.local/share/themes/Ambiance/gtk-3.0/**","priority":2},{"pattern":"/home/leo/**","priority":4}],"user":false,"tailwind":{"version":"4.1.15","features":["css-at-theme","layer:base","content-list","source-inline","source-not"],"isDefaultVersion":true}},{"folder":"/home/leo","config":"/home/leo/snap/postman/360/.local/share/themes/Ambiance/gtk-3.20/apps/gnome-applications.css","selectors":[{"pattern":"/home/leo/snap/postman/360/.local/share/themes/Ambiance/gtk-3.20/apps/gnome-applications.css","priority":0},{"pattern":"/home/leo/snap/postman/360/.local/share/themes/Ambiance/gtk-3.20/apps/**","priority":2},{"pattern":"/home/leo/**","priority":4}],"user":false,"tailwind":{"version":"4.1.15","features":["css-at-theme","layer:base","content-list","source-inline","source-not"],"isDefaultVersion":true}},{"folder":"/home/leo","config":"/home/leo/snap/postman/360/.local/share/themes/Ambiance/gtk-3.20/gtk-main.css","selectors":[{"pattern":"/home/leo/snap/postman/360/.local/share/themes/Ambiance/gtk-3.20/apps/nautilus.css","priority":0},{"pattern":"/home/leo/snap/postman/360/.local/share/themes/Ambiance/gtk-3.20/gtk-main.css","priority":0},{"pattern":"/home/leo/snap/postman/360/.local/share/themes/Ambiance/gtk-3.20/apps/**","priority":2},{"pattern":"/home/leo/snap/postman/360/.local/share/themes/Ambiance/gtk-3.20/**","priority":2},{"pattern":"/home/leo/**","priority":4}],"user":false,"tailwind":{"version":"4.1.15","features":["css-at-theme","layer:base","content-list","source-inline","source-not"],"isDefaultVersion":true}},{"folder":"/home/leo","config":"/home/leo/snap/postman/360/.local/share/themes/Radiance/gtk-3.0/gtk-main.css","selectors":[{"pattern":"/home/leo/snap/postman/360/.local/share/themes/Radiance/gtk-3.0/apps/nautilus.css","priority":0},{"pattern":"/home/leo/snap/postman/360/.local/share/themes/Radiance/gtk-3.0/gtk-main.css","priority":0},{"pattern":"/home/leo/snap/postman/360/.local/share/themes/Radiance/gtk-3.0/apps/**","priority":2},{"pattern":"/home/leo/snap/postman/360/.local/share/themes/Radiance/gtk-3.0/**","priority":2},{"pattern":"/home/leo/**","priority":4}],"user":false,"tailwind":{"version":"4.1.15","features":["css-at-theme","layer:base","content-list","source-inline","source-not"],"isDefaultVersion":true}},{"folder":"/home/leo","config":"/home/leo/snap/postman/360/.local/share/themes/Radiance/gtk-3.20/gtk-main.css","selectors":[{"pattern":"/home/leo/snap/postman/360/.local/share/themes/Radiance/gtk-3.20/apps/nautilus.css","priority":0},{"pattern":"/home/leo/snap/postman/360/.local/share/themes/Radiance/gtk-3.20/gtk-main.css","priority":0},{"pattern":"/home/leo/snap/postman/360/.local/share/themes/Radiance/gtk-3.20/apps/**","priority":2},{"pattern":"/home/leo/snap/postman/360/.local/share/themes/Radiance/gtk-3.20/**","priority":2},{"pattern":"/home/leo/**","priority":4}],"user":false,"tailwind":{"version":"4.1.15","features":["css-at-theme","layer:base","content-list","source-inline","source-not"],"isDefaultVersion":true}}]
[Global] Preparing projects...
[Global] Initializing projects...
[snap/postman/360/.local/share/themes/Ambiance/gtk-3.0/apps/gnome-applications.css] Initializing...
[Global] Adding watch patterns: /home/leo/snap/postman/360/.local/share/themes/Ambiance/gtk-3.0/apps/gnome-applications.css, /home/leo/snap/postman/360/.local/share/themes/Ambiance/gtk-3.0/apps, /home/leo/snap/postman/360/.local/share/themes/Ambiance/gtk-3.0, /home/leo/snap/postman/360/.local/share/themes/Ambiance, /home/leo/snap/postman/360/.local/share/themes, /home/leo/snap/postman/360/.local/share, /home/leo/snap/postman/360/.local, /home/leo/snap/postman/360, /home/leo/snap/postman, /home/leo/snap, /home/leo
[snap/postman/360/.local/share/themes/Ambiance/gtk-3.0/apps/gnome-applications.css] Failed to load workspace modules.
[snap/postman/360/.local/share/themes/Ambiance/gtk-3.0/apps/gnome-applications.css] Using bundled version of `tailwindcss`: v4.1.15
[snap/postman/360/.local/share/themes/Ambiance/gtk-3.0/apps/gnome-applications.css] Building...
[Global] Initialized 1 projects
----------
RESTARTING
----------
[Info  - 1:38:15 PM] [GLOBAL] No matching project for document {
  fsPath: '/home/leo/frontend/src/index.css',
  normalPath: '/home/leo/frontend/src/index.css'
}
[Info  - 1:38:15 PM] [GLOBAL] No matching project for document {
  fsPath: '/home/leo/backend/models/Proyecto.js',
  normalPath: '/home/leo/backend/models/Proyecto.js'
}
[Info  - 1:38:15 PM] [GLOBAL] No matching project for document {
  fsPath: '/home/leo/backend/routes/proyectos.js',
  normalPath: '/home/leo/backend/routes/proyectos.js'
}
[Info  - 1:38:15 PM] [GLOBAL] No matching project for document {
  fsPath: '/home/leo/frontend/src/App.jsx',
  normalPath: '/home/leo/frontend/src/App.jsx'
}
Searching for Tailwind CSS projects in the workspace's folders.
hoist-at-import: The file '/home/leo/snap/postman/360/.local/share/themes/Ambiance/gtk-3.0/gtk-main.css' contains @import rules after other at rules. This is invalid CSS and may cause problems with your build.
hoist-at-import: The file '/home/leo/snap/postman/360/.local/share/themes/Ambiance/gtk-3.20/gtk-main.css' contains @import rules after other at rules. This is invalid CSS and may cause problems with your build.
hoist-at-import: The file '/home/leo/snap/postman/360/.local/share/themes/Radiance/gtk-3.0/gtk-main.css' contains @import rules after other at rules. This is invalid CSS and may cause problems with your build.
hoist-at-import: The file '/home/leo/snap/postman/360/.local/share/themes/Radiance/gtk-3.20/gtk-main.css' contains @import rules after other at rules. This is invalid CSS and may cause problems with your build.
hoist-at-import: The file '/home/leo/snap/postman/360/.themes/Ambiance/gtk-3.0/gtk-main.css' contains @import rules after other at rules. This is invalid CSS and may cause problems with your build.
hoist-at-import: The file '/home/leo/snap/postman/360/.themes/Ambiance/gtk-3.20/gtk-main.css' contains @import rules after other at rules. This is invalid CSS and may cause problems with your build.
hoist-at-import: The file '/home/leo/snap/postman/360/.themes/Radiance/gtk-3.0/gtk-main.css' contains @import rules after other at rules. This is invalid CSS and may cause problems with your build.
hoist-at-import: The file '/home/leo/snap/postman/360/.themes/Radiance/gtk-3.20/gtk-main.css' contains @import rules after other at rules. This is invalid CSS and may cause problems with your build.
hoist-at-import: The file '/home/leo/snap/postman/current/.local/share/themes/Ambiance/gtk-3.0/gtk-main.css' contains @import rules after other at rules. This is invalid CSS and may cause problems with your build.
hoist-at-import: The file '/home/leo/snap/postman/current/.local/share/themes/Ambiance/gtk-3.20/gtk-main.css' contains @import rules after other at rules. This is invalid CSS and may cause problems with your build.
hoist-at-import: The file '/home/leo/snap/postman/current/.local/share/themes/Radiance/gtk-3.0/gtk-main.css' contains @import rules after other at rules. This is invalid CSS and may cause problems with your build.
hoist-at-import: The file '/home/leo/snap/postman/current/.local/share/themes/Radiance/gtk-3.20/gtk-main.css' contains @import rules after other at rules. This is invalid CSS and may cause problems with your build.
hoist-at-import: The file '/home/leo/snap/postman/current/.themes/Ambiance/gtk-3.0/gtk-main.css' contains @import rules after other at rules. This is invalid CSS and may cause problems with your build.
hoist-at-import: The file '/home/leo/snap/postman/current/.themes/Ambiance/gtk-3.20/gtk-main.css' contains @import rules after other at rules. This is invalid CSS and may cause problems with your build.
hoist-at-import: The file '/home/leo/snap/postman/current/.themes/Radiance/gtk-3.0/gtk-main.css' contains @import rules after other at rules. This is invalid CSS and may cause problems with your build.
hoist-at-import: The file '/home/leo/snap/postman/current/.themes/Radiance/gtk-3.20/gtk-main.css' contains @import rules after other at rules. This is invalid CSS and may cause problems with your build.
{"tailwind":{"version":"4.1.15","features":["css-at-theme","layer:base","content-list","source-inline","source-not"],"isDefaultVersion":true},"path":"/home/leo/.vscode-server/data/User/History/131947df/FRfR.css"}
[Warn  - 1:38:17 PM] The config /home/leo/.vscode-server/data/User/History/131947df/FRfR.css looks like it might be for a different Tailwind CSS version. Skipping.
{"tailwind":{"version":"4.1.15","features":["css-at-theme","layer:base","content-list","source-inline","source-not"],"isDefaultVersion":true},"path":"/home/leo/.vscode-server/data/User/History/131947df/GGc3.css"}
[Warn  - 1:38:17 PM] The config /home/leo/.vscode-server/data/User/History/131947df/GGc3.css looks like it might be for a different Tailwind CSS version. Skipping.
{"tailwind":{"version":"4.1.15","features":["css-at-theme","layer:base","content-list","source-inline","source-not"],"isDefaultVersion":true},"path":"/home/leo/snap/postman/360/.local/share/themes/Ambiance/gtk-3.0/gtk-main.css"}
{"tailwind":{"version":"4.1.15","features":["css-at-theme","layer:base","content-list","source-inline","source-not"],"isDefaultVersion":true},"path":"/home/leo/snap/postman/360/.local/share/themes/Ambiance/gtk-3.20/gtk-main.css"}
{"tailwind":{"version":"4.1.15","features":["css-at-theme","layer:base","content-list","source-inline","source-not"],"isDefaultVersion":true},"path":"/home/leo/snap/postman/360/.local/share/themes/Radiance/gtk-3.0/gtk-main.css"}
{"tailwind":{"version":"4.1.15","features":["css-at-theme","layer:base","content-list","source-inline","source-not"],"isDefaultVersion":true},"path":"/home/leo/snap/postman/360/.local/share/themes/Radiance/gtk-3.20/gtk-main.css"}
{"tailwind":{"version":"4.1.15","features":["css-at-theme","layer:base","content-list","source-inline","source-not"],"isDefaultVersion":true},"path":"/home/leo/snap/postman/360/.local/share/themes/Ambiance/gtk-3.0/apps/gnome-applications.css"}
{"tailwind":{"version":"4.1.15","features":["css-at-theme","layer:base","content-list","source-inline","source-not"],"isDefaultVersion":true},"path":"/home/leo/snap/postman/360/.local/share/themes/Ambiance/gtk-3.20/apps/gnome-applications.css"}
[Global] Creating projects: [{"folder":"/home/leo","config":"/home/leo/snap/postman/360/.local/share/themes/Ambiance/gtk-3.0/apps/gnome-applications.css","selectors":[{"pattern":"/home/leo/snap/postman/360/.local/share/themes/Ambiance/gtk-3.0/apps/gnome-applications.css","priority":0},{"pattern":"/home/leo/snap/postman/360/.local/share/themes/Ambiance/gtk-3.0/apps/**","priority":2},{"pattern":"/home/leo/**","priority":4}],"user":false,"tailwind":{"version":"4.1.15","features":["css-at-theme","layer:base","content-list","source-inline","source-not"],"isDefaultVersion":true}},{"folder":"/home/leo","config":"/home/leo/snap/postman/360/.local/share/themes/Ambiance/gtk-3.0/gtk-main.css","selectors":[{"pattern":"/home/leo/snap/postman/360/.local/share/themes/Ambiance/gtk-3.0/apps/nautilus.css","priority":0},{"pattern":"/home/leo/snap/postman/360/.local/share/themes/Ambiance/gtk-3.0/gtk-main.css","priority":0},{"pattern":"/home/leo/snap/postman/360/.local/share/themes/Ambiance/gtk-3.0/apps/**","priority":2},{"pattern":"/home/leo/snap/postman/360/.local/share/themes/Ambiance/gtk-3.0/**","priority":2},{"pattern":"/home/leo/**","priority":4}],"user":false,"tailwind":{"version":"4.1.15","features":["css-at-theme","layer:base","content-list","source-inline","source-not"],"isDefaultVersion":true}},{"folder":"/home/leo","config":"/home/leo/snap/postman/360/.local/share/themes/Ambiance/gtk-3.20/apps/gnome-applications.css","selectors":[{"pattern":"/home/leo/snap/postman/360/.local/share/themes/Ambiance/gtk-3.20/apps/gnome-applications.css","priority":0},{"pattern":"/home/leo/snap/postman/360/.local/share/themes/Ambiance/gtk-3.20/apps/**","priority":2},{"pattern":"/home/leo/**","priority":4}],"user":false,"tailwind":{"version":"4.1.15","features":["css-at-theme","layer:base","content-list","source-inline","source-not"],"isDefaultVersion":true}},{"folder":"/home/leo","config":"/home/leo/snap/postman/360/.local/share/themes/Ambiance/gtk-3.20/gtk-main.css","selectors":[{"pattern":"/home/leo/snap/postman/360/.local/share/themes/Ambiance/gtk-3.20/apps/nautilus.css","priority":0},{"pattern":"/home/leo/snap/postman/360/.local/share/themes/Ambiance/gtk-3.20/gtk-main.css","priority":0},{"pattern":"/home/leo/snap/postman/360/.local/share/themes/Ambiance/gtk-3.20/apps/**","priority":2},{"pattern":"/home/leo/snap/postman/360/.local/share/themes/Ambiance/gtk-3.20/**","priority":2},{"pattern":"/home/leo/**","priority":4}],"user":false,"tailwind":{"version":"4.1.15","features":["css-at-theme","layer:base","content-list","source-inline","source-not"],"isDefaultVersion":true}},{"folder":"/home/leo","config":"/home/leo/snap/postman/360/.local/share/themes/Radiance/gtk-3.0/gtk-main.css","selectors":[{"pattern":"/home/leo/snap/postman/360/.local/share/themes/Radiance/gtk-3.0/apps/nautilus.css","priority":0},{"pattern":"/home/leo/snap/postman/360/.local/share/themes/Radiance/gtk-3.0/gtk-main.css","priority":0},{"pattern":"/home/leo/snap/postman/360/.local/share/themes/Radiance/gtk-3.0/apps/**","priority":2},{"pattern":"/home/leo/snap/postman/360/.local/share/themes/Radiance/gtk-3.0/**","priority":2},{"pattern":"/home/leo/**","priority":4}],"user":false,"tailwind":{"version":"4.1.15","features":["css-at-theme","layer:base","content-list","source-inline","source-not"],"isDefaultVersion":true}},{"folder":"/home/leo","config":"/home/leo/snap/postman/360/.local/share/themes/Radiance/gtk-3.20/gtk-main.css","selectors":[{"pattern":"/home/leo/snap/postman/360/.local/share/themes/Radiance/gtk-3.20/apps/nautilus.css","priority":0},{"pattern":"/home/leo/snap/postman/360/.local/share/themes/Radiance/gtk-3.20/gtk-main.css","priority":0},{"pattern":"/home/leo/snap/postman/360/.local/share/themes/Radiance/gtk-3.20/apps/**","priority":2},{"pattern":"/home/leo/snap/postman/360/.local/share/themes/Radiance/gtk-3.20/**","priority":2},{"pattern":"/home/leo/**","priority":4}],"user":false,"tailwind":{"version":"4.1.15","features":["css-at-theme","layer:base","content-list","source-inline","source-not"],"isDefaultVersion":true}}]
[Global] Preparing projects...
[Global] Initializing projects...
[snap/postman/360/.local/share/themes/Ambiance/gtk-3.0/apps/gnome-applications.css] Initializing...
[Global] Adding watch patterns: /home/leo/snap/postman/360/.local/share/themes/Ambiance/gtk-3.0/apps/gnome-applications.css, /home/leo/snap/postman/360/.local/share/themes/Ambiance/gtk-3.0/apps, /home/leo/snap/postman/360/.local/share/themes/Ambiance/gtk-3.0, /home/leo/snap/postman/360/.local/share/themes/Ambiance, /home/leo/snap/postman/360/.local/share/themes, /home/leo/snap/postman/360/.local/share, /home/leo/snap/postman/360/.local, /home/leo/snap/postman/360, /home/leo/snap/postman, /home/leo/snap, /home/leo
[snap/postman/360/.local/share/themes/Ambiance/gtk-3.0/apps/gnome-applications.css] Failed to load workspace modules.
[snap/postman/360/.local/share/themes/Ambiance/gtk-3.0/apps/gnome-applications.css] Using bundled version of `tailwindcss`: v4.1.15
[snap/postman/360/.local/share/themes/Ambiance/gtk-3.0/apps/gnome-applications.css] Building...
[Global] Initialized 1 projects
----------
RESTARTING
----------
[Info  - 1:55:18 PM] [GLOBAL] No matching project for document {
  fsPath: '/home/leo/frontend/src/index.css',
  normalPath: '/home/leo/frontend/src/index.css'
}
[Info  - 1:55:18 PM] [GLOBAL] No matching project for document {
  fsPath: '/home/leo/backend/models/Proyecto.js',
  normalPath: '/home/leo/backend/models/Proyecto.js'
}
[Info  - 1:55:18 PM] [GLOBAL] No matching project for document {
  fsPath: '/home/leo/backend/routes/proyectos.js',
  normalPath: '/home/leo/backend/routes/proyectos.js'
}
[Info  - 1:55:18 PM] [GLOBAL] No matching project for document {
  fsPath: '/home/leo/frontend/src/App.jsx',
  normalPath: '/home/leo/frontend/src/App.jsx'
}
[Info  - 1:55:18 PM] [GLOBAL] No matching project for document {
  fsPath: '/home/leo/backend/server.js',
  normalPath: '/home/leo/backend/server.js'
}
Searching for Tailwind CSS projects in the workspace's folders.
hoist-at-import: The file '/home/leo/snap/postman/360/.local/share/themes/Ambiance/gtk-3.0/gtk-main.css' contains @import rules after other at rules. This is invalid CSS and may cause problems with your build.
hoist-at-import: The file '/home/leo/snap/postman/360/.local/share/themes/Ambiance/gtk-3.20/gtk-main.css' contains @import rules after other at rules. This is invalid CSS and may cause problems with your build.
hoist-at-import: The file '/home/leo/snap/postman/360/.local/share/themes/Radiance/gtk-3.0/gtk-main.css' contains @import rules after other at rules. This is invalid CSS and may cause problems with your build.
hoist-at-import: The file '/home/leo/snap/postman/360/.local/share/themes/Radiance/gtk-3.20/gtk-main.css' contains @import rules after other at rules. This is invalid CSS and may cause problems with your build.
hoist-at-import: The file '/home/leo/snap/postman/360/.themes/Ambiance/gtk-3.0/gtk-main.css' contains @import rules after other at rules. This is invalid CSS and may cause problems with your build.
hoist-at-import: The file '/home/leo/snap/postman/360/.themes/Ambiance/gtk-3.20/gtk-main.css' contains @import rules after other at rules. This is invalid CSS and may cause problems with your build.
hoist-at-import: The file '/home/leo/snap/postman/360/.themes/Radiance/gtk-3.0/gtk-main.css' contains @import rules after other at rules. This is invalid CSS and may cause problems with your build.
hoist-at-import: The file '/home/leo/snap/postman/360/.themes/Radiance/gtk-3.20/gtk-main.css' contains @import rules after other at rules. This is invalid CSS and may cause problems with your build.
hoist-at-import: The file '/home/leo/snap/postman/current/.local/share/themes/Ambiance/gtk-3.0/gtk-main.css' contains @import rules after other at rules. This is invalid CSS and may cause problems with your build.
hoist-at-import: The file '/home/leo/snap/postman/current/.local/share/themes/Ambiance/gtk-3.20/gtk-main.css' contains @import rules after other at rules. This is invalid CSS and may cause problems with your build.
hoist-at-import: The file '/home/leo/snap/postman/current/.local/share/themes/Radiance/gtk-3.0/gtk-main.css' contains @import rules after other at rules. This is invalid CSS and may cause problems with your build.
hoist-at-import: The file '/home/leo/snap/postman/current/.local/share/themes/Radiance/gtk-3.20/gtk-main.css' contains @import rules after other at rules. This is invalid CSS and may cause problems with your build.
hoist-at-import: The file '/home/leo/snap/postman/current/.themes/Ambiance/gtk-3.0/gtk-main.css' contains @import rules after other at rules. This is invalid CSS and may cause problems with your build.
hoist-at-import: The file '/home/leo/snap/postman/current/.themes/Ambiance/gtk-3.20/gtk-main.css' contains @import rules after other at rules. This is invalid CSS and may cause problems with your build.
hoist-at-import: The file '/home/leo/snap/postman/current/.themes/Radiance/gtk-3.0/gtk-main.css' contains @import rules after other at rules. This is invalid CSS and may cause problems with your build.
hoist-at-import: The file '/home/leo/snap/postman/current/.themes/Radiance/gtk-3.20/gtk-main.css' contains @import rules after other at rules. This is invalid CSS and may cause problems with your build.
{"tailwind":{"version":"4.1.15","features":["css-at-theme","layer:base","content-list","source-inline","source-not"],"isDefaultVersion":true},"path":"/home/leo/.vscode-server/data/User/History/131947df/FRfR.css"}
[Warn  - 1:55:20 PM] The config /home/leo/.vscode-server/data/User/History/131947df/FRfR.css looks like it might be for a different Tailwind CSS version. Skipping.
{"tailwind":{"version":"4.1.15","features":["css-at-theme","layer:base","content-list","source-inline","source-not"],"isDefaultVersion":true},"path":"/home/leo/.vscode-server/data/User/History/131947df/GGc3.css"}
[Warn  - 1:55:20 PM] The config /home/leo/.vscode-server/data/User/History/131947df/GGc3.css looks like it might be for a different Tailwind CSS version. Skipping.
{"tailwind":{"version":"4.1.15","features":["css-at-theme","layer:base","content-list","source-inline","source-not"],"isDefaultVersion":true},"path":"/home/leo/snap/postman/360/.local/share/themes/Ambiance/gtk-3.0/gtk-main.css"}
{"tailwind":{"version":"4.1.15","features":["css-at-theme","layer:base","content-list","source-inline","source-not"],"isDefaultVersion":true},"path":"/home/leo/snap/postman/360/.local/share/themes/Ambiance/gtk-3.20/gtk-main.css"}
{"tailwind":{"version":"4.1.15","features":["css-at-theme","layer:base","content-list","source-inline","source-not"],"isDefaultVersion":true},"path":"/home/leo/snap/postman/360/.local/share/themes/Radiance/gtk-3.0/gtk-main.css"}
{"tailwind":{"version":"4.1.15","features":["css-at-theme","layer:base","content-list","source-inline","source-not"],"isDefaultVersion":true},"path":"/home/leo/snap/postman/360/.local/share/themes/Radiance/gtk-3.20/gtk-main.css"}
{"tailwind":{"version":"4.1.15","features":["css-at-theme","layer:base","content-list","source-inline","source-not"],"isDefaultVersion":true},"path":"/home/leo/snap/postman/360/.local/share/themes/Ambiance/gtk-3.0/apps/gnome-applications.css"}
{"tailwind":{"version":"4.1.15","features":["css-at-theme","layer:base","content-list","source-inline","source-not"],"isDefaultVersion":true},"path":"/home/leo/snap/postman/360/.local/share/themes/Ambiance/gtk-3.20/apps/gnome-applications.css"}
[Global] Creating projects: [{"folder":"/home/leo","config":"/home/leo/snap/postman/360/.local/share/themes/Ambiance/gtk-3.0/apps/gnome-applications.css","selectors":[{"pattern":"/home/leo/snap/postman/360/.local/share/themes/Ambiance/gtk-3.0/apps/gnome-applications.css","priority":0},{"pattern":"/home/leo/snap/postman/360/.local/share/themes/Ambiance/gtk-3.0/apps/**","priority":2},{"pattern":"/home/leo/**","priority":4}],"user":false,"tailwind":{"version":"4.1.15","features":["css-at-theme","layer:base","content-list","source-inline","source-not"],"isDefaultVersion":true}},{"folder":"/home/leo","config":"/home/leo/snap/postman/360/.local/share/themes/Ambiance/gtk-3.0/gtk-main.css","selectors":[{"pattern":"/home/leo/snap/postman/360/.local/share/themes/Ambiance/gtk-3.0/apps/nautilus.css","priority":0},{"pattern":"/home/leo/snap/postman/360/.local/share/themes/Ambiance/gtk-3.0/gtk-main.css","priority":0},{"pattern":"/home/leo/snap/postman/360/.local/share/themes/Ambiance/gtk-3.0/apps/**","priority":2},{"pattern":"/home/leo/snap/postman/360/.local/share/themes/Ambiance/gtk-3.0/**","priority":2},{"pattern":"/home/leo/**","priority":4}],"user":false,"tailwind":{"version":"4.1.15","features":["css-at-theme","layer:base","content-list","source-inline","source-not"],"isDefaultVersion":true}},{"folder":"/home/leo","config":"/home/leo/snap/postman/360/.local/share/themes/Ambiance/gtk-3.20/apps/gnome-applications.css","selectors":[{"pattern":"/home/leo/snap/postman/360/.local/share/themes/Ambiance/gtk-3.20/apps/gnome-applications.css","priority":0},{"pattern":"/home/leo/snap/postman/360/.local/share/themes/Ambiance/gtk-3.20/apps/**","priority":2},{"pattern":"/home/leo/**","priority":4}],"user":false,"tailwind":{"version":"4.1.15","features":["css-at-theme","layer:base","content-list","source-inline","source-not"],"isDefaultVersion":true}},{"folder":"/home/leo","config":"/home/leo/snap/postman/360/.local/share/themes/Ambiance/gtk-3.20/gtk-main.css","selectors":[{"pattern":"/home/leo/snap/postman/360/.local/share/themes/Ambiance/gtk-3.20/apps/nautilus.css","priority":0},{"pattern":"/home/leo/snap/postman/360/.local/share/themes/Ambiance/gtk-3.20/gtk-main.css","priority":0},{"pattern":"/home/leo/snap/postman/360/.local/share/themes/Ambiance/gtk-3.20/apps/**","priority":2},{"pattern":"/home/leo/snap/postman/360/.local/share/themes/Ambiance/gtk-3.20/**","priority":2},{"pattern":"/home/leo/**","priority":4}],"user":false,"tailwind":{"version":"4.1.15","features":["css-at-theme","layer:base","content-list","source-inline","source-not"],"isDefaultVersion":true}},{"folder":"/home/leo","config":"/home/leo/snap/postman/360/.local/share/themes/Radiance/gtk-3.0/gtk-main.css","selectors":[{"pattern":"/home/leo/snap/postman/360/.local/share/themes/Radiance/gtk-3.0/apps/nautilus.css","priority":0},{"pattern":"/home/leo/snap/postman/360/.local/share/themes/Radiance/gtk-3.0/gtk-main.css","priority":0},{"pattern":"/home/leo/snap/postman/360/.local/share/themes/Radiance/gtk-3.0/apps/**","priority":2},{"pattern":"/home/leo/snap/postman/360/.local/share/themes/Radiance/gtk-3.0/**","priority":2},{"pattern":"/home/leo/**","priority":4}],"user":false,"tailwind":{"version":"4.1.15","features":["css-at-theme","layer:base","content-list","source-inline","source-not"],"isDefaultVersion":true}},{"folder":"/home/leo","config":"/home/leo/snap/postman/360/.local/share/themes/Radiance/gtk-3.20/gtk-main.css","selectors":[{"pattern":"/home/leo/snap/postman/360/.local/share/themes/Radiance/gtk-3.20/apps/nautilus.css","priority":0},{"pattern":"/home/leo/snap/postman/360/.local/share/themes/Radiance/gtk-3.20/gtk-main.css","priority":0},{"pattern":"/home/leo/snap/postman/360/.local/share/themes/Radiance/gtk-3.20/apps/**","priority":2},{"pattern":"/home/leo/snap/postman/360/.local/share/themes/Radiance/gtk-3.20/**","priority":2},{"pattern":"/home/leo/**","priority":4}],"user":false,"tailwind":{"version":"4.1.15","features":["css-at-theme","layer:base","content-list","source-inline","source-not"],"isDefaultVersion":true}}]
[Global] Preparing projects...
[Global] Initializing projects...
[snap/postman/360/.local/share/themes/Ambiance/gtk-3.0/apps/gnome-applications.css] Initializing...
[Global] Adding watch patterns: /home/leo/snap/postman/360/.local/share/themes/Ambiance/gtk-3.0/apps/gnome-applications.css, /home/leo/snap/postman/360/.local/share/themes/Ambiance/gtk-3.0/apps, /home/leo/snap/postman/360/.local/share/themes/Ambiance/gtk-3.0, /home/leo/snap/postman/360/.local/share/themes/Ambiance, /home/leo/snap/postman/360/.local/share/themes, /home/leo/snap/postman/360/.local/share, /home/leo/snap/postman/360/.local, /home/leo/snap/postman/360, /home/leo/snap/postman, /home/leo/snap, /home/leo
[snap/postman/360/.local/share/themes/Ambiance/gtk-3.0/apps/gnome-applications.css] Failed to load workspace modules.
[snap/postman/360/.local/share/themes/Ambiance/gtk-3.0/apps/gnome-applications.css] Using bundled version of `tailwindcss`: v4.1.15
[snap/postman/360/.local/share/themes/Ambiance/gtk-3.0/apps/gnome-applications.css] Building...
[Global] Initialized 1 projects
