0 verbose cli /usr/bin/node /usr/bin/npm
1 info using npm@10.8.2
2 info using node@v20.20.0
3 silly config load:file:/usr/lib/node_modules/npm/npmrc
4 silly config load:file:/home/leo/frontend/.npmrc
5 silly config load:file:/home/leo/.npmrc
6 silly config load:file:/usr/etc/npmrc
7 verbose title npm view globals description dist-tags.latest homepage version time
8 verbose argv "view" "--json" "--" "globals" "description" "dist-tags.latest" "homepage" "version" "time"
9 verbose logfile logs-max:10 dir:/home/leo/.npm/_logs/2026-02-13T18_29_56_619Z-
10 verbose logfile /home/leo/.npm/_logs/2026-02-13T18_29_56_619Z-debug-0.log
11 silly logfile start cleaning logs, removing 1 files
12 silly logfile done cleaning log files
13 http fetch GET 200 https://registry.npmjs.org/globals 293ms (cache revalidated)
14 verbose cwd /home/leo/frontend
15 verbose os Linux 6.8.0-100-generic
16 verbose node v20.20.0
17 verbose npm  v10.8.2
18 verbose exit 0
19 info ok
