0 verbose cli /usr/bin/node /usr/bin/npm
1 info using npm@10.8.2
2 info using node@v20.20.0
3 silly config load:file:/usr/lib/node_modules/npm/npmrc
4 silly config load:file:/home/leo/.cache/typescript/5.7/.npmrc
5 silly config load:file:/home/leo/.npmrc
6 silly config load:file:/usr/etc/npmrc
7 verbose title npm install @types/cors@ts5.7 @types/express@ts5.7 @types/jsonwebtoken@ts5.7 @types/morgan@ts5.7 @types/multer@ts5.7 @types/nodemailer@ts5.7
8 verbose argv "install" "--ignore-scripts" "@types/cors@ts5.7" "@types/express@ts5.7" "@types/jsonwebtoken@ts5.7" "@types/morgan@ts5.7" "@types/multer@ts5.7" "@types/nodemailer@ts5.7" "--save-dev" "--user-agent" "typesInstaller/5.7.3"
9 verbose logfile logs-max:10 dir:/home/leo/.npm/_logs/2026-02-14T16_00_39_330Z-
10 verbose logfile /home/leo/.npm/_logs/2026-02-14T16_00_39_330Z-debug-0.log
11 silly packumentCache heap:2197815296 maxSize:549453824 maxEntrySize:274726912
12 silly logfile start cleaning logs, removing 1 files
13 silly logfile done cleaning log files
14 silly packumentCache corgi:https://registry.npmjs.org/@types%2fcors cache-miss
15 silly packumentCache corgi:https://registry.npmjs.org/@types%2fexpress cache-miss
16 silly packumentCache corgi:https://registry.npmjs.org/@types%2fjsonwebtoken cache-miss
17 silly packumentCache corgi:https://registry.npmjs.org/@types%2fmorgan cache-miss
18 silly packumentCache corgi:https://registry.npmjs.org/@types%2fmulter cache-miss
19 silly packumentCache corgi:https://registry.npmjs.org/@types%2fnodemailer cache-miss
20 http fetch GET 200 https://registry.npmjs.org/@types%2fcors 413ms (cache revalidated)
21 silly packumentCache corgi:https://registry.npmjs.org/@types%2fcors set size:27950 disposed:false
22 http fetch GET 200 https://registry.npmjs.org/@types%2fmulter 430ms (cache revalidated)
23 silly packumentCache corgi:https://registry.npmjs.org/@types%2fmulter set size:34670 disposed:false
24 http fetch GET 200 https://registry.npmjs.org/@types%2fnodemailer 475ms (cache revalidated)
25 silly packumentCache corgi:https://registry.npmjs.org/@types%2fnodemailer set size:76752 disposed:false
26 http fetch GET 200 https://registry.npmjs.org/@types%2fjsonwebtoken 496ms (cache revalidated)
27 silly packumentCache corgi:https://registry.npmjs.org/@types%2fjsonwebtoken set size:54437 disposed:false
28 http fetch GET 200 https://registry.npmjs.org/@types%2fmorgan 505ms (cache revalidated)
29 silly packumentCache corgi:https://registry.npmjs.org/@types%2fmorgan set size:23390 disposed:false
30 http fetch GET 200 https://registry.npmjs.org/@types%2fexpress 526ms (cache revalidated)
31 silly packumentCache corgi:https://registry.npmjs.org/@types%2fexpress set size:54307 disposed:false
32 silly idealTree buildDeps
33 silly fetch manifest @types/cors@2.8.19
34 silly packumentCache full:https://registry.npmjs.org/@types%2fcors cache-miss
35 http fetch GET 200 https://registry.npmjs.org/@types%2fcors 101ms (cache revalidated)
36 silly packumentCache full:https://registry.npmjs.org/@types%2fcors set size:56991 disposed:false
37 silly fetch manifest @types/express@5.0.6
38 silly packumentCache full:https://registry.npmjs.org/@types%2fexpress cache-miss
39 http fetch GET 200 https://registry.npmjs.org/@types%2fexpress 91ms (cache revalidated)
40 silly packumentCache full:https://registry.npmjs.org/@types%2fexpress set size:111364 disposed:false
41 silly fetch manifest @types/jsonwebtoken@9.0.10
42 silly packumentCache full:https://registry.npmjs.org/@types%2fjsonwebtoken cache-miss
43 http fetch GET 200 https://registry.npmjs.org/@types%2fjsonwebtoken 105ms (cache revalidated)
44 silly packumentCache full:https://registry.npmjs.org/@types%2fjsonwebtoken set size:129919 disposed:false
45 silly fetch manifest @types/morgan@1.9.10
46 silly packumentCache full:https://registry.npmjs.org/@types%2fmorgan cache-miss
47 http fetch GET 200 https://registry.npmjs.org/@types%2fmorgan 61ms (cache revalidated)
48 silly packumentCache full:https://registry.npmjs.org/@types%2fmorgan set size:51626 disposed:false
49 silly fetch manifest @types/multer@2.0.0
50 silly packumentCache full:https://registry.npmjs.org/@types%2fmulter cache-miss
51 http fetch GET 200 https://registry.npmjs.org/@types%2fmulter 87ms (cache revalidated)
52 silly packumentCache full:https://registry.npmjs.org/@types%2fmulter set size:82760 disposed:false
53 silly fetch manifest @types/nodemailer@7.0.9
54 silly packumentCache full:https://registry.npmjs.org/@types%2fnodemailer cache-miss
55 http fetch GET 200 https://registry.npmjs.org/@types%2fnodemailer 90ms (cache revalidated)
56 silly packumentCache full:https://registry.npmjs.org/@types%2fnodemailer set size:160428 disposed:false
57 silly placeDep ROOT @types/cors@2.8.19 REPLACE for:  want: 2.8.19
58 silly placeDep ROOT @types/express@5.0.6 REPLACE for:  want: 5.0.6
59 silly placeDep ROOT @types/jsonwebtoken@9.0.10 REPLACE for:  want: 9.0.10
60 silly placeDep ROOT @types/morgan@1.9.10 REPLACE for:  want: 1.9.10
61 silly placeDep ROOT @types/multer@2.0.0 REPLACE for:  want: 2.0.0
62 silly placeDep ROOT @types/nodemailer@7.0.9 REPLACE for:  want: 7.0.9
63 silly reify moves {}
64 silly audit bulk request {
64 silly audit   '@popperjs/core': [ '2.11.8' ],
64 silly audit   '@types/body-parser': [ '1.19.6' ],
64 silly audit   '@types/bootstrap': [ '5.2.10' ],
64 silly audit   '@types/busboy': [ '1.5.4' ],
64 silly audit   '@types/concat-stream': [ '2.0.3' ],
64 silly audit   '@types/connect': [ '3.4.38' ],
64 silly audit   '@types/express-serve-static-core': [ '5.1.1' ],
64 silly audit   '@types/http-errors': [ '2.0.5' ],
64 silly audit   '@types/less': [ '3.0.8' ],
64 silly audit   '@types/ms': [ '2.1.0' ],
64 silly audit   '@types/node': [ '25.2.0' ],
64 silly audit   '@types/qs': [ '6.14.0' ],
64 silly audit   '@types/range-parser': [ '1.2.7' ],
64 silly audit   '@types/react': [ '19.2.14' ],
64 silly audit   '@types/react-dom': [ '19.2.3' ],
64 silly audit   '@types/run-parallel': [ '1.1.2' ],
64 silly audit   '@types/send': [ '1.2.1' ],
64 silly audit   '@types/serve-static': [ '2.2.0' ],
64 silly audit   '@types/stylus': [ '0.48.43' ],
64 silly audit   '@types/type-is': [ '1.6.7' ],
64 silly audit   '@types/xtend': [ '4.0.6' ],
64 silly audit   csstype: [ '3.2.3' ],
64 silly audit   'types-registry': [ '0.1.756' ],
64 silly audit   'undici-types': [ '7.16.0' ],
64 silly audit   '@types/cors': [ '2.8.19' ],
64 silly audit   '@types/express': [ '5.0.6' ],
64 silly audit   '@types/jsonwebtoken': [ '9.0.10' ],
64 silly audit   '@types/morgan': [ '1.9.10' ],
64 silly audit   '@types/multer': [ '2.0.0' ],
64 silly audit   '@types/nodemailer': [ '7.0.9' ]
64 silly audit }
65 http fetch POST 200 https://registry.npmjs.org/-/npm/v1/security/advisories/bulk 182ms
66 silly audit report {}
67 verbose cwd /home/leo/.cache/typescript/5.7
68 verbose os Linux 6.8.0-100-generic
69 verbose node v20.20.0
70 verbose npm  v10.8.2
71 verbose exit 0
72 info ok
