2026-02-04 13:10:00.707 [info] Extension host with pid 25879 started
2026-02-04 13:10:00.707 [error] Error: EEXIST: file already exists, open '/home/leo/.vscode-server/data/User/workspaceStorage/730cbd54b2c14d1f7b36303f887028c9/vscode.lock'
2026-02-04 13:10:00.717 [info] Lock '/home/leo/.vscode-server/data/User/workspaceStorage/730cbd54b2c14d1f7b36303f887028c9/vscode.lock': Could not acquire lock, checking if the file is stale.
2026-02-04 13:10:00.738 [info] Lock '/home/leo/.vscode-server/data/User/workspaceStorage/730cbd54b2c14d1f7b36303f887028c9/vscode.lock': The lock does not look stale, elapsed: 937 ms, giving up.
2026-02-04 13:10:00.751 [info] Lock '/home/leo/.vscode-server/data/User/workspaceStorage/730cbd54b2c14d1f7b36303f887028c9-1/vscode.lock': Lock acquired.
2026-02-04 13:10:01.063 [info] ExtensionService#_doActivateExtension vscode.git-base, startup: false, activationEvent: '*', root cause: vscode.git
2026-02-04 13:10:01.065 [info] ExtensionService#_doActivateExtension vscode.tunnel-forwarding, startup: false, activationEvent: 'onTunnel'
2026-02-04 13:10:01.078 [info] ExtensionService#_doActivateExtension vscode.emmet, startup: false, activationEvent: 'onLanguage'
2026-02-04 13:10:01.079 [info] ExtensionService#_doActivateExtension vscode.css-language-features, startup: false, activationEvent: 'onLanguage:css'
2026-02-04 13:10:01.505 [info] ExtensionService#_doActivateExtension vscode.git, startup: false, activationEvent: '*'
2026-02-04 13:10:01.506 [info] ExtensionService#_doActivateExtension vscode.github, startup: false, activationEvent: '*'
2026-02-04 13:10:02.045 [info] Eager extensions activated
2026-02-04 13:10:02.046 [info] ExtensionService#_doActivateExtension vscode.debug-auto-launch, startup: false, activationEvent: 'onStartupFinished'
2026-02-04 13:10:02.047 [info] ExtensionService#_doActivateExtension vscode.merge-conflict, startup: false, activationEvent: 'onStartupFinished'
2026-02-04 13:10:02.048 [info] ExtensionService#_doActivateExtension bradlc.vscode-tailwindcss, startup: false, activationEvent: 'onStartupFinished'
2026-02-04 13:10:44.092 [info] ExtensionService#_doActivateExtension vscode.npm, startup: false, activationEvent: 'onTerminalQuickFixRequest:ms-vscode.npm-command'
2026-02-04 13:10:49.331 [info] ExtensionService#_doActivateExtension vscode.configuration-editing, startup: false, activationEvent: 'onLanguage:json'
2026-02-04 13:10:49.332 [info] ExtensionService#_doActivateExtension vscode.extension-editing, startup: false, activationEvent: 'onLanguage:json'
2026-02-04 13:10:49.332 [info] ExtensionService#_doActivateExtension vscode.json-language-features, startup: false, activationEvent: 'onLanguage:json'
2026-02-04 13:29:17.325 [info] ExtensionService#_doActivateExtension vscode.typescript-language-features, startup: false, activationEvent: 'onLanguage:javascript'
2026-02-04 14:35:19.358 [info] ExtensionService#_doActivateExtension vscode.html-language-features, startup: false, activationEvent: 'onLanguage:html'
2026-02-04 19:29:40.725 [info] Extension host terminating: renderer disconnected for too long (2)
2026-02-04 19:29:40.726 [info] Lock '/home/leo/.vscode-server/data/User/workspaceStorage/730cbd54b2c14d1f7b36303f887028c9-1/vscode.lock': Marking the lockfile as scheduled to be released in 6000 ms.
2026-02-04 19:29:40.836 [error] Canceled: Canceled
	at new XT (file:///home/leo/.vscode-server/cli/servers/Stable-33fc5a94a3f99ebe7087e8fe79fbe1d37a251016/server/out/vs/workbench/api/node/extensionHostProcess.js:29:153636)
	at Uy.U (file:///home/leo/.vscode-server/cli/servers/Stable-33fc5a94a3f99ebe7087e8fe79fbe1d37a251016/server/out/vs/workbench/api/node/extensionHostProcess.js:29:158246)
	at s.<computed>.n.charCodeAt.s.<computed> (file:///home/leo/.vscode-server/cli/servers/Stable-33fc5a94a3f99ebe7087e8fe79fbe1d37a251016/server/out/vs/workbench/api/node/extensionHostProcess.js:29:155740)
	at mw.g (file:///home/leo/.vscode-server/cli/servers/Stable-33fc5a94a3f99ebe7087e8fe79fbe1d37a251016/server/out/vs/workbench/api/node/extensionHostProcess.js:112:32221)
	at mw.executeCommand (file:///home/leo/.vscode-server/cli/servers/Stable-33fc5a94a3f99ebe7087e8fe79fbe1d37a251016/server/out/vs/workbench/api/node/extensionHostProcess.js:112:31725)
	at r.registerCommand.description (file:///home/leo/.vscode-server/cli/servers/Stable-33fc5a94a3f99ebe7087e8fe79fbe1d37a251016/server/out/vs/workbench/api/node/extensionHostProcess.js:112:31055)
	at mw.h (file:///home/leo/.vscode-server/cli/servers/Stable-33fc5a94a3f99ebe7087e8fe79fbe1d37a251016/server/out/vs/workbench/api/node/extensionHostProcess.js:112:32741)
	at mw.g (file:///home/leo/.vscode-server/cli/servers/Stable-33fc5a94a3f99ebe7087e8fe79fbe1d37a251016/server/out/vs/workbench/api/node/extensionHostProcess.js:112:31818)
	at mw.executeCommand (file:///home/leo/.vscode-server/cli/servers/Stable-33fc5a94a3f99ebe7087e8fe79fbe1d37a251016/server/out/vs/workbench/api/node/extensionHostProcess.js:112:31725)
	at Object.executeCommand (file:///home/leo/.vscode-server/cli/servers/Stable-33fc5a94a3f99ebe7087e8fe79fbe1d37a251016/server/out/vs/workbench/api/node/extensionHostProcess.js:172:37254)
	at nT (/home/leo/.vscode-server/extensions/bradlc.vscode-tailwindcss-0.14.29/dist/extension.js:40:9860)
	at xe (/home/leo/.vscode-server/extensions/bradlc.vscode-tailwindcss-0.14.29/dist/extension.js:4:1357)
	at pe (/home/leo/.vscode-server/extensions/bradlc.vscode-tailwindcss-0.14.29/dist/extension.js:3:6849)
	at Immediate.<anonymous> (/home/leo/.vscode-server/extensions/bradlc.vscode-tailwindcss-0.14.29/dist/extension.js:3:6727)
	at process.processImmediate (node:internal/timers:483:21) setContext undefined
2026-02-04 19:29:40.869 [error] Error: Channel has been closed
	at s (file:///home/leo/.vscode-server/cli/servers/Stable-33fc5a94a3f99ebe7087e8fe79fbe1d37a251016/server/out/vs/workbench/api/node/extensionHostProcess.js:118:2431)
	at Object.appendLine (file:///home/leo/.vscode-server/cli/servers/Stable-33fc5a94a3f99ebe7087e8fe79fbe1d37a251016/server/out/vs/workbench/api/node/extensionHostProcess.js:118:2570)
	at D.logOutputMessage (/home/leo/.vscode-server/cli/servers/Stable-33fc5a94a3f99ebe7087e8fe79fbe1d37a251016/server/extensions/json-language-features/client/dist/node/jsonClientMain.js:2:292566)
	at D.info (/home/leo/.vscode-server/cli/servers/Stable-33fc5a94a3f99ebe7087e8fe79fbe1d37a251016/server/extensions/json-language-features/client/dist/node/jsonClientMain.js:2:292299)
	at ChildProcess.<anonymous> (/home/leo/.vscode-server/cli/servers/Stable-33fc5a94a3f99ebe7087e8fe79fbe1d37a251016/server/extensions/json-language-features/client/dist/node/jsonClientMain.js:2:510402)
	at ChildProcess.emit (node:events:518:28)
	at ChildProcess._handle.onexit (node:internal/child_process:293:12)
2026-02-04 19:29:40.872 [error] Error: Channel has been closed
	at s (file:///home/leo/.vscode-server/cli/servers/Stable-33fc5a94a3f99ebe7087e8fe79fbe1d37a251016/server/out/vs/workbench/api/node/extensionHostProcess.js:118:2431)
	at Object.appendLine (file:///home/leo/.vscode-server/cli/servers/Stable-33fc5a94a3f99ebe7087e8fe79fbe1d37a251016/server/out/vs/workbench/api/node/extensionHostProcess.js:118:2570)
	at D.logOutputMessage (/home/leo/.vscode-server/cli/servers/Stable-33fc5a94a3f99ebe7087e8fe79fbe1d37a251016/server/extensions/html-language-features/client/dist/node/htmlClientMain.js:2:272015)
	at D.info (/home/leo/.vscode-server/cli/servers/Stable-33fc5a94a3f99ebe7087e8fe79fbe1d37a251016/server/extensions/html-language-features/client/dist/node/htmlClientMain.js:2:271748)
	at ChildProcess.<anonymous> (/home/leo/.vscode-server/cli/servers/Stable-33fc5a94a3f99ebe7087e8fe79fbe1d37a251016/server/extensions/html-language-features/client/dist/node/htmlClientMain.js:2:489851)
	at ChildProcess.emit (node:events:518:28)
	at ChildProcess._handle.onexit (node:internal/child_process:293:12)
2026-02-04 19:29:40.877 [info] Extension host with pid 25879 exiting with code 0
