2026-02-14 15:47:14.086 [info] [main] Nivel de registro: Info
2026-02-14 15:47:14.086 [info] [main] Validando git encontrado en: "git"
2026-02-14 15:47:14.086 [info] [main] Usando git "2.43.0" de "git"
2026-02-14 15:47:14.086 [info] [Model][doInitialScan] Initial repository scan started
2026-02-14 15:47:14.086 [info] > git rev-parse --show-toplevel [42ms]
2026-02-14 15:47:14.086 [info] > git rev-parse --git-dir --git-common-dir [221ms]
2026-02-14 15:47:14.086 [info] [Model][openRepository] Opened repository: /home/leo
2026-02-14 15:47:14.372 [info] > git rev-parse --show-toplevel [318ms]
2026-02-14 15:47:14.372 [info] > git config --get commit.template [334ms]
2026-02-14 15:47:14.529 [info] > git for-each-ref --format=%(refname)%00%(upstream:short)%00%(objectname)%00%(upstream:track)%00%(upstream:remotename)%00%(upstream:remoteref) refs/heads/main refs/remotes/main [97ms]
2026-02-14 15:47:15.057 [info] > git for-each-ref --sort -committerdate --format %(refname) %(objectname) %(*objectname) [450ms]
2026-02-14 15:47:15.188 [info] > git check-ignore -v -z --stdin [108ms]
2026-02-14 15:47:15.217 [info] > git rev-parse --show-toplevel [10ms]
2026-02-14 15:47:15.258 [info] > git rev-parse --show-toplevel [11ms]
2026-02-14 15:47:15.292 [info] > git rev-parse --show-toplevel [12ms]
2026-02-14 15:47:15.312 [info] > git status -z -uall [749ms]
2026-02-14 15:47:15.312 [info] > git rev-parse --show-toplevel [6ms]
2026-02-14 15:47:15.462 [info] > git for-each-ref --format=%(refname)%00%(upstream:short)%00%(objectname)%00%(upstream:track)%00%(upstream:remotename)%00%(upstream:remoteref) refs/heads/main refs/remotes/main [90ms]
2026-02-14 15:47:15.716 [info] > git config --get --local branch.main.vscode-merge-base [238ms]
2026-02-14 15:47:15.716 [warning] [Git][config] git config failed: Failed to execute git
2026-02-14 15:47:15.732 [info] > git config --get commit.template [284ms]
2026-02-14 15:47:15.732 [info] > git rev-parse --show-toplevel [316ms]
2026-02-14 15:47:15.765 [info] > git rev-parse --show-toplevel [15ms]
2026-02-14 15:47:15.765 [info] > git reflog main --grep-reflog=branch: Created from *. [34ms]
2026-02-14 15:47:15.791 [info] > git for-each-ref --format=%(refname)%00%(upstream:short)%00%(objectname)%00%(upstream:track)%00%(upstream:remotename)%00%(upstream:remoteref) refs/heads/main refs/remotes/main [27ms]
2026-02-14 15:47:15.827 [info] > git rev-parse --show-toplevel [37ms]
2026-02-14 15:47:15.828 [info] > git symbolic-ref --short refs/remotes/origin/HEAD [52ms]
2026-02-14 15:47:15.828 [info] fatal: ref refs/remotes/origin/HEAD is not a symbolic ref
2026-02-14 15:47:15.828 [warning] [Repository][getDefaultBranch] Failed to get default branch details: Failed to execute git.
2026-02-14 15:47:15.853 [info] > git for-each-ref --sort -committerdate --format %(refname) %(objectname) %(*objectname) [28ms]
2026-02-14 15:47:15.859 [info] > git rev-parse --show-toplevel [7ms]
2026-02-14 15:47:16.114 [info] > git rev-parse --show-toplevel [237ms]
2026-02-14 15:47:16.197 [info] > git rev-parse --show-toplevel [68ms]
2026-02-14 15:47:16.215 [info] > git rev-parse --show-toplevel [5ms]
2026-02-14 15:47:16.240 [info] > git rev-parse --show-toplevel [4ms]
2026-02-14 15:47:16.258 [info] > git rev-parse --show-toplevel [8ms]
2026-02-14 15:47:16.263 [info] [Model][doInitialScan] Initial repository scan completed - repositories (1), closed repositories (0), parent repositories (0), unsafe repositories (0)
2026-02-14 15:47:16.305 [info] > git status -z -uall [497ms]
2026-02-14 15:47:16.305 [info] > git show --textconv :frontend/src/pages/Proyectos.jsx [25ms]
2026-02-14 15:47:16.355 [info] > git ls-files --stage -- /home/leo/frontend/src/pages/Proyectos.jsx [54ms]
2026-02-14 15:47:16.375 [info] > git config --get commit.template [21ms]
2026-02-14 15:47:16.376 [info] > git cat-file -s ab3589b5d92996f5c526f9b61ecc022650291a6e [6ms]
2026-02-14 15:47:16.399 [info] > git for-each-ref --format=%(refname)%00%(upstream:short)%00%(objectname)%00%(upstream:track)%00%(upstream:remotename)%00%(upstream:remoteref) refs/heads/main refs/remotes/main [6ms]
2026-02-14 15:47:16.716 [info] > git for-each-ref --sort -committerdate --format %(refname) %(objectname) %(*objectname) [286ms]
2026-02-14 15:47:16.817 [info] > git blame --root --incremental 20413414256438a24bcb2f39f06bf070c1163f13 -- /home/leo/frontend/src/pages/Proyectos.jsx [13ms]
2026-02-14 15:47:16.841 [info] > git status -z -uall [426ms]
2026-02-14 15:47:21.329 [info] > git config --get commit.template [32ms]
2026-02-14 15:47:21.330 [info] > git for-each-ref --format=%(refname)%00%(upstream:short)%00%(objectname)%00%(upstream:track)%00%(upstream:remotename)%00%(upstream:remoteref) refs/heads/main refs/remotes/main [9ms]
2026-02-14 15:47:21.359 [info] > git for-each-ref --sort -committerdate --format %(refname) %(objectname) %(*objectname) [4ms]
2026-02-14 15:47:21.769 [info] > git status -z -uall [427ms]
2026-02-14 15:47:30.024 [info] > git config --get commit.template [14ms]
2026-02-14 15:47:30.026 [info] > git for-each-ref --format=%(refname)%00%(upstream:short)%00%(objectname)%00%(upstream:track)%00%(upstream:remotename)%00%(upstream:remoteref) refs/heads/main refs/remotes/main [3ms]
2026-02-14 15:47:30.063 [info] > git for-each-ref --sort -committerdate --format %(refname) %(objectname) %(*objectname) [5ms]
2026-02-14 15:47:32.726 [info] > git status -z -uall [2688ms]
2026-02-14 15:47:38.012 [info] > git config --get commit.template [15ms]
2026-02-14 15:47:38.015 [info] > git for-each-ref --format=%(refname)%00%(upstream:short)%00%(objectname)%00%(upstream:track)%00%(upstream:remotename)%00%(upstream:remoteref) refs/heads/main refs/remotes/main [3ms]
2026-02-14 15:47:38.051 [info] > git for-each-ref --sort -committerdate --format %(refname) %(objectname) %(*objectname) [2ms]
2026-02-14 15:47:38.461 [info] > git status -z -uall [431ms]
2026-02-14 15:47:43.501 [info] > git config --get commit.template [11ms]
2026-02-14 15:47:43.503 [info] > git for-each-ref --format=%(refname)%00%(upstream:short)%00%(objectname)%00%(upstream:track)%00%(upstream:remotename)%00%(upstream:remoteref) refs/heads/main refs/remotes/main [3ms]
2026-02-14 15:47:43.529 [info] > git for-each-ref --sort -committerdate --format %(refname) %(objectname) %(*objectname) [4ms]
2026-02-14 15:47:43.860 [info] > git status -z -uall [347ms]
2026-02-14 15:47:48.951 [info] > git config --get commit.template [17ms]
2026-02-14 15:47:48.954 [info] > git for-each-ref --format=%(refname)%00%(upstream:short)%00%(objectname)%00%(upstream:track)%00%(upstream:remotename)%00%(upstream:remoteref) refs/heads/main refs/remotes/main [4ms]
2026-02-14 15:47:48.988 [info] > git for-each-ref --sort -committerdate --format %(refname) %(objectname) %(*objectname) [5ms]
2026-02-14 15:47:49.530 [info] > git status -z -uall [561ms]
2026-02-14 15:47:58.789 [info] > git config --get commit.template [6ms]
2026-02-14 15:47:58.806 [info] > git for-each-ref --format=%(refname)%00%(upstream:short)%00%(objectname)%00%(upstream:track)%00%(upstream:remotename)%00%(upstream:remoteref) refs/heads/main refs/remotes/main [4ms]
2026-02-14 15:47:58.836 [info] > git for-each-ref --sort -committerdate --format %(refname) %(objectname) %(*objectname) [1ms]
2026-02-14 15:47:59.246 [info] > git status -z -uall [428ms]
2026-02-14 15:48:04.276 [info] > git config --get commit.template [3ms]
2026-02-14 15:48:04.295 [info] > git for-each-ref --format=%(refname)%00%(upstream:short)%00%(objectname)%00%(upstream:track)%00%(upstream:remotename)%00%(upstream:remoteref) refs/heads/main refs/remotes/main [5ms]
2026-02-14 15:48:04.325 [info] > git for-each-ref --sort -committerdate --format %(refname) %(objectname) %(*objectname) [2ms]
2026-02-14 15:48:04.640 [info] > git status -z -uall [335ms]
2026-02-14 15:48:09.682 [info] > git config --get commit.template [12ms]
2026-02-14 15:48:09.685 [info] > git for-each-ref --format=%(refname)%00%(upstream:short)%00%(objectname)%00%(upstream:track)%00%(upstream:remotename)%00%(upstream:remoteref) refs/heads/main refs/remotes/main [4ms]
2026-02-14 15:48:09.709 [info] > git for-each-ref --sort -committerdate --format %(refname) %(objectname) %(*objectname) [2ms]
2026-02-14 15:48:10.030 [info] > git status -z -uall [334ms]
2026-02-14 15:48:15.084 [info] > git config --get commit.template [12ms]
2026-02-14 15:48:15.086 [info] > git for-each-ref --format=%(refname)%00%(upstream:short)%00%(objectname)%00%(upstream:track)%00%(upstream:remotename)%00%(upstream:remoteref) refs/heads/main refs/remotes/main [3ms]
2026-02-14 15:48:15.114 [info] > git for-each-ref --sort -committerdate --format %(refname) %(objectname) %(*objectname) [3ms]
2026-02-14 15:48:15.456 [info] > git status -z -uall [360ms]
2026-02-14 15:48:24.481 [info] > git config --get commit.template [13ms]
2026-02-14 15:48:24.484 [info] > git for-each-ref --format=%(refname)%00%(upstream:short)%00%(objectname)%00%(upstream:track)%00%(upstream:remotename)%00%(upstream:remoteref) refs/heads/main refs/remotes/main [4ms]
2026-02-14 15:48:24.514 [info] > git for-each-ref --sort -committerdate --format %(refname) %(objectname) %(*objectname) [4ms]
2026-02-14 15:48:24.823 [info] > git status -z -uall [327ms]
2026-02-14 15:48:29.869 [info] > git config --get commit.template [13ms]
2026-02-14 15:48:29.871 [info] > git for-each-ref --format=%(refname)%00%(upstream:short)%00%(objectname)%00%(upstream:track)%00%(upstream:remotename)%00%(upstream:remoteref) refs/heads/main refs/remotes/main [3ms]
