2026-02-10 18:27:26.463 [info] Starting TS Server
2026-02-10 18:27:26.463 [info] Using tsserver from: /home/leo/.vscode-server/cli/servers/Stable-33fc5a94a3f99ebe7087e8fe79fbe1d37a251016/server/extensions/node_modules/typescript/lib/tsserver.js
2026-02-10 18:27:26.463 [info] <syntax> Forking...
2026-02-10 18:27:26.463 [info] <syntax> Starting...
2026-02-10 18:27:26.463 [info] <semantic> Forking...
2026-02-10 18:27:26.463 [info] <semantic> Starting...
2026-02-10 21:05:57.117 [info] Killing TS Server
2026-02-10 21:05:57.214 [error] TSServer exited. Code: null. Signal: SIGTERM
2026-02-10 21:05:57.215 [info] Starting TS Server
2026-02-10 21:05:57.215 [info] Using tsserver from: /home/leo/.vscode-server/cli/servers/Stable-33fc5a94a3f99ebe7087e8fe79fbe1d37a251016/server/extensions/node_modules/typescript/lib/tsserver.js
2026-02-10 21:05:57.215 [info] <syntax> Forking...
2026-02-10 21:05:57.215 [info] <syntax> Starting...
2026-02-10 21:05:57.215 [info] <semantic> Forking...
2026-02-10 21:05:57.215 [info] <semantic> Starting...
2026-02-10 23:00:00.693 [info] Killing TS Server
2026-02-10 23:00:00.874 [error] TSServer exited. Code: null. Signal: SIGTERM
2026-02-10 23:00:00.874 [info] Starting TS Server
2026-02-10 23:00:00.874 [info] Using tsserver from: /home/leo/.vscode-server/cli/servers/Stable-33fc5a94a3f99ebe7087e8fe79fbe1d37a251016/server/extensions/node_modules/typescript/lib/tsserver.js
2026-02-10 23:00:00.874 [info] <syntax> Forking...
2026-02-10 23:00:00.874 [info] <syntax> Starting...
2026-02-10 23:00:00.875 [info] <semantic> Forking...
2026-02-10 23:00:00.875 [info] <semantic> Starting...
2026-02-11 01:37:34.029 [error] TSServer exited. Code: null. Signal: SIGTERM
2026-02-11 01:37:34.031 [info] Starting TS Server
2026-02-11 01:37:34.031 [info] Not starting server: disposed
