2026-02-05 15:27:28.034 [info] [main] Nivel de registro: Info
2026-02-05 15:27:28.035 [info] [main] Validando git encontrado en: "git"
2026-02-05 15:27:28.035 [info] [main] Usando git "2.43.0" de "git"
2026-02-05 15:27:28.035 [info] [Model][doInitialScan] Initial repository scan started
2026-02-05 15:27:28.035 [info] > git rev-parse --show-toplevel [181ms]
2026-02-05 15:27:28.035 [info] fatal: not a git repository (or any of the parent directories): .git
2026-02-05 15:27:28.035 [info] > git rev-parse --show-toplevel [95ms]
2026-02-05 15:27:28.035 [info] fatal: not a git repository (or any of the parent directories): .git
2026-02-05 15:27:28.436 [info] > git rev-parse --show-toplevel [31ms]
2026-02-05 15:27:28.436 [info] fatal: not a git repository (or any of the parent directories): .git
2026-02-05 15:27:28.508 [info] > git rev-parse --show-toplevel [46ms]
2026-02-05 15:27:28.515 [info] fatal: not a git repository (or any of the parent directories): .git
2026-02-05 15:27:28.577 [info] > git rev-parse --show-toplevel [7ms]
2026-02-05 15:27:28.577 [info] fatal: not a git repository (or any of the parent directories): .git
2026-02-05 15:27:28.916 [info] > git rev-parse --show-toplevel [320ms]
2026-02-05 15:27:28.916 [info] fatal: not a git repository (or any of the parent directories): .git
2026-02-05 15:27:28.952 [info] > git rev-parse --show-toplevel [6ms]
2026-02-05 15:27:28.954 [info] fatal: not a git repository (or any of the parent directories): .git
2026-02-05 15:27:29.004 [info] > git rev-parse --show-toplevel [32ms]
2026-02-05 15:27:29.004 [info] fatal: not a git repository (or any of the parent directories): .git
2026-02-05 15:27:29.033 [info] > git rev-parse --show-toplevel [14ms]
2026-02-05 15:27:29.033 [info] fatal: not a git repository (or any of the parent directories): .git
2026-02-05 15:27:29.052 [info] > git rev-parse --show-toplevel [6ms]
2026-02-05 15:27:29.052 [info] fatal: not a git repository (or any of the parent directories): .git
2026-02-05 15:27:29.317 [info] > git rev-parse --show-toplevel [247ms]
2026-02-05 15:27:29.317 [info] fatal: not a git repository (or any of the parent directories): .git
2026-02-05 15:27:29.320 [info] [Model][doInitialScan] Initial repository scan completed - repositories (0), closed repositories (0), parent repositories (0), unsafe repositories (0)
2026-02-05 16:08:57.248 [info] > git rev-parse --show-toplevel [11ms]
2026-02-05 16:08:57.249 [info] fatal: not a git repository (or any of the parent directories): .git
2026-02-05 16:09:07.773 [info] > git rev-parse --show-toplevel [13ms]
2026-02-05 16:09:07.780 [info] fatal: not a git repository (or any of the parent directories): .git
2026-02-05 16:10:59.791 [info] > git rev-parse --show-toplevel [7ms]
2026-02-05 16:10:59.791 [info] fatal: not a git repository (or any of the parent directories): .git
2026-02-05 16:11:02.127 [info] > git rev-parse --show-toplevel [6ms]
2026-02-05 16:11:02.127 [info] fatal: not a git repository (or any of the parent directories): .git
2026-02-05 16:11:30.137 [info] > git rev-parse --show-toplevel [6ms]
2026-02-05 16:11:30.137 [info] fatal: not a git repository (or any of the parent directories): .git
2026-02-05 16:11:40.527 [info] > git rev-parse --show-toplevel [5ms]
2026-02-05 16:11:40.527 [info] fatal: not a git repository (or any of the parent directories): .git
2026-02-05 16:11:45.358 [info] > git rev-parse --show-toplevel [4ms]
2026-02-05 16:11:45.359 [info] fatal: not a git repository (or any of the parent directories): .git
2026-02-05 16:32:02.660 [info] > git rev-parse --show-toplevel [11ms]
2026-02-05 16:32:02.660 [info] fatal: not a git repository (or any of the parent directories): .git
2026-02-05 16:33:02.244 [info] > git rev-parse --show-toplevel [5ms]
2026-02-05 16:33:02.244 [info] fatal: not a git repository (or any of the parent directories): .git
2026-02-05 16:36:01.105 [info] > git rev-parse --show-toplevel [5ms]
2026-02-05 16:36:01.105 [info] fatal: not a git repository (or any of the parent directories): .git
2026-02-05 16:36:06.617 [info] > git rev-parse --show-toplevel [5ms]
2026-02-05 16:36:06.617 [info] fatal: not a git repository (or any of the parent directories): .git
2026-02-05 16:42:31.486 [info] > git rev-parse --show-toplevel [4ms]
2026-02-05 16:42:31.486 [info] fatal: not a git repository (or any of the parent directories): .git
2026-02-05 17:00:52.087 [info] > git rev-parse --show-toplevel [21ms]
2026-02-05 17:00:52.088 [info] fatal: not a git repository (or any of the parent directories): .git
2026-02-05 17:16:50.416 [info] > git rev-parse --show-toplevel [3ms]
2026-02-05 17:16:50.417 [info] fatal: not a git repository (or any of the parent directories): .git
2026-02-05 17:27:37.395 [info] > git rev-parse --show-toplevel [3ms]
2026-02-05 17:27:37.395 [info] fatal: not a git repository (or any of the parent directories): .git
2026-02-05 17:33:14.337 [info] > git rev-parse --show-toplevel [4ms]
2026-02-05 17:33:14.337 [info] fatal: not a git repository (or any of the parent directories): .git
2026-02-05 17:33:18.811 [info] > git rev-parse --show-toplevel [3ms]
2026-02-05 17:33:18.811 [info] fatal: not a git repository (or any of the parent directories): .git
2026-02-05 17:40:23.913 [info] > git rev-parse --show-toplevel [4ms]
2026-02-05 17:40:23.913 [info] fatal: not a git repository (or any of the parent directories): .git
2026-02-05 17:47:19.967 [info] > git rev-parse --show-toplevel [4ms]
2026-02-05 17:47:19.967 [info] fatal: not a git repository (or any of the parent directories): .git
2026-02-05 17:47:25.797 [info] > git rev-parse --show-toplevel [3ms]
2026-02-05 17:47:25.797 [info] fatal: not a git repository (or any of the parent directories): .git
2026-02-05 17:56:24.156 [info] > git rev-parse --show-toplevel [4ms]
2026-02-05 17:56:24.156 [info] fatal: not a git repository (or any of the parent directories): .git
2026-02-05 17:57:14.853 [info] > git rev-parse --show-toplevel [8ms]
2026-02-05 17:57:14.853 [info] fatal: not a git repository (or any of the parent directories): .git
2026-02-05 17:58:25.109 [info] > git rev-parse --show-toplevel [11ms]
2026-02-05 17:58:25.109 [info] fatal: not a git repository (or any of the parent directories): .git
2026-02-05 18:29:16.373 [info] > git rev-parse --show-toplevel [6ms]
2026-02-05 18:29:16.373 [info] fatal: not a git repository (or any of the parent directories): .git
2026-02-05 18:30:01.171 [info] > git rev-parse --show-toplevel [10ms]
2026-02-05 18:30:01.171 [info] fatal: not a git repository (or any of the parent directories): .git
2026-02-05 18:31:52.020 [info] > git rev-parse --show-toplevel [9ms]
2026-02-05 18:31:52.020 [info] fatal: not a git repository (or any of the parent directories): .git
2026-02-05 18:32:00.380 [info] > git rev-parse --show-toplevel [3ms]
2026-02-05 18:32:00.380 [info] fatal: not a git repository (or any of the parent directories): .git
2026-02-05 18:32:01.497 [info] > git rev-parse --show-toplevel [3ms]
2026-02-05 18:32:01.497 [info] fatal: not a git repository (or any of the parent directories): .git
2026-02-05 18:32:01.517 [info] > git rev-parse --show-toplevel [3ms]
2026-02-05 18:32:01.517 [info] fatal: not a git repository (or any of the parent directories): .git
2026-02-05 19:16:25.569 [info] > git rev-parse --show-toplevel [4ms]
2026-02-05 19:16:25.569 [info] fatal: not a git repository (or any of the parent directories): .git
2026-02-05 19:16:26.115 [info] > git rev-parse --show-toplevel [4ms]
2026-02-05 19:16:26.115 [info] fatal: not a git repository (or any of the parent directories): .git
2026-02-05 19:16:26.507 [info] > git rev-parse --show-toplevel [2ms]
2026-02-05 19:16:26.507 [info] fatal: not a git repository (or any of the parent directories): .git
2026-02-05 19:16:27.853 [info] > git rev-parse --show-toplevel [4ms]
2026-02-05 19:16:27.853 [info] fatal: not a git repository (or any of the parent directories): .git
2026-02-05 19:16:27.868 [info] > git rev-parse --show-toplevel [2ms]
2026-02-05 19:16:27.868 [info] fatal: not a git repository (or any of the parent directories): .git
2026-02-05 19:16:27.887 [info] > git rev-parse --show-toplevel [3ms]
2026-02-05 19:16:27.887 [info] fatal: not a git repository (or any of the parent directories): .git
2026-02-05 19:20:08.018 [info] > git rev-parse --show-toplevel [4ms]
2026-02-05 19:20:08.018 [info] fatal: not a git repository (or any of the parent directories): .git
2026-02-05 19:20:56.236 [info] > git rev-parse --show-toplevel [4ms]
2026-02-05 19:20:56.236 [info] fatal: not a git repository (or any of the parent directories): .git
2026-02-05 19:20:57.463 [info] > git rev-parse --show-toplevel [6ms]
2026-02-05 19:20:57.463 [info] fatal: not a git repository (or any of the parent directories): .git
2026-02-05 19:21:25.755 [info] > git rev-parse --show-toplevel [6ms]
2026-02-05 19:21:25.756 [info] fatal: not a git repository (or any of the parent directories): .git
2026-02-05 19:45:40.819 [info] > git rev-parse --show-toplevel [4ms]
2026-02-05 19:45:40.819 [info] fatal: not a git repository (or any of the parent directories): .git
2026-02-05 19:46:42.140 [info] > git rev-parse --show-toplevel [5ms]
2026-02-05 19:46:42.140 [info] fatal: not a git repository (or any of the parent directories): .git
2026-02-05 19:48:50.595 [info] > git rev-parse --show-toplevel [5ms]
2026-02-05 19:48:50.595 [info] fatal: not a git repository (or any of the parent directories): .git
2026-02-05 19:49:27.279 [info] > git rev-parse --show-toplevel [5ms]
2026-02-05 19:49:27.279 [info] fatal: not a git repository (or any of the parent directories): .git
2026-02-05 19:49:34.607 [info] > git rev-parse --show-toplevel [5ms]
2026-02-05 19:49:34.607 [info] fatal: not a git repository (or any of the parent directories): .git
2026-02-05 19:49:35.469 [info] > git rev-parse --show-toplevel [9ms]
2026-02-05 19:49:35.469 [info] fatal: not a git repository (or any of the parent directories): .git
2026-02-05 19:49:39.145 [info] > git rev-parse --show-toplevel [8ms]
2026-02-05 19:49:39.145 [info] fatal: not a git repository (or any of the parent directories): .git
2026-02-05 19:49:42.385 [info] > git rev-parse --show-toplevel [9ms]
2026-02-05 19:49:42.385 [info] fatal: not a git repository (or any of the parent directories): .git
2026-02-05 19:49:44.208 [info] > git rev-parse --show-toplevel [5ms]
2026-02-05 19:49:44.208 [info] fatal: not a git repository (or any of the parent directories): .git
2026-02-05 20:05:04.343 [info] > git rev-parse --show-toplevel [4ms]
2026-02-05 20:05:04.343 [info] fatal: not a git repository (or any of the parent directories): .git
2026-02-05 20:05:15.263 [info] > git rev-parse --show-toplevel [39ms]
2026-02-05 20:05:15.263 [info] fatal: not a git repository (or any of the parent directories): .git
2026-02-05 20:05:16.378 [info] > git rev-parse --show-toplevel [3ms]
2026-02-05 20:05:16.378 [info] fatal: not a git repository (or any of the parent directories): .git
2026-02-05 20:05:39.651 [info] > git rev-parse --show-toplevel [6ms]
2026-02-05 20:05:39.651 [info] fatal: not a git repository (or any of the parent directories): .git
2026-02-05 20:18:50.494 [info] > git rev-parse --show-toplevel [6ms]
2026-02-05 20:18:50.494 [info] fatal: not a git repository (or any of the parent directories): .git
2026-02-05 20:33:22.608 [info] > git rev-parse --show-toplevel [12ms]
2026-02-05 20:33:22.608 [info] fatal: not a git repository (or any of the parent directories): .git
2026-02-05 20:36:40.135 [info] > git rev-parse --show-toplevel [5ms]
2026-02-05 20:36:40.135 [info] fatal: not a git repository (or any of the parent directories): .git
2026-02-05 20:36:40.919 [info] > git rev-parse --show-toplevel [7ms]
2026-02-05 20:36:40.919 [info] fatal: not a git repository (or any of the parent directories): .git
2026-02-05 20:37:21.425 [info] > git rev-parse --show-toplevel [7ms]
2026-02-05 20:37:21.425 [info] fatal: not a git repository (or any of the parent directories): .git
2026-02-05 20:40:26.344 [info] > git rev-parse --show-toplevel [4ms]
2026-02-05 20:40:26.344 [info] fatal: not a git repository (or any of the parent directories): .git
2026-02-05 20:47:14.097 [info] > git rev-parse --show-toplevel [11ms]
2026-02-05 20:47:14.097 [info] fatal: not a git repository (or any of the parent directories): .git
2026-02-05 20:59:55.908 [info] > git rev-parse --show-toplevel [13ms]
2026-02-05 20:59:55.908 [info] fatal: not a git repository (or any of the parent directories): .git
2026-02-05 21:32:08.153 [info] > git rev-parse --show-toplevel [20ms]
2026-02-05 21:32:08.153 [info] fatal: not a git repository (or any of the parent directories): .git
2026-02-05 21:33:26.621 [info] > git rev-parse --show-toplevel [15ms]
2026-02-05 21:33:26.621 [info] fatal: not a git repository (or any of the parent directories): .git
2026-02-05 21:34:07.093 [info] > git rev-parse --show-toplevel [4ms]
2026-02-05 21:34:07.094 [info] fatal: not a git repository (or any of the parent directories): .git
2026-02-05 21:34:07.959 [info] > git rev-parse --show-toplevel [3ms]
2026-02-05 21:34:07.959 [info] fatal: not a git repository (or any of the parent directories): .git
2026-02-05 21:34:09.390 [info] > git rev-parse --show-toplevel [13ms]
2026-02-05 21:34:09.390 [info] fatal: not a git repository (or any of the parent directories): .git
2026-02-05 21:36:05.794 [info] > git rev-parse --show-toplevel [6ms]
2026-02-05 21:36:05.794 [info] fatal: not a git repository (or any of the parent directories): .git
2026-02-05 21:36:40.731 [info] > git rev-parse --show-toplevel [7ms]
2026-02-05 21:36:40.731 [info] fatal: not a git repository (or any of the parent directories): .git
2026-02-05 21:46:15.753 [info] > git rev-parse --show-toplevel [12ms]
2026-02-05 21:46:15.753 [info] fatal: not a git repository (or any of the parent directories): .git
2026-02-05 21:47:39.029 [info] > git rev-parse --show-toplevel [9ms]
2026-02-05 21:47:39.029 [info] fatal: not a git repository (or any of the parent directories): .git
2026-02-05 21:53:11.737 [info] > git rev-parse --show-toplevel [4ms]
2026-02-05 21:53:11.737 [info] fatal: not a git repository (or any of the parent directories): .git
2026-02-05 21:53:16.484 [info] > git rev-parse --show-toplevel [8ms]
2026-02-05 21:53:16.484 [info] fatal: not a git repository (or any of the parent directories): .git
2026-02-05 21:56:01.193 [info] > git rev-parse --show-toplevel [9ms]
2026-02-05 21:56:01.193 [info] fatal: not a git repository (or any of the parent directories): .git
2026-02-05 21:56:01.916 [info] > git rev-parse --show-toplevel [7ms]
2026-02-05 21:56:01.916 [info] fatal: not a git repository (or any of the parent directories): .git
2026-02-05 21:58:25.207 [info] > git rev-parse --show-toplevel [11ms]
2026-02-05 21:58:25.207 [info] fatal: not a git repository (or any of the parent directories): .git
2026-02-05 22:01:21.730 [info] > git rev-parse --show-toplevel [4ms]
2026-02-05 22:01:21.730 [info] fatal: not a git repository (or any of the parent directories): .git
2026-02-05 22:02:50.366 [info] > git rev-parse --show-toplevel [12ms]
2026-02-05 22:02:50.366 [info] fatal: not a git repository (or any of the parent directories): .git
2026-02-05 22:04:16.479 [info] > git rev-parse --show-toplevel [6ms]
2026-02-05 22:04:16.479 [info] fatal: not a git repository (or any of the parent directories): .git
2026-02-05 22:05:28.430 [info] > git rev-parse --show-toplevel [8ms]
2026-02-05 22:05:28.430 [info] fatal: not a git repository (or any of the parent directories): .git
2026-02-05 22:06:27.233 [info] > git rev-parse --show-toplevel [10ms]
2026-02-05 22:06:27.233 [info] fatal: not a git repository (or any of the parent directories): .git
2026-02-05 22:08:47.475 [info] > git rev-parse --show-toplevel [7ms]
2026-02-05 22:08:47.476 [info] fatal: not a git repository (or any of the parent directories): .git
2026-02-05 22:09:42.324 [info] > git rev-parse --show-toplevel [3ms]
2026-02-05 22:09:42.324 [info] fatal: not a git repository (or any of the parent directories): .git
2026-02-05 22:09:42.820 [info] > git rev-parse --show-toplevel [4ms]
2026-02-05 22:09:42.820 [info] fatal: not a git repository (or any of the parent directories): .git
2026-02-05 22:09:42.921 [info] > git rev-parse --show-toplevel [3ms]
2026-02-05 22:09:42.921 [info] fatal: not a git repository (or any of the parent directories): .git
2026-02-05 22:09:43.148 [info] > git rev-parse --show-toplevel [3ms]
2026-02-05 22:09:43.148 [info] fatal: not a git repository (or any of the parent directories): .git
2026-02-05 22:09:43.166 [info] > git rev-parse --show-toplevel [2ms]
2026-02-05 22:09:43.166 [info] fatal: not a git repository (or any of the parent directories): .git
2026-02-05 22:09:43.183 [info] > git rev-parse --show-toplevel [3ms]
2026-02-05 22:09:43.183 [info] fatal: not a git repository (or any of the parent directories): .git
2026-02-05 22:11:25.646 [info] > git rev-parse --show-toplevel [50ms]
2026-02-05 22:11:25.647 [info] fatal: not a git repository (or any of the parent directories): .git
2026-02-05 22:11:26.209 [info] > git rev-parse --show-toplevel [2ms]
2026-02-05 22:11:26.209 [info] fatal: not a git repository (or any of the parent directories): .git
2026-02-05 22:11:26.681 [info] > git rev-parse --show-toplevel [2ms]
2026-02-05 22:11:26.681 [info] fatal: not a git repository (or any of the parent directories): .git
2026-02-05 22:11:26.698 [info] > git rev-parse --show-toplevel [3ms]
2026-02-05 22:11:26.698 [info] fatal: not a git repository (or any of the parent directories): .git
2026-02-05 22:11:42.763 [info] > git rev-parse --show-toplevel [2ms]
2026-02-05 22:11:42.764 [info] fatal: not a git repository (or any of the parent directories): .git
2026-02-05 22:11:43.226 [info] > git rev-parse --show-toplevel [4ms]
2026-02-05 22:11:43.226 [info] fatal: not a git repository (or any of the parent directories): .git
2026-02-05 22:11:43.441 [info] > git rev-parse --show-toplevel [3ms]
2026-02-05 22:11:43.441 [info] fatal: not a git repository (or any of the parent directories): .git
2026-02-05 22:11:43.463 [info] > git rev-parse --show-toplevel [2ms]
2026-02-05 22:11:43.463 [info] fatal: not a git repository (or any of the parent directories): .git
2026-02-05 22:14:43.506 [info] > git rev-parse --show-toplevel [4ms]
2026-02-05 22:14:43.506 [info] fatal: not a git repository (or any of the parent directories): .git
2026-02-05 22:14:52.504 [info] > git rev-parse --show-toplevel [11ms]
2026-02-05 22:14:52.504 [info] fatal: not a git repository (or any of the parent directories): .git
2026-02-05 22:14:54.511 [info] > git rev-parse --show-toplevel [2ms]
2026-02-05 22:14:54.511 [info] fatal: not a git repository (or any of the parent directories): .git
2026-02-05 22:14:54.531 [info] > git rev-parse --show-toplevel [3ms]
2026-02-05 22:14:54.531 [info] fatal: not a git repository (or any of the parent directories): .git
2026-02-05 22:14:54.551 [info] > git rev-parse --show-toplevel [3ms]
2026-02-05 22:14:54.551 [info] fatal: not a git repository (or any of the parent directories): .git
2026-02-05 22:14:54.573 [info] > git rev-parse --show-toplevel [2ms]
2026-02-05 22:14:54.573 [info] fatal: not a git repository (or any of the parent directories): .git
2026-02-05 22:14:58.031 [info] > git rev-parse --show-toplevel [20ms]
2026-02-05 22:14:58.031 [info] fatal: not a git repository (or any of the parent directories): .git
2026-02-05 22:14:58.052 [info] > git rev-parse --show-toplevel [3ms]
2026-02-05 22:14:58.052 [info] fatal: not a git repository (or any of the parent directories): .git
2026-02-05 22:14:58.550 [info] > git rev-parse --show-toplevel [4ms]
2026-02-05 22:14:58.551 [info] fatal: not a git repository (or any of the parent directories): .git
2026-02-05 22:14:59.519 [info] > git rev-parse --show-toplevel [2ms]
2026-02-05 22:14:59.519 [info] fatal: not a git repository (or any of the parent directories): .git
2026-02-05 22:14:59.539 [info] > git rev-parse --show-toplevel [1ms]
2026-02-05 22:14:59.539 [info] fatal: not a git repository (or any of the parent directories): .git
2026-02-05 22:14:59.939 [info] > git rev-parse --show-toplevel [4ms]
2026-02-05 22:14:59.939 [info] fatal: not a git repository (or any of the parent directories): .git
2026-02-05 22:15:01.114 [info] > git rev-parse --show-toplevel [3ms]
2026-02-05 22:15:01.114 [info] fatal: not a git repository (or any of the parent directories): .git
2026-02-05 22:15:43.827 [info] > git rev-parse --show-toplevel [6ms]
2026-02-05 22:15:43.827 [info] fatal: not a git repository (or any of the parent directories): .git
