2026-02-09 22:04:53.788 [info] [main] Nivel de registro: Info
2026-02-09 22:04:53.788 [info] [main] Validando git encontrado en: "git"
2026-02-09 22:04:53.788 [info] [main] Usando git "2.43.0" de "git"
2026-02-09 22:04:53.788 [info] [Model][doInitialScan] Initial repository scan started
2026-02-09 22:04:53.788 [info] > git rev-parse --show-toplevel [325ms]
2026-02-09 22:04:53.788 [info] fatal: not a git repository (or any of the parent directories): .git
2026-02-09 22:04:53.788 [info] > git rev-parse --show-toplevel [188ms]
2026-02-09 22:04:53.788 [info] fatal: not a git repository (or any of the parent directories): .git
2026-02-09 22:04:53.788 [info] > git rev-parse --show-toplevel [85ms]
2026-02-09 22:04:53.788 [info] fatal: not a git repository (or any of the parent directories): .git
2026-02-09 22:04:53.857 [info] > git rev-parse --show-toplevel [24ms]
2026-02-09 22:04:53.857 [info] fatal: not a git repository (or any of the parent directories): .git
2026-02-09 22:04:53.920 [info] > git rev-parse --show-toplevel [35ms]
2026-02-09 22:04:53.920 [info] fatal: not a git repository (or any of the parent directories): .git
2026-02-09 22:04:54.028 [info] > git rev-parse --show-toplevel [93ms]
2026-02-09 22:04:54.028 [info] fatal: not a git repository (or any of the parent directories): .git
2026-02-09 22:04:54.663 [info] > git rev-parse --show-toplevel [553ms]
2026-02-09 22:04:54.663 [info] fatal: not a git repository (or any of the parent directories): .git
2026-02-09 22:04:54.844 [info] > git rev-parse --show-toplevel [127ms]
2026-02-09 22:04:54.844 [info] fatal: not a git repository (or any of the parent directories): .git
2026-02-09 22:04:54.940 [info] > git rev-parse --show-toplevel [69ms]
2026-02-09 22:04:54.940 [info] fatal: not a git repository (or any of the parent directories): .git
2026-02-09 22:04:54.972 [info] > git rev-parse --show-toplevel [18ms]
2026-02-09 22:04:54.972 [info] fatal: not a git repository (or any of the parent directories): .git
2026-02-09 22:04:55.003 [info] > git rev-parse --show-toplevel [5ms]
2026-02-09 22:04:55.003 [info] fatal: not a git repository (or any of the parent directories): .git
2026-02-09 22:04:55.027 [info] > git rev-parse --show-toplevel [4ms]
2026-02-09 22:04:55.027 [info] fatal: not a git repository (or any of the parent directories): .git
2026-02-09 22:04:55.064 [info] > git rev-parse --show-toplevel [12ms]
2026-02-09 22:04:55.064 [info] fatal: not a git repository (or any of the parent directories): .git
2026-02-09 22:04:55.069 [info] [Model][doInitialScan] Initial repository scan completed - repositories (0), closed repositories (0), parent repositories (0), unsafe repositories (0)
2026-02-09 22:05:03.141 [info] > git rev-parse --show-toplevel [3ms]
2026-02-09 22:05:03.141 [info] fatal: not a git repository (or any of the parent directories): .git
2026-02-09 22:05:37.072 [info] > git rev-parse --show-toplevel [1ms]
2026-02-09 22:05:37.072 [info] fatal: not a git repository (or any of the parent directories): .git
2026-02-09 22:05:42.359 [info] > git rev-parse --show-toplevel [12ms]
2026-02-09 22:05:42.365 [info] fatal: not a git repository (or any of the parent directories): .git
2026-02-09 22:05:43.349 [info] > git rev-parse --show-toplevel [2ms]
2026-02-09 22:05:43.351 [info] fatal: not a git repository (or any of the parent directories): .git
2026-02-09 22:05:44.301 [info] > git rev-parse --show-toplevel [10ms]
2026-02-09 22:05:44.301 [info] fatal: not a git repository (or any of the parent directories): .git
2026-02-09 22:05:45.494 [info] > git rev-parse --show-toplevel [4ms]
2026-02-09 22:05:45.495 [info] fatal: not a git repository (or any of the parent directories): .git
2026-02-09 22:05:47.266 [info] > git rev-parse --show-toplevel [65ms]
2026-02-09 22:05:47.266 [info] fatal: not a git repository (or any of the parent directories): .git
2026-02-09 22:08:25.411 [info] > git rev-parse --show-toplevel [3ms]
2026-02-09 22:08:25.411 [info] fatal: not a git repository (or any of the parent directories): .git
2026-02-09 22:10:45.729 [info] > git rev-parse --show-toplevel [9ms]
2026-02-09 22:10:45.729 [info] fatal: not a git repository (or any of the parent directories): .git
