2026-02-10 04:37:17.391 [info] [main] Nivel de registro: Info
2026-02-10 04:37:17.391 [info] [main] Validando git encontrado en: "git"
2026-02-10 04:37:17.391 [info] [main] Usando git "2.43.0" de "git"
2026-02-10 04:37:17.391 [info] [Model][doInitialScan] Initial repository scan started
2026-02-10 04:37:17.391 [info] > git rev-parse --show-toplevel [137ms]
2026-02-10 04:37:17.391 [info] fatal: not a git repository (or any of the parent directories): .git
2026-02-10 04:37:17.393 [info] > git rev-parse --show-toplevel [425ms]
2026-02-10 04:37:17.393 [info] fatal: not a git repository (or any of the parent directories): .git
2026-02-10 04:37:18.248 [info] > git rev-parse --show-toplevel [68ms]
2026-02-10 04:37:18.248 [info] fatal: not a git repository (or any of the parent directories): .git
2026-02-10 04:37:18.290 [info] > git rev-parse --show-toplevel [22ms]
2026-02-10 04:37:18.290 [info] fatal: not a git repository (or any of the parent directories): .git
2026-02-10 04:37:18.310 [info] > git rev-parse --show-toplevel [4ms]
2026-02-10 04:37:18.310 [info] fatal: not a git repository (or any of the parent directories): .git
2026-02-10 04:37:18.347 [info] > git rev-parse --show-toplevel [24ms]
2026-02-10 04:37:18.347 [info] fatal: not a git repository (or any of the parent directories): .git
2026-02-10 04:37:18.394 [info] > git rev-parse --show-toplevel [3ms]
2026-02-10 04:37:18.395 [info] fatal: not a git repository (or any of the parent directories): .git
2026-02-10 04:37:18.422 [info] > git rev-parse --show-toplevel [7ms]
2026-02-10 04:37:18.422 [info] fatal: not a git repository (or any of the parent directories): .git
2026-02-10 04:37:18.441 [info] > git rev-parse --show-toplevel [4ms]
2026-02-10 04:37:18.442 [info] fatal: not a git repository (or any of the parent directories): .git
2026-02-10 04:37:18.468 [info] > git rev-parse --show-toplevel [7ms]
2026-02-10 04:37:18.468 [info] fatal: not a git repository (or any of the parent directories): .git
2026-02-10 04:37:18.483 [info] > git rev-parse --show-toplevel [2ms]
2026-02-10 04:37:18.483 [info] fatal: not a git repository (or any of the parent directories): .git
2026-02-10 04:37:18.500 [info] > git rev-parse --show-toplevel [2ms]
2026-02-10 04:37:18.500 [info] fatal: not a git repository (or any of the parent directories): .git
2026-02-10 04:37:18.530 [info] > git rev-parse --show-toplevel [14ms]
2026-02-10 04:37:18.530 [info] fatal: not a git repository (or any of the parent directories): .git
2026-02-10 04:37:18.559 [info] > git rev-parse --show-toplevel [16ms]
2026-02-10 04:37:18.559 [info] fatal: not a git repository (or any of the parent directories): .git
2026-02-10 04:37:18.563 [info] [Model][doInitialScan] Initial repository scan completed - repositories (0), closed repositories (0), parent repositories (0), unsafe repositories (0)
