Locating server…
Booting server...
Setting up server…
Listening for messages…
Searching for Tailwind CSS projects in the workspace's folders.
hoist-at-import: The file '/home/leo/snap/postman/360/.local/share/themes/Ambiance/gtk-3.0/gtk-main.css' contains @import rules after other at rules. This is invalid CSS and may cause problems with your build.
hoist-at-import: The file '/home/leo/snap/postman/360/.local/share/themes/Ambiance/gtk-3.20/gtk-main.css' contains @import rules after other at rules. This is invalid CSS and may cause problems with your build.
hoist-at-import: The file '/home/leo/snap/postman/360/.local/share/themes/Radiance/gtk-3.0/gtk-main.css' contains @import rules after other at rules. This is invalid CSS and may cause problems with your build.
hoist-at-import: The file '/home/leo/snap/postman/360/.local/share/themes/Radiance/gtk-3.20/gtk-main.css' contains @import rules after other at rules. This is invalid CSS and may cause problems with your build.
hoist-at-import: The file '/home/leo/snap/postman/360/.themes/Ambiance/gtk-3.0/gtk-main.css' contains @import rules after other at rules. This is invalid CSS and may cause problems with your build.
hoist-at-import: The file '/home/leo/snap/postman/360/.themes/Ambiance/gtk-3.20/gtk-main.css' contains @import rules after other at rules. This is invalid CSS and may cause problems with your build.
hoist-at-import: The file '/home/leo/snap/postman/360/.themes/Radiance/gtk-3.0/gtk-main.css' contains @import rules after other at rules. This is invalid CSS and may cause problems with your build.
hoist-at-import: The file '/home/leo/snap/postman/360/.themes/Radiance/gtk-3.20/gtk-main.css' contains @import rules after other at rules. This is invalid CSS and may cause problems with your build.
hoist-at-import: The file '/home/leo/snap/postman/current/.local/share/themes/Ambiance/gtk-3.0/gtk-main.css' contains @import rules after other at rules. This is invalid CSS and may cause problems with your build.
hoist-at-import: The file '/home/leo/snap/postman/current/.local/share/themes/Ambiance/gtk-3.20/gtk-main.css' contains @import rules after other at rules. This is invalid CSS and may cause problems with your build.
hoist-at-import: The file '/home/leo/snap/postman/current/.local/share/themes/Radiance/gtk-3.0/gtk-main.css' contains @import rules after other at rules. This is invalid CSS and may cause problems with your build.
hoist-at-import: The file '/home/leo/snap/postman/current/.local/share/themes/Radiance/gtk-3.20/gtk-main.css' contains @import rules after other at rules. This is invalid CSS and may cause problems with your build.
hoist-at-import: The file '/home/leo/snap/postman/current/.themes/Ambiance/gtk-3.0/gtk-main.css' contains @import rules after other at rules. This is invalid CSS and may cause problems with your build.
hoist-at-import: The file '/home/leo/snap/postman/current/.themes/Ambiance/gtk-3.20/gtk-main.css' contains @import rules after other at rules. This is invalid CSS and may cause problems with your build.
hoist-at-import: The file '/home/leo/snap/postman/current/.themes/Radiance/gtk-3.0/gtk-main.css' contains @import rules after other at rules. This is invalid CSS and may cause problems with your build.
hoist-at-import: The file '/home/leo/snap/postman/current/.themes/Radiance/gtk-3.20/gtk-main.css' contains @import rules after other at rules. This is invalid CSS and may cause problems with your build.
{"tailwind":{"version":"4.1.15","features":["css-at-theme","layer:base","content-list","source-inline","source-not"],"isDefaultVersion":true},"path":"/home/leo/.vscode-server/data/User/History/131947df/FRfR.css"}
[Warn  - 7:24:49 PM] The config /home/leo/.vscode-server/data/User/History/131947df/FRfR.css looks like it might be for a different Tailwind CSS version. Skipping.
{"tailwind":{"version":"4.1.15","features":["css-at-theme","layer:base","content-list","source-inline","source-not"],"isDefaultVersion":true},"path":"/home/leo/.vscode-server/data/User/History/131947df/GGc3.css"}
[Warn  - 7:24:49 PM] The config /home/leo/.vscode-server/data/User/History/131947df/GGc3.css looks like it might be for a different Tailwind CSS version. Skipping.
{"tailwind":{"version":"4.1.15","features":["css-at-theme","layer:base","content-list","source-inline","source-not"],"isDefaultVersion":true},"path":"/home/leo/snap/postman/360/.local/share/themes/Ambiance/gtk-3.0/gtk-main.css"}
{"tailwind":{"version":"4.1.15","features":["css-at-theme","layer:base","content-list","source-inline","source-not"],"isDefaultVersion":true},"path":"/home/leo/snap/postman/360/.local/share/themes/Ambiance/gtk-3.20/gtk-main.css"}
{"tailwind":{"version":"4.1.15","features":["css-at-theme","layer:base","content-list","source-inline","source-not"],"isDefaultVersion":true},"path":"/home/leo/snap/postman/360/.local/share/themes/Radiance/gtk-3.0/gtk-main.css"}
{"tailwind":{"version":"4.1.15","features":["css-at-theme","layer:base","content-list","source-inline","source-not"],"isDefaultVersion":true},"path":"/home/leo/snap/postman/360/.local/share/themes/Radiance/gtk-3.20/gtk-main.css"}
{"tailwind":{"version":"4.1.15","features":["css-at-theme","layer:base","content-list","source-inline","source-not"],"isDefaultVersion":true},"path":"/home/leo/snap/postman/360/.local/share/themes/Ambiance/gtk-3.0/apps/gnome-applications.css"}
{"tailwind":{"version":"4.1.15","features":["css-at-theme","layer:base","content-list","source-inline","source-not"],"isDefaultVersion":true},"path":"/home/leo/snap/postman/360/.local/share/themes/Ambiance/gtk-3.20/apps/gnome-applications.css"}
[Global] Creating projects: [{"folder":"/home/leo","config":"/home/leo/snap/postman/360/.local/share/themes/Ambiance/gtk-3.0/apps/gnome-applications.css","selectors":[{"pattern":"/home/leo/snap/postman/360/.local/share/themes/Ambiance/gtk-3.0/apps/gnome-applications.css","priority":0},{"pattern":"/home/leo/snap/postman/360/.local/share/themes/Ambiance/gtk-3.0/apps/**","priority":2},{"pattern":"/home/leo/**","priority":4}],"user":false,"tailwind":{"version":"4.1.15","features":["css-at-theme","layer:base","content-list","source-inline","source-not"],"isDefaultVersion":true}},{"folder":"/home/leo","config":"/home/leo/snap/postman/360/.local/share/themes/Ambiance/gtk-3.0/gtk-main.css","selectors":[{"pattern":"/home/leo/snap/postman/360/.local/share/themes/Ambiance/gtk-3.0/apps/nautilus.css","priority":0},{"pattern":"/home/leo/snap/postman/360/.local/share/themes/Ambiance/gtk-3.0/gtk-main.css","priority":0},{"pattern":"/home/leo/snap/postman/360/.local/share/themes/Ambiance/gtk-3.0/apps/**","priority":2},{"pattern":"/home/leo/snap/postman/360/.local/share/themes/Ambiance/gtk-3.0/**","priority":2},{"pattern":"/home/leo/**","priority":4}],"user":false,"tailwind":{"version":"4.1.15","features":["css-at-theme","layer:base","content-list","source-inline","source-not"],"isDefaultVersion":true}},{"folder":"/home/leo","config":"/home/leo/snap/postman/360/.local/share/themes/Ambiance/gtk-3.20/apps/gnome-applications.css","selectors":[{"pattern":"/home/leo/snap/postman/360/.local/share/themes/Ambiance/gtk-3.20/apps/gnome-applications.css","priority":0},{"pattern":"/home/leo/snap/postman/360/.local/share/themes/Ambiance/gtk-3.20/apps/**","priority":2},{"pattern":"/home/leo/**","priority":4}],"user":false,"tailwind":{"version":"4.1.15","features":["css-at-theme","layer:base","content-list","source-inline","source-not"],"isDefaultVersion":true}},{"folder":"/home/leo","config":"/home/leo/snap/postman/360/.local/share/themes/Ambiance/gtk-3.20/gtk-main.css","selectors":[{"pattern":"/home/leo/snap/postman/360/.local/share/themes/Ambiance/gtk-3.20/apps/nautilus.css","priority":0},{"pattern":"/home/leo/snap/postman/360/.local/share/themes/Ambiance/gtk-3.20/gtk-main.css","priority":0},{"pattern":"/home/leo/snap/postman/360/.local/share/themes/Ambiance/gtk-3.20/apps/**","priority":2},{"pattern":"/home/leo/snap/postman/360/.local/share/themes/Ambiance/gtk-3.20/**","priority":2},{"pattern":"/home/leo/**","priority":4}],"user":false,"tailwind":{"version":"4.1.15","features":["css-at-theme","layer:base","content-list","source-inline","source-not"],"isDefaultVersion":true}},{"folder":"/home/leo","config":"/home/leo/snap/postman/360/.local/share/themes/Radiance/gtk-3.0/gtk-main.css","selectors":[{"pattern":"/home/leo/snap/postman/360/.local/share/themes/Radiance/gtk-3.0/apps/nautilus.css","priority":0},{"pattern":"/home/leo/snap/postman/360/.local/share/themes/Radiance/gtk-3.0/gtk-main.css","priority":0},{"pattern":"/home/leo/snap/postman/360/.local/share/themes/Radiance/gtk-3.0/apps/**","priority":2},{"pattern":"/home/leo/snap/postman/360/.local/share/themes/Radiance/gtk-3.0/**","priority":2},{"pattern":"/home/leo/**","priority":4}],"user":false,"tailwind":{"version":"4.1.15","features":["css-at-theme","layer:base","content-list","source-inline","source-not"],"isDefaultVersion":true}},{"folder":"/home/leo","config":"/home/leo/snap/postman/360/.local/share/themes/Radiance/gtk-3.20/gtk-main.css","selectors":[{"pattern":"/home/leo/snap/postman/360/.local/share/themes/Radiance/gtk-3.20/apps/nautilus.css","priority":0},{"pattern":"/home/leo/snap/postman/360/.local/share/themes/Radiance/gtk-3.20/gtk-main.css","priority":0},{"pattern":"/home/leo/snap/postman/360/.local/share/themes/Radiance/gtk-3.20/apps/**","priority":2},{"pattern":"/home/leo/snap/postman/360/.local/share/themes/Radiance/gtk-3.20/**","priority":2},{"pattern":"/home/leo/**","priority":4}],"user":false,"tailwind":{"version":"4.1.15","features":["css-at-theme","layer:base","content-list","source-inline","source-not"],"isDefaultVersion":true}}]
[Global] Preparing projects...
[Global] Initializing projects...
[snap/postman/360/.local/share/themes/Ambiance/gtk-3.0/apps/gnome-applications.css] Initializing...
[Global] Adding watch patterns: /home/leo/snap/postman/360/.local/share/themes/Ambiance/gtk-3.0/apps/gnome-applications.css, /home/leo/snap/postman/360/.local/share/themes/Ambiance/gtk-3.0/apps, /home/leo/snap/postman/360/.local/share/themes/Ambiance/gtk-3.0, /home/leo/snap/postman/360/.local/share/themes/Ambiance, /home/leo/snap/postman/360/.local/share/themes, /home/leo/snap/postman/360/.local/share, /home/leo/snap/postman/360/.local, /home/leo/snap/postman/360, /home/leo/snap/postman, /home/leo/snap, /home/leo
[snap/postman/360/.local/share/themes/Ambiance/gtk-3.0/apps/gnome-applications.css] Failed to load workspace modules.
[snap/postman/360/.local/share/themes/Ambiance/gtk-3.0/apps/gnome-applications.css] Using bundled version of `tailwindcss`: v4.1.15
[snap/postman/360/.local/share/themes/Ambiance/gtk-3.0/apps/gnome-applications.css] Building...
[Global] Initialized 1 projects
----------
RESTARTING
----------
[Info  - 7:33:12 PM] [GLOBAL] No matching project for document {
  fsPath: '/home/leo/frontend/src/App.jsx',
  normalPath: '/home/leo/frontend/src/App.jsx'
}
[Info  - 7:33:12 PM] [GLOBAL] No matching project for document {
  fsPath: '/home/leo/backend/models/Proyecto.js',
  normalPath: '/home/leo/backend/models/Proyecto.js'
}
[Info  - 7:33:12 PM] [GLOBAL] No matching project for document {
  fsPath: '/home/leo/backend/migrarImagenes.js',
  normalPath: '/home/leo/backend/migrarImagenes.js'
}
Searching for Tailwind CSS projects in the workspace's folders.
hoist-at-import: The file '/home/leo/snap/postman/360/.local/share/themes/Ambiance/gtk-3.0/gtk-main.css' contains @import rules after other at rules. This is invalid CSS and may cause problems with your build.
hoist-at-import: The file '/home/leo/snap/postman/360/.local/share/themes/Ambiance/gtk-3.20/gtk-main.css' contains @import rules after other at rules. This is invalid CSS and may cause problems with your build.
hoist-at-import: The file '/home/leo/snap/postman/360/.local/share/themes/Radiance/gtk-3.0/gtk-main.css' contains @import rules after other at rules. This is invalid CSS and may cause problems with your build.
hoist-at-import: The file '/home/leo/snap/postman/360/.local/share/themes/Radiance/gtk-3.20/gtk-main.css' contains @import rules after other at rules. This is invalid CSS and may cause problems with your build.
hoist-at-import: The file '/home/leo/snap/postman/360/.themes/Ambiance/gtk-3.0/gtk-main.css' contains @import rules after other at rules. This is invalid CSS and may cause problems with your build.
hoist-at-import: The file '/home/leo/snap/postman/360/.themes/Ambiance/gtk-3.20/gtk-main.css' contains @import rules after other at rules. This is invalid CSS and may cause problems with your build.
hoist-at-import: The file '/home/leo/snap/postman/360/.themes/Radiance/gtk-3.0/gtk-main.css' contains @import rules after other at rules. This is invalid CSS and may cause problems with your build.
hoist-at-import: The file '/home/leo/snap/postman/360/.themes/Radiance/gtk-3.20/gtk-main.css' contains @import rules after other at rules. This is invalid CSS and may cause problems with your build.
hoist-at-import: The file '/home/leo/snap/postman/current/.local/share/themes/Ambiance/gtk-3.0/gtk-main.css' contains @import rules after other at rules. This is invalid CSS and may cause problems with your build.
hoist-at-import: The file '/home/leo/snap/postman/current/.local/share/themes/Ambiance/gtk-3.20/gtk-main.css' contains @import rules after other at rules. This is invalid CSS and may cause problems with your build.
hoist-at-import: The file '/home/leo/snap/postman/current/.local/share/themes/Radiance/gtk-3.0/gtk-main.css' contains @import rules after other at rules. This is invalid CSS and may cause problems with your build.
hoist-at-import: The file '/home/leo/snap/postman/current/.local/share/themes/Radiance/gtk-3.20/gtk-main.css' contains @import rules after other at rules. This is invalid CSS and may cause problems with your build.
hoist-at-import: The file '/home/leo/snap/postman/current/.themes/Ambiance/gtk-3.0/gtk-main.css' contains @import rules after other at rules. This is invalid CSS and may cause problems with your build.
hoist-at-import: The file '/home/leo/snap/postman/current/.themes/Ambiance/gtk-3.20/gtk-main.css' contains @import rules after other at rules. This is invalid CSS and may cause problems with your build.
hoist-at-import: The file '/home/leo/snap/postman/current/.themes/Radiance/gtk-3.0/gtk-main.css' contains @import rules after other at rules. This is invalid CSS and may cause problems with your build.
hoist-at-import: The file '/home/leo/snap/postman/current/.themes/Radiance/gtk-3.20/gtk-main.css' contains @import rules after other at rules. This is invalid CSS and may cause problems with your build.
{"tailwind":{"version":"4.1.15","features":["css-at-theme","layer:base","content-list","source-inline","source-not"],"isDefaultVersion":true},"path":"/home/leo/.vscode-server/data/User/History/131947df/FRfR.css"}
[Warn  - 7:33:15 PM] The config /home/leo/.vscode-server/data/User/History/131947df/FRfR.css looks like it might be for a different Tailwind CSS version. Skipping.
{"tailwind":{"version":"4.1.15","features":["css-at-theme","layer:base","content-list","source-inline","source-not"],"isDefaultVersion":true},"path":"/home/leo/.vscode-server/data/User/History/131947df/GGc3.css"}
[Warn  - 7:33:15 PM] The config /home/leo/.vscode-server/data/User/History/131947df/GGc3.css looks like it might be for a different Tailwind CSS version. Skipping.
{"tailwind":{"version":"4.1.15","features":["css-at-theme","layer:base","content-list","source-inline","source-not"],"isDefaultVersion":true},"path":"/home/leo/snap/postman/360/.local/share/themes/Ambiance/gtk-3.0/gtk-main.css"}
{"tailwind":{"version":"4.1.15","features":["css-at-theme","layer:base","content-list","source-inline","source-not"],"isDefaultVersion":true},"path":"/home/leo/snap/postman/360/.local/share/themes/Ambiance/gtk-3.20/gtk-main.css"}
{"tailwind":{"version":"4.1.15","features":["css-at-theme","layer:base","content-list","source-inline","source-not"],"isDefaultVersion":true},"path":"/home/leo/snap/postman/360/.local/share/themes/Radiance/gtk-3.0/gtk-main.css"}
{"tailwind":{"version":"4.1.15","features":["css-at-theme","layer:base","content-list","source-inline","source-not"],"isDefaultVersion":true},"path":"/home/leo/snap/postman/360/.local/share/themes/Radiance/gtk-3.20/gtk-main.css"}
{"tailwind":{"version":"4.1.15","features":["css-at-theme","layer:base","content-list","source-inline","source-not"],"isDefaultVersion":true},"path":"/home/leo/snap/postman/360/.local/share/themes/Ambiance/gtk-3.0/apps/gnome-applications.css"}
{"tailwind":{"version":"4.1.15","features":["css-at-theme","layer:base","content-list","source-inline","source-not"],"isDefaultVersion":true},"path":"/home/leo/snap/postman/360/.local/share/themes/Ambiance/gtk-3.20/apps/gnome-applications.css"}
[Global] Creating projects: [{"folder":"/home/leo","config":"/home/leo/snap/postman/360/.local/share/themes/Ambiance/gtk-3.0/apps/gnome-applications.css","selectors":[{"pattern":"/home/leo/snap/postman/360/.local/share/themes/Ambiance/gtk-3.0/apps/gnome-applications.css","priority":0},{"pattern":"/home/leo/snap/postman/360/.local/share/themes/Ambiance/gtk-3.0/apps/**","priority":2},{"pattern":"/home/leo/**","priority":4}],"user":false,"tailwind":{"version":"4.1.15","features":["css-at-theme","layer:base","content-list","source-inline","source-not"],"isDefaultVersion":true}},{"folder":"/home/leo","config":"/home/leo/snap/postman/360/.local/share/themes/Ambiance/gtk-3.0/gtk-main.css","selectors":[{"pattern":"/home/leo/snap/postman/360/.local/share/themes/Ambiance/gtk-3.0/apps/nautilus.css","priority":0},{"pattern":"/home/leo/snap/postman/360/.local/share/themes/Ambiance/gtk-3.0/gtk-main.css","priority":0},{"pattern":"/home/leo/snap/postman/360/.local/share/themes/Ambiance/gtk-3.0/apps/**","priority":2},{"pattern":"/home/leo/snap/postman/360/.local/share/themes/Ambiance/gtk-3.0/**","priority":2},{"pattern":"/home/leo/**","priority":4}],"user":false,"tailwind":{"version":"4.1.15","features":["css-at-theme","layer:base","content-list","source-inline","source-not"],"isDefaultVersion":true}},{"folder":"/home/leo","config":"/home/leo/snap/postman/360/.local/share/themes/Ambiance/gtk-3.20/apps/gnome-applications.css","selectors":[{"pattern":"/home/leo/snap/postman/360/.local/share/themes/Ambiance/gtk-3.20/apps/gnome-applications.css","priority":0},{"pattern":"/home/leo/snap/postman/360/.local/share/themes/Ambiance/gtk-3.20/apps/**","priority":2},{"pattern":"/home/leo/**","priority":4}],"user":false,"tailwind":{"version":"4.1.15","features":["css-at-theme","layer:base","content-list","source-inline","source-not"],"isDefaultVersion":true}},{"folder":"/home/leo","config":"/home/leo/snap/postman/360/.local/share/themes/Ambiance/gtk-3.20/gtk-main.css","selectors":[{"pattern":"/home/leo/snap/postman/360/.local/share/themes/Ambiance/gtk-3.20/apps/nautilus.css","priority":0},{"pattern":"/home/leo/snap/postman/360/.local/share/themes/Ambiance/gtk-3.20/gtk-main.css","priority":0},{"pattern":"/home/leo/snap/postman/360/.local/share/themes/Ambiance/gtk-3.20/apps/**","priority":2},{"pattern":"/home/leo/snap/postman/360/.local/share/themes/Ambiance/gtk-3.20/**","priority":2},{"pattern":"/home/leo/**","priority":4}],"user":false,"tailwind":{"version":"4.1.15","features":["css-at-theme","layer:base","content-list","source-inline","source-not"],"isDefaultVersion":true}},{"folder":"/home/leo","config":"/home/leo/snap/postman/360/.local/share/themes/Radiance/gtk-3.0/gtk-main.css","selectors":[{"pattern":"/home/leo/snap/postman/360/.local/share/themes/Radiance/gtk-3.0/apps/nautilus.css","priority":0},{"pattern":"/home/leo/snap/postman/360/.local/share/themes/Radiance/gtk-3.0/gtk-main.css","priority":0},{"pattern":"/home/leo/snap/postman/360/.local/share/themes/Radiance/gtk-3.0/apps/**","priority":2},{"pattern":"/home/leo/snap/postman/360/.local/share/themes/Radiance/gtk-3.0/**","priority":2},{"pattern":"/home/leo/**","priority":4}],"user":false,"tailwind":{"version":"4.1.15","features":["css-at-theme","layer:base","content-list","source-inline","source-not"],"isDefaultVersion":true}},{"folder":"/home/leo","config":"/home/leo/snap/postman/360/.local/share/themes/Radiance/gtk-3.20/gtk-main.css","selectors":[{"pattern":"/home/leo/snap/postman/360/.local/share/themes/Radiance/gtk-3.20/apps/nautilus.css","priority":0},{"pattern":"/home/leo/snap/postman/360/.local/share/themes/Radiance/gtk-3.20/gtk-main.css","priority":0},{"pattern":"/home/leo/snap/postman/360/.local/share/themes/Radiance/gtk-3.20/apps/**","priority":2},{"pattern":"/home/leo/snap/postman/360/.local/share/themes/Radiance/gtk-3.20/**","priority":2},{"pattern":"/home/leo/**","priority":4}],"user":false,"tailwind":{"version":"4.1.15","features":["css-at-theme","layer:base","content-list","source-inline","source-not"],"isDefaultVersion":true}}]
[Global] Preparing projects...
[Global] Initializing projects...
[snap/postman/360/.local/share/themes/Ambiance/gtk-3.0/apps/gnome-applications.css] Initializing...
[Global] Adding watch patterns: /home/leo/snap/postman/360/.local/share/themes/Ambiance/gtk-3.0/apps/gnome-applications.css, /home/leo/snap/postman/360/.local/share/themes/Ambiance/gtk-3.0/apps, /home/leo/snap/postman/360/.local/share/themes/Ambiance/gtk-3.0, /home/leo/snap/postman/360/.local/share/themes/Ambiance, /home/leo/snap/postman/360/.local/share/themes, /home/leo/snap/postman/360/.local/share, /home/leo/snap/postman/360/.local, /home/leo/snap/postman/360, /home/leo/snap/postman, /home/leo/snap, /home/leo
[snap/postman/360/.local/share/themes/Ambiance/gtk-3.0/apps/gnome-applications.css] Failed to load workspace modules.
[snap/postman/360/.local/share/themes/Ambiance/gtk-3.0/apps/gnome-applications.css] Using bundled version of `tailwindcss`: v4.1.15
[snap/postman/360/.local/share/themes/Ambiance/gtk-3.0/apps/gnome-applications.css] Building...
[Global] Initialized 1 projects
[snap/postman/360/.local/share/themes/Ambiance/gtk-3.0/apps/gnome-applications.css] File created: /home/leo/backend/node_modules/multer-storage-cloudinary/examples/simple/package-lock.json
[snap/postman/360/.local/share/themes/Ambiance/gtk-3.0/apps/gnome-applications.css] Initializing...
[snap/postman/360/.local/share/themes/Ambiance/gtk-3.0/apps/gnome-applications.css] Failed to load workspace modules.
[snap/postman/360/.local/share/themes/Ambiance/gtk-3.0/apps/gnome-applications.css] Using bundled version of `tailwindcss`: v4.1.15
[snap/postman/360/.local/share/themes/Ambiance/gtk-3.0/apps/gnome-applications.css] Building...
----------
RESTARTING
----------
[Info  - 8:57:40 PM] [GLOBAL] No matching project for document {
  fsPath: '/home/leo/frontend/src/App.jsx',
  normalPath: '/home/leo/frontend/src/App.jsx'
}
[Info  - 8:57:40 PM] [GLOBAL] No matching project for document {
  fsPath: '/home/leo/backend/models/Proyecto.js',
  normalPath: '/home/leo/backend/models/Proyecto.js'
}
Searching for Tailwind CSS projects in the workspace's folders.
hoist-at-import: The file '/home/leo/snap/postman/360/.local/share/themes/Ambiance/gtk-3.0/gtk-main.css' contains @import rules after other at rules. This is invalid CSS and may cause problems with your build.
hoist-at-import: The file '/home/leo/snap/postman/360/.local/share/themes/Ambiance/gtk-3.20/gtk-main.css' contains @import rules after other at rules. This is invalid CSS and may cause problems with your build.
hoist-at-import: The file '/home/leo/snap/postman/360/.local/share/themes/Radiance/gtk-3.0/gtk-main.css' contains @import rules after other at rules. This is invalid CSS and may cause problems with your build.
hoist-at-import: The file '/home/leo/snap/postman/360/.local/share/themes/Radiance/gtk-3.20/gtk-main.css' contains @import rules after other at rules. This is invalid CSS and may cause problems with your build.
hoist-at-import: The file '/home/leo/snap/postman/360/.themes/Ambiance/gtk-3.0/gtk-main.css' contains @import rules after other at rules. This is invalid CSS and may cause problems with your build.
hoist-at-import: The file '/home/leo/snap/postman/360/.themes/Ambiance/gtk-3.20/gtk-main.css' contains @import rules after other at rules. This is invalid CSS and may cause problems with your build.
hoist-at-import: The file '/home/leo/snap/postman/360/.themes/Radiance/gtk-3.0/gtk-main.css' contains @import rules after other at rules. This is invalid CSS and may cause problems with your build.
hoist-at-import: The file '/home/leo/snap/postman/360/.themes/Radiance/gtk-3.20/gtk-main.css' contains @import rules after other at rules. This is invalid CSS and may cause problems with your build.
hoist-at-import: The file '/home/leo/snap/postman/current/.local/share/themes/Ambiance/gtk-3.0/gtk-main.css' contains @import rules after other at rules. This is invalid CSS and may cause problems with your build.
hoist-at-import: The file '/home/leo/snap/postman/current/.local/share/themes/Ambiance/gtk-3.20/gtk-main.css' contains @import rules after other at rules. This is invalid CSS and may cause problems with your build.
hoist-at-import: The file '/home/leo/snap/postman/current/.local/share/themes/Radiance/gtk-3.0/gtk-main.css' contains @import rules after other at rules. This is invalid CSS and may cause problems with your build.
hoist-at-import: The file '/home/leo/snap/postman/current/.local/share/themes/Radiance/gtk-3.20/gtk-main.css' contains @import rules after other at rules. This is invalid CSS and may cause problems with your build.
hoist-at-import: The file '/home/leo/snap/postman/current/.themes/Ambiance/gtk-3.0/gtk-main.css' contains @import rules after other at rules. This is invalid CSS and may cause problems with your build.
hoist-at-import: The file '/home/leo/snap/postman/current/.themes/Ambiance/gtk-3.20/gtk-main.css' contains @import rules after other at rules. This is invalid CSS and may cause problems with your build.
hoist-at-import: The file '/home/leo/snap/postman/current/.themes/Radiance/gtk-3.0/gtk-main.css' contains @import rules after other at rules. This is invalid CSS and may cause problems with your build.
hoist-at-import: The file '/home/leo/snap/postman/current/.themes/Radiance/gtk-3.20/gtk-main.css' contains @import rules after other at rules. This is invalid CSS and may cause problems with your build.
{"tailwind":{"version":"4.1.15","features":["css-at-theme","layer:base","content-list","source-inline","source-not"],"isDefaultVersion":true},"path":"/home/leo/.vscode-server/data/User/History/131947df/FRfR.css"}
[Warn  - 8:57:42 PM] The config /home/leo/.vscode-server/data/User/History/131947df/FRfR.css looks like it might be for a different Tailwind CSS version. Skipping.
{"tailwind":{"version":"4.1.15","features":["css-at-theme","layer:base","content-list","source-inline","source-not"],"isDefaultVersion":true},"path":"/home/leo/.vscode-server/data/User/History/131947df/GGc3.css"}
[Warn  - 8:57:42 PM] The config /home/leo/.vscode-server/data/User/History/131947df/GGc3.css looks like it might be for a different Tailwind CSS version. Skipping.
{"tailwind":{"version":"4.1.15","features":["css-at-theme","layer:base","content-list","source-inline","source-not"],"isDefaultVersion":true},"path":"/home/leo/snap/postman/360/.local/share/themes/Radiance/gtk-3.0/gtk-main.css"}
{"tailwind":{"version":"4.1.15","features":["css-at-theme","layer:base","content-list","source-inline","source-not"],"isDefaultVersion":true},"path":"/home/leo/snap/postman/360/.local/share/themes/Radiance/gtk-3.20/gtk-main.css"}
{"tailwind":{"version":"4.1.15","features":["css-at-theme","layer:base","content-list","source-inline","source-not"],"isDefaultVersion":true},"path":"/home/leo/snap/postman/360/.local/share/themes/Ambiance/gtk-3.20/gtk-main.css"}
{"tailwind":{"version":"4.1.15","features":["css-at-theme","layer:base","content-list","source-inline","source-not"],"isDefaultVersion":true},"path":"/home/leo/snap/postman/360/.local/share/themes/Ambiance/gtk-3.0/gtk-main.css"}
{"tailwind":{"version":"4.1.15","features":["css-at-theme","layer:base","content-list","source-inline","source-not"],"isDefaultVersion":true},"path":"/home/leo/snap/postman/360/.local/share/themes/Ambiance/gtk-3.20/apps/gnome-applications.css"}
{"tailwind":{"version":"4.1.15","features":["css-at-theme","layer:base","content-list","source-inline","source-not"],"isDefaultVersion":true},"path":"/home/leo/snap/postman/360/.local/share/themes/Ambiance/gtk-3.0/apps/gnome-applications.css"}
[Global] Creating projects: [{"folder":"/home/leo","config":"/home/leo/snap/postman/360/.local/share/themes/Ambiance/gtk-3.0/apps/gnome-applications.css","selectors":[{"pattern":"/home/leo/snap/postman/360/.local/share/themes/Ambiance/gtk-3.0/apps/gnome-applications.css","priority":0},{"pattern":"/home/leo/snap/postman/360/.local/share/themes/Ambiance/gtk-3.0/apps/**","priority":2},{"pattern":"/home/leo/**","priority":4}],"user":false,"tailwind":{"version":"4.1.15","features":["css-at-theme","layer:base","content-list","source-inline","source-not"],"isDefaultVersion":true}},{"folder":"/home/leo","config":"/home/leo/snap/postman/360/.local/share/themes/Ambiance/gtk-3.0/gtk-main.css","selectors":[{"pattern":"/home/leo/snap/postman/360/.local/share/themes/Ambiance/gtk-3.0/apps/nautilus.css","priority":0},{"pattern":"/home/leo/snap/postman/360/.local/share/themes/Ambiance/gtk-3.0/gtk-main.css","priority":0},{"pattern":"/home/leo/snap/postman/360/.local/share/themes/Ambiance/gtk-3.0/apps/**","priority":2},{"pattern":"/home/leo/snap/postman/360/.local/share/themes/Ambiance/gtk-3.0/**","priority":2},{"pattern":"/home/leo/**","priority":4}],"user":false,"tailwind":{"version":"4.1.15","features":["css-at-theme","layer:base","content-list","source-inline","source-not"],"isDefaultVersion":true}},{"folder":"/home/leo","config":"/home/leo/snap/postman/360/.local/share/themes/Ambiance/gtk-3.20/apps/gnome-applications.css","selectors":[{"pattern":"/home/leo/snap/postman/360/.local/share/themes/Ambiance/gtk-3.20/apps/gnome-applications.css","priority":0},{"pattern":"/home/leo/snap/postman/360/.local/share/themes/Ambiance/gtk-3.20/apps/**","priority":2},{"pattern":"/home/leo/**","priority":4}],"user":false,"tailwind":{"version":"4.1.15","features":["css-at-theme","layer:base","content-list","source-inline","source-not"],"isDefaultVersion":true}},{"folder":"/home/leo","config":"/home/leo/snap/postman/360/.local/share/themes/Ambiance/gtk-3.20/gtk-main.css","selectors":[{"pattern":"/home/leo/snap/postman/360/.local/share/themes/Ambiance/gtk-3.20/apps/nautilus.css","priority":0},{"pattern":"/home/leo/snap/postman/360/.local/share/themes/Ambiance/gtk-3.20/gtk-main.css","priority":0},{"pattern":"/home/leo/snap/postman/360/.local/share/themes/Ambiance/gtk-3.20/apps/**","priority":2},{"pattern":"/home/leo/snap/postman/360/.local/share/themes/Ambiance/gtk-3.20/**","priority":2},{"pattern":"/home/leo/**","priority":4}],"user":false,"tailwind":{"version":"4.1.15","features":["css-at-theme","layer:base","content-list","source-inline","source-not"],"isDefaultVersion":true}},{"folder":"/home/leo","config":"/home/leo/snap/postman/360/.local/share/themes/Radiance/gtk-3.0/gtk-main.css","selectors":[{"pattern":"/home/leo/snap/postman/360/.local/share/themes/Radiance/gtk-3.0/apps/nautilus.css","priority":0},{"pattern":"/home/leo/snap/postman/360/.local/share/themes/Radiance/gtk-3.0/gtk-main.css","priority":0},{"pattern":"/home/leo/snap/postman/360/.local/share/themes/Radiance/gtk-3.0/apps/**","priority":2},{"pattern":"/home/leo/snap/postman/360/.local/share/themes/Radiance/gtk-3.0/**","priority":2},{"pattern":"/home/leo/**","priority":4}],"user":false,"tailwind":{"version":"4.1.15","features":["css-at-theme","layer:base","content-list","source-inline","source-not"],"isDefaultVersion":true}},{"folder":"/home/leo","config":"/home/leo/snap/postman/360/.local/share/themes/Radiance/gtk-3.20/gtk-main.css","selectors":[{"pattern":"/home/leo/snap/postman/360/.local/share/themes/Radiance/gtk-3.20/apps/nautilus.css","priority":0},{"pattern":"/home/leo/snap/postman/360/.local/share/themes/Radiance/gtk-3.20/gtk-main.css","priority":0},{"pattern":"/home/leo/snap/postman/360/.local/share/themes/Radiance/gtk-3.20/apps/**","priority":2},{"pattern":"/home/leo/snap/postman/360/.local/share/themes/Radiance/gtk-3.20/**","priority":2},{"pattern":"/home/leo/**","priority":4}],"user":false,"tailwind":{"version":"4.1.15","features":["css-at-theme","layer:base","content-list","source-inline","source-not"],"isDefaultVersion":true}}]
[Global] Preparing projects...
[Global] Initializing projects...
[snap/postman/360/.local/share/themes/Ambiance/gtk-3.0/apps/gnome-applications.css] Initializing...
[Global] Adding watch patterns: /home/leo/snap/postman/360/.local/share/themes/Ambiance/gtk-3.0/apps/gnome-applications.css, /home/leo/snap/postman/360/.local/share/themes/Ambiance/gtk-3.0/apps, /home/leo/snap/postman/360/.local/share/themes/Ambiance/gtk-3.0, /home/leo/snap/postman/360/.local/share/themes/Ambiance, /home/leo/snap/postman/360/.local/share/themes, /home/leo/snap/postman/360/.local/share, /home/leo/snap/postman/360/.local, /home/leo/snap/postman/360, /home/leo/snap/postman, /home/leo/snap, /home/leo
[snap/postman/360/.local/share/themes/Ambiance/gtk-3.0/apps/gnome-applications.css] Failed to load workspace modules.
[snap/postman/360/.local/share/themes/Ambiance/gtk-3.0/apps/gnome-applications.css] Using bundled version of `tailwindcss`: v4.1.15
[snap/postman/360/.local/share/themes/Ambiance/gtk-3.0/apps/gnome-applications.css] Building...
[Global] Initialized 1 projects
----------
RESTARTING
----------
[Info  - 9:00:52 PM] [GLOBAL] No matching project for document {
  fsPath: '/home/leo/frontend/src/App.jsx',
  normalPath: '/home/leo/frontend/src/App.jsx'
}
[Info  - 9:00:52 PM] [GLOBAL] No matching project for document {
  fsPath: '/home/leo/backend/models/Proyecto.js',
  normalPath: '/home/leo/backend/models/Proyecto.js'
}
[Info  - 9:00:52 PM] [GLOBAL] No matching project for document {
  fsPath: '/home/leo/backend/config/cloudinary.js',
  normalPath: '/home/leo/backend/config/cloudinary.js'
}
[Info  - 9:00:52 PM] [GLOBAL] No matching project for document {
  fsPath: '/home/leo/backend/routes/upload.js',
  normalPath: '/home/leo/backend/routes/upload.js'
}
Searching for Tailwind CSS projects in the workspace's folders.
hoist-at-import: The file '/home/leo/snap/postman/360/.local/share/themes/Ambiance/gtk-3.0/gtk-main.css' contains @import rules after other at rules. This is invalid CSS and may cause problems with your build.
hoist-at-import: The file '/home/leo/snap/postman/360/.local/share/themes/Ambiance/gtk-3.20/gtk-main.css' contains @import rules after other at rules. This is invalid CSS and may cause problems with your build.
hoist-at-import: The file '/home/leo/snap/postman/360/.local/share/themes/Radiance/gtk-3.0/gtk-main.css' contains @import rules after other at rules. This is invalid CSS and may cause problems with your build.
hoist-at-import: The file '/home/leo/snap/postman/360/.local/share/themes/Radiance/gtk-3.20/gtk-main.css' contains @import rules after other at rules. This is invalid CSS and may cause problems with your build.
hoist-at-import: The file '/home/leo/snap/postman/360/.themes/Ambiance/gtk-3.0/gtk-main.css' contains @import rules after other at rules. This is invalid CSS and may cause problems with your build.
hoist-at-import: The file '/home/leo/snap/postman/360/.themes/Ambiance/gtk-3.20/gtk-main.css' contains @import rules after other at rules. This is invalid CSS and may cause problems with your build.
hoist-at-import: The file '/home/leo/snap/postman/360/.themes/Radiance/gtk-3.0/gtk-main.css' contains @import rules after other at rules. This is invalid CSS and may cause problems with your build.
hoist-at-import: The file '/home/leo/snap/postman/360/.themes/Radiance/gtk-3.20/gtk-main.css' contains @import rules after other at rules. This is invalid CSS and may cause problems with your build.
hoist-at-import: The file '/home/leo/snap/postman/current/.local/share/themes/Ambiance/gtk-3.0/gtk-main.css' contains @import rules after other at rules. This is invalid CSS and may cause problems with your build.
hoist-at-import: The file '/home/leo/snap/postman/current/.local/share/themes/Ambiance/gtk-3.20/gtk-main.css' contains @import rules after other at rules. This is invalid CSS and may cause problems with your build.
hoist-at-import: The file '/home/leo/snap/postman/current/.local/share/themes/Radiance/gtk-3.0/gtk-main.css' contains @import rules after other at rules. This is invalid CSS and may cause problems with your build.
hoist-at-import: The file '/home/leo/snap/postman/current/.local/share/themes/Radiance/gtk-3.20/gtk-main.css' contains @import rules after other at rules. This is invalid CSS and may cause problems with your build.
hoist-at-import: The file '/home/leo/snap/postman/current/.themes/Ambiance/gtk-3.0/gtk-main.css' contains @import rules after other at rules. This is invalid CSS and may cause problems with your build.
hoist-at-import: The file '/home/leo/snap/postman/current/.themes/Ambiance/gtk-3.20/gtk-main.css' contains @import rules after other at rules. This is invalid CSS and may cause problems with your build.
hoist-at-import: The file '/home/leo/snap/postman/current/.themes/Radiance/gtk-3.0/gtk-main.css' contains @import rules after other at rules. This is invalid CSS and may cause problems with your build.
hoist-at-import: The file '/home/leo/snap/postman/current/.themes/Radiance/gtk-3.20/gtk-main.css' contains @import rules after other at rules. This is invalid CSS and may cause problems with your build.
{"tailwind":{"version":"4.1.15","features":["css-at-theme","layer:base","content-list","source-inline","source-not"],"isDefaultVersion":true},"path":"/home/leo/.vscode-server/data/User/History/131947df/FRfR.css"}
[Warn  - 9:00:54 PM] The config /home/leo/.vscode-server/data/User/History/131947df/FRfR.css looks like it might be for a different Tailwind CSS version. Skipping.
{"tailwind":{"version":"4.1.15","features":["css-at-theme","layer:base","content-list","source-inline","source-not"],"isDefaultVersion":true},"path":"/home/leo/.vscode-server/data/User/History/131947df/GGc3.css"}
[Warn  - 9:00:54 PM] The config /home/leo/.vscode-server/data/User/History/131947df/GGc3.css looks like it might be for a different Tailwind CSS version. Skipping.
{"tailwind":{"version":"4.1.15","features":["css-at-theme","layer:base","content-list","source-inline","source-not"],"isDefaultVersion":true},"path":"/home/leo/snap/postman/360/.local/share/themes/Ambiance/gtk-3.0/gtk-main.css"}
{"tailwind":{"version":"4.1.15","features":["css-at-theme","layer:base","content-list","source-inline","source-not"],"isDefaultVersion":true},"path":"/home/leo/snap/postman/360/.local/share/themes/Ambiance/gtk-3.20/gtk-main.css"}
{"tailwind":{"version":"4.1.15","features":["css-at-theme","layer:base","content-list","source-inline","source-not"],"isDefaultVersion":true},"path":"/home/leo/snap/postman/360/.local/share/themes/Radiance/gtk-3.0/gtk-main.css"}
{"tailwind":{"version":"4.1.15","features":["css-at-theme","layer:base","content-list","source-inline","source-not"],"isDefaultVersion":true},"path":"/home/leo/snap/postman/360/.local/share/themes/Radiance/gtk-3.20/gtk-main.css"}
{"tailwind":{"version":"4.1.15","features":["css-at-theme","layer:base","content-list","source-inline","source-not"],"isDefaultVersion":true},"path":"/home/leo/snap/postman/360/.local/share/themes/Ambiance/gtk-3.0/apps/gnome-applications.css"}
{"tailwind":{"version":"4.1.15","features":["css-at-theme","layer:base","content-list","source-inline","source-not"],"isDefaultVersion":true},"path":"/home/leo/snap/postman/360/.local/share/themes/Ambiance/gtk-3.20/apps/gnome-applications.css"}
[Global] Creating projects: [{"folder":"/home/leo","config":"/home/leo/snap/postman/360/.local/share/themes/Ambiance/gtk-3.0/apps/gnome-applications.css","selectors":[{"pattern":"/home/leo/snap/postman/360/.local/share/themes/Ambiance/gtk-3.0/apps/gnome-applications.css","priority":0},{"pattern":"/home/leo/snap/postman/360/.local/share/themes/Ambiance/gtk-3.0/apps/**","priority":2},{"pattern":"/home/leo/**","priority":4}],"user":false,"tailwind":{"version":"4.1.15","features":["css-at-theme","layer:base","content-list","source-inline","source-not"],"isDefaultVersion":true}},{"folder":"/home/leo","config":"/home/leo/snap/postman/360/.local/share/themes/Ambiance/gtk-3.0/gtk-main.css","selectors":[{"pattern":"/home/leo/snap/postman/360/.local/share/themes/Ambiance/gtk-3.0/apps/nautilus.css","priority":0},{"pattern":"/home/leo/snap/postman/360/.local/share/themes/Ambiance/gtk-3.0/gtk-main.css","priority":0},{"pattern":"/home/leo/snap/postman/360/.local/share/themes/Ambiance/gtk-3.0/apps/**","priority":2},{"pattern":"/home/leo/snap/postman/360/.local/share/themes/Ambiance/gtk-3.0/**","priority":2},{"pattern":"/home/leo/**","priority":4}],"user":false,"tailwind":{"version":"4.1.15","features":["css-at-theme","layer:base","content-list","source-inline","source-not"],"isDefaultVersion":true}},{"folder":"/home/leo","config":"/home/leo/snap/postman/360/.local/share/themes/Ambiance/gtk-3.20/apps/gnome-applications.css","selectors":[{"pattern":"/home/leo/snap/postman/360/.local/share/themes/Ambiance/gtk-3.20/apps/gnome-applications.css","priority":0},{"pattern":"/home/leo/snap/postman/360/.local/share/themes/Ambiance/gtk-3.20/apps/**","priority":2},{"pattern":"/home/leo/**","priority":4}],"user":false,"tailwind":{"version":"4.1.15","features":["css-at-theme","layer:base","content-list","source-inline","source-not"],"isDefaultVersion":true}},{"folder":"/home/leo","config":"/home/leo/snap/postman/360/.local/share/themes/Ambiance/gtk-3.20/gtk-main.css","selectors":[{"pattern":"/home/leo/snap/postman/360/.local/share/themes/Ambiance/gtk-3.20/apps/nautilus.css","priority":0},{"pattern":"/home/leo/snap/postman/360/.local/share/themes/Ambiance/gtk-3.20/gtk-main.css","priority":0},{"pattern":"/home/leo/snap/postman/360/.local/share/themes/Ambiance/gtk-3.20/apps/**","priority":2},{"pattern":"/home/leo/snap/postman/360/.local/share/themes/Ambiance/gtk-3.20/**","priority":2},{"pattern":"/home/leo/**","priority":4}],"user":false,"tailwind":{"version":"4.1.15","features":["css-at-theme","layer:base","content-list","source-inline","source-not"],"isDefaultVersion":true}},{"folder":"/home/leo","config":"/home/leo/snap/postman/360/.local/share/themes/Radiance/gtk-3.0/gtk-main.css","selectors":[{"pattern":"/home/leo/snap/postman/360/.local/share/themes/Radiance/gtk-3.0/apps/nautilus.css","priority":0},{"pattern":"/home/leo/snap/postman/360/.local/share/themes/Radiance/gtk-3.0/gtk-main.css","priority":0},{"pattern":"/home/leo/snap/postman/360/.local/share/themes/Radiance/gtk-3.0/apps/**","priority":2},{"pattern":"/home/leo/snap/postman/360/.local/share/themes/Radiance/gtk-3.0/**","priority":2},{"pattern":"/home/leo/**","priority":4}],"user":false,"tailwind":{"version":"4.1.15","features":["css-at-theme","layer:base","content-list","source-inline","source-not"],"isDefaultVersion":true}},{"folder":"/home/leo","config":"/home/leo/snap/postman/360/.local/share/themes/Radiance/gtk-3.20/gtk-main.css","selectors":[{"pattern":"/home/leo/snap/postman/360/.local/share/themes/Radiance/gtk-3.20/apps/nautilus.css","priority":0},{"pattern":"/home/leo/snap/postman/360/.local/share/themes/Radiance/gtk-3.20/gtk-main.css","priority":0},{"pattern":"/home/leo/snap/postman/360/.local/share/themes/Radiance/gtk-3.20/apps/**","priority":2},{"pattern":"/home/leo/snap/postman/360/.local/share/themes/Radiance/gtk-3.20/**","priority":2},{"pattern":"/home/leo/**","priority":4}],"user":false,"tailwind":{"version":"4.1.15","features":["css-at-theme","layer:base","content-list","source-inline","source-not"],"isDefaultVersion":true}}]
[Global] Preparing projects...
[Global] Initializing projects...
[snap/postman/360/.local/share/themes/Ambiance/gtk-3.0/apps/gnome-applications.css] Initializing...
[Global] Adding watch patterns: /home/leo/snap/postman/360/.local/share/themes/Ambiance/gtk-3.0/apps/gnome-applications.css, /home/leo/snap/postman/360/.local/share/themes/Ambiance/gtk-3.0/apps, /home/leo/snap/postman/360/.local/share/themes/Ambiance/gtk-3.0, /home/leo/snap/postman/360/.local/share/themes/Ambiance, /home/leo/snap/postman/360/.local/share/themes, /home/leo/snap/postman/360/.local/share, /home/leo/snap/postman/360/.local, /home/leo/snap/postman/360, /home/leo/snap/postman, /home/leo/snap, /home/leo
[snap/postman/360/.local/share/themes/Ambiance/gtk-3.0/apps/gnome-applications.css] Failed to load workspace modules.
[snap/postman/360/.local/share/themes/Ambiance/gtk-3.0/apps/gnome-applications.css] Using bundled version of `tailwindcss`: v4.1.15
[snap/postman/360/.local/share/themes/Ambiance/gtk-3.0/apps/gnome-applications.css] Building...
[Global] Initialized 1 projects
----------
RESTARTING
----------
[Info  - 9:12:30 PM] [GLOBAL] No matching project for document {
  fsPath: '/home/leo/frontend/src/App.jsx',
  normalPath: '/home/leo/frontend/src/App.jsx'
}
[Info  - 9:12:30 PM] [GLOBAL] No matching project for document {
  fsPath: '/home/leo/backend/models/Proyecto.js',
  normalPath: '/home/leo/backend/models/Proyecto.js'
}
[Info  - 9:12:30 PM] [GLOBAL] No matching project for document {
  fsPath: '/home/leo/backend/config/cloudinary.js',
  normalPath: '/home/leo/backend/config/cloudinary.js'
}
[Info  - 9:12:30 PM] [GLOBAL] No matching project for document {
  fsPath: '/home/leo/backend/routes/upload.js',
  normalPath: '/home/leo/backend/routes/upload.js'
}
[Info  - 9:12:30 PM] [GLOBAL] No matching project for document {
  fsPath: '/home/leo/backend/server.js',
  normalPath: '/home/leo/backend/server.js'
}
Searching for Tailwind CSS projects in the workspace's folders.
hoist-at-import: The file '/home/leo/snap/postman/360/.local/share/themes/Ambiance/gtk-3.0/gtk-main.css' contains @import rules after other at rules. This is invalid CSS and may cause problems with your build.
hoist-at-import: The file '/home/leo/snap/postman/360/.local/share/themes/Ambiance/gtk-3.20/gtk-main.css' contains @import rules after other at rules. This is invalid CSS and may cause problems with your build.
hoist-at-import: The file '/home/leo/snap/postman/360/.local/share/themes/Radiance/gtk-3.0/gtk-main.css' contains @import rules after other at rules. This is invalid CSS and may cause problems with your build.
hoist-at-import: The file '/home/leo/snap/postman/360/.local/share/themes/Radiance/gtk-3.20/gtk-main.css' contains @import rules after other at rules. This is invalid CSS and may cause problems with your build.
hoist-at-import: The file '/home/leo/snap/postman/360/.themes/Ambiance/gtk-3.0/gtk-main.css' contains @import rules after other at rules. This is invalid CSS and may cause problems with your build.
hoist-at-import: The file '/home/leo/snap/postman/360/.themes/Ambiance/gtk-3.20/gtk-main.css' contains @import rules after other at rules. This is invalid CSS and may cause problems with your build.
hoist-at-import: The file '/home/leo/snap/postman/360/.themes/Radiance/gtk-3.0/gtk-main.css' contains @import rules after other at rules. This is invalid CSS and may cause problems with your build.
hoist-at-import: The file '/home/leo/snap/postman/360/.themes/Radiance/gtk-3.20/gtk-main.css' contains @import rules after other at rules. This is invalid CSS and may cause problems with your build.
hoist-at-import: The file '/home/leo/snap/postman/current/.local/share/themes/Ambiance/gtk-3.0/gtk-main.css' contains @import rules after other at rules. This is invalid CSS and may cause problems with your build.
hoist-at-import: The file '/home/leo/snap/postman/current/.local/share/themes/Ambiance/gtk-3.20/gtk-main.css' contains @import rules after other at rules. This is invalid CSS and may cause problems with your build.
hoist-at-import: The file '/home/leo/snap/postman/current/.local/share/themes/Radiance/gtk-3.0/gtk-main.css' contains @import rules after other at rules. This is invalid CSS and may cause problems with your build.
hoist-at-import: The file '/home/leo/snap/postman/current/.local/share/themes/Radiance/gtk-3.20/gtk-main.css' contains @import rules after other at rules. This is invalid CSS and may cause problems with your build.
hoist-at-import: The file '/home/leo/snap/postman/current/.themes/Ambiance/gtk-3.0/gtk-main.css' contains @import rules after other at rules. This is invalid CSS and may cause problems with your build.
hoist-at-import: The file '/home/leo/snap/postman/current/.themes/Ambiance/gtk-3.20/gtk-main.css' contains @import rules after other at rules. This is invalid CSS and may cause problems with your build.
hoist-at-import: The file '/home/leo/snap/postman/current/.themes/Radiance/gtk-3.0/gtk-main.css' contains @import rules after other at rules. This is invalid CSS and may cause problems with your build.
hoist-at-import: The file '/home/leo/snap/postman/current/.themes/Radiance/gtk-3.20/gtk-main.css' contains @import rules after other at rules. This is invalid CSS and may cause problems with your build.
{"tailwind":{"version":"4.1.15","features":["css-at-theme","layer:base","content-list","source-inline","source-not"],"isDefaultVersion":true},"path":"/home/leo/.vscode-server/data/User/History/131947df/FRfR.css"}
[Warn  - 9:12:32 PM] The config /home/leo/.vscode-server/data/User/History/131947df/FRfR.css looks like it might be for a different Tailwind CSS version. Skipping.
{"tailwind":{"version":"4.1.15","features":["css-at-theme","layer:base","content-list","source-inline","source-not"],"isDefaultVersion":true},"path":"/home/leo/.vscode-server/data/User/History/131947df/GGc3.css"}
[Warn  - 9:12:32 PM] The config /home/leo/.vscode-server/data/User/History/131947df/GGc3.css looks like it might be for a different Tailwind CSS version. Skipping.
{"tailwind":{"version":"4.1.15","features":["css-at-theme","layer:base","content-list","source-inline","source-not"],"isDefaultVersion":true},"path":"/home/leo/snap/postman/360/.local/share/themes/Ambiance/gtk-3.0/gtk-main.css"}
{"tailwind":{"version":"4.1.15","features":["css-at-theme","layer:base","content-list","source-inline","source-not"],"isDefaultVersion":true},"path":"/home/leo/snap/postman/360/.local/share/themes/Ambiance/gtk-3.20/gtk-main.css"}
{"tailwind":{"version":"4.1.15","features":["css-at-theme","layer:base","content-list","source-inline","source-not"],"isDefaultVersion":true},"path":"/home/leo/snap/postman/360/.local/share/themes/Radiance/gtk-3.0/gtk-main.css"}
{"tailwind":{"version":"4.1.15","features":["css-at-theme","layer:base","content-list","source-inline","source-not"],"isDefaultVersion":true},"path":"/home/leo/snap/postman/360/.local/share/themes/Radiance/gtk-3.20/gtk-main.css"}
{"tailwind":{"version":"4.1.15","features":["css-at-theme","layer:base","content-list","source-inline","source-not"],"isDefaultVersion":true},"path":"/home/leo/snap/postman/360/.local/share/themes/Ambiance/gtk-3.0/apps/gnome-applications.css"}
{"tailwind":{"version":"4.1.15","features":["css-at-theme","layer:base","content-list","source-inline","source-not"],"isDefaultVersion":true},"path":"/home/leo/snap/postman/360/.local/share/themes/Ambiance/gtk-3.20/apps/gnome-applications.css"}
[Global] Creating projects: [{"folder":"/home/leo","config":"/home/leo/snap/postman/360/.local/share/themes/Ambiance/gtk-3.0/apps/gnome-applications.css","selectors":[{"pattern":"/home/leo/snap/postman/360/.local/share/themes/Ambiance/gtk-3.0/apps/gnome-applications.css","priority":0},{"pattern":"/home/leo/snap/postman/360/.local/share/themes/Ambiance/gtk-3.0/apps/**","priority":2},{"pattern":"/home/leo/**","priority":4}],"user":false,"tailwind":{"version":"4.1.15","features":["css-at-theme","layer:base","content-list","source-inline","source-not"],"isDefaultVersion":true}},{"folder":"/home/leo","config":"/home/leo/snap/postman/360/.local/share/themes/Ambiance/gtk-3.0/gtk-main.css","selectors":[{"pattern":"/home/leo/snap/postman/360/.local/share/themes/Ambiance/gtk-3.0/apps/nautilus.css","priority":0},{"pattern":"/home/leo/snap/postman/360/.local/share/themes/Ambiance/gtk-3.0/gtk-main.css","priority":0},{"pattern":"/home/leo/snap/postman/360/.local/share/themes/Ambiance/gtk-3.0/apps/**","priority":2},{"pattern":"/home/leo/snap/postman/360/.local/share/themes/Ambiance/gtk-3.0/**","priority":2},{"pattern":"/home/leo/**","priority":4}],"user":false,"tailwind":{"version":"4.1.15","features":["css-at-theme","layer:base","content-list","source-inline","source-not"],"isDefaultVersion":true}},{"folder":"/home/leo","config":"/home/leo/snap/postman/360/.local/share/themes/Ambiance/gtk-3.20/apps/gnome-applications.css","selectors":[{"pattern":"/home/leo/snap/postman/360/.local/share/themes/Ambiance/gtk-3.20/apps/gnome-applications.css","priority":0},{"pattern":"/home/leo/snap/postman/360/.local/share/themes/Ambiance/gtk-3.20/apps/**","priority":2},{"pattern":"/home/leo/**","priority":4}],"user":false,"tailwind":{"version":"4.1.15","features":["css-at-theme","layer:base","content-list","source-inline","source-not"],"isDefaultVersion":true}},{"folder":"/home/leo","config":"/home/leo/snap/postman/360/.local/share/themes/Ambiance/gtk-3.20/gtk-main.css","selectors":[{"pattern":"/home/leo/snap/postman/360/.local/share/themes/Ambiance/gtk-3.20/apps/nautilus.css","priority":0},{"pattern":"/home/leo/snap/postman/360/.local/share/themes/Ambiance/gtk-3.20/gtk-main.css","priority":0},{"pattern":"/home/leo/snap/postman/360/.local/share/themes/Ambiance/gtk-3.20/apps/**","priority":2},{"pattern":"/home/leo/snap/postman/360/.local/share/themes/Ambiance/gtk-3.20/**","priority":2},{"pattern":"/home/leo/**","priority":4}],"user":false,"tailwind":{"version":"4.1.15","features":["css-at-theme","layer:base","content-list","source-inline","source-not"],"isDefaultVersion":true}},{"folder":"/home/leo","config":"/home/leo/snap/postman/360/.local/share/themes/Radiance/gtk-3.0/gtk-main.css","selectors":[{"pattern":"/home/leo/snap/postman/360/.local/share/themes/Radiance/gtk-3.0/apps/nautilus.css","priority":0},{"pattern":"/home/leo/snap/postman/360/.local/share/themes/Radiance/gtk-3.0/gtk-main.css","priority":0},{"pattern":"/home/leo/snap/postman/360/.local/share/themes/Radiance/gtk-3.0/apps/**","priority":2},{"pattern":"/home/leo/snap/postman/360/.local/share/themes/Radiance/gtk-3.0/**","priority":2},{"pattern":"/home/leo/**","priority":4}],"user":false,"tailwind":{"version":"4.1.15","features":["css-at-theme","layer:base","content-list","source-inline","source-not"],"isDefaultVersion":true}},{"folder":"/home/leo","config":"/home/leo/snap/postman/360/.local/share/themes/Radiance/gtk-3.20/gtk-main.css","selectors":[{"pattern":"/home/leo/snap/postman/360/.local/share/themes/Radiance/gtk-3.20/apps/nautilus.css","priority":0},{"pattern":"/home/leo/snap/postman/360/.local/share/themes/Radiance/gtk-3.20/gtk-main.css","priority":0},{"pattern":"/home/leo/snap/postman/360/.local/share/themes/Radiance/gtk-3.20/apps/**","priority":2},{"pattern":"/home/leo/snap/postman/360/.local/share/themes/Radiance/gtk-3.20/**","priority":2},{"pattern":"/home/leo/**","priority":4}],"user":false,"tailwind":{"version":"4.1.15","features":["css-at-theme","layer:base","content-list","source-inline","source-not"],"isDefaultVersion":true}}]
[Global] Preparing projects...
[Global] Initializing projects...
[snap/postman/360/.local/share/themes/Ambiance/gtk-3.0/apps/gnome-applications.css] Initializing...
[Global] Adding watch patterns: /home/leo/snap/postman/360/.local/share/themes/Ambiance/gtk-3.0/apps/gnome-applications.css, /home/leo/snap/postman/360/.local/share/themes/Ambiance/gtk-3.0/apps, /home/leo/snap/postman/360/.local/share/themes/Ambiance/gtk-3.0, /home/leo/snap/postman/360/.local/share/themes/Ambiance, /home/leo/snap/postman/360/.local/share/themes, /home/leo/snap/postman/360/.local/share, /home/leo/snap/postman/360/.local, /home/leo/snap/postman/360, /home/leo/snap/postman, /home/leo/snap, /home/leo
[snap/postman/360/.local/share/themes/Ambiance/gtk-3.0/apps/gnome-applications.css] Failed to load workspace modules.
[snap/postman/360/.local/share/themes/Ambiance/gtk-3.0/apps/gnome-applications.css] Using bundled version of `tailwindcss`: v4.1.15
[snap/postman/360/.local/share/themes/Ambiance/gtk-3.0/apps/gnome-applications.css] Building...
[Global] Initialized 1 projects
----------
RESTARTING
----------
[Info  - 9:17:44 PM] [GLOBAL] No matching project for document {
  fsPath: '/home/leo/frontend/src/App.jsx',
  normalPath: '/home/leo/frontend/src/App.jsx'
}
[Info  - 9:17:44 PM] [GLOBAL] No matching project for document {
  fsPath: '/home/leo/backend/models/Proyecto.js',
  normalPath: '/home/leo/backend/models/Proyecto.js'
}
[Info  - 9:17:44 PM] [GLOBAL] No matching project for document {
  fsPath: '/home/leo/backend/config/cloudinary.js',
  normalPath: '/home/leo/backend/config/cloudinary.js'
}
[Info  - 9:17:44 PM] [GLOBAL] No matching project for document {
  fsPath: '/home/leo/backend/routes/upload.js',
  normalPath: '/home/leo/backend/routes/upload.js'
}
[Info  - 9:17:44 PM] [GLOBAL] No matching project for document {
  fsPath: '/home/leo/backend/server.js',
  normalPath: '/home/leo/backend/server.js'
}
Searching for Tailwind CSS projects in the workspace's folders.
hoist-at-import: The file '/home/leo/snap/postman/360/.local/share/themes/Ambiance/gtk-3.0/gtk-main.css' contains @import rules after other at rules. This is invalid CSS and may cause problems with your build.
hoist-at-import: The file '/home/leo/snap/postman/360/.local/share/themes/Ambiance/gtk-3.20/gtk-main.css' contains @import rules after other at rules. This is invalid CSS and may cause problems with your build.
hoist-at-import: The file '/home/leo/snap/postman/360/.local/share/themes/Radiance/gtk-3.0/gtk-main.css' contains @import rules after other at rules. This is invalid CSS and may cause problems with your build.
hoist-at-import: The file '/home/leo/snap/postman/360/.local/share/themes/Radiance/gtk-3.20/gtk-main.css' contains @import rules after other at rules. This is invalid CSS and may cause problems with your build.
hoist-at-import: The file '/home/leo/snap/postman/360/.themes/Ambiance/gtk-3.0/gtk-main.css' contains @import rules after other at rules. This is invalid CSS and may cause problems with your build.
hoist-at-import: The file '/home/leo/snap/postman/360/.themes/Ambiance/gtk-3.20/gtk-main.css' contains @import rules after other at rules. This is invalid CSS and may cause problems with your build.
hoist-at-import: The file '/home/leo/snap/postman/360/.themes/Radiance/gtk-3.0/gtk-main.css' contains @import rules after other at rules. This is invalid CSS and may cause problems with your build.
hoist-at-import: The file '/home/leo/snap/postman/360/.themes/Radiance/gtk-3.20/gtk-main.css' contains @import rules after other at rules. This is invalid CSS and may cause problems with your build.
hoist-at-import: The file '/home/leo/snap/postman/current/.local/share/themes/Ambiance/gtk-3.0/gtk-main.css' contains @import rules after other at rules. This is invalid CSS and may cause problems with your build.
hoist-at-import: The file '/home/leo/snap/postman/current/.local/share/themes/Ambiance/gtk-3.20/gtk-main.css' contains @import rules after other at rules. This is invalid CSS and may cause problems with your build.
hoist-at-import: The file '/home/leo/snap/postman/current/.local/share/themes/Radiance/gtk-3.0/gtk-main.css' contains @import rules after other at rules. This is invalid CSS and may cause problems with your build.
hoist-at-import: The file '/home/leo/snap/postman/current/.local/share/themes/Radiance/gtk-3.20/gtk-main.css' contains @import rules after other at rules. This is invalid CSS and may cause problems with your build.
hoist-at-import: The file '/home/leo/snap/postman/current/.themes/Ambiance/gtk-3.0/gtk-main.css' contains @import rules after other at rules. This is invalid CSS and may cause problems with your build.
hoist-at-import: The file '/home/leo/snap/postman/current/.themes/Ambiance/gtk-3.20/gtk-main.css' contains @import rules after other at rules. This is invalid CSS and may cause problems with your build.
hoist-at-import: The file '/home/leo/snap/postman/current/.themes/Radiance/gtk-3.0/gtk-main.css' contains @import rules after other at rules. This is invalid CSS and may cause problems with your build.
hoist-at-import: The file '/home/leo/snap/postman/current/.themes/Radiance/gtk-3.20/gtk-main.css' contains @import rules after other at rules. This is invalid CSS and may cause problems with your build.
{"tailwind":{"version":"4.1.15","features":["css-at-theme","layer:base","content-list","source-inline","source-not"],"isDefaultVersion":true},"path":"/home/leo/.vscode-server/data/User/History/131947df/FRfR.css"}
[Warn  - 9:17:46 PM] The config /home/leo/.vscode-server/data/User/History/131947df/FRfR.css looks like it might be for a different Tailwind CSS version. Skipping.
{"tailwind":{"version":"4.1.15","features":["css-at-theme","layer:base","content-list","source-inline","source-not"],"isDefaultVersion":true},"path":"/home/leo/.vscode-server/data/User/History/131947df/GGc3.css"}
[Warn  - 9:17:46 PM] The config /home/leo/.vscode-server/data/User/History/131947df/GGc3.css looks like it might be for a different Tailwind CSS version. Skipping.
{"tailwind":{"version":"4.1.15","features":["css-at-theme","layer:base","content-list","source-inline","source-not"],"isDefaultVersion":true},"path":"/home/leo/snap/postman/360/.local/share/themes/Ambiance/gtk-3.0/gtk-main.css"}
{"tailwind":{"version":"4.1.15","features":["css-at-theme","layer:base","content-list","source-inline","source-not"],"isDefaultVersion":true},"path":"/home/leo/snap/postman/360/.local/share/themes/Ambiance/gtk-3.20/gtk-main.css"}
{"tailwind":{"version":"4.1.15","features":["css-at-theme","layer:base","content-list","source-inline","source-not"],"isDefaultVersion":true},"path":"/home/leo/snap/postman/360/.local/share/themes/Radiance/gtk-3.0/gtk-main.css"}
{"tailwind":{"version":"4.1.15","features":["css-at-theme","layer:base","content-list","source-inline","source-not"],"isDefaultVersion":true},"path":"/home/leo/snap/postman/360/.local/share/themes/Radiance/gtk-3.20/gtk-main.css"}
{"tailwind":{"version":"4.1.15","features":["css-at-theme","layer:base","content-list","source-inline","source-not"],"isDefaultVersion":true},"path":"/home/leo/snap/postman/360/.local/share/themes/Ambiance/gtk-3.0/apps/gnome-applications.css"}
{"tailwind":{"version":"4.1.15","features":["css-at-theme","layer:base","content-list","source-inline","source-not"],"isDefaultVersion":true},"path":"/home/leo/snap/postman/360/.local/share/themes/Ambiance/gtk-3.20/apps/gnome-applications.css"}
[Global] Creating projects: [{"folder":"/home/leo","config":"/home/leo/snap/postman/360/.local/share/themes/Ambiance/gtk-3.0/apps/gnome-applications.css","selectors":[{"pattern":"/home/leo/snap/postman/360/.local/share/themes/Ambiance/gtk-3.0/apps/gnome-applications.css","priority":0},{"pattern":"/home/leo/snap/postman/360/.local/share/themes/Ambiance/gtk-3.0/apps/**","priority":2},{"pattern":"/home/leo/**","priority":4}],"user":false,"tailwind":{"version":"4.1.15","features":["css-at-theme","layer:base","content-list","source-inline","source-not"],"isDefaultVersion":true}},{"folder":"/home/leo","config":"/home/leo/snap/postman/360/.local/share/themes/Ambiance/gtk-3.0/gtk-main.css","selectors":[{"pattern":"/home/leo/snap/postman/360/.local/share/themes/Ambiance/gtk-3.0/apps/nautilus.css","priority":0},{"pattern":"/home/leo/snap/postman/360/.local/share/themes/Ambiance/gtk-3.0/gtk-main.css","priority":0},{"pattern":"/home/leo/snap/postman/360/.local/share/themes/Ambiance/gtk-3.0/apps/**","priority":2},{"pattern":"/home/leo/snap/postman/360/.local/share/themes/Ambiance/gtk-3.0/**","priority":2},{"pattern":"/home/leo/**","priority":4}],"user":false,"tailwind":{"version":"4.1.15","features":["css-at-theme","layer:base","content-list","source-inline","source-not"],"isDefaultVersion":true}},{"folder":"/home/leo","config":"/home/leo/snap/postman/360/.local/share/themes/Ambiance/gtk-3.20/apps/gnome-applications.css","selectors":[{"pattern":"/home/leo/snap/postman/360/.local/share/themes/Ambiance/gtk-3.20/apps/gnome-applications.css","priority":0},{"pattern":"/home/leo/snap/postman/360/.local/share/themes/Ambiance/gtk-3.20/apps/**","priority":2},{"pattern":"/home/leo/**","priority":4}],"user":false,"tailwind":{"version":"4.1.15","features":["css-at-theme","layer:base","content-list","source-inline","source-not"],"isDefaultVersion":true}},{"folder":"/home/leo","config":"/home/leo/snap/postman/360/.local/share/themes/Ambiance/gtk-3.20/gtk-main.css","selectors":[{"pattern":"/home/leo/snap/postman/360/.local/share/themes/Ambiance/gtk-3.20/apps/nautilus.css","priority":0},{"pattern":"/home/leo/snap/postman/360/.local/share/themes/Ambiance/gtk-3.20/gtk-main.css","priority":0},{"pattern":"/home/leo/snap/postman/360/.local/share/themes/Ambiance/gtk-3.20/apps/**","priority":2},{"pattern":"/home/leo/snap/postman/360/.local/share/themes/Ambiance/gtk-3.20/**","priority":2},{"pattern":"/home/leo/**","priority":4}],"user":false,"tailwind":{"version":"4.1.15","features":["css-at-theme","layer:base","content-list","source-inline","source-not"],"isDefaultVersion":true}},{"folder":"/home/leo","config":"/home/leo/snap/postman/360/.local/share/themes/Radiance/gtk-3.0/gtk-main.css","selectors":[{"pattern":"/home/leo/snap/postman/360/.local/share/themes/Radiance/gtk-3.0/apps/nautilus.css","priority":0},{"pattern":"/home/leo/snap/postman/360/.local/share/themes/Radiance/gtk-3.0/gtk-main.css","priority":0},{"pattern":"/home/leo/snap/postman/360/.local/share/themes/Radiance/gtk-3.0/apps/**","priority":2},{"pattern":"/home/leo/snap/postman/360/.local/share/themes/Radiance/gtk-3.0/**","priority":2},{"pattern":"/home/leo/**","priority":4}],"user":false,"tailwind":{"version":"4.1.15","features":["css-at-theme","layer:base","content-list","source-inline","source-not"],"isDefaultVersion":true}},{"folder":"/home/leo","config":"/home/leo/snap/postman/360/.local/share/themes/Radiance/gtk-3.20/gtk-main.css","selectors":[{"pattern":"/home/leo/snap/postman/360/.local/share/themes/Radiance/gtk-3.20/apps/nautilus.css","priority":0},{"pattern":"/home/leo/snap/postman/360/.local/share/themes/Radiance/gtk-3.20/gtk-main.css","priority":0},{"pattern":"/home/leo/snap/postman/360/.local/share/themes/Radiance/gtk-3.20/apps/**","priority":2},{"pattern":"/home/leo/snap/postman/360/.local/share/themes/Radiance/gtk-3.20/**","priority":2},{"pattern":"/home/leo/**","priority":4}],"user":false,"tailwind":{"version":"4.1.15","features":["css-at-theme","layer:base","content-list","source-inline","source-not"],"isDefaultVersion":true}}]
[Global] Preparing projects...
[Global] Initializing projects...
[snap/postman/360/.local/share/themes/Ambiance/gtk-3.0/apps/gnome-applications.css] Initializing...
[Global] Adding watch patterns: /home/leo/snap/postman/360/.local/share/themes/Ambiance/gtk-3.0/apps/gnome-applications.css, /home/leo/snap/postman/360/.local/share/themes/Ambiance/gtk-3.0/apps, /home/leo/snap/postman/360/.local/share/themes/Ambiance/gtk-3.0, /home/leo/snap/postman/360/.local/share/themes/Ambiance, /home/leo/snap/postman/360/.local/share/themes, /home/leo/snap/postman/360/.local/share, /home/leo/snap/postman/360/.local, /home/leo/snap/postman/360, /home/leo/snap/postman, /home/leo/snap, /home/leo
[snap/postman/360/.local/share/themes/Ambiance/gtk-3.0/apps/gnome-applications.css] Failed to load workspace modules.
[snap/postman/360/.local/share/themes/Ambiance/gtk-3.0/apps/gnome-applications.css] Using bundled version of `tailwindcss`: v4.1.15
[snap/postman/360/.local/share/themes/Ambiance/gtk-3.0/apps/gnome-applications.css] Building...
[Global] Initialized 1 projects
----------
RESTARTING
----------
[Info  - 10:13:42 PM] [GLOBAL] No matching project for document {
  fsPath: '/home/leo/frontend/src/App.jsx',
  normalPath: '/home/leo/frontend/src/App.jsx'
}
[Info  - 10:13:42 PM] [GLOBAL] No matching project for document {
  fsPath: '/home/leo/backend/models/Proyecto.js',
  normalPath: '/home/leo/backend/models/Proyecto.js'
}
[Info  - 10:13:42 PM] [GLOBAL] No matching project for document {
  fsPath: '/home/leo/backend/config/cloudinary.js',
  normalPath: '/home/leo/backend/config/cloudinary.js'
}
[Info  - 10:13:42 PM] [GLOBAL] No matching project for document {
  fsPath: '/home/leo/backend/routes/upload.js',
  normalPath: '/home/leo/backend/routes/upload.js'
}
[Info  - 10:13:42 PM] [GLOBAL] No matching project for document {
  fsPath: '/home/leo/backend/server.js',
  normalPath: '/home/leo/backend/server.js'
}
Searching for Tailwind CSS projects in the workspace's folders.
hoist-at-import: The file '/home/leo/snap/postman/360/.local/share/themes/Ambiance/gtk-3.0/gtk-main.css' contains @import rules after other at rules. This is invalid CSS and may cause problems with your build.
hoist-at-import: The file '/home/leo/snap/postman/360/.local/share/themes/Ambiance/gtk-3.20/gtk-main.css' contains @import rules after other at rules. This is invalid CSS and may cause problems with your build.
hoist-at-import: The file '/home/leo/snap/postman/360/.local/share/themes/Radiance/gtk-3.0/gtk-main.css' contains @import rules after other at rules. This is invalid CSS and may cause problems with your build.
hoist-at-import: The file '/home/leo/snap/postman/360/.local/share/themes/Radiance/gtk-3.20/gtk-main.css' contains @import rules after other at rules. This is invalid CSS and may cause problems with your build.
hoist-at-import: The file '/home/leo/snap/postman/360/.themes/Ambiance/gtk-3.0/gtk-main.css' contains @import rules after other at rules. This is invalid CSS and may cause problems with your build.
hoist-at-import: The file '/home/leo/snap/postman/360/.themes/Ambiance/gtk-3.20/gtk-main.css' contains @import rules after other at rules. This is invalid CSS and may cause problems with your build.
hoist-at-import: The file '/home/leo/snap/postman/360/.themes/Radiance/gtk-3.0/gtk-main.css' contains @import rules after other at rules. This is invalid CSS and may cause problems with your build.
hoist-at-import: The file '/home/leo/snap/postman/360/.themes/Radiance/gtk-3.20/gtk-main.css' contains @import rules after other at rules. This is invalid CSS and may cause problems with your build.
hoist-at-import: The file '/home/leo/snap/postman/current/.local/share/themes/Ambiance/gtk-3.0/gtk-main.css' contains @import rules after other at rules. This is invalid CSS and may cause problems with your build.
hoist-at-import: The file '/home/leo/snap/postman/current/.local/share/themes/Ambiance/gtk-3.20/gtk-main.css' contains @import rules after other at rules. This is invalid CSS and may cause problems with your build.
hoist-at-import: The file '/home/leo/snap/postman/current/.local/share/themes/Radiance/gtk-3.0/gtk-main.css' contains @import rules after other at rules. This is invalid CSS and may cause problems with your build.
hoist-at-import: The file '/home/leo/snap/postman/current/.local/share/themes/Radiance/gtk-3.20/gtk-main.css' contains @import rules after other at rules. This is invalid CSS and may cause problems with your build.
hoist-at-import: The file '/home/leo/snap/postman/current/.themes/Ambiance/gtk-3.0/gtk-main.css' contains @import rules after other at rules. This is invalid CSS and may cause problems with your build.
hoist-at-import: The file '/home/leo/snap/postman/current/.themes/Ambiance/gtk-3.20/gtk-main.css' contains @import rules after other at rules. This is invalid CSS and may cause problems with your build.
hoist-at-import: The file '/home/leo/snap/postman/current/.themes/Radiance/gtk-3.0/gtk-main.css' contains @import rules after other at rules. This is invalid CSS and may cause problems with your build.
hoist-at-import: The file '/home/leo/snap/postman/current/.themes/Radiance/gtk-3.20/gtk-main.css' contains @import rules after other at rules. This is invalid CSS and may cause problems with your build.
{"tailwind":{"version":"4.1.15","features":["css-at-theme","layer:base","content-list","source-inline","source-not"],"isDefaultVersion":true},"path":"/home/leo/.vscode-server/data/User/History/131947df/FRfR.css"}
[Warn  - 10:13:47 PM] The config /home/leo/.vscode-server/data/User/History/131947df/FRfR.css looks like it might be for a different Tailwind CSS version. Skipping.
{"tailwind":{"version":"4.1.15","features":["css-at-theme","layer:base","content-list","source-inline","source-not"],"isDefaultVersion":true},"path":"/home/leo/.vscode-server/data/User/History/131947df/GGc3.css"}
[Warn  - 10:13:47 PM] The config /home/leo/.vscode-server/data/User/History/131947df/GGc3.css looks like it might be for a different Tailwind CSS version. Skipping.
{"tailwind":{"version":"4.1.15","features":["css-at-theme","layer:base","content-list","source-inline","source-not"],"isDefaultVersion":true},"path":"/home/leo/snap/postman/360/.local/share/themes/Ambiance/gtk-3.0/gtk-main.css"}
{"tailwind":{"version":"4.1.15","features":["css-at-theme","layer:base","content-list","source-inline","source-not"],"isDefaultVersion":true},"path":"/home/leo/snap/postman/360/.local/share/themes/Ambiance/gtk-3.20/gtk-main.css"}
{"tailwind":{"version":"4.1.15","features":["css-at-theme","layer:base","content-list","source-inline","source-not"],"isDefaultVersion":true},"path":"/home/leo/snap/postman/360/.local/share/themes/Radiance/gtk-3.0/gtk-main.css"}
{"tailwind":{"version":"4.1.15","features":["css-at-theme","layer:base","content-list","source-inline","source-not"],"isDefaultVersion":true},"path":"/home/leo/snap/postman/360/.local/share/themes/Radiance/gtk-3.20/gtk-main.css"}
{"tailwind":{"version":"4.1.15","features":["css-at-theme","layer:base","content-list","source-inline","source-not"],"isDefaultVersion":true},"path":"/home/leo/snap/postman/360/.local/share/themes/Ambiance/gtk-3.0/apps/gnome-applications.css"}
{"tailwind":{"version":"4.1.15","features":["css-at-theme","layer:base","content-list","source-inline","source-not"],"isDefaultVersion":true},"path":"/home/leo/snap/postman/360/.local/share/themes/Ambiance/gtk-3.20/apps/gnome-applications.css"}
[Global] Creating projects: [{"folder":"/home/leo","config":"/home/leo/snap/postman/360/.local/share/themes/Ambiance/gtk-3.0/apps/gnome-applications.css","selectors":[{"pattern":"/home/leo/snap/postman/360/.local/share/themes/Ambiance/gtk-3.0/apps/gnome-applications.css","priority":0},{"pattern":"/home/leo/snap/postman/360/.local/share/themes/Ambiance/gtk-3.0/apps/**","priority":2},{"pattern":"/home/leo/**","priority":4}],"user":false,"tailwind":{"version":"4.1.15","features":["css-at-theme","layer:base","content-list","source-inline","source-not"],"isDefaultVersion":true}},{"folder":"/home/leo","config":"/home/leo/snap/postman/360/.local/share/themes/Ambiance/gtk-3.0/gtk-main.css","selectors":[{"pattern":"/home/leo/snap/postman/360/.local/share/themes/Ambiance/gtk-3.0/apps/nautilus.css","priority":0},{"pattern":"/home/leo/snap/postman/360/.local/share/themes/Ambiance/gtk-3.0/gtk-main.css","priority":0},{"pattern":"/home/leo/snap/postman/360/.local/share/themes/Ambiance/gtk-3.0/apps/**","priority":2},{"pattern":"/home/leo/snap/postman/360/.local/share/themes/Ambiance/gtk-3.0/**","priority":2},{"pattern":"/home/leo/**","priority":4}],"user":false,"tailwind":{"version":"4.1.15","features":["css-at-theme","layer:base","content-list","source-inline","source-not"],"isDefaultVersion":true}},{"folder":"/home/leo","config":"/home/leo/snap/postman/360/.local/share/themes/Ambiance/gtk-3.20/apps/gnome-applications.css","selectors":[{"pattern":"/home/leo/snap/postman/360/.local/share/themes/Ambiance/gtk-3.20/apps/gnome-applications.css","priority":0},{"pattern":"/home/leo/snap/postman/360/.local/share/themes/Ambiance/gtk-3.20/apps/**","priority":2},{"pattern":"/home/leo/**","priority":4}],"user":false,"tailwind":{"version":"4.1.15","features":["css-at-theme","layer:base","content-list","source-inline","source-not"],"isDefaultVersion":true}},{"folder":"/home/leo","config":"/home/leo/snap/postman/360/.local/share/themes/Ambiance/gtk-3.20/gtk-main.css","selectors":[{"pattern":"/home/leo/snap/postman/360/.local/share/themes/Ambiance/gtk-3.20/apps/nautilus.css","priority":0},{"pattern":"/home/leo/snap/postman/360/.local/share/themes/Ambiance/gtk-3.20/gtk-main.css","priority":0},{"pattern":"/home/leo/snap/postman/360/.local/share/themes/Ambiance/gtk-3.20/apps/**","priority":2},{"pattern":"/home/leo/snap/postman/360/.local/share/themes/Ambiance/gtk-3.20/**","priority":2},{"pattern":"/home/leo/**","priority":4}],"user":false,"tailwind":{"version":"4.1.15","features":["css-at-theme","layer:base","content-list","source-inline","source-not"],"isDefaultVersion":true}},{"folder":"/home/leo","config":"/home/leo/snap/postman/360/.local/share/themes/Radiance/gtk-3.0/gtk-main.css","selectors":[{"pattern":"/home/leo/snap/postman/360/.local/share/themes/Radiance/gtk-3.0/apps/nautilus.css","priority":0},{"pattern":"/home/leo/snap/postman/360/.local/share/themes/Radiance/gtk-3.0/gtk-main.css","priority":0},{"pattern":"/home/leo/snap/postman/360/.local/share/themes/Radiance/gtk-3.0/apps/**","priority":2},{"pattern":"/home/leo/snap/postman/360/.local/share/themes/Radiance/gtk-3.0/**","priority":2},{"pattern":"/home/leo/**","priority":4}],"user":false,"tailwind":{"version":"4.1.15","features":["css-at-theme","layer:base","content-list","source-inline","source-not"],"isDefaultVersion":true}},{"folder":"/home/leo","config":"/home/leo/snap/postman/360/.local/share/themes/Radiance/gtk-3.20/gtk-main.css","selectors":[{"pattern":"/home/leo/snap/postman/360/.local/share/themes/Radiance/gtk-3.20/apps/nautilus.css","priority":0},{"pattern":"/home/leo/snap/postman/360/.local/share/themes/Radiance/gtk-3.20/gtk-main.css","priority":0},{"pattern":"/home/leo/snap/postman/360/.local/share/themes/Radiance/gtk-3.20/apps/**","priority":2},{"pattern":"/home/leo/snap/postman/360/.local/share/themes/Radiance/gtk-3.20/**","priority":2},{"pattern":"/home/leo/**","priority":4}],"user":false,"tailwind":{"version":"4.1.15","features":["css-at-theme","layer:base","content-list","source-inline","source-not"],"isDefaultVersion":true}}]
[Global] Preparing projects...
[Global] Initializing projects...
[snap/postman/360/.local/share/themes/Ambiance/gtk-3.0/apps/gnome-applications.css] Initializing...
[Global] Adding watch patterns: /home/leo/snap/postman/360/.local/share/themes/Ambiance/gtk-3.0/apps/gnome-applications.css, /home/leo/snap/postman/360/.local/share/themes/Ambiance/gtk-3.0/apps, /home/leo/snap/postman/360/.local/share/themes/Ambiance/gtk-3.0, /home/leo/snap/postman/360/.local/share/themes/Ambiance, /home/leo/snap/postman/360/.local/share/themes, /home/leo/snap/postman/360/.local/share, /home/leo/snap/postman/360/.local, /home/leo/snap/postman/360, /home/leo/snap/postman, /home/leo/snap, /home/leo
[snap/postman/360/.local/share/themes/Ambiance/gtk-3.0/apps/gnome-applications.css] Failed to load workspace modules.
[snap/postman/360/.local/share/themes/Ambiance/gtk-3.0/apps/gnome-applications.css] Using bundled version of `tailwindcss`: v4.1.15
[snap/postman/360/.local/share/themes/Ambiance/gtk-3.0/apps/gnome-applications.css] Building...
[Global] Initialized 1 projects
