2026-02-06 23:23:44.579 [info] [main] Nivel de registro: Info
2026-02-06 23:23:44.579 [info] [main] Validando git encontrado en: "git"
2026-02-06 23:23:44.579 [info] [main] Usando git "2.43.0" de "git"
2026-02-06 23:23:44.579 [info] [Model][doInitialScan] Initial repository scan started
2026-02-06 23:23:44.579 [info] > git rev-parse --show-toplevel [147ms]
2026-02-06 23:23:44.579 [info] fatal: not a git repository (or any of the parent directories): .git
2026-02-06 23:23:44.579 [info] > git rev-parse --show-toplevel [125ms]
2026-02-06 23:23:44.579 [info] fatal: not a git repository (or any of the parent directories): .git
2026-02-06 23:23:44.619 [info] > git rev-parse --show-toplevel [6ms]
2026-02-06 23:23:44.619 [info] fatal: not a git repository (or any of the parent directories): .git
2026-02-06 23:23:44.638 [info] > git rev-parse --show-toplevel [3ms]
2026-02-06 23:23:44.638 [info] fatal: not a git repository (or any of the parent directories): .git
2026-02-06 23:23:44.794 [info] > git rev-parse --show-toplevel [140ms]
2026-02-06 23:23:44.794 [info] fatal: not a git repository (or any of the parent directories): .git
2026-02-06 23:23:44.868 [info] > git rev-parse --show-toplevel [54ms]
2026-02-06 23:23:44.868 [info] fatal: not a git repository (or any of the parent directories): .git
2026-02-06 23:23:44.973 [info] > git rev-parse --show-toplevel [77ms]
2026-02-06 23:23:44.989 [info] fatal: not a git repository (or any of the parent directories): .git
2026-02-06 23:23:45.045 [info] > git rev-parse --show-toplevel [28ms]
2026-02-06 23:23:45.045 [info] fatal: not a git repository (or any of the parent directories): .git
2026-02-06 23:23:45.449 [info] > git rev-parse --show-toplevel [375ms]
2026-02-06 23:23:45.449 [info] fatal: not a git repository (or any of the parent directories): .git
2026-02-06 23:23:45.562 [info] > git rev-parse --show-toplevel [82ms]
2026-02-06 23:23:45.562 [info] fatal: not a git repository (or any of the parent directories): .git
2026-02-06 23:23:45.597 [info] > git rev-parse --show-toplevel [20ms]
2026-02-06 23:23:45.597 [info] fatal: not a git repository (or any of the parent directories): .git
2026-02-06 23:23:45.617 [info] > git rev-parse --show-toplevel [5ms]
2026-02-06 23:23:45.618 [info] fatal: not a git repository (or any of the parent directories): .git
2026-02-06 23:23:45.621 [info] [Model][doInitialScan] Initial repository scan completed - repositories (0), closed repositories (0), parent repositories (0), unsafe repositories (0)
2026-02-06 23:34:56.880 [info] > git rev-parse --show-toplevel [89ms]
2026-02-06 23:34:56.880 [info] fatal: not a git repository (or any of the parent directories): .git
2026-02-06 23:36:28.799 [info] > git rev-parse --show-toplevel [7ms]
2026-02-06 23:36:28.799 [info] fatal: not a git repository (or any of the parent directories): .git
2026-02-06 23:38:28.191 [info] > git rev-parse --show-toplevel [10ms]
2026-02-06 23:38:28.192 [info] fatal: not a git repository (or any of the parent directories): .git
2026-02-06 23:44:33.465 [info] > git rev-parse --show-toplevel [8ms]
2026-02-06 23:44:33.465 [info] fatal: not a git repository (or any of the parent directories): .git
2026-02-07 00:05:05.611 [info] > git rev-parse --show-toplevel [10ms]
2026-02-07 00:05:05.611 [info] fatal: not a git repository (or any of the parent directories): .git
2026-02-07 00:31:57.875 [info] > git rev-parse --show-toplevel [3ms]
2026-02-07 00:31:57.875 [info] fatal: not a git repository (or any of the parent directories): .git
2026-02-07 00:39:26.155 [info] > git rev-parse --show-toplevel [6ms]
2026-02-07 00:39:26.155 [info] fatal: not a git repository (or any of the parent directories): .git
2026-02-07 00:39:27.966 [info] > git rev-parse --show-toplevel [18ms]
2026-02-07 00:39:27.966 [info] fatal: not a git repository (or any of the parent directories): .git
2026-02-07 00:39:28.752 [info] > git rev-parse --show-toplevel [4ms]
2026-02-07 00:39:28.752 [info] fatal: not a git repository (or any of the parent directories): .git
2026-02-07 00:39:29.973 [info] > git rev-parse --show-toplevel [5ms]
2026-02-07 00:39:29.973 [info] fatal: not a git repository (or any of the parent directories): .git
2026-02-07 00:39:31.663 [info] > git rev-parse --show-toplevel [9ms]
2026-02-07 00:39:31.663 [info] fatal: not a git repository (or any of the parent directories): .git
2026-02-07 00:39:33.174 [info] > git rev-parse --show-toplevel [6ms]
2026-02-07 00:39:33.174 [info] fatal: not a git repository (or any of the parent directories): .git
2026-02-07 00:39:33.820 [info] > git rev-parse --show-toplevel [6ms]
2026-02-07 00:39:33.820 [info] fatal: not a git repository (or any of the parent directories): .git
2026-02-07 00:39:36.177 [info] > git rev-parse --show-toplevel [2ms]
2026-02-07 00:39:36.178 [info] fatal: not a git repository (or any of the parent directories): .git
2026-02-07 00:39:37.081 [info] > git rev-parse --show-toplevel [17ms]
2026-02-07 00:39:37.081 [info] fatal: not a git repository (or any of the parent directories): .git
2026-02-07 00:39:42.699 [info] > git rev-parse --show-toplevel [6ms]
2026-02-07 00:39:42.699 [info] fatal: not a git repository (or any of the parent directories): .git
2026-02-07 00:39:42.717 [info] > git rev-parse --show-toplevel [2ms]
2026-02-07 00:39:42.718 [info] fatal: not a git repository (or any of the parent directories): .git
2026-02-07 00:39:42.737 [info] > git rev-parse --show-toplevel [2ms]
2026-02-07 00:39:42.737 [info] fatal: not a git repository (or any of the parent directories): .git
2026-02-07 00:39:42.757 [info] > git rev-parse --show-toplevel [2ms]
2026-02-07 00:39:42.757 [info] fatal: not a git repository (or any of the parent directories): .git
2026-02-07 00:39:42.779 [info] > git rev-parse --show-toplevel [2ms]
2026-02-07 00:39:42.780 [info] fatal: not a git repository (or any of the parent directories): .git
2026-02-07 00:39:42.801 [info] > git rev-parse --show-toplevel [3ms]
2026-02-07 00:39:42.802 [info] fatal: not a git repository (or any of the parent directories): .git
2026-02-07 00:39:42.819 [info] > git rev-parse --show-toplevel [2ms]
2026-02-07 00:39:42.819 [info] fatal: not a git repository (or any of the parent directories): .git
2026-02-07 00:39:42.836 [info] > git rev-parse --show-toplevel [3ms]
2026-02-07 00:39:42.836 [info] fatal: not a git repository (or any of the parent directories): .git
2026-02-07 00:39:42.852 [info] > git rev-parse --show-toplevel [2ms]
2026-02-07 00:39:42.853 [info] fatal: not a git repository (or any of the parent directories): .git
2026-02-07 00:44:01.323 [info] > git rev-parse --show-toplevel [6ms]
2026-02-07 00:44:01.324 [info] fatal: not a git repository (or any of the parent directories): .git
2026-02-07 00:46:17.492 [info] > git rev-parse --show-toplevel [4ms]
2026-02-07 00:46:17.492 [info] fatal: not a git repository (or any of the parent directories): .git
2026-02-07 00:46:38.455 [info] > git rev-parse --show-toplevel [7ms]
2026-02-07 00:46:38.455 [info] fatal: not a git repository (or any of the parent directories): .git
2026-02-07 00:47:27.048 [info] > git rev-parse --show-toplevel [3ms]
2026-02-07 00:47:27.048 [info] fatal: not a git repository (or any of the parent directories): .git
2026-02-07 00:48:49.370 [info] > git rev-parse --show-toplevel [7ms]
2026-02-07 00:48:49.370 [info] fatal: not a git repository (or any of the parent directories): .git
2026-02-07 00:53:48.828 [info] > git rev-parse --show-toplevel [13ms]
2026-02-07 00:53:48.829 [info] fatal: not a git repository (or any of the parent directories): .git
2026-02-07 00:53:49.560 [info] > git rev-parse --show-toplevel [9ms]
2026-02-07 00:53:49.560 [info] fatal: not a git repository (or any of the parent directories): .git
2026-02-07 00:53:59.828 [info] > git rev-parse --show-toplevel [4ms]
2026-02-07 00:53:59.828 [info] fatal: not a git repository (or any of the parent directories): .git
2026-02-07 00:54:01.903 [info] > git rev-parse --show-toplevel [8ms]
2026-02-07 00:54:01.903 [info] fatal: not a git repository (or any of the parent directories): .git
2026-02-07 00:55:45.296 [info] > git rev-parse --show-toplevel [9ms]
2026-02-07 00:55:45.296 [info] fatal: not a git repository (or any of the parent directories): .git
2026-02-07 00:56:08.240 [info] > git rev-parse --show-toplevel [6ms]
2026-02-07 00:56:08.241 [info] fatal: not a git repository (or any of the parent directories): .git
2026-02-07 00:56:10.862 [info] > git rev-parse --show-toplevel [8ms]
2026-02-07 00:56:10.862 [info] fatal: not a git repository (or any of the parent directories): .git
2026-02-07 00:56:21.010 [info] > git rev-parse --show-toplevel [8ms]
2026-02-07 00:56:21.010 [info] fatal: not a git repository (or any of the parent directories): .git
2026-02-07 01:04:44.871 [info] > git rev-parse --show-toplevel [12ms]
2026-02-07 01:04:44.871 [info] fatal: not a git repository (or any of the parent directories): .git
2026-02-07 01:05:07.340 [info] > git rev-parse --show-toplevel [9ms]
2026-02-07 01:05:07.340 [info] fatal: not a git repository (or any of the parent directories): .git
2026-02-07 01:07:23.824 [info] > git rev-parse --show-toplevel [8ms]
2026-02-07 01:07:23.824 [info] fatal: not a git repository (or any of the parent directories): .git
2026-02-07 01:07:59.795 [info] > git rev-parse --show-toplevel [17ms]
2026-02-07 01:07:59.795 [info] fatal: not a git repository (or any of the parent directories): .git
2026-02-07 01:16:40.070 [info] > git rev-parse --show-toplevel [6ms]
2026-02-07 01:16:40.071 [info] fatal: not a git repository (or any of the parent directories): .git
2026-02-07 01:17:25.570 [info] > git rev-parse --show-toplevel [8ms]
2026-02-07 01:17:25.571 [info] fatal: not a git repository (or any of the parent directories): .git
2026-02-07 01:19:46.173 [info] > git rev-parse --show-toplevel [6ms]
2026-02-07 01:19:46.174 [info] fatal: not a git repository (or any of the parent directories): .git
2026-02-07 01:19:49.147 [info] > git rev-parse --show-toplevel [10ms]
2026-02-07 01:19:49.154 [info] fatal: not a git repository (or any of the parent directories): .git
2026-02-07 01:28:53.628 [info] > git rev-parse --show-toplevel [5ms]
2026-02-07 01:28:53.629 [info] fatal: not a git repository (or any of the parent directories): .git
2026-02-07 01:37:41.656 [info] > git rev-parse --show-toplevel [32ms]
2026-02-07 01:37:41.656 [info] fatal: not a git repository (or any of the parent directories): .git
2026-02-07 01:38:53.071 [info] > git rev-parse --show-toplevel [27ms]
2026-02-07 01:38:53.071 [info] fatal: not a git repository (or any of the parent directories): .git
2026-02-07 01:39:37.328 [info] > git rev-parse --show-toplevel [2ms]
2026-02-07 01:39:37.328 [info] fatal: not a git repository (or any of the parent directories): .git
2026-02-07 01:47:58.131 [info] > git rev-parse --show-toplevel [18ms]
2026-02-07 01:47:58.131 [info] fatal: not a git repository (or any of the parent directories): .git
2026-02-07 01:47:58.988 [info] > git rev-parse --show-toplevel [10ms]
2026-02-07 01:47:58.989 [info] fatal: not a git repository (or any of the parent directories): .git
2026-02-07 01:48:09.896 [info] > git rev-parse --show-toplevel [8ms]
2026-02-07 01:48:09.896 [info] fatal: not a git repository (or any of the parent directories): .git
2026-02-07 01:49:35.184 [info] > git rev-parse --show-toplevel [10ms]
2026-02-07 01:49:35.185 [info] fatal: not a git repository (or any of the parent directories): .git
2026-02-07 01:57:35.503 [info] > git rev-parse --show-toplevel [4ms]
2026-02-07 01:57:35.503 [info] fatal: not a git repository (or any of the parent directories): .git
2026-02-07 01:58:15.130 [info] > git rev-parse --show-toplevel [9ms]
2026-02-07 01:58:15.130 [info] fatal: not a git repository (or any of the parent directories): .git
2026-02-07 02:01:26.492 [info] > git rev-parse --show-toplevel [3ms]
2026-02-07 02:01:26.492 [info] fatal: not a git repository (or any of the parent directories): .git
2026-02-07 02:03:47.923 [info] > git rev-parse --show-toplevel [11ms]
2026-02-07 02:03:47.923 [info] fatal: not a git repository (or any of the parent directories): .git
2026-02-07 02:03:50.565 [info] > git rev-parse --show-toplevel [9ms]
2026-02-07 02:03:50.565 [info] fatal: not a git repository (or any of the parent directories): .git
2026-02-07 02:03:52.618 [info] > git rev-parse --show-toplevel [8ms]
2026-02-07 02:03:52.619 [info] fatal: not a git repository (or any of the parent directories): .git
2026-02-07 02:03:54.261 [info] > git rev-parse --show-toplevel [3ms]
2026-02-07 02:03:54.261 [info] fatal: not a git repository (or any of the parent directories): .git
2026-02-07 02:03:56.564 [info] > git rev-parse --show-toplevel [3ms]
2026-02-07 02:03:56.564 [info] fatal: not a git repository (or any of the parent directories): .git
2026-02-07 02:03:58.895 [info] > git rev-parse --show-toplevel [4ms]
2026-02-07 02:03:58.895 [info] fatal: not a git repository (or any of the parent directories): .git
2026-02-07 02:03:59.705 [info] > git rev-parse --show-toplevel [4ms]
2026-02-07 02:03:59.705 [info] fatal: not a git repository (or any of the parent directories): .git
2026-02-07 02:04:00.402 [info] > git rev-parse --show-toplevel [8ms]
2026-02-07 02:04:00.403 [info] fatal: not a git repository (or any of the parent directories): .git
2026-02-07 02:04:01.275 [info] > git rev-parse --show-toplevel [4ms]
2026-02-07 02:04:01.275 [info] fatal: not a git repository (or any of the parent directories): .git
2026-02-07 02:04:02.291 [info] > git rev-parse --show-toplevel [6ms]
2026-02-07 02:04:02.292 [info] fatal: not a git repository (or any of the parent directories): .git
2026-02-07 02:04:02.319 [info] > git rev-parse --show-toplevel [6ms]
2026-02-07 02:04:02.319 [info] fatal: not a git repository (or any of the parent directories): .git
2026-02-07 02:04:02.339 [info] > git rev-parse --show-toplevel [3ms]
2026-02-07 02:04:02.340 [info] fatal: not a git repository (or any of the parent directories): .git
2026-02-07 02:04:02.360 [info] > git rev-parse --show-toplevel [3ms]
2026-02-07 02:04:02.361 [info] fatal: not a git repository (or any of the parent directories): .git
2026-02-07 02:04:02.378 [info] > git rev-parse --show-toplevel [3ms]
2026-02-07 02:04:02.378 [info] fatal: not a git repository (or any of the parent directories): .git
2026-02-07 02:04:02.400 [info] > git rev-parse --show-toplevel [5ms]
2026-02-07 02:04:02.400 [info] fatal: not a git repository (or any of the parent directories): .git
2026-02-07 02:04:02.418 [info] > git rev-parse --show-toplevel [3ms]
2026-02-07 02:04:02.418 [info] fatal: not a git repository (or any of the parent directories): .git
2026-02-07 02:04:02.442 [info] > git rev-parse --show-toplevel [7ms]
2026-02-07 02:04:02.442 [info] fatal: not a git repository (or any of the parent directories): .git
2026-02-07 02:04:32.498 [info] > git rev-parse --show-toplevel [9ms]
2026-02-07 02:04:32.499 [info] fatal: not a git repository (or any of the parent directories): .git
2026-02-07 02:15:16.357 [info] > git rev-parse --show-toplevel [10ms]
2026-02-07 02:15:16.357 [info] fatal: not a git repository (or any of the parent directories): .git
2026-02-07 02:15:33.368 [info] > git rev-parse --show-toplevel [12ms]
2026-02-07 02:15:33.368 [info] fatal: not a git repository (or any of the parent directories): .git
2026-02-07 02:15:40.581 [info] > git rev-parse --show-toplevel [9ms]
2026-02-07 02:15:40.581 [info] fatal: not a git repository (or any of the parent directories): .git
2026-02-07 02:30:30.663 [info] > git rev-parse --show-toplevel [5ms]
2026-02-07 02:30:30.663 [info] fatal: not a git repository (or any of the parent directories): .git
2026-02-07 02:31:32.058 [info] > git rev-parse --show-toplevel [13ms]
2026-02-07 02:31:32.058 [info] fatal: not a git repository (or any of the parent directories): .git
2026-02-07 02:32:03.767 [info] > git rev-parse --show-toplevel [11ms]
2026-02-07 02:32:03.768 [info] fatal: not a git repository (or any of the parent directories): .git
2026-02-07 02:36:06.460 [info] > git rev-parse --show-toplevel [10ms]
2026-02-07 02:36:06.461 [info] fatal: not a git repository (or any of the parent directories): .git
2026-02-07 02:36:44.512 [info] > git rev-parse --show-toplevel [8ms]
2026-02-07 02:36:44.512 [info] fatal: not a git repository (or any of the parent directories): .git
2026-02-07 02:37:51.460 [info] > git rev-parse --show-toplevel [7ms]
2026-02-07 02:37:51.460 [info] fatal: not a git repository (or any of the parent directories): .git
2026-02-07 02:39:01.444 [info] > git rev-parse --show-toplevel [9ms]
2026-02-07 02:39:01.444 [info] fatal: not a git repository (or any of the parent directories): .git
2026-02-07 02:41:37.574 [info] > git rev-parse --show-toplevel [13ms]
2026-02-07 02:41:37.575 [info] fatal: not a git repository (or any of the parent directories): .git
2026-02-07 02:44:02.048 [info] > git rev-parse --show-toplevel [4ms]
2026-02-07 02:44:02.049 [info] fatal: not a git repository (or any of the parent directories): .git
2026-02-07 02:52:27.178 [info] > git rev-parse --show-toplevel [8ms]
2026-02-07 02:52:27.178 [info] fatal: not a git repository (or any of the parent directories): .git
2026-02-07 02:52:56.561 [info] > git rev-parse --show-toplevel [12ms]
2026-02-07 02:52:56.561 [info] fatal: not a git repository (or any of the parent directories): .git
2026-02-07 02:56:09.866 [info] > git rev-parse --show-toplevel [7ms]
2026-02-07 02:56:09.866 [info] fatal: not a git repository (or any of the parent directories): .git
2026-02-07 03:05:48.770 [info] > git rev-parse --show-toplevel [9ms]
2026-02-07 03:05:48.771 [info] fatal: not a git repository (or any of the parent directories): .git
2026-02-07 03:07:23.050 [info] > git rev-parse --show-toplevel [4ms]
2026-02-07 03:07:23.050 [info] fatal: not a git repository (or any of the parent directories): .git
2026-02-07 03:07:26.444 [info] > git rev-parse --show-toplevel [10ms]
2026-02-07 03:07:26.444 [info] fatal: not a git repository (or any of the parent directories): .git
2026-02-07 03:07:32.226 [info] > git rev-parse --show-toplevel [12ms]
2026-02-07 03:07:32.227 [info] fatal: not a git repository (or any of the parent directories): .git
2026-02-07 03:14:48.160 [info] > git rev-parse --show-toplevel [12ms]
2026-02-07 03:14:48.160 [info] fatal: not a git repository (or any of the parent directories): .git
2026-02-07 03:18:13.766 [info] > git rev-parse --show-toplevel [3ms]
2026-02-07 03:18:13.766 [info] fatal: not a git repository (or any of the parent directories): .git
2026-02-07 03:18:25.293 [info] > git rev-parse --show-toplevel [2ms]
2026-02-07 03:18:25.294 [info] fatal: not a git repository (or any of the parent directories): .git
2026-02-07 03:20:21.593 [info] > git rev-parse --show-toplevel [9ms]
2026-02-07 03:20:21.593 [info] fatal: not a git repository (or any of the parent directories): .git
2026-02-07 03:20:23.686 [info] > git rev-parse --show-toplevel [11ms]
2026-02-07 03:20:23.686 [info] fatal: not a git repository (or any of the parent directories): .git
2026-02-07 03:20:34.115 [info] > git rev-parse --show-toplevel [11ms]
2026-02-07 03:20:34.116 [info] fatal: not a git repository (or any of the parent directories): .git
2026-02-07 03:47:09.399 [info] > git rev-parse --show-toplevel [14ms]
2026-02-07 03:47:09.400 [info] fatal: not a git repository (or any of the parent directories): .git
2026-02-07 03:58:13.130 [info] > git rev-parse --show-toplevel [11ms]
2026-02-07 03:58:13.130 [info] fatal: not a git repository (or any of the parent directories): .git
2026-02-07 04:15:54.162 [info] > git rev-parse --show-toplevel [8ms]
2026-02-07 04:15:54.163 [info] fatal: not a git repository (or any of the parent directories): .git
2026-02-07 04:21:16.099 [info] > git rev-parse --show-toplevel [30ms]
2026-02-07 04:21:16.099 [info] fatal: not a git repository (or any of the parent directories): .git
2026-02-07 04:21:37.070 [info] > git rev-parse --show-toplevel [6ms]
2026-02-07 04:21:37.071 [info] fatal: not a git repository (or any of the parent directories): .git
2026-02-07 04:22:33.198 [info] > git rev-parse --show-toplevel [7ms]
2026-02-07 04:22:33.198 [info] fatal: not a git repository (or any of the parent directories): .git
2026-02-07 04:23:02.640 [info] > git rev-parse --show-toplevel [12ms]
2026-02-07 04:23:02.640 [info] fatal: not a git repository (or any of the parent directories): .git
2026-02-07 04:33:56.975 [info] > git rev-parse --show-toplevel [3ms]
2026-02-07 04:33:56.975 [info] fatal: not a git repository (or any of the parent directories): .git
2026-02-07 04:43:05.290 [info] > git rev-parse --show-toplevel [6ms]
2026-02-07 04:43:05.290 [info] fatal: not a git repository (or any of the parent directories): .git
2026-02-07 04:44:06.318 [info] > git rev-parse --show-toplevel [7ms]
2026-02-07 04:44:06.318 [info] fatal: not a git repository (or any of the parent directories): .git
2026-02-07 04:52:30.435 [info] > git rev-parse --show-toplevel [10ms]
2026-02-07 04:52:30.435 [info] fatal: not a git repository (or any of the parent directories): .git
2026-02-07 04:52:50.171 [info] > git rev-parse --show-toplevel [17ms]
2026-02-07 04:52:50.171 [info] fatal: not a git repository (or any of the parent directories): .git
2026-02-07 05:09:21.791 [info] > git rev-parse --show-toplevel [15ms]
2026-02-07 05:09:21.795 [info] fatal: not a git repository (or any of the parent directories): .git
2026-02-07 05:10:15.567 [info] > git rev-parse --show-toplevel [5ms]
2026-02-07 05:10:15.570 [info] fatal: not a git repository (or any of the parent directories): .git
