2026-02-14 15:59:25.855 [info] [main] Nivel de registro: Info
2026-02-14 15:59:25.855 [info] [main] Validando git encontrado en: "git"
2026-02-14 15:59:25.855 [info] [main] Usando git "2.43.0" de "git"
2026-02-14 15:59:25.855 [info] [Model][doInitialScan] Initial repository scan started
2026-02-14 15:59:25.855 [info] > git rev-parse --show-toplevel [462ms]
2026-02-14 15:59:25.855 [info] > git rev-parse --git-dir --git-common-dir [268ms]
2026-02-14 15:59:25.855 [info] [Model][openRepository] Opened repository: /home/leo
2026-02-14 15:59:26.113 [info] > git config --get commit.template [131ms]
2026-02-14 15:59:26.202 [info] > git rev-parse --show-toplevel [103ms]
2026-02-14 15:59:26.412 [info] > git for-each-ref --format=%(refname)%00%(upstream:short)%00%(objectname)%00%(upstream:track)%00%(upstream:remotename)%00%(upstream:remoteref) refs/heads/main refs/remotes/main [184ms]
2026-02-14 15:59:26.657 [info] > git check-ignore -v -z --stdin [98ms]
2026-02-14 15:59:26.664 [info] > git for-each-ref --sort -committerdate --format %(refname) %(objectname) %(*objectname) [138ms]
2026-02-14 15:59:27.232 [info] > git rev-parse --show-toplevel [85ms]
2026-02-14 15:59:27.308 [info] > git rev-parse --show-toplevel [64ms]
2026-02-14 15:59:27.471 [info] > git rev-parse --show-toplevel [113ms]
2026-02-14 15:59:27.542 [info] > git rev-parse --show-toplevel [7ms]
2026-02-14 15:59:27.838 [info] > git rev-parse --show-toplevel [33ms]
2026-02-14 15:59:27.955 [info] > git rev-parse --show-toplevel [101ms]
2026-02-14 15:59:27.992 [info] > git rev-parse --show-toplevel [12ms]
2026-02-14 15:59:28.019 [info] > git rev-parse --show-toplevel [6ms]
2026-02-14 15:59:28.038 [info] > git rev-parse --show-toplevel [5ms]
2026-02-14 15:59:28.640 [info] > git rev-parse --show-toplevel [586ms]
2026-02-14 15:59:28.806 [info] > git rev-parse --show-toplevel [118ms]
2026-02-14 15:59:28.881 [info] > git rev-parse --show-toplevel [48ms]
2026-02-14 15:59:29.216 [info] > git rev-parse --show-toplevel [305ms]
2026-02-14 15:59:29.218 [info] [Model][doInitialScan] Initial repository scan completed - repositories (1), closed repositories (0), parent repositories (0), unsafe repositories (0)
2026-02-14 15:59:29.271 [info] > git show --textconv :frontend/src/pages/Proyectos.jsx [40ms]
2026-02-14 15:59:29.398 [info] > git ls-files --stage -- /home/leo/frontend/src/pages/Proyectos.jsx [147ms]
2026-02-14 15:59:29.417 [info] > git cat-file -s ab3589b5d92996f5c526f9b61ecc022650291a6e [7ms]
2026-02-14 15:59:30.961 [info] > git status -z -uall [4505ms]
2026-02-14 15:59:31.024 [info] > git blame --root --incremental 20413414256438a24bcb2f39f06bf070c1163f13 -- /home/leo/frontend/src/pages/Proyectos.jsx [1501ms]
2026-02-14 15:59:31.110 [info] > git for-each-ref --format=%(refname)%00%(upstream:short)%00%(objectname)%00%(upstream:track)%00%(upstream:remotename)%00%(upstream:remoteref) refs/heads/main refs/remotes/main [92ms]
2026-02-14 15:59:31.612 [info] > git config --get --local branch.main.vscode-merge-base [487ms]
2026-02-14 15:59:31.612 [warning] [Git][config] git config failed: Failed to execute git
2026-02-14 15:59:31.627 [info] > git config --get commit.template [521ms]
2026-02-14 15:59:33.812 [info] > git reflog main --grep-reflog=branch: Created from *. [2186ms]
2026-02-14 15:59:33.898 [info] > git symbolic-ref --short refs/remotes/origin/HEAD [71ms]
2026-02-14 15:59:33.898 [info] fatal: ref refs/remotes/origin/HEAD is not a symbolic ref
2026-02-14 15:59:33.898 [warning] [Repository][getDefaultBranch] Failed to get default branch details: Failed to execute git.
2026-02-14 15:59:34.020 [info] > git for-each-ref --format=%(refname)%00%(upstream:short)%00%(objectname)%00%(upstream:track)%00%(upstream:remotename)%00%(upstream:remoteref) refs/heads/main refs/remotes/main [127ms]
2026-02-14 15:59:34.117 [info] > git for-each-ref --sort -committerdate --format %(refname) %(objectname) %(*objectname) [64ms]
2026-02-14 15:59:34.746 [info] > git status -z -uall [712ms]
2026-02-14 16:00:13.638 [info] > git config --get commit.template [15ms]
2026-02-14 16:00:13.640 [info] > git for-each-ref --format=%(refname)%00%(upstream:short)%00%(objectname)%00%(upstream:track)%00%(upstream:remotename)%00%(upstream:remoteref) refs/heads/main refs/remotes/main [3ms]
2026-02-14 16:00:13.682 [info] > git for-each-ref --sort -committerdate --format %(refname) %(objectname) %(*objectname) [4ms]
2026-02-14 16:00:14.125 [info] > git status -z -uall [469ms]
2026-02-14 16:00:42.927 [info] > git config --get commit.template [3ms]
2026-02-14 16:00:42.967 [info] > git for-each-ref --format=%(refname)%00%(upstream:short)%00%(objectname)%00%(upstream:track)%00%(upstream:remotename)%00%(upstream:remoteref) refs/heads/main refs/remotes/main [6ms]
2026-02-14 16:00:43.037 [info] > git for-each-ref --sort -committerdate --format %(refname) %(objectname) %(*objectname) [22ms]
2026-02-14 16:00:43.712 [info] > git status -z -uall [724ms]
2026-02-14 16:05:18.462 [info] > git show --textconv :frontend/src/utils/fetchWithAuth.js [66ms]
2026-02-14 16:05:18.462 [info] > git show --textconv HEAD:frontend/src/utils/fetchWithAuth.js [49ms]
2026-02-14 16:05:18.463 [info] > git ls-files --stage -- /home/leo/frontend/src/utils/fetchWithAuth.js [30ms]
2026-02-14 16:05:18.506 [info] > git cat-file -s a16c038db9d4fa6730a4c007325aeb285b4a2d68 [24ms]
2026-02-14 16:05:18.508 [info] > git ls-tree -l HEAD -- /home/leo/frontend/src/utils/fetchWithAuth.js [50ms]
2026-02-14 16:05:18.528 [info] > git hash-object -t tree /dev/null [23ms]
2026-02-14 16:05:18.528 [warning] [GitFileSystemProvider][readFile] File not found - git:/home/leo/frontend/src/utils/fetchWithAuth.js.git?%7B%22path%22%3A%22%2Fhome%2Fleo%2Ffrontend%2Fsrc%2Futils%2FfetchWithAuth.js%22%2C%22ref%22%3A%22HEAD%22%7D
2026-02-14 16:05:18.548 [info] > git hash-object -t tree /dev/null [24ms]
2026-02-14 16:05:18.548 [warning] [GitFileSystemProvider][stat] File not found - git:/home/leo/frontend/src/utils/fetchWithAuth.js.git?%7B%22path%22%3A%22%2Fhome%2Fleo%2Ffrontend%2Fsrc%2Futils%2FfetchWithAuth.js%22%2C%22ref%22%3A%22HEAD%22%7D
2026-02-14 16:05:53.414 [info] > git blame --root --incremental 20413414256438a24bcb2f39f06bf070c1163f13 -- /home/leo/frontend/src/utils/fetchWithAuth.js [9ms]
2026-02-14 16:05:53.414 [info] fatal: no such path frontend/src/utils/fetchWithAuth.js in 20413414256438a24bcb2f39f06bf070c1163f13
2026-02-14 16:08:35.435 [info] > git check-ignore -v -z --stdin [6ms]
2026-02-14 16:09:00.199 [info] > git show --textconv :frontend/.env.local [23ms]
2026-02-14 16:09:00.200 [warning] [GitFileSystemProvider][readFile] File not found - git:/home/leo/frontend/.env.local.git?%7B%22path%22%3A%22%2Fhome%2Fleo%2Ffrontend%2F.env.local%22%2C%22ref%22%3A%22%22%7D
2026-02-14 16:09:00.204 [info] > git ls-files --stage -- /home/leo/frontend/.env.local [6ms]
2026-02-14 16:09:00.205 [warning] [GitFileSystemProvider][stat] File not found - git:/home/leo/frontend/.env.local.git?%7B%22path%22%3A%22%2Fhome%2Fleo%2Ffrontend%2F.env.local%22%2C%22ref%22%3A%22%22%7D
2026-02-14 16:09:00.464 [info] > git check-ignore -v -z --stdin [8ms]
2026-02-14 16:09:05.662 [info] > git blame --root --incremental 20413414256438a24bcb2f39f06bf070c1163f13 -- /home/leo/frontend/.env.local [34ms]
2026-02-14 16:09:05.662 [info] fatal: no such path frontend/.env.local in 20413414256438a24bcb2f39f06bf070c1163f13
2026-02-14 16:09:36.475 [info] > git check-ignore -v -z --stdin [7ms]
2026-02-14 16:09:44.626 [info] > git show --textconv :docker-compose.yml [49ms]
2026-02-14 16:09:44.626 [info] > git show --textconv HEAD:docker-compose.yml [37ms]
2026-02-14 16:09:44.626 [info] > git ls-files --stage -- /home/leo/docker-compose.yml [24ms]
2026-02-14 16:09:44.639 [warning] [GitFileSystemProvider][readFile] File not found - git:/home/leo/docker-compose.yml.git?%7B%22path%22%3A%22%2Fhome%2Fleo%2Fdocker-compose.yml%22%2C%22ref%22%3A%22HEAD%22%7D
2026-02-14 16:09:44.643 [info] > git ls-tree -l HEAD -- /home/leo/docker-compose.yml [22ms]
2026-02-14 16:09:44.644 [warning] [GitFileSystemProvider][stat] File not found - git:/home/leo/docker-compose.yml.git?%7B%22path%22%3A%22%2Fhome%2Fleo%2Fdocker-compose.yml%22%2C%22ref%22%3A%22HEAD%22%7D
2026-02-14 16:09:44.646 [info] > git cat-file -s 1423aa95ef6c2e0468b28ca3eb9080e88333bba4 [6ms]
2026-02-14 16:09:44.703 [info] > git blame --root --incremental 20413414256438a24bcb2f39f06bf070c1163f13 -- /home/leo/docker-compose.yml [16ms]
2026-02-14 16:09:44.703 [info] fatal: no such path docker-compose.yml in 20413414256438a24bcb2f39f06bf070c1163f13
2026-02-14 16:15:52.412 [info] > git show --textconv :frontend/src/utils/fetchWithAuth.js [161ms]
2026-02-14 16:15:52.412 [info] > git show --textconv HEAD:frontend/src/utils/fetchWithAuth.js [147ms]
2026-02-14 16:15:52.412 [info] > git ls-tree -l HEAD -- /home/leo/frontend/src/utils/fetchWithAuth.js [114ms]
2026-02-14 16:15:52.414 [warning] [GitFileSystemProvider][stat] File not found - git:/home/leo/frontend/src/utils/fetchWithAuth.js.git?%7B%22path%22%3A%22%2Fhome%2Fleo%2Ffrontend%2Fsrc%2Futils%2FfetchWithAuth.js%22%2C%22ref%22%3A%22HEAD%22%7D
2026-02-14 16:15:52.414 [info] > git ls-files --stage -- /home/leo/frontend/src/utils/fetchWithAuth.js [133ms]
2026-02-14 16:15:52.434 [warning] [GitFileSystemProvider][readFile] File not found - git:/home/leo/frontend/src/utils/fetchWithAuth.js.git?%7B%22path%22%3A%22%2Fhome%2Fleo%2Ffrontend%2Fsrc%2Futils%2FfetchWithAuth.js%22%2C%22ref%22%3A%22HEAD%22%7D
2026-02-14 16:15:52.444 [info] > git cat-file -s a16c038db9d4fa6730a4c007325aeb285b4a2d68 [13ms]
2026-02-14 16:17:10.657 [info] > git show --textconv :docker-compose.yml [46ms]
2026-02-14 16:17:10.657 [info] > git show --textconv HEAD:docker-compose.yml [31ms]
2026-02-14 16:17:10.658 [info] > git ls-files --stage -- /home/leo/docker-compose.yml [16ms]
2026-02-14 16:17:10.674 [warning] [GitFileSystemProvider][readFile] File not found - git:/home/leo/docker-compose.yml.git?%7B%22path%22%3A%22%2Fhome%2Fleo%2Fdocker-compose.yml%22%2C%22ref%22%3A%22HEAD%22%7D
2026-02-14 16:17:10.677 [info] > git ls-tree -l HEAD -- /home/leo/docker-compose.yml [22ms]
2026-02-14 16:17:10.678 [warning] [GitFileSystemProvider][stat] File not found - git:/home/leo/docker-compose.yml.git?%7B%22path%22%3A%22%2Fhome%2Fleo%2Fdocker-compose.yml%22%2C%22ref%22%3A%22HEAD%22%7D
2026-02-14 16:17:10.679 [info] > git cat-file -s 1423aa95ef6c2e0468b28ca3eb9080e88333bba4 [6ms]
2026-02-14 16:17:15.988 [info] > git show --textconv HEAD:docker-compose.yml [15ms]
2026-02-14 16:17:15.990 [warning] [GitFileSystemProvider][readFile] File not found - git:/home/leo/docker-compose.yml.git?%7B%22path%22%3A%22%2Fhome%2Fleo%2Fdocker-compose.yml%22%2C%22ref%22%3A%22HEAD%22%7D
2026-02-14 16:17:15.993 [info] > git ls-tree -l HEAD -- /home/leo/docker-compose.yml [7ms]
2026-02-14 16:17:15.993 [warning] [GitFileSystemProvider][stat] File not found - git:/home/leo/docker-compose.yml.git?%7B%22path%22%3A%22%2Fhome%2Fleo%2Fdocker-compose.yml%22%2C%22ref%22%3A%22HEAD%22%7D
2026-02-14 16:19:51.557 [info] > git show --textconv :backend/server.js [51ms]
2026-02-14 16:19:51.557 [info] > git show --textconv HEAD:backend/server.js [36ms]
2026-02-14 16:19:51.558 [info] > git ls-files --stage -- /home/leo/backend/server.js [21ms]
2026-02-14 16:19:51.573 [info] > git ls-tree -l HEAD -- /home/leo/backend/server.js [20ms]
2026-02-14 16:19:51.576 [info] > git cat-file -s 3110b96b12abd9f61f88deba0eed1bdb1a7abe54 [5ms]
2026-02-14 16:19:51.730 [info] > git blame --root --incremental 20413414256438a24bcb2f39f06bf070c1163f13 -- /home/leo/backend/server.js [17ms]
2026-02-14 16:19:52.112 [info] > git check-ignore -v -z --stdin [14ms]
2026-02-14 16:22:35.285 [info] > git check-ignore -v -z --stdin [5ms]
2026-02-14 16:22:39.855 [info] > git check-ignore -v -z --stdin [9ms]
2026-02-14 16:22:42.521 [info] > git check-ignore -v -z --stdin [7ms]
2026-02-14 16:22:45.757 [info] > git check-ignore -v -z --stdin [7ms]
2026-02-14 16:23:12.367 [info] > git check-ignore -v -z --stdin [7ms]
2026-02-14 16:24:32.883 [info] > git check-ignore -v -z --stdin [10ms]
2026-02-14 16:24:43.778 [info] > git check-ignore -v -z --stdin [7ms]
2026-02-14 16:38:18.837 [info] > git show --textconv :frontend/src/utils/fetchWithAuth.js [48ms]
2026-02-14 16:38:18.837 [info] > git show --textconv HEAD:frontend/src/utils/fetchWithAuth.js [33ms]
2026-02-14 16:38:18.837 [info] > git ls-files --stage -- /home/leo/frontend/src/utils/fetchWithAuth.js [19ms]
2026-02-14 16:38:18.849 [warning] [GitFileSystemProvider][readFile] File not found - git:/home/leo/frontend/src/utils/fetchWithAuth.js.git?%7B%22path%22%3A%22%2Fhome%2Fleo%2Ffrontend%2Fsrc%2Futils%2FfetchWithAuth.js%22%2C%22ref%22%3A%22HEAD%22%7D
2026-02-14 16:38:18.854 [info] > git ls-tree -l HEAD -- /home/leo/frontend/src/utils/fetchWithAuth.js [24ms]
2026-02-14 16:38:18.857 [warning] [GitFileSystemProvider][stat] File not found - git:/home/leo/frontend/src/utils/fetchWithAuth.js.git?%7B%22path%22%3A%22%2Fhome%2Fleo%2Ffrontend%2Fsrc%2Futils%2FfetchWithAuth.js%22%2C%22ref%22%3A%22HEAD%22%7D
2026-02-14 16:38:18.860 [info] > git cat-file -s a16c038db9d4fa6730a4c007325aeb285b4a2d68 [11ms]
2026-02-14 16:44:20.830 [info] > git show --textconv :docker-compose.yml [62ms]
2026-02-14 16:44:20.830 [info] > git show --textconv HEAD:docker-compose.yml [38ms]
2026-02-14 16:44:20.830 [info] > git ls-files --stage -- /home/leo/docker-compose.yml [21ms]
2026-02-14 16:44:20.853 [warning] [GitFileSystemProvider][readFile] File not found - git:/home/leo/docker-compose.yml.git?%7B%22path%22%3A%22%2Fhome%2Fleo%2Fdocker-compose.yml%22%2C%22ref%22%3A%22HEAD%22%7D
2026-02-14 16:44:20.857 [info] > git cat-file -s 1423aa95ef6c2e0468b28ca3eb9080e88333bba4 [5ms]
2026-02-14 16:44:20.858 [info] > git ls-tree -l HEAD -- /home/leo/docker-compose.yml [32ms]
2026-02-14 16:44:20.859 [warning] [GitFileSystemProvider][stat] File not found - git:/home/leo/docker-compose.yml.git?%7B%22path%22%3A%22%2Fhome%2Fleo%2Fdocker-compose.yml%22%2C%22ref%22%3A%22HEAD%22%7D
2026-02-14 16:45:55.097 [info] > git show --textconv HEAD:docker-compose.yml [13ms]
2026-02-14 16:45:55.098 [warning] [GitFileSystemProvider][readFile] File not found - git:/home/leo/docker-compose.yml.git?%7B%22path%22%3A%22%2Fhome%2Fleo%2Fdocker-compose.yml%22%2C%22ref%22%3A%22HEAD%22%7D
2026-02-14 16:45:55.100 [info] > git ls-tree -l HEAD -- /home/leo/docker-compose.yml [4ms]
2026-02-14 16:45:55.101 [warning] [GitFileSystemProvider][stat] File not found - git:/home/leo/docker-compose.yml.git?%7B%22path%22%3A%22%2Fhome%2Fleo%2Fdocker-compose.yml%22%2C%22ref%22%3A%22HEAD%22%7D
2026-02-14 16:49:41.039 [info] > git config --get commit.template [6ms]
2026-02-14 16:49:41.060 [info] > git for-each-ref --format=%(refname)%00%(upstream:short)%00%(objectname)%00%(upstream:track)%00%(upstream:remotename)%00%(upstream:remoteref) refs/heads/main refs/remotes/main [5ms]
2026-02-14 16:49:41.099 [info] > git for-each-ref --sort -committerdate --format %(refname) %(objectname) %(*objectname) [7ms]
2026-02-14 16:49:41.589 [info] > git status -z -uall [514ms]
2026-02-14 17:01:02.678 [info] > git show --textconv HEAD:docker-compose.yml [21ms]
2026-02-14 17:01:02.681 [warning] [GitFileSystemProvider][readFile] File not found - git:/home/leo/docker-compose.yml.git?%7B%22path%22%3A%22%2Fhome%2Fleo%2Fdocker-compose.yml%22%2C%22ref%22%3A%22HEAD%22%7D
2026-02-14 17:01:02.687 [info] > git ls-tree -l HEAD -- /home/leo/docker-compose.yml [14ms]
2026-02-14 17:01:02.688 [warning] [GitFileSystemProvider][stat] File not found - git:/home/leo/docker-compose.yml.git?%7B%22path%22%3A%22%2Fhome%2Fleo%2Fdocker-compose.yml%22%2C%22ref%22%3A%22HEAD%22%7D
2026-02-14 17:03:44.258 [info] > git config --get commit.template [17ms]
2026-02-14 17:03:44.261 [info] > git for-each-ref --format=%(refname)%00%(upstream:short)%00%(objectname)%00%(upstream:track)%00%(upstream:remotename)%00%(upstream:remoteref) refs/heads/main refs/remotes/main [4ms]
2026-02-14 17:03:44.297 [info] > git for-each-ref --sort -committerdate --format %(refname) %(objectname) %(*objectname) [5ms]
2026-02-14 17:03:44.717 [info] > git status -z -uall [444ms]
2026-02-14 17:12:54.679 [info] > git show --textconv :backend/services/emailService.js [19ms]
2026-02-14 17:12:54.690 [info] > git ls-files --stage -- /home/leo/backend/services/emailService.js [13ms]
2026-02-14 17:12:54.711 [info] > git cat-file -s dc66a31569e6deafef769c7e62794315e2e19d7c [8ms]
2026-02-14 17:12:54.763 [info] > git blame --root --incremental 20413414256438a24bcb2f39f06bf070c1163f13 -- /home/leo/backend/services/emailService.js [7ms]
2026-02-14 17:19:33.953 [info] > git show --textconv :backend/middleware/auth.js [60ms]
2026-02-14 17:19:33.953 [info] > git show --textconv HEAD:backend/middleware/auth.js [42ms]
2026-02-14 17:19:33.953 [info] > git ls-files --stage -- /home/leo/backend/middleware/auth.js [21ms]
2026-02-14 17:19:33.979 [info] > git cat-file -s 3aa938d672d38db41917efa68246aef4c2c73902 [9ms]
2026-02-14 17:19:33.980 [info] > git ls-tree -l HEAD -- /home/leo/backend/middleware/auth.js [31ms]
2026-02-14 17:19:34.044 [info] > git blame --root --incremental 20413414256438a24bcb2f39f06bf070c1163f13 -- /home/leo/backend/middleware/auth.js [9ms]
2026-02-14 17:19:54.706 [info] > git show --textconv :backend/middleware/adminAuth.js [70ms]
2026-02-14 17:19:54.706 [info] > git show --textconv HEAD:backend/middleware/adminAuth.js [53ms]
2026-02-14 17:19:54.707 [info] > git ls-files --stage -- /home/leo/backend/middleware/adminAuth.js [36ms]
2026-02-14 17:19:54.733 [info] > git ls-tree -l HEAD -- /home/leo/backend/middleware/adminAuth.js [43ms]
2026-02-14 17:19:54.741 [info] > git cat-file -s 8598405a980b9e5f7479d63d9aa74507a2f267be [15ms]
2026-02-14 17:19:54.897 [info] > git blame --root --incremental 20413414256438a24bcb2f39f06bf070c1163f13 -- /home/leo/backend/middleware/adminAuth.js [8ms]
2026-02-14 17:20:17.760 [info] > git check-ignore -v -z --stdin [6ms]
2026-02-14 17:20:20.137 [info] > git show --textconv :backend/config/nodemailer.js [40ms]
2026-02-14 17:20:20.160 [info] > git ls-files --stage -- /home/leo/backend/config/nodemailer.js [41ms]
2026-02-14 17:20:20.190 [info] > git cat-file -s a235ad8144982952812e7381a2229489d88d287a [13ms]
2026-02-14 17:20:20.300 [info] > git blame --root --incremental 20413414256438a24bcb2f39f06bf070c1163f13 -- /home/leo/backend/config/nodemailer.js [9ms]
2026-02-14 17:20:35.743 [info] > git show --textconv :backend/middleware/upload.js [18ms]
2026-02-14 17:20:35.746 [info] > git ls-files --stage -- /home/leo/backend/middleware/upload.js [4ms]
2026-02-14 17:20:35.773 [info] > git cat-file -s 17858ff2cc6a2706ad881830063aef87a9ae2935 [14ms]
2026-02-14 17:20:35.893 [info] > git blame --root --incremental 20413414256438a24bcb2f39f06bf070c1163f13 -- /home/leo/backend/middleware/upload.js [4ms]
2026-02-14 17:26:24.192 [info] > git show --textconv :backend/routes/proyectos.js [21ms]
2026-02-14 17:26:24.201 [info] > git ls-files --stage -- /home/leo/backend/routes/proyectos.js [18ms]
2026-02-14 17:26:24.218 [info] > git cat-file -s 4e34e78cb21a202bbf455f58e6e44d125f3d10fb [4ms]
2026-02-14 17:26:24.304 [info] > git blame --root --incremental 20413414256438a24bcb2f39f06bf070c1163f13 -- /home/leo/backend/routes/proyectos.js [10ms]
2026-02-14 17:26:35.575 [info] > git show --textconv :backend/config/cloudinary.js [18ms]
2026-02-14 17:26:35.689 [info] > git ls-files --stage -- /home/leo/backend/config/cloudinary.js [116ms]
2026-02-14 17:26:35.709 [info] > git cat-file -s ea9e7e68524aaf226a2810ce651012e30dabc1b5 [2ms]
2026-02-14 17:26:35.759 [info] > git blame --root --incremental 20413414256438a24bcb2f39f06bf070c1163f13 -- /home/leo/backend/config/cloudinary.js [9ms]
2026-02-14 17:26:43.281 [info] > git show --textconv :backend/server.js [67ms]
2026-02-14 17:26:43.282 [info] > git show --textconv HEAD:backend/server.js [50ms]
2026-02-14 17:26:43.282 [info] > git ls-tree -l HEAD -- /home/leo/backend/server.js [8ms]
2026-02-14 17:26:43.283 [info] > git ls-files --stage -- /home/leo/backend/server.js [30ms]
2026-02-14 17:26:43.308 [info] > git cat-file -s 3110b96b12abd9f61f88deba0eed1bdb1a7abe54 [9ms]
2026-02-14 17:27:50.816 [info] > git show --textconv :backend/middleware/upload.js [23ms]
2026-02-14 17:27:50.822 [info] > git ls-files --stage -- /home/leo/backend/middleware/upload.js [11ms]
2026-02-14 17:27:50.846 [info] > git cat-file -s 17858ff2cc6a2706ad881830063aef87a9ae2935 [7ms]
2026-02-14 17:28:26.496 [info] > git show --textconv :backend/config/cloudinary.js [18ms]
2026-02-14 17:28:26.503 [info] > git ls-files --stage -- /home/leo/backend/config/cloudinary.js [8ms]
2026-02-14 17:28:26.526 [info] > git cat-file -s ea9e7e68524aaf226a2810ce651012e30dabc1b5 [6ms]
2026-02-14 17:28:33.650 [info] > git show --textconv :backend/server.js [61ms]
2026-02-14 17:28:33.652 [info] > git show --textconv HEAD:backend/server.js [45ms]
2026-02-14 17:28:33.655 [info] > git ls-files --stage -- /home/leo/backend/server.js [30ms]
2026-02-14 17:28:33.673 [info] > git ls-tree -l HEAD -- /home/leo/backend/server.js [30ms]
2026-02-14 17:28:33.682 [info] > git cat-file -s 3110b96b12abd9f61f88deba0eed1bdb1a7abe54 [12ms]
2026-02-14 17:28:49.913 [info] > git show --textconv :backend/routes/proyectos.js [19ms]
2026-02-14 17:28:49.917 [info] > git ls-files --stage -- /home/leo/backend/routes/proyectos.js [6ms]
2026-02-14 17:28:49.939 [info] > git cat-file -s 4e34e78cb21a202bbf455f58e6e44d125f3d10fb [5ms]
2026-02-14 17:30:36.502 [info] > git show --textconv :frontend/src/components/YourComponent.jsx [25ms]
2026-02-14 17:30:36.503 [warning] [GitFileSystemProvider][readFile] File not found - git:/home/leo/frontend/src/components/YourComponent.jsx.git?%7B%22path%22%3A%22%2Fhome%2Fleo%2Ffrontend%2Fsrc%2Fcomponents%2FYourComponent.jsx%22%2C%22ref%22%3A%22%22%7D
2026-02-14 17:30:36.512 [info] > git ls-files --stage -- /home/leo/frontend/src/components/YourComponent.jsx [12ms]
2026-02-14 17:30:36.512 [warning] [GitFileSystemProvider][stat] File not found - git:/home/leo/frontend/src/components/YourComponent.jsx.git?%7B%22path%22%3A%22%2Fhome%2Fleo%2Ffrontend%2Fsrc%2Fcomponents%2FYourComponent.jsx%22%2C%22ref%22%3A%22%22%7D
2026-02-14 17:30:36.756 [info] > git check-ignore -v -z --stdin [13ms]
2026-02-14 17:56:49.731 [info] > git config --get commit.template [17ms]
2026-02-14 17:56:49.735 [info] > git for-each-ref --format=%(refname)%00%(upstream:short)%00%(objectname)%00%(upstream:track)%00%(upstream:remotename)%00%(upstream:remoteref) refs/heads/main refs/remotes/main [5ms]
2026-02-14 17:56:49.774 [info] > git for-each-ref --sort -committerdate --format %(refname) %(objectname) %(*objectname) [8ms]
2026-02-14 17:56:50.274 [info] > git status -z -uall [524ms]
2026-02-14 18:20:36.301 [info] > git show --textconv :backend/controllers/auth.js [20ms]
2026-02-14 18:20:36.301 [warning] [GitFileSystemProvider][readFile] File not found - git:/home/leo/backend/controllers/auth.js.git?%7B%22path%22%3A%22%2Fhome%2Fleo%2Fbackend%2Fcontrollers%2Fauth.js%22%2C%22ref%22%3A%22%22%7D
2026-02-14 18:20:36.309 [info] > git ls-files --stage -- /home/leo/backend/controllers/auth.js [10ms]
2026-02-14 18:20:36.310 [warning] [GitFileSystemProvider][stat] File not found - git:/home/leo/backend/controllers/auth.js.git?%7B%22path%22%3A%22%2Fhome%2Fleo%2Fbackend%2Fcontrollers%2Fauth.js%22%2C%22ref%22%3A%22%22%7D
2026-02-14 18:20:36.518 [info] > git check-ignore -v -z --stdin [4ms]
2026-02-14 18:20:55.608 [info] > git show --textconv :backend/controllers/auth.js [15ms]
2026-02-14 18:20:55.608 [warning] [GitFileSystemProvider][readFile] File not found - git:/home/leo/backend/controllers/auth.js.git?%7B%22path%22%3A%22%2Fhome%2Fleo%2Fbackend%2Fcontrollers%2Fauth.js%22%2C%22ref%22%3A%22%22%7D
2026-02-14 18:20:55.611 [info] > git ls-files --stage -- /home/leo/backend/controllers/auth.js [5ms]
2026-02-14 18:20:55.611 [warning] [GitFileSystemProvider][stat] File not found - git:/home/leo/backend/controllers/auth.js.git?%7B%22path%22%3A%22%2Fhome%2Fleo%2Fbackend%2Fcontrollers%2Fauth.js%22%2C%22ref%22%3A%22%22%7D
2026-02-14 18:21:01.268 [info] > git show --textconv :backend/controllers/auth.js [18ms]
2026-02-14 18:21:01.269 [warning] [GitFileSystemProvider][readFile] File not found - git:/home/leo/backend/controllers/auth.js.git?%7B%22path%22%3A%22%2Fhome%2Fleo%2Fbackend%2Fcontrollers%2Fauth.js%22%2C%22ref%22%3A%22%22%7D
2026-02-14 18:21:01.331 [info] > git ls-files --stage -- /home/leo/backend/controllers/auth.js [64ms]
2026-02-14 18:21:01.332 [warning] [GitFileSystemProvider][stat] File not found - git:/home/leo/backend/controllers/auth.js.git?%7B%22path%22%3A%22%2Fhome%2Fleo%2Fbackend%2Fcontrollers%2Fauth.js%22%2C%22ref%22%3A%22%22%7D
2026-02-14 18:21:03.335 [info] > git show --textconv :frontend/src/components/Login.jsx [49ms]
2026-02-14 18:21:03.477 [info] > git ls-files --stage -- /home/leo/frontend/src/components/Login.jsx [164ms]
2026-02-14 18:21:03.518 [info] > git cat-file -s cf49a405f9db152587124c13153b02ef582365f0 [18ms]
2026-02-14 18:21:03.570 [info] > git blame --root --incremental 20413414256438a24bcb2f39f06bf070c1163f13 -- /home/leo/frontend/src/components/Login.jsx [7ms]
2026-02-14 18:23:27.371 [info] > git show --textconv :backend/server.js [165ms]
2026-02-14 18:23:27.371 [info] > git show --textconv HEAD:backend/server.js [148ms]
2026-02-14 18:23:27.372 [info] > git ls-files --stage -- /home/leo/backend/server.js [131ms]
2026-02-14 18:23:27.404 [info] > git ls-tree -l HEAD -- /home/leo/backend/server.js [145ms]
2026-02-14 18:23:27.413 [info] > git cat-file -s 3110b96b12abd9f61f88deba0eed1bdb1a7abe54 [22ms]
2026-02-14 18:24:29.855 [info] > git show --textconv :backend/routes/auth.js [74ms]
2026-02-14 18:24:29.856 [info] > git show --textconv HEAD:backend/routes/auth.js [54ms]
2026-02-14 18:24:29.856 [info] > git ls-tree -l HEAD -- /home/leo/backend/routes/auth.js [9ms]
2026-02-14 18:24:29.859 [info] > git ls-files --stage -- /home/leo/backend/routes/auth.js [33ms]
2026-02-14 18:24:29.884 [info] > git cat-file -s ee85ad3112550b5cb3fc794e7c11f911ec455402 [4ms]
2026-02-14 18:24:29.951 [info] > git blame --root --incremental 20413414256438a24bcb2f39f06bf070c1163f13 -- /home/leo/backend/routes/auth.js [9ms]
2026-02-14 18:24:49.257 [info] > git show --textconv :backend/services/emailService.js [50ms]
2026-02-14 18:24:49.258 [info] > git ls-files --stage -- /home/leo/backend/services/emailService.js [30ms]
2026-02-14 18:24:49.284 [info] > git cat-file -s dc66a31569e6deafef769c7e62794315e2e19d7c [8ms]
2026-02-14 18:26:06.195 [info] > git show --textconv :backend/middleware/auth.js [67ms]
2026-02-14 18:26:06.195 [info] > git show --textconv HEAD:backend/middleware/auth.js [50ms]
2026-02-14 18:26:06.195 [info] > git ls-files --stage -- /home/leo/backend/middleware/auth.js [32ms]
2026-02-14 18:26:06.223 [info] > git ls-tree -l HEAD -- /home/leo/backend/middleware/auth.js [45ms]
2026-02-14 18:26:06.230 [info] > git cat-file -s 3aa938d672d38db41917efa68246aef4c2c73902 [21ms]
2026-02-14 18:27:38.661 [info] > git show --textconv :backend/server.js [83ms]
2026-02-14 18:27:38.661 [info] > git show --textconv HEAD:backend/server.js [60ms]
2026-02-14 18:27:38.664 [info] > git ls-files --stage -- /home/leo/backend/server.js [41ms]
2026-02-14 18:27:38.695 [info] > git ls-tree -l HEAD -- /home/leo/backend/server.js [45ms]
2026-02-14 18:27:38.698 [info] > git cat-file -s 3110b96b12abd9f61f88deba0eed1bdb1a7abe54 [16ms]
2026-02-14 18:27:47.078 [info] > git show --textconv :frontend/src/utils/fetchWithAuth.js [142ms]
2026-02-14 18:27:47.078 [info] > git show --textconv HEAD:frontend/src/utils/fetchWithAuth.js [125ms]
2026-02-14 18:27:47.078 [info] > git ls-tree -l HEAD -- /home/leo/frontend/src/utils/fetchWithAuth.js [89ms]
2026-02-14 18:27:47.079 [warning] [GitFileSystemProvider][stat] File not found - git:/home/leo/frontend/src/utils/fetchWithAuth.js.git?%7B%22path%22%3A%22%2Fhome%2Fleo%2Ffrontend%2Fsrc%2Futils%2FfetchWithAuth.js%22%2C%22ref%22%3A%22HEAD%22%7D
2026-02-14 18:27:47.079 [info] > git ls-files --stage -- /home/leo/frontend/src/utils/fetchWithAuth.js [108ms]
2026-02-14 18:27:47.109 [warning] [GitFileSystemProvider][readFile] File not found - git:/home/leo/frontend/src/utils/fetchWithAuth.js.git?%7B%22path%22%3A%22%2Fhome%2Fleo%2Ffrontend%2Fsrc%2Futils%2FfetchWithAuth.js%22%2C%22ref%22%3A%22HEAD%22%7D
2026-02-14 18:27:47.128 [info] > git cat-file -s a16c038db9d4fa6730a4c007325aeb285b4a2d68 [23ms]
2026-02-14 18:27:51.614 [info] > git show --textconv HEAD:frontend/src/utils/fetchWithAuth.js [18ms]
2026-02-14 18:27:51.614 [warning] [GitFileSystemProvider][readFile] File not found - git:/home/leo/frontend/src/utils/fetchWithAuth.js.git?%7B%22path%22%3A%22%2Fhome%2Fleo%2Ffrontend%2Fsrc%2Futils%2FfetchWithAuth.js%22%2C%22ref%22%3A%22HEAD%22%7D
2026-02-14 18:27:51.626 [info] > git ls-tree -l HEAD -- /home/leo/frontend/src/utils/fetchWithAuth.js [13ms]
2026-02-14 18:27:51.626 [warning] [GitFileSystemProvider][stat] File not found - git:/home/leo/frontend/src/utils/fetchWithAuth.js.git?%7B%22path%22%3A%22%2Fhome%2Fleo%2Ffrontend%2Fsrc%2Futils%2FfetchWithAuth.js%22%2C%22ref%22%3A%22HEAD%22%7D
2026-02-14 18:30:20.950 [info] > git show --textconv :backend/routes/auth.js [86ms]
2026-02-14 18:30:20.950 [info] > git show --textconv HEAD:backend/routes/auth.js [67ms]
2026-02-14 18:30:20.950 [info] > git ls-files --stage -- /home/leo/backend/routes/auth.js [46ms]
2026-02-14 18:30:20.977 [info] > git ls-tree -l HEAD -- /home/leo/backend/routes/auth.js [41ms]
2026-02-14 18:30:20.981 [info] > git cat-file -s ee85ad3112550b5cb3fc794e7c11f911ec455402 [8ms]
2026-02-14 18:31:31.332 [info] > git show --textconv :backend/routes/proyectos.js [19ms]
2026-02-14 18:31:31.337 [info] > git ls-files --stage -- /home/leo/backend/routes/proyectos.js [6ms]
2026-02-14 18:31:31.362 [info] > git cat-file -s 4e34e78cb21a202bbf455f58e6e44d125f3d10fb [8ms]
2026-02-14 18:31:32.784 [info] > git show --textconv :backend/routes/solicitudes.js [83ms]
2026-02-14 18:31:32.784 [info] > git show --textconv HEAD:backend/routes/solicitudes.js [61ms]
2026-02-14 18:31:32.785 [info] > git ls-tree -l HEAD -- /home/leo/backend/routes/solicitudes.js [17ms]
2026-02-14 18:31:32.786 [info] > git ls-files --stage -- /home/leo/backend/routes/solicitudes.js [41ms]
2026-02-14 18:31:32.810 [info] > git cat-file -s 0210f2d64180246f6806cb480dfdf6355ef8fc51 [8ms]
2026-02-14 18:31:32.870 [info] > git blame --root --incremental 20413414256438a24bcb2f39f06bf070c1163f13 -- /home/leo/backend/routes/solicitudes.js [12ms]
2026-02-14 18:31:33.558 [info] > git show --textconv :backend/routes/upload.js [55ms]
2026-02-14 18:31:33.558 [info] > git show --textconv HEAD:backend/routes/upload.js [40ms]
2026-02-14 18:31:33.558 [info] > git ls-files --stage -- /home/leo/backend/routes/upload.js [21ms]
2026-02-14 18:31:33.578 [info] > git ls-tree -l HEAD -- /home/leo/backend/routes/upload.js [26ms]
2026-02-14 18:31:33.586 [info] > git cat-file -s a73e801a4ac4430300b8a6ffd8534a300c3c458b [14ms]
2026-02-14 18:31:33.639 [info] > git blame --root --incremental 20413414256438a24bcb2f39f06bf070c1163f13 -- /home/leo/backend/routes/upload.js [10ms]
2026-02-14 18:35:17.676 [info] > git show --textconv :backend/server.js [72ms]
2026-02-14 18:35:17.677 [info] > git show --textconv HEAD:backend/server.js [51ms]
2026-02-14 18:35:17.679 [info] > git ls-files --stage -- /home/leo/backend/server.js [27ms]
2026-02-14 18:35:17.708 [info] > git cat-file -s 3110b96b12abd9f61f88deba0eed1bdb1a7abe54 [7ms]
2026-02-14 18:35:17.709 [info] > git ls-tree -l HEAD -- /home/leo/backend/server.js [39ms]
2026-02-14 18:35:24.773 [info] > git show --textconv :backend/routes/proyectos.js [32ms]
2026-02-14 18:35:24.776 [info] > git ls-files --stage -- /home/leo/backend/routes/proyectos.js [14ms]
2026-02-14 18:35:24.831 [info] > git cat-file -s 4e34e78cb21a202bbf455f58e6e44d125f3d10fb [4ms]
2026-02-14 18:35:41.688 [info] > git show --textconv :backend/routes/upload.js [218ms]
2026-02-14 18:35:41.688 [info] > git show --textconv HEAD:backend/routes/upload.js [147ms]
2026-02-14 18:35:41.688 [info] > git ls-files --stage -- /home/leo/backend/routes/upload.js [73ms]
2026-02-14 18:35:41.727 [info] > git ls-tree -l HEAD -- /home/leo/backend/routes/upload.js [80ms]
2026-02-14 18:35:41.729 [info] > git cat-file -s a73e801a4ac4430300b8a6ffd8534a300c3c458b [17ms]
2026-02-14 18:36:03.427 [info] > git show --textconv :backend/controllers/auth.js [30ms]
2026-02-14 18:36:03.429 [warning] [GitFileSystemProvider][readFile] File not found - git:/home/leo/backend/controllers/auth.js.git?%7B%22path%22%3A%22%2Fhome%2Fleo%2Fbackend%2Fcontrollers%2Fauth.js%22%2C%22ref%22%3A%22%22%7D
2026-02-14 18:36:03.430 [info] > git ls-files --stage -- /home/leo/backend/controllers/auth.js [10ms]
2026-02-14 18:36:03.431 [warning] [GitFileSystemProvider][stat] File not found - git:/home/leo/backend/controllers/auth.js.git?%7B%22path%22%3A%22%2Fhome%2Fleo%2Fbackend%2Fcontrollers%2Fauth.js%22%2C%22ref%22%3A%22%22%7D
2026-02-14 18:36:08.336 [info] > git show --textconv :backend/middleware/auth.js [127ms]
2026-02-14 18:36:08.337 [info] > git show --textconv HEAD:backend/middleware/auth.js [101ms]
2026-02-14 18:36:08.338 [info] > git ls-files --stage -- /home/leo/backend/middleware/auth.js [59ms]
2026-02-14 18:36:08.415 [info] > git ls-tree -l HEAD -- /home/leo/backend/middleware/auth.js [110ms]
2026-02-14 18:36:08.452 [info] > git cat-file -s 3aa938d672d38db41917efa68246aef4c2c73902 [61ms]
2026-02-14 18:36:39.115 [info] > git show --textconv :frontend/src/components/Login.jsx [47ms]
2026-02-14 18:36:39.121 [info] > git ls-files --stage -- /home/leo/frontend/src/components/Login.jsx [31ms]
2026-02-14 18:36:39.156 [info] > git cat-file -s cf49a405f9db152587124c13153b02ef582365f0 [12ms]
2026-02-14 18:38:17.843 [info] > git show --textconv :backend/routes/auth.js [81ms]
2026-02-14 18:38:17.844 [info] > git show --textconv HEAD:backend/routes/auth.js [60ms]
2026-02-14 18:38:17.844 [info] > git ls-tree -l HEAD -- /home/leo/backend/routes/auth.js [20ms]
2026-02-14 18:38:17.848 [info] > git ls-files --stage -- /home/leo/backend/routes/auth.js [42ms]
2026-02-14 18:38:17.872 [info] > git cat-file -s ee85ad3112550b5cb3fc794e7c11f911ec455402 [9ms]
2026-02-14 18:42:21.181 [info] > git show --textconv :frontend/src/components/Login.jsx [40ms]
2026-02-14 18:42:21.181 [info] > git ls-files --stage -- /home/leo/frontend/src/components/Login.jsx [12ms]
2026-02-14 18:42:21.208 [info] > git cat-file -s cf49a405f9db152587124c13153b02ef582365f0 [4ms]
2026-02-14 18:59:18.183 [info] > git show --textconv :docker-compose.yml [203ms]
2026-02-14 18:59:18.183 [info] > git show --textconv HEAD:docker-compose.yml [179ms]
2026-02-14 18:59:18.183 [info] > git ls-files --stage -- /home/leo/docker-compose.yml [98ms]
2026-02-14 18:59:18.241 [warning] [GitFileSystemProvider][readFile] File not found - git:/home/leo/docker-compose.yml.git?%7B%22path%22%3A%22%2Fhome%2Fleo%2Fdocker-compose.yml%22%2C%22ref%22%3A%22HEAD%22%7D
2026-02-14 18:59:18.247 [info] > git cat-file -s 1423aa95ef6c2e0468b28ca3eb9080e88333bba4 [12ms]
2026-02-14 18:59:18.252 [info] > git ls-tree -l HEAD -- /home/leo/docker-compose.yml [73ms]
2026-02-14 18:59:18.253 [warning] [GitFileSystemProvider][stat] File not found - git:/home/leo/docker-compose.yml.git?%7B%22path%22%3A%22%2Fhome%2Fleo%2Fdocker-compose.yml%22%2C%22ref%22%3A%22HEAD%22%7D
2026-02-14 19:01:36.647 [info] > git show --textconv :backend/database.js [62ms]
2026-02-14 19:01:36.647 [info] > git show --textconv HEAD:backend/database.js [39ms]
2026-02-14 19:01:36.647 [info] > git ls-files --stage -- /home/leo/backend/database.js [22ms]
2026-02-14 19:01:36.674 [info] > git ls-tree -l HEAD -- /home/leo/backend/database.js [32ms]
2026-02-14 19:01:36.677 [info] > git cat-file -s 89c7e9e160187803c72cf594c266dd61a0eaaef5 [13ms]
2026-02-14 19:01:36.731 [info] > git blame --root --incremental 20413414256438a24bcb2f39f06bf070c1163f13 -- /home/leo/backend/database.js [8ms]
2026-02-14 19:01:52.375 [info] > git show --textconv :frontend/src/helpers/fetchWithAuth.js [78ms]
2026-02-14 19:01:52.375 [info] > git show --textconv HEAD:frontend/src/helpers/fetchWithAuth.js [54ms]
2026-02-14 19:01:52.375 [info] > git ls-tree -l HEAD -- /home/leo/frontend/src/helpers/fetchWithAuth.js [10ms]
2026-02-14 19:01:52.377 [warning] [GitFileSystemProvider][stat] File not found - git:/home/leo/frontend/src/helpers/fetchWithAuth.js.git?%7B%22path%22%3A%22%2Fhome%2Fleo%2Ffrontend%2Fsrc%2Fhelpers%2FfetchWithAuth.js%22%2C%22ref%22%3A%22HEAD%22%7D
2026-02-14 19:01:52.377 [info] > git ls-files --stage -- /home/leo/frontend/src/helpers/fetchWithAuth.js [32ms]
2026-02-14 19:01:52.397 [warning] [GitFileSystemProvider][readFile] File not found - git:/home/leo/frontend/src/helpers/fetchWithAuth.js.git?%7B%22path%22%3A%22%2Fhome%2Fleo%2Ffrontend%2Fsrc%2Fhelpers%2FfetchWithAuth.js%22%2C%22ref%22%3A%22HEAD%22%7D
2026-02-14 19:01:52.410 [info] > git cat-file -s 1685cb374ee427ae40be084e186941bf0b307c68 [14ms]
2026-02-14 19:01:52.500 [info] > git blame --root --incremental 20413414256438a24bcb2f39f06bf070c1163f13 -- /home/leo/frontend/src/helpers/fetchWithAuth.js [24ms]
2026-02-14 19:01:52.500 [info] fatal: no such path frontend/src/helpers/fetchWithAuth.js in 20413414256438a24bcb2f39f06bf070c1163f13
2026-02-14 19:01:53.073 [info] > git show --textconv :backend/database.js [99ms]
2026-02-14 19:01:53.074 [info] > git show --textconv HEAD:backend/database.js [74ms]
2026-02-14 19:01:53.075 [info] > git ls-tree -l HEAD -- /home/leo/backend/database.js [27ms]
2026-02-14 19:01:53.077 [info] > git ls-files --stage -- /home/leo/backend/database.js [55ms]
2026-02-14 19:01:53.137 [info] > git cat-file -s 89c7e9e160187803c72cf594c266dd61a0eaaef5 [33ms]
2026-02-14 19:01:56.413 [info] > git show --textconv :frontend/src/Proyectos.jsx [34ms]
2026-02-14 19:01:56.425 [info] > git ls-files --stage -- /home/leo/frontend/src/Proyectos.jsx [23ms]
2026-02-14 19:01:56.459 [info] > git cat-file -s 035a02659b499e5850ab699b5a2e6846b26592bf [12ms]
2026-02-14 19:01:56.535 [info] > git blame --root --incremental 20413414256438a24bcb2f39f06bf070c1163f13 -- /home/leo/frontend/src/Proyectos.jsx [10ms]
2026-02-14 19:01:57.567 [info] > git show --textconv :backend/database.js [91ms]
2026-02-14 19:01:57.567 [info] > git show --textconv HEAD:backend/database.js [64ms]
2026-02-14 19:01:57.567 [info] > git ls-files --stage -- /home/leo/backend/database.js [37ms]
2026-02-14 19:01:57.604 [info] > git ls-tree -l HEAD -- /home/leo/backend/database.js [52ms]
2026-02-14 19:01:57.611 [info] > git cat-file -s 89c7e9e160187803c72cf594c266dd61a0eaaef5 [19ms]
2026-02-14 19:01:58.901 [info] > git show --textconv :frontend/src/components/Formulario.jsx [38ms]
2026-02-14 19:01:58.906 [info] > git ls-files --stage -- /home/leo/frontend/src/components/Formulario.jsx [19ms]
2026-02-14 19:01:58.935 [info] > git cat-file -s 73567f2e37177dcf6117d785598bcb84769f2f43 [7ms]
2026-02-14 19:01:58.998 [info] > git blame --root --incremental 20413414256438a24bcb2f39f06bf070c1163f13 -- /home/leo/frontend/src/components/Formulario.jsx [22ms]
2026-02-14 19:01:59.524 [info] > git show --textconv :backend/database.js [125ms]
2026-02-14 19:01:59.524 [info] > git show --textconv HEAD:backend/database.js [93ms]
2026-02-14 19:01:59.526 [info] > git ls-files --stage -- /home/leo/backend/database.js [60ms]
2026-02-14 19:01:59.564 [info] > git ls-tree -l HEAD -- /home/leo/backend/database.js [69ms]
2026-02-14 19:01:59.571 [info] > git cat-file -s 89c7e9e160187803c72cf594c266dd61a0eaaef5 [17ms]
2026-02-14 19:02:06.315 [info] > git show --textconv :backend/middleware/upload.js [30ms]
2026-02-14 19:02:06.320 [info] > git ls-files --stage -- /home/leo/backend/middleware/upload.js [14ms]
2026-02-14 19:02:06.348 [info] > git cat-file -s 17858ff2cc6a2706ad881830063aef87a9ae2935 [6ms]
2026-02-14 19:02:07.309 [info] > git show --textconv :backend/database.js [81ms]
2026-02-14 19:02:07.309 [info] > git show --textconv HEAD:backend/database.js [55ms]
2026-02-14 19:02:07.309 [info] > git ls-files --stage -- /home/leo/backend/database.js [35ms]
2026-02-14 19:02:07.332 [info] > git ls-tree -l HEAD -- /home/leo/backend/database.js [29ms]
2026-02-14 19:02:07.338 [info] > git cat-file -s 89c7e9e160187803c72cf594c266dd61a0eaaef5 [9ms]
2026-02-14 19:02:18.666 [info] > git show --textconv :docker-compose.yml [87ms]
2026-02-14 19:02:18.666 [info] > git show --textconv HEAD:docker-compose.yml [63ms]
2026-02-14 19:02:18.666 [info] > git ls-files --stage -- /home/leo/docker-compose.yml [41ms]
2026-02-14 19:02:18.690 [warning] [GitFileSystemProvider][readFile] File not found - git:/home/leo/docker-compose.yml.git?%7B%22path%22%3A%22%2Fhome%2Fleo%2Fdocker-compose.yml%22%2C%22ref%22%3A%22HEAD%22%7D
2026-02-14 19:02:18.697 [info] > git cat-file -s 1423aa95ef6c2e0468b28ca3eb9080e88333bba4 [9ms]
2026-02-14 19:02:18.698 [info] > git ls-tree -l HEAD -- /home/leo/docker-compose.yml [43ms]
2026-02-14 19:02:18.698 [warning] [GitFileSystemProvider][stat] File not found - git:/home/leo/docker-compose.yml.git?%7B%22path%22%3A%22%2Fhome%2Fleo%2Fdocker-compose.yml%22%2C%22ref%22%3A%22HEAD%22%7D
2026-02-14 19:02:23.969 [info] > git show --textconv :backend/database.js [80ms]
2026-02-14 19:02:23.970 [info] > git show --textconv HEAD:backend/database.js [57ms]
2026-02-14 19:02:23.971 [info] > git ls-files --stage -- /home/leo/backend/database.js [36ms]
2026-02-14 19:02:24.003 [info] > git cat-file -s 89c7e9e160187803c72cf594c266dd61a0eaaef5 [11ms]
2026-02-14 19:02:24.004 [info] > git ls-tree -l HEAD -- /home/leo/backend/database.js [40ms]
2026-02-14 19:02:41.618 [info] > git show --textconv :docker-compose.yml [104ms]
2026-02-14 19:02:41.618 [info] > git show --textconv HEAD:docker-compose.yml [80ms]
2026-02-14 19:02:41.619 [info] > git ls-files --stage -- /home/leo/docker-compose.yml [54ms]
2026-02-14 19:02:41.651 [warning] [GitFileSystemProvider][readFile] File not found - git:/home/leo/docker-compose.yml.git?%7B%22path%22%3A%22%2Fhome%2Fleo%2Fdocker-compose.yml%22%2C%22ref%22%3A%22HEAD%22%7D
2026-02-14 19:02:41.656 [info] > git cat-file -s 1423aa95ef6c2e0468b28ca3eb9080e88333bba4 [7ms]
2026-02-14 19:02:41.657 [info] > git ls-tree -l HEAD -- /home/leo/docker-compose.yml [58ms]
2026-02-14 19:02:41.660 [warning] [GitFileSystemProvider][stat] File not found - git:/home/leo/docker-compose.yml.git?%7B%22path%22%3A%22%2Fhome%2Fleo%2Fdocker-compose.yml%22%2C%22ref%22%3A%22HEAD%22%7D
2026-02-14 19:02:43.159 [info] > git show --textconv :backend/database.js [144ms]
2026-02-14 19:02:43.166 [info] > git show --textconv HEAD:backend/database.js [102ms]
2026-02-14 19:02:43.168 [info] > git ls-files --stage -- /home/leo/backend/database.js [69ms]
2026-02-14 19:02:43.205 [info] > git cat-file -s 89c7e9e160187803c72cf594c266dd61a0eaaef5 [9ms]
2026-02-14 19:02:43.206 [info] > git ls-tree -l HEAD -- /home/leo/backend/database.js [63ms]
2026-02-14 19:03:31.844 [info] > git show --textconv :docker-compose.yml [80ms]
2026-02-14 19:03:31.844 [info] > git show --textconv HEAD:docker-compose.yml [57ms]
2026-02-14 19:03:31.844 [info] > git ls-files --stage -- /home/leo/docker-compose.yml [36ms]
2026-02-14 19:03:31.889 [warning] [GitFileSystemProvider][readFile] File not found - git:/home/leo/docker-compose.yml.git?%7B%22path%22%3A%22%2Fhome%2Fleo%2Fdocker-compose.yml%22%2C%22ref%22%3A%22HEAD%22%7D
2026-02-14 19:03:31.896 [info] > git ls-tree -l HEAD -- /home/leo/docker-compose.yml [55ms]
2026-02-14 19:03:31.898 [warning] [GitFileSystemProvider][stat] File not found - git:/home/leo/docker-compose.yml.git?%7B%22path%22%3A%22%2Fhome%2Fleo%2Fdocker-compose.yml%22%2C%22ref%22%3A%22HEAD%22%7D
2026-02-14 19:03:31.901 [info] > git cat-file -s 1423aa95ef6c2e0468b28ca3eb9080e88333bba4 [12ms]
2026-02-14 19:12:00.339 [info] > git show --textconv :backend/.env [73ms]
2026-02-14 19:12:00.339 [info] > git show --textconv HEAD:backend/.env [47ms]
2026-02-14 19:12:00.340 [info] > git ls-files --stage -- /home/leo/backend/.env [24ms]
2026-02-14 19:12:00.372 [info] > git ls-tree -l HEAD -- /home/leo/backend/.env [38ms]
2026-02-14 19:12:00.373 [info] > git cat-file -s 3cf8be5b4451da3f3f3629fd0f4d93ef0e3e7d16 [11ms]
2026-02-14 19:12:00.494 [info] > git blame --root --incremental 20413414256438a24bcb2f39f06bf070c1163f13 -- /home/leo/backend/.env [19ms]
2026-02-14 19:14:23.182 [info] > git show --textconv :frontend/.env [24ms]
2026-02-14 19:14:23.189 [info] > git ls-files --stage -- /home/leo/frontend/.env [9ms]
2026-02-14 19:14:23.216 [info] > git cat-file -s c657ddbd2c16ad206dc99a7159803922e0fdbe06 [4ms]
2026-02-14 19:14:23.327 [info] > git blame --root --incremental 20413414256438a24bcb2f39f06bf070c1163f13 -- /home/leo/frontend/.env [10ms]
2026-02-14 19:14:27.447 [info] > git show --textconv :backend/.env [66ms]
2026-02-14 19:14:27.447 [info] > git show --textconv HEAD:backend/.env [48ms]
2026-02-14 19:14:27.447 [info] > git ls-files --stage -- /home/leo/backend/.env [29ms]
2026-02-14 19:14:27.475 [info] > git cat-file -s 3cf8be5b4451da3f3f3629fd0f4d93ef0e3e7d16 [5ms]
2026-02-14 19:14:27.476 [info] > git ls-tree -l HEAD -- /home/leo/backend/.env [36ms]
2026-02-14 19:16:12.747 [info] > git config --get commit.template [5ms]
2026-02-14 19:16:12.783 [info] > git for-each-ref --format=%(refname)%00%(upstream:short)%00%(objectname)%00%(upstream:track)%00%(upstream:remotename)%00%(upstream:remoteref) refs/heads/main refs/remotes/main [4ms]
2026-02-14 19:16:12.837 [info] > git for-each-ref --sort -committerdate --format %(refname) %(objectname) %(*objectname) [3ms]
2026-02-14 19:16:13.646 [info] > git status -z -uall [841ms]
2026-02-14 19:29:19.837 [info] > git config --get commit.template [18ms]
2026-02-14 19:29:19.839 [info] > git for-each-ref --format=%(refname)%00%(upstream:short)%00%(objectname)%00%(upstream:track)%00%(upstream:remotename)%00%(upstream:remoteref) refs/heads/main refs/remotes/main [3ms]
2026-02-14 19:29:19.878 [info] > git for-each-ref --sort -committerdate --format %(refname) %(objectname) %(*objectname) [5ms]
2026-02-14 19:29:20.285 [info] > git status -z -uall [432ms]
