2026-02-10 14:05:01.693 [info] [main] Nivel de registro: Info
2026-02-10 14:05:01.693 [info] [main] Validando git encontrado en: "git"
2026-02-10 14:05:01.693 [info] [main] Usando git "2.43.0" de "git"
2026-02-10 14:05:01.693 [info] [Model][doInitialScan] Initial repository scan started
2026-02-10 14:05:01.693 [info] > git rev-parse --show-toplevel [23ms]
2026-02-10 14:05:01.693 [info] fatal: not a git repository (or any of the parent directories): .git
2026-02-10 14:05:01.886 [info] > git rev-parse --show-toplevel [47ms]
2026-02-10 14:05:01.886 [info] fatal: not a git repository (or any of the parent directories): .git
2026-02-10 14:05:01.960 [info] > git rev-parse --show-toplevel [29ms]
2026-02-10 14:05:01.960 [info] fatal: not a git repository (or any of the parent directories): .git
2026-02-10 14:05:02.059 [info] > git rev-parse --show-toplevel [66ms]
2026-02-10 14:05:02.059 [info] fatal: not a git repository (or any of the parent directories): .git
2026-02-10 14:05:02.084 [info] > git rev-parse --show-toplevel [10ms]
2026-02-10 14:05:02.084 [info] fatal: not a git repository (or any of the parent directories): .git
2026-02-10 14:05:02.102 [info] > git rev-parse --show-toplevel [3ms]
2026-02-10 14:05:02.102 [info] fatal: not a git repository (or any of the parent directories): .git
2026-02-10 14:05:02.121 [info] > git rev-parse --show-toplevel [5ms]
2026-02-10 14:05:02.121 [info] fatal: not a git repository (or any of the parent directories): .git
2026-02-10 14:05:02.141 [info] > git rev-parse --show-toplevel [4ms]
2026-02-10 14:05:02.141 [info] fatal: not a git repository (or any of the parent directories): .git
2026-02-10 14:05:02.159 [info] > git rev-parse --show-toplevel [4ms]
2026-02-10 14:05:02.159 [info] fatal: not a git repository (or any of the parent directories): .git
2026-02-10 14:05:02.177 [info] > git rev-parse --show-toplevel [3ms]
2026-02-10 14:05:02.177 [info] fatal: not a git repository (or any of the parent directories): .git
2026-02-10 14:05:02.198 [info] > git rev-parse --show-toplevel [3ms]
2026-02-10 14:05:02.198 [info] fatal: not a git repository (or any of the parent directories): .git
2026-02-10 14:05:02.222 [info] > git rev-parse --show-toplevel [6ms]
2026-02-10 14:05:02.222 [info] fatal: not a git repository (or any of the parent directories): .git
2026-02-10 14:05:02.257 [info] > git rev-parse --show-toplevel [4ms]
2026-02-10 14:05:02.257 [info] fatal: not a git repository (or any of the parent directories): .git
2026-02-10 14:05:02.260 [info] [Model][doInitialScan] Initial repository scan completed - repositories (0), closed repositories (0), parent repositories (0), unsafe repositories (0)
2026-02-10 14:07:42.601 [info] > git rev-parse --show-toplevel [21ms]
2026-02-10 14:07:42.603 [info] fatal: not a git repository (or any of the parent directories): .git
2026-02-10 14:08:08.517 [info] > git rev-parse --show-toplevel [4ms]
2026-02-10 14:08:08.517 [info] fatal: not a git repository (or any of the parent directories): .git
2026-02-10 14:08:17.342 [info] > git rev-parse --show-toplevel [7ms]
2026-02-10 14:08:17.342 [info] fatal: not a git repository (or any of the parent directories): .git
2026-02-10 14:08:28.637 [info] > git rev-parse --show-toplevel [4ms]
2026-02-10 14:08:28.638 [info] fatal: not a git repository (or any of the parent directories): .git
2026-02-10 14:08:37.931 [info] > git rev-parse --show-toplevel [5ms]
2026-02-10 14:08:37.931 [info] fatal: not a git repository (or any of the parent directories): .git
2026-02-10 14:08:46.087 [info] > git rev-parse --show-toplevel [36ms]
2026-02-10 14:08:46.088 [info] fatal: not a git repository (or any of the parent directories): .git
2026-02-10 14:09:08.834 [info] > git rev-parse --show-toplevel [5ms]
2026-02-10 14:09:08.834 [info] fatal: not a git repository (or any of the parent directories): .git
2026-02-10 14:09:17.020 [info] > git rev-parse --show-toplevel [3ms]
2026-02-10 14:09:17.021 [info] fatal: not a git repository (or any of the parent directories): .git
2026-02-10 14:09:19.829 [info] > git rev-parse --show-toplevel [5ms]
2026-02-10 14:09:19.830 [info] fatal: not a git repository (or any of the parent directories): .git
2026-02-10 14:09:20.377 [info] > git rev-parse --show-toplevel [7ms]
2026-02-10 14:09:20.378 [info] fatal: not a git repository (or any of the parent directories): .git
2026-02-10 14:09:27.677 [info] > git rev-parse --show-toplevel [7ms]
2026-02-10 14:09:27.677 [info] fatal: not a git repository (or any of the parent directories): .git
2026-02-10 14:09:36.386 [info] > git rev-parse --show-toplevel [4ms]
2026-02-10 14:09:36.387 [info] fatal: not a git repository (or any of the parent directories): .git
2026-02-10 14:09:56.379 [info] > git rev-parse --show-toplevel [7ms]
2026-02-10 14:09:56.380 [info] fatal: not a git repository (or any of the parent directories): .git
2026-02-10 14:10:04.609 [info] > git rev-parse --show-toplevel [6ms]
2026-02-10 14:10:04.610 [info] fatal: not a git repository (or any of the parent directories): .git
2026-02-10 14:10:16.839 [info] > git rev-parse --show-toplevel [8ms]
2026-02-10 14:10:16.839 [info] fatal: not a git repository (or any of the parent directories): .git
2026-02-10 14:10:26.405 [info] > git rev-parse --show-toplevel [25ms]
2026-02-10 14:10:26.405 [info] fatal: not a git repository (or any of the parent directories): .git
2026-02-10 14:10:39.865 [info] > git rev-parse --show-toplevel [4ms]
2026-02-10 14:10:39.865 [info] fatal: not a git repository (or any of the parent directories): .git
2026-02-10 14:15:28.577 [info] > git rev-parse --show-toplevel [5ms]
2026-02-10 14:15:28.577 [info] fatal: not a git repository (or any of the parent directories): .git
2026-02-10 14:15:36.746 [info] > git rev-parse --show-toplevel [4ms]
2026-02-10 14:15:36.747 [info] fatal: not a git repository (or any of the parent directories): .git
2026-02-10 14:16:03.822 [info] > git rev-parse --show-toplevel [4ms]
2026-02-10 14:16:03.826 [info] fatal: not a git repository (or any of the parent directories): .git
2026-02-10 14:16:07.686 [info] > git rev-parse --show-toplevel [32ms]
2026-02-10 14:16:07.687 [info] fatal: not a git repository (or any of the parent directories): .git
2026-02-10 14:16:08.680 [info] > git rev-parse --show-toplevel [18ms]
2026-02-10 14:16:08.686 [info] fatal: not a git repository (or any of the parent directories): .git
2026-02-10 14:16:23.601 [info] > git rev-parse --show-toplevel [8ms]
2026-02-10 14:16:23.603 [info] fatal: not a git repository (or any of the parent directories): .git
2026-02-10 14:16:33.313 [info] > git rev-parse --show-toplevel [8ms]
2026-02-10 14:16:33.313 [info] fatal: not a git repository (or any of the parent directories): .git
2026-02-10 14:16:46.655 [info] > git rev-parse --show-toplevel [8ms]
2026-02-10 14:16:46.655 [info] fatal: not a git repository (or any of the parent directories): .git
2026-02-10 14:18:17.910 [info] > git rev-parse --show-toplevel [7ms]
2026-02-10 14:18:17.911 [info] fatal: not a git repository (or any of the parent directories): .git
