2026-02-03 20:55:45.414 [info] Extension host with pid 10155 started
2026-02-03 20:55:45.471 [info] Lock '/home/leo/.vscode-server/data/User/workspaceStorage/730cbd54b2c14d1f7b36303f887028c9/vscode.lock': Lock acquired.
2026-02-03 20:55:45.519 [info] ExtensionService#_doActivateExtension vscode.git-base, startup: false, activationEvent: '*', root cause: vscode.git
2026-02-03 20:55:45.701 [info] ExtensionService#_doActivateExtension vscode.git, startup: false, activationEvent: '*'
2026-02-03 20:55:45.701 [info] ExtensionService#_doActivateExtension vscode.github, startup: false, activationEvent: '*'
2026-02-03 20:55:46.051 [info] Eager extensions activated
2026-02-03 20:55:46.052 [info] ExtensionService#_doActivateExtension vscode.debug-auto-launch, startup: false, activationEvent: 'onStartupFinished'
2026-02-03 20:55:46.053 [info] ExtensionService#_doActivateExtension vscode.merge-conflict, startup: false, activationEvent: 'onStartupFinished'
2026-02-03 20:58:57.543 [info] ExtensionService#_doActivateExtension vscode.tunnel-forwarding, startup: false, activationEvent: 'onTunnel'
2026-02-03 21:01:15.857 [info] ExtensionService#_doActivateExtension vscode.typescript-language-features, startup: false, activationEvent: 'onLanguage:javascript'
2026-02-03 21:01:15.857 [info] ExtensionService#_doActivateExtension vscode.emmet, startup: false, activationEvent: 'onLanguage'
2026-02-03 22:19:56.454 [info] ExtensionService#_doActivateExtension vscode.npm, startup: false, activationEvent: 'onTerminalQuickFixRequest:ms-vscode.npm-command'
2026-02-03 22:20:01.818 [info] ExtensionService#_doActivateExtension vscode.configuration-editing, startup: false, activationEvent: 'onLanguage:json'
2026-02-03 22:20:01.819 [info] ExtensionService#_doActivateExtension vscode.extension-editing, startup: false, activationEvent: 'onLanguage:json'
2026-02-03 22:20:01.819 [info] ExtensionService#_doActivateExtension vscode.json-language-features, startup: false, activationEvent: 'onLanguage:json'
2026-02-04 02:15:54.483 [error] [vscode.typescript-language-features] provider FAILED
2026-02-04 02:15:54.483 [error] Error: <semantic> TypeScript Server Error (5.7.3)
No Project.
Error: No Project.
    at Object.ThrowNoProject (/home/leo/.vscode-server/cli/servers/Stable-33fc5a94a3f99ebe7087e8fe79fbe1d37a251016/server/extensions/node_modules/typescript/lib/typescript.js:184577:11)
    at ScriptInfo.getDefaultProject (/home/leo/.vscode-server/cli/servers/Stable-33fc5a94a3f99ebe7087e8fe79fbe1d37a251016/server/extensions/node_modules/typescript/lib/typescript.js:185279:23)
    at _ProjectService.doEnsureDefaultProjectForFile (/home/leo/.vscode-server/cli/servers/Stable-33fc5a94a3f99ebe7087e8fe79fbe1d37a251016/server/extensions/node_modules/typescript/lib/typescript.js:188770:36)
    at _ProjectService.ensureDefaultProjectForFile (/home/leo/.vscode-server/cli/servers/Stable-33fc5a94a3f99ebe7087e8fe79fbe1d37a251016/server/extensions/node_modules/typescript/lib/typescript.js:188765:103)
    at IpcIOSession.getFileAndProjectWorker (/home/leo/.vscode-server/cli/servers/Stable-33fc5a94a3f99ebe7087e8fe79fbe1d37a251016/server/extensions/node_modules/typescript/lib/typescript.js:194296:77)
    at IpcIOSession.getFileAndProject (/home/leo/.vscode-server/cli/servers/Stable-33fc5a94a3f99ebe7087e8fe79fbe1d37a251016/server/extensions/node_modules/typescript/lib/typescript.js:194282:17)
    at IpcIOSession.getApplicableRefactors (/home/leo/.vscode-server/cli/servers/Stable-33fc5a94a3f99ebe7087e8fe79fbe1d37a251016/server/extensions/node_modules/typescript/lib/typescript.js:194801:36)
    at getApplicableRefactors (/home/leo/.vscode-server/cli/servers/Stable-33fc5a94a3f99ebe7087e8fe79fbe1d37a251016/server/extensions/node_modules/typescript/lib/typescript.js:192957:43)
    at /home/leo/.vscode-server/cli/servers/Stable-33fc5a94a3f99ebe7087e8fe79fbe1d37a251016/server/extensions/node_modules/typescript/lib/typescript.js:195231:15
    at IpcIOSession.executeWithRequestId (/home/leo/.vscode-server/cli/servers/Stable-33fc5a94a3f99ebe7087e8fe79fbe1d37a251016/server/extensions/node_modules/typescript/lib/typescript.js:195220:14)
    at IpcIOSession.executeCommand (/home/leo/.vscode-server/cli/servers/Stable-33fc5a94a3f99ebe7087e8fe79fbe1d37a251016/server/extensions/node_modules/typescript/lib/typescript.js:195229:29)
    at IpcIOSession.onMessage (/home/leo/.vscode-server/cli/servers/Stable-33fc5a94a3f99ebe7087e8fe79fbe1d37a251016/server/extensions/node_modules/typescript/lib/typescript.js:195277:68)
    at process.<anonymous> (/home/leo/.vscode-server/cli/servers/Stable-33fc5a94a3f99ebe7087e8fe79fbe1d37a251016/server/extensions/node_modules/typescript/lib/_tsserver.js:525:14)
    at process.emit (node:events:518:28)
    at emit (node:internal/child_process:950:14)
    at process.processTicksAndRejections (node:internal/process/task_queues:83:21)
	at n.create (/home/leo/.vscode-server/cli/servers/Stable-33fc5a94a3f99ebe7087e8fe79fbe1d37a251016/server/extensions/typescript-language-features/dist/extension.js:2:492077)
	at y.dispatchResponse (/home/leo/.vscode-server/cli/servers/Stable-33fc5a94a3f99ebe7087e8fe79fbe1d37a251016/server/extensions/typescript-language-features/dist/extension.js:2:486047)
	at y.dispatchMessage (/home/leo/.vscode-server/cli/servers/Stable-33fc5a94a3f99ebe7087e8fe79fbe1d37a251016/server/extensions/typescript-language-features/dist/extension.js:2:484845)
	at ChildProcess.<anonymous> (/home/leo/.vscode-server/cli/servers/Stable-33fc5a94a3f99ebe7087e8fe79fbe1d37a251016/server/extensions/typescript-language-features/dist/extension.js:2:484338)
	at ChildProcess.emit (node:events:518:28)
	at emit (node:internal/child_process:950:14)
	at process.processTicksAndRejections (node:internal/process/task_queues:83:21)
2026-02-04 02:15:54.505 [error] [vscode.typescript-language-features] provider FAILED
2026-02-04 02:15:54.506 [error] Error: <semantic> TypeScript Server Error (5.7.3)
No Project.
Error: No Project.
    at Object.ThrowNoProject (/home/leo/.vscode-server/cli/servers/Stable-33fc5a94a3f99ebe7087e8fe79fbe1d37a251016/server/extensions/node_modules/typescript/lib/typescript.js:184577:11)
    at ScriptInfo.getDefaultProject (/home/leo/.vscode-server/cli/servers/Stable-33fc5a94a3f99ebe7087e8fe79fbe1d37a251016/server/extensions/node_modules/typescript/lib/typescript.js:185279:23)
    at _ProjectService.doEnsureDefaultProjectForFile (/home/leo/.vscode-server/cli/servers/Stable-33fc5a94a3f99ebe7087e8fe79fbe1d37a251016/server/extensions/node_modules/typescript/lib/typescript.js:188770:36)
    at _ProjectService.ensureDefaultProjectForFile (/home/leo/.vscode-server/cli/servers/Stable-33fc5a94a3f99ebe7087e8fe79fbe1d37a251016/server/extensions/node_modules/typescript/lib/typescript.js:188765:103)
    at IpcIOSession.getFileAndProjectWorker (/home/leo/.vscode-server/cli/servers/Stable-33fc5a94a3f99ebe7087e8fe79fbe1d37a251016/server/extensions/node_modules/typescript/lib/typescript.js:194296:77)
    at IpcIOSession.getFileAndProject (/home/leo/.vscode-server/cli/servers/Stable-33fc5a94a3f99ebe7087e8fe79fbe1d37a251016/server/extensions/node_modules/typescript/lib/typescript.js:194282:17)
    at IpcIOSession.getEncodedSemanticClassifications (/home/leo/.vscode-server/cli/servers/Stable-33fc5a94a3f99ebe7087e8fe79fbe1d37a251016/server/extensions/node_modules/typescript/lib/typescript.js:193541:36)
    at encodedSemanticClassifications-full (/home/leo/.vscode-server/cli/servers/Stable-33fc5a94a3f99ebe7087e8fe79fbe1d37a251016/server/extensions/node_modules/typescript/lib/typescript.js:192778:43)
    at /home/leo/.vscode-server/cli/servers/Stable-33fc5a94a3f99ebe7087e8fe79fbe1d37a251016/server/extensions/node_modules/typescript/lib/typescript.js:195231:15
    at IpcIOSession.executeWithRequestId (/home/leo/.vscode-server/cli/servers/Stable-33fc5a94a3f99ebe7087e8fe79fbe1d37a251016/server/extensions/node_modules/typescript/lib/typescript.js:195220:14)
    at IpcIOSession.executeCommand (/home/leo/.vscode-server/cli/servers/Stable-33fc5a94a3f99ebe7087e8fe79fbe1d37a251016/server/extensions/node_modules/typescript/lib/typescript.js:195229:29)
    at IpcIOSession.onMessage (/home/leo/.vscode-server/cli/servers/Stable-33fc5a94a3f99ebe7087e8fe79fbe1d37a251016/server/extensions/node_modules/typescript/lib/typescript.js:195277:68)
    at process.<anonymous> (/home/leo/.vscode-server/cli/servers/Stable-33fc5a94a3f99ebe7087e8fe79fbe1d37a251016/server/extensions/node_modules/typescript/lib/_tsserver.js:525:14)
    at process.emit (node:events:518:28)
    at emit (node:internal/child_process:950:14)
    at process.processTicksAndRejections (node:internal/process/task_queues:83:21)
	at n.create (/home/leo/.vscode-server/cli/servers/Stable-33fc5a94a3f99ebe7087e8fe79fbe1d37a251016/server/extensions/typescript-language-features/dist/extension.js:2:492077)
	at y.dispatchResponse (/home/leo/.vscode-server/cli/servers/Stable-33fc5a94a3f99ebe7087e8fe79fbe1d37a251016/server/extensions/typescript-language-features/dist/extension.js:2:486047)
	at y.dispatchMessage (/home/leo/.vscode-server/cli/servers/Stable-33fc5a94a3f99ebe7087e8fe79fbe1d37a251016/server/extensions/typescript-language-features/dist/extension.js:2:484845)
	at ChildProcess.<anonymous> (/home/leo/.vscode-server/cli/servers/Stable-33fc5a94a3f99ebe7087e8fe79fbe1d37a251016/server/extensions/typescript-language-features/dist/extension.js:2:484338)
	at ChildProcess.emit (node:events:518:28)
	at emit (node:internal/child_process:950:14)
	at process.processTicksAndRejections (node:internal/process/task_queues:83:21)
2026-02-04 02:15:54.651 [error] [vscode.typescript-language-features] provider FAILED
2026-02-04 02:15:54.651 [error] Error: <semantic> TypeScript Server Error (5.7.3)
No Project.
Error: No Project.
    at Object.ThrowNoProject (/home/leo/.vscode-server/cli/servers/Stable-33fc5a94a3f99ebe7087e8fe79fbe1d37a251016/server/extensions/node_modules/typescript/lib/typescript.js:184577:11)
    at ScriptInfo.getDefaultProject (/home/leo/.vscode-server/cli/servers/Stable-33fc5a94a3f99ebe7087e8fe79fbe1d37a251016/server/extensions/node_modules/typescript/lib/typescript.js:185279:23)
    at _ProjectService.doEnsureDefaultProjectForFile (/home/leo/.vscode-server/cli/servers/Stable-33fc5a94a3f99ebe7087e8fe79fbe1d37a251016/server/extensions/node_modules/typescript/lib/typescript.js:188770:36)
    at _ProjectService.ensureDefaultProjectForFile (/home/leo/.vscode-server/cli/servers/Stable-33fc5a94a3f99ebe7087e8fe79fbe1d37a251016/server/extensions/node_modules/typescript/lib/typescript.js:188765:103)
    at IpcIOSession.getFileAndProjectWorker (/home/leo/.vscode-server/cli/servers/Stable-33fc5a94a3f99ebe7087e8fe79fbe1d37a251016/server/extensions/node_modules/typescript/lib/typescript.js:194296:77)
    at IpcIOSession.getFileAndProject (/home/leo/.vscode-server/cli/servers/Stable-33fc5a94a3f99ebe7087e8fe79fbe1d37a251016/server/extensions/node_modules/typescript/lib/typescript.js:194282:17)
    at IpcIOSession.getApplicableRefactors (/home/leo/.vscode-server/cli/servers/Stable-33fc5a94a3f99ebe7087e8fe79fbe1d37a251016/server/extensions/node_modules/typescript/lib/typescript.js:194801:36)
    at getApplicableRefactors (/home/leo/.vscode-server/cli/servers/Stable-33fc5a94a3f99ebe7087e8fe79fbe1d37a251016/server/extensions/node_modules/typescript/lib/typescript.js:192957:43)
    at /home/leo/.vscode-server/cli/servers/Stable-33fc5a94a3f99ebe7087e8fe79fbe1d37a251016/server/extensions/node_modules/typescript/lib/typescript.js:195231:15
    at IpcIOSession.executeWithRequestId (/home/leo/.vscode-server/cli/servers/Stable-33fc5a94a3f99ebe7087e8fe79fbe1d37a251016/server/extensions/node_modules/typescript/lib/typescript.js:195220:14)
    at IpcIOSession.executeCommand (/home/leo/.vscode-server/cli/servers/Stable-33fc5a94a3f99ebe7087e8fe79fbe1d37a251016/server/extensions/node_modules/typescript/lib/typescript.js:195229:29)
    at IpcIOSession.onMessage (/home/leo/.vscode-server/cli/servers/Stable-33fc5a94a3f99ebe7087e8fe79fbe1d37a251016/server/extensions/node_modules/typescript/lib/typescript.js:195277:68)
    at process.<anonymous> (/home/leo/.vscode-server/cli/servers/Stable-33fc5a94a3f99ebe7087e8fe79fbe1d37a251016/server/extensions/node_modules/typescript/lib/_tsserver.js:525:14)
    at process.emit (node:events:518:28)
    at emit (node:internal/child_process:950:14)
    at process.processTicksAndRejections (node:internal/process/task_queues:83:21)
	at n.create (/home/leo/.vscode-server/cli/servers/Stable-33fc5a94a3f99ebe7087e8fe79fbe1d37a251016/server/extensions/typescript-language-features/dist/extension.js:2:492077)
	at y.dispatchResponse (/home/leo/.vscode-server/cli/servers/Stable-33fc5a94a3f99ebe7087e8fe79fbe1d37a251016/server/extensions/typescript-language-features/dist/extension.js:2:486047)
	at y.dispatchMessage (/home/leo/.vscode-server/cli/servers/Stable-33fc5a94a3f99ebe7087e8fe79fbe1d37a251016/server/extensions/typescript-language-features/dist/extension.js:2:484845)
	at ChildProcess.<anonymous> (/home/leo/.vscode-server/cli/servers/Stable-33fc5a94a3f99ebe7087e8fe79fbe1d37a251016/server/extensions/typescript-language-features/dist/extension.js:2:484338)
	at ChildProcess.emit (node:events:518:28)
	at emit (node:internal/child_process:950:14)
	at process.processTicksAndRejections (node:internal/process/task_queues:83:21)
2026-02-04 02:15:55.642 [error] Error: <semantic> TypeScript Server Error (5.7.3)
No Project.
Error: No Project.
    at Object.ThrowNoProject (/home/leo/.vscode-server/cli/servers/Stable-33fc5a94a3f99ebe7087e8fe79fbe1d37a251016/server/extensions/node_modules/typescript/lib/typescript.js:184577:11)
    at ScriptInfo.getDefaultProject (/home/leo/.vscode-server/cli/servers/Stable-33fc5a94a3f99ebe7087e8fe79fbe1d37a251016/server/extensions/node_modules/typescript/lib/typescript.js:185279:23)
    at _ProjectService.doEnsureDefaultProjectForFile (/home/leo/.vscode-server/cli/servers/Stable-33fc5a94a3f99ebe7087e8fe79fbe1d37a251016/server/extensions/node_modules/typescript/lib/typescript.js:188770:36)
    at _ProjectService.ensureDefaultProjectForFile (/home/leo/.vscode-server/cli/servers/Stable-33fc5a94a3f99ebe7087e8fe79fbe1d37a251016/server/extensions/node_modules/typescript/lib/typescript.js:188765:103)
    at IpcIOSession.getFileAndProjectWorker (/home/leo/.vscode-server/cli/servers/Stable-33fc5a94a3f99ebe7087e8fe79fbe1d37a251016/server/extensions/node_modules/typescript/lib/typescript.js:194296:77)
    at IpcIOSession.getProjectInfoWorker (/home/leo/.vscode-server/cli/servers/Stable-33fc5a94a3f99ebe7087e8fe79fbe1d37a251016/server/extensions/node_modules/typescript/lib/typescript.js:194067:30)
    at IpcIOSession.getProjectInfo (/home/leo/.vscode-server/cli/servers/Stable-33fc5a94a3f99ebe7087e8fe79fbe1d37a251016/server/extensions/node_modules/typescript/lib/typescript.js:194057:17)
    at projectInfo (/home/leo/.vscode-server/cli/servers/Stable-33fc5a94a3f99ebe7087e8fe79fbe1d37a251016/server/extensions/node_modules/typescript/lib/typescript.js:192910:43)
    at /home/leo/.vscode-server/cli/servers/Stable-33fc5a94a3f99ebe7087e8fe79fbe1d37a251016/server/extensions/node_modules/typescript/lib/typescript.js:195231:15
    at IpcIOSession.executeWithRequestId (/home/leo/.vscode-server/cli/servers/Stable-33fc5a94a3f99ebe7087e8fe79fbe1d37a251016/server/extensions/node_modules/typescript/lib/typescript.js:195220:14)
    at IpcIOSession.executeCommand (/home/leo/.vscode-server/cli/servers/Stable-33fc5a94a3f99ebe7087e8fe79fbe1d37a251016/server/extensions/node_modules/typescript/lib/typescript.js:195229:29)
    at IpcIOSession.onMessage (/home/leo/.vscode-server/cli/servers/Stable-33fc5a94a3f99ebe7087e8fe79fbe1d37a251016/server/extensions/node_modules/typescript/lib/typescript.js:195277:68)
    at process.<anonymous> (/home/leo/.vscode-server/cli/servers/Stable-33fc5a94a3f99ebe7087e8fe79fbe1d37a251016/server/extensions/node_modules/typescript/lib/_tsserver.js:525:14)
    at process.emit (node:events:518:28)
    at emit (node:internal/child_process:950:14)
    at process.processTicksAndRejections (node:internal/process/task_queues:83:21)
	at n.create (/home/leo/.vscode-server/cli/servers/Stable-33fc5a94a3f99ebe7087e8fe79fbe1d37a251016/server/extensions/typescript-language-features/dist/extension.js:2:492077)
	at y.dispatchResponse (/home/leo/.vscode-server/cli/servers/Stable-33fc5a94a3f99ebe7087e8fe79fbe1d37a251016/server/extensions/typescript-language-features/dist/extension.js:2:486047)
	at y.dispatchMessage (/home/leo/.vscode-server/cli/servers/Stable-33fc5a94a3f99ebe7087e8fe79fbe1d37a251016/server/extensions/typescript-language-features/dist/extension.js:2:484845)
	at ChildProcess.<anonymous> (/home/leo/.vscode-server/cli/servers/Stable-33fc5a94a3f99ebe7087e8fe79fbe1d37a251016/server/extensions/typescript-language-features/dist/extension.js:2:484338)
	at ChildProcess.emit (node:events:518:28)
	at emit (node:internal/child_process:950:14)
	at process.processTicksAndRejections (node:internal/process/task_queues:83:21)
2026-02-04 02:15:55.643 [error] Error: <semantic> TypeScript Server Error (5.7.3)
No Project.
Error: No Project.
    at Object.ThrowNoProject (/home/leo/.vscode-server/cli/servers/Stable-33fc5a94a3f99ebe7087e8fe79fbe1d37a251016/server/extensions/node_modules/typescript/lib/typescript.js:184577:11)
    at ScriptInfo.getDefaultProject (/home/leo/.vscode-server/cli/servers/Stable-33fc5a94a3f99ebe7087e8fe79fbe1d37a251016/server/extensions/node_modules/typescript/lib/typescript.js:185279:23)
    at _ProjectService.doEnsureDefaultProjectForFile (/home/leo/.vscode-server/cli/servers/Stable-33fc5a94a3f99ebe7087e8fe79fbe1d37a251016/server/extensions/node_modules/typescript/lib/typescript.js:188770:36)
    at _ProjectService.ensureDefaultProjectForFile (/home/leo/.vscode-server/cli/servers/Stable-33fc5a94a3f99ebe7087e8fe79fbe1d37a251016/server/extensions/node_modules/typescript/lib/typescript.js:188765:103)
    at IpcIOSession.getFileAndProjectWorker (/home/leo/.vscode-server/cli/servers/Stable-33fc5a94a3f99ebe7087e8fe79fbe1d37a251016/server/extensions/node_modules/typescript/lib/typescript.js:194296:77)
    at IpcIOSession.getFileAndProject (/home/leo/.vscode-server/cli/servers/Stable-33fc5a94a3f99ebe7087e8fe79fbe1d37a251016/server/extensions/node_modules/typescript/lib/typescript.js:194282:17)
    at IpcIOSession.getEncodedSemanticClassifications (/home/leo/.vscode-server/cli/servers/Stable-33fc5a94a3f99ebe7087e8fe79fbe1d37a251016/server/extensions/node_modules/typescript/lib/typescript.js:193541:36)
    at encodedSemanticClassifications-full (/home/leo/.vscode-server/cli/servers/Stable-33fc5a94a3f99ebe7087e8fe79fbe1d37a251016/server/extensions/node_modules/typescript/lib/typescript.js:192778:43)
    at /home/leo/.vscode-server/cli/servers/Stable-33fc5a94a3f99ebe7087e8fe79fbe1d37a251016/server/extensions/node_modules/typescript/lib/typescript.js:195231:15
    at IpcIOSession.executeWithRequestId (/home/leo/.vscode-server/cli/servers/Stable-33fc5a94a3f99ebe7087e8fe79fbe1d37a251016/server/extensions/node_modules/typescript/lib/typescript.js:195220:14)
    at IpcIOSession.executeCommand (/home/leo/.vscode-server/cli/servers/Stable-33fc5a94a3f99ebe7087e8fe79fbe1d37a251016/server/extensions/node_modules/typescript/lib/typescript.js:195229:29)
    at IpcIOSession.onMessage (/home/leo/.vscode-server/cli/servers/Stable-33fc5a94a3f99ebe7087e8fe79fbe1d37a251016/server/extensions/node_modules/typescript/lib/typescript.js:195277:68)
    at process.<anonymous> (/home/leo/.vscode-server/cli/servers/Stable-33fc5a94a3f99ebe7087e8fe79fbe1d37a251016/server/extensions/node_modules/typescript/lib/_tsserver.js:525:14)
    at process.emit (node:events:518:28)
    at emit (node:internal/child_process:950:14)
    at process.processTicksAndRejections (node:internal/process/task_queues:83:21)
	at n.create (/home/leo/.vscode-server/cli/servers/Stable-33fc5a94a3f99ebe7087e8fe79fbe1d37a251016/server/extensions/typescript-language-features/dist/extension.js:2:492077)
	at y.dispatchResponse (/home/leo/.vscode-server/cli/servers/Stable-33fc5a94a3f99ebe7087e8fe79fbe1d37a251016/server/extensions/typescript-language-features/dist/extension.js:2:486047)
	at y.dispatchMessage (/home/leo/.vscode-server/cli/servers/Stable-33fc5a94a3f99ebe7087e8fe79fbe1d37a251016/server/extensions/typescript-language-features/dist/extension.js:2:484845)
	at ChildProcess.<anonymous> (/home/leo/.vscode-server/cli/servers/Stable-33fc5a94a3f99ebe7087e8fe79fbe1d37a251016/server/extensions/typescript-language-features/dist/extension.js:2:484338)
	at ChildProcess.emit (node:events:518:28)
	at emit (node:internal/child_process:950:14)
	at process.processTicksAndRejections (node:internal/process/task_queues:83:21)
2026-02-04 02:16:44.587 [error] [vscode.typescript-language-features] provider FAILED
2026-02-04 02:16:44.587 [error] Error: <semantic> TypeScript Server Error (5.7.3)
No Project.
Error: No Project.
    at Object.ThrowNoProject (/home/leo/.vscode-server/cli/servers/Stable-33fc5a94a3f99ebe7087e8fe79fbe1d37a251016/server/extensions/node_modules/typescript/lib/typescript.js:184577:11)
    at ScriptInfo.getDefaultProject (/home/leo/.vscode-server/cli/servers/Stable-33fc5a94a3f99ebe7087e8fe79fbe1d37a251016/server/extensions/node_modules/typescript/lib/typescript.js:185279:23)
    at _ProjectService.doEnsureDefaultProjectForFile (/home/leo/.vscode-server/cli/servers/Stable-33fc5a94a3f99ebe7087e8fe79fbe1d37a251016/server/extensions/node_modules/typescript/lib/typescript.js:188770:36)
    at _ProjectService.ensureDefaultProjectForFile (/home/leo/.vscode-server/cli/servers/Stable-33fc5a94a3f99ebe7087e8fe79fbe1d37a251016/server/extensions/node_modules/typescript/lib/typescript.js:188765:103)
    at IpcIOSession.getFileAndProjectWorker (/home/leo/.vscode-server/cli/servers/Stable-33fc5a94a3f99ebe7087e8fe79fbe1d37a251016/server/extensions/node_modules/typescript/lib/typescript.js:194296:77)
    at IpcIOSession.getFileAndProject (/home/leo/.vscode-server/cli/servers/Stable-33fc5a94a3f99ebe7087e8fe79fbe1d37a251016/server/extensions/node_modules/typescript/lib/typescript.js:194282:17)
    at IpcIOSession.getQuickInfoWorker (/home/leo/.vscode-server/cli/servers/Stable-33fc5a94a3f99ebe7087e8fe79fbe1d37a251016/server/extensions/node_modules/typescript/lib/typescript.js:194353:36)
    at quickinfo (/home/leo/.vscode-server/cli/servers/Stable-33fc5a94a3f99ebe7087e8fe79fbe1d37a251016/server/extensions/node_modules/typescript/lib/typescript.js:192651:43)
    at /home/leo/.vscode-server/cli/servers/Stable-33fc5a94a3f99ebe7087e8fe79fbe1d37a251016/server/extensions/node_modules/typescript/lib/typescript.js:195231:15
    at IpcIOSession.executeWithRequestId (/home/leo/.vscode-server/cli/servers/Stable-33fc5a94a3f99ebe7087e8fe79fbe1d37a251016/server/extensions/node_modules/typescript/lib/typescript.js:195220:14)
    at IpcIOSession.executeCommand (/home/leo/.vscode-server/cli/servers/Stable-33fc5a94a3f99ebe7087e8fe79fbe1d37a251016/server/extensions/node_modules/typescript/lib/typescript.js:195229:29)
    at IpcIOSession.onMessage (/home/leo/.vscode-server/cli/servers/Stable-33fc5a94a3f99ebe7087e8fe79fbe1d37a251016/server/extensions/node_modules/typescript/lib/typescript.js:195277:68)
    at process.<anonymous> (/home/leo/.vscode-server/cli/servers/Stable-33fc5a94a3f99ebe7087e8fe79fbe1d37a251016/server/extensions/node_modules/typescript/lib/_tsserver.js:525:14)
    at process.emit (node:events:518:28)
    at emit (node:internal/child_process:950:14)
    at process.processTicksAndRejections (node:internal/process/task_queues:83:21)
	at n.create (/home/leo/.vscode-server/cli/servers/Stable-33fc5a94a3f99ebe7087e8fe79fbe1d37a251016/server/extensions/typescript-language-features/dist/extension.js:2:492077)
	at y.dispatchResponse (/home/leo/.vscode-server/cli/servers/Stable-33fc5a94a3f99ebe7087e8fe79fbe1d37a251016/server/extensions/typescript-language-features/dist/extension.js:2:486047)
	at y.dispatchMessage (/home/leo/.vscode-server/cli/servers/Stable-33fc5a94a3f99ebe7087e8fe79fbe1d37a251016/server/extensions/typescript-language-features/dist/extension.js:2:484845)
	at ChildProcess.<anonymous> (/home/leo/.vscode-server/cli/servers/Stable-33fc5a94a3f99ebe7087e8fe79fbe1d37a251016/server/extensions/typescript-language-features/dist/extension.js:2:484338)
	at ChildProcess.emit (node:events:518:28)
	at emit (node:internal/child_process:950:14)
	at process.processTicksAndRejections (node:internal/process/task_queues:83:21)
2026-02-04 02:16:45.244 [error] [vscode.typescript-language-features] provider FAILED
2026-02-04 02:16:45.244 [error] Error: <semantic> TypeScript Server Error (5.7.3)
No Project.
Error: No Project.
    at Object.ThrowNoProject (/home/leo/.vscode-server/cli/servers/Stable-33fc5a94a3f99ebe7087e8fe79fbe1d37a251016/server/extensions/node_modules/typescript/lib/typescript.js:184577:11)
    at ScriptInfo.getDefaultProject (/home/leo/.vscode-server/cli/servers/Stable-33fc5a94a3f99ebe7087e8fe79fbe1d37a251016/server/extensions/node_modules/typescript/lib/typescript.js:185279:23)
    at _ProjectService.doEnsureDefaultProjectForFile (/home/leo/.vscode-server/cli/servers/Stable-33fc5a94a3f99ebe7087e8fe79fbe1d37a251016/server/extensions/node_modules/typescript/lib/typescript.js:188770:36)
    at _ProjectService.ensureDefaultProjectForFile (/home/leo/.vscode-server/cli/servers/Stable-33fc5a94a3f99ebe7087e8fe79fbe1d37a251016/server/extensions/node_modules/typescript/lib/typescript.js:188765:103)
    at IpcIOSession.getFileAndProjectWorker (/home/leo/.vscode-server/cli/servers/Stable-33fc5a94a3f99ebe7087e8fe79fbe1d37a251016/server/extensions/node_modules/typescript/lib/typescript.js:194296:77)
    at IpcIOSession.getFileAndProject (/home/leo/.vscode-server/cli/servers/Stable-33fc5a94a3f99ebe7087e8fe79fbe1d37a251016/server/extensions/node_modules/typescript/lib/typescript.js:194282:17)
    at IpcIOSession.getEncodedSemanticClassifications (/home/leo/.vscode-server/cli/servers/Stable-33fc5a94a3f99ebe7087e8fe79fbe1d37a251016/server/extensions/node_modules/typescript/lib/typescript.js:193541:36)
    at encodedSemanticClassifications-full (/home/leo/.vscode-server/cli/servers/Stable-33fc5a94a3f99ebe7087e8fe79fbe1d37a251016/server/extensions/node_modules/typescript/lib/typescript.js:192778:43)
    at /home/leo/.vscode-server/cli/servers/Stable-33fc5a94a3f99ebe7087e8fe79fbe1d37a251016/server/extensions/node_modules/typescript/lib/typescript.js:195231:15
    at IpcIOSession.executeWithRequestId (/home/leo/.vscode-server/cli/servers/Stable-33fc5a94a3f99ebe7087e8fe79fbe1d37a251016/server/extensions/node_modules/typescript/lib/typescript.js:195220:14)
    at IpcIOSession.executeCommand (/home/leo/.vscode-server/cli/servers/Stable-33fc5a94a3f99ebe7087e8fe79fbe1d37a251016/server/extensions/node_modules/typescript/lib/typescript.js:195229:29)
    at IpcIOSession.onMessage (/home/leo/.vscode-server/cli/servers/Stable-33fc5a94a3f99ebe7087e8fe79fbe1d37a251016/server/extensions/node_modules/typescript/lib/typescript.js:195277:68)
    at process.<anonymous> (/home/leo/.vscode-server/cli/servers/Stable-33fc5a94a3f99ebe7087e8fe79fbe1d37a251016/server/extensions/node_modules/typescript/lib/_tsserver.js:525:14)
    at process.emit (node:events:518:28)
    at emit (node:internal/child_process:950:14)
    at process.processTicksAndRejections (node:internal/process/task_queues:83:21)
	at n.create (/home/leo/.vscode-server/cli/servers/Stable-33fc5a94a3f99ebe7087e8fe79fbe1d37a251016/server/extensions/typescript-language-features/dist/extension.js:2:492077)
	at y.dispatchResponse (/home/leo/.vscode-server/cli/servers/Stable-33fc5a94a3f99ebe7087e8fe79fbe1d37a251016/server/extensions/typescript-language-features/dist/extension.js:2:486047)
	at y.dispatchMessage (/home/leo/.vscode-server/cli/servers/Stable-33fc5a94a3f99ebe7087e8fe79fbe1d37a251016/server/extensions/typescript-language-features/dist/extension.js:2:484845)
	at ChildProcess.<anonymous> (/home/leo/.vscode-server/cli/servers/Stable-33fc5a94a3f99ebe7087e8fe79fbe1d37a251016/server/extensions/typescript-language-features/dist/extension.js:2:484338)
	at ChildProcess.emit (node:events:518:28)
	at emit (node:internal/child_process:950:14)
	at process.processTicksAndRejections (node:internal/process/task_queues:83:21)
2026-02-04 02:16:46.245 [error] Error: <semantic> TypeScript Server Error (5.7.3)
No Project.
Error: No Project.
    at Object.ThrowNoProject (/home/leo/.vscode-server/cli/servers/Stable-33fc5a94a3f99ebe7087e8fe79fbe1d37a251016/server/extensions/node_modules/typescript/lib/typescript.js:184577:11)
    at ScriptInfo.getDefaultProject (/home/leo/.vscode-server/cli/servers/Stable-33fc5a94a3f99ebe7087e8fe79fbe1d37a251016/server/extensions/node_modules/typescript/lib/typescript.js:185279:23)
    at _ProjectService.doEnsureDefaultProjectForFile (/home/leo/.vscode-server/cli/servers/Stable-33fc5a94a3f99ebe7087e8fe79fbe1d37a251016/server/extensions/node_modules/typescript/lib/typescript.js:188770:36)
    at _ProjectService.ensureDefaultProjectForFile (/home/leo/.vscode-server/cli/servers/Stable-33fc5a94a3f99ebe7087e8fe79fbe1d37a251016/server/extensions/node_modules/typescript/lib/typescript.js:188765:103)
    at IpcIOSession.getFileAndProjectWorker (/home/leo/.vscode-server/cli/servers/Stable-33fc5a94a3f99ebe7087e8fe79fbe1d37a251016/server/extensions/node_modules/typescript/lib/typescript.js:194296:77)
    at IpcIOSession.getFileAndProject (/home/leo/.vscode-server/cli/servers/Stable-33fc5a94a3f99ebe7087e8fe79fbe1d37a251016/server/extensions/node_modules/typescript/lib/typescript.js:194282:17)
    at IpcIOSession.getEncodedSemanticClassifications (/home/leo/.vscode-server/cli/servers/Stable-33fc5a94a3f99ebe7087e8fe79fbe1d37a251016/server/extensions/node_modules/typescript/lib/typescript.js:193541:36)
    at encodedSemanticClassifications-full (/home/leo/.vscode-server/cli/servers/Stable-33fc5a94a3f99ebe7087e8fe79fbe1d37a251016/server/extensions/node_modules/typescript/lib/typescript.js:192778:43)
    at /home/leo/.vscode-server/cli/servers/Stable-33fc5a94a3f99ebe7087e8fe79fbe1d37a251016/server/extensions/node_modules/typescript/lib/typescript.js:195231:15
    at IpcIOSession.executeWithRequestId (/home/leo/.vscode-server/cli/servers/Stable-33fc5a94a3f99ebe7087e8fe79fbe1d37a251016/server/extensions/node_modules/typescript/lib/typescript.js:195220:14)
    at IpcIOSession.executeCommand (/home/leo/.vscode-server/cli/servers/Stable-33fc5a94a3f99ebe7087e8fe79fbe1d37a251016/server/extensions/node_modules/typescript/lib/typescript.js:195229:29)
    at IpcIOSession.onMessage (/home/leo/.vscode-server/cli/servers/Stable-33fc5a94a3f99ebe7087e8fe79fbe1d37a251016/server/extensions/node_modules/typescript/lib/typescript.js:195277:68)
    at process.<anonymous> (/home/leo/.vscode-server/cli/servers/Stable-33fc5a94a3f99ebe7087e8fe79fbe1d37a251016/server/extensions/node_modules/typescript/lib/_tsserver.js:525:14)
    at process.emit (node:events:518:28)
    at emit (node:internal/child_process:950:14)
    at process.processTicksAndRejections (node:internal/process/task_queues:83:21)
	at n.create (/home/leo/.vscode-server/cli/servers/Stable-33fc5a94a3f99ebe7087e8fe79fbe1d37a251016/server/extensions/typescript-language-features/dist/extension.js:2:492077)
	at y.dispatchResponse (/home/leo/.vscode-server/cli/servers/Stable-33fc5a94a3f99ebe7087e8fe79fbe1d37a251016/server/extensions/typescript-language-features/dist/extension.js:2:486047)
	at y.dispatchMessage (/home/leo/.vscode-server/cli/servers/Stable-33fc5a94a3f99ebe7087e8fe79fbe1d37a251016/server/extensions/typescript-language-features/dist/extension.js:2:484845)
	at ChildProcess.<anonymous> (/home/leo/.vscode-server/cli/servers/Stable-33fc5a94a3f99ebe7087e8fe79fbe1d37a251016/server/extensions/typescript-language-features/dist/extension.js:2:484338)
	at ChildProcess.emit (node:events:518:28)
	at emit (node:internal/child_process:950:14)
	at process.processTicksAndRejections (node:internal/process/task_queues:83:21)
2026-02-04 02:16:46.321 [error] [vscode.typescript-language-features] provider FAILED
2026-02-04 02:16:46.321 [error] Error: <semantic> TypeScript Server Error (5.7.3)
No Project.
Error: No Project.
    at Object.ThrowNoProject (/home/leo/.vscode-server/cli/servers/Stable-33fc5a94a3f99ebe7087e8fe79fbe1d37a251016/server/extensions/node_modules/typescript/lib/typescript.js:184577:11)
    at ScriptInfo.getDefaultProject (/home/leo/.vscode-server/cli/servers/Stable-33fc5a94a3f99ebe7087e8fe79fbe1d37a251016/server/extensions/node_modules/typescript/lib/typescript.js:185279:23)
    at _ProjectService.doEnsureDefaultProjectForFile (/home/leo/.vscode-server/cli/servers/Stable-33fc5a94a3f99ebe7087e8fe79fbe1d37a251016/server/extensions/node_modules/typescript/lib/typescript.js:188770:36)
    at _ProjectService.ensureDefaultProjectForFile (/home/leo/.vscode-server/cli/servers/Stable-33fc5a94a3f99ebe7087e8fe79fbe1d37a251016/server/extensions/node_modules/typescript/lib/typescript.js:188765:103)
    at IpcIOSession.getFileAndProjectWorker (/home/leo/.vscode-server/cli/servers/Stable-33fc5a94a3f99ebe7087e8fe79fbe1d37a251016/server/extensions/node_modules/typescript/lib/typescript.js:194296:77)
    at IpcIOSession.getFileAndProject (/home/leo/.vscode-server/cli/servers/Stable-33fc5a94a3f99ebe7087e8fe79fbe1d37a251016/server/extensions/node_modules/typescript/lib/typescript.js:194282:17)
    at IpcIOSession.getEncodedSemanticClassifications (/home/leo/.vscode-server/cli/servers/Stable-33fc5a94a3f99ebe7087e8fe79fbe1d37a251016/server/extensions/node_modules/typescript/lib/typescript.js:193541:36)
    at encodedSemanticClassifications-full (/home/leo/.vscode-server/cli/servers/Stable-33fc5a94a3f99ebe7087e8fe79fbe1d37a251016/server/extensions/node_modules/typescript/lib/typescript.js:192778:43)
    at /home/leo/.vscode-server/cli/servers/Stable-33fc5a94a3f99ebe7087e8fe79fbe1d37a251016/server/extensions/node_modules/typescript/lib/typescript.js:195231:15
    at IpcIOSession.executeWithRequestId (/home/leo/.vscode-server/cli/servers/Stable-33fc5a94a3f99ebe7087e8fe79fbe1d37a251016/server/extensions/node_modules/typescript/lib/typescript.js:195220:14)
    at IpcIOSession.executeCommand (/home/leo/.vscode-server/cli/servers/Stable-33fc5a94a3f99ebe7087e8fe79fbe1d37a251016/server/extensions/node_modules/typescript/lib/typescript.js:195229:29)
    at IpcIOSession.onMessage (/home/leo/.vscode-server/cli/servers/Stable-33fc5a94a3f99ebe7087e8fe79fbe1d37a251016/server/extensions/node_modules/typescript/lib/typescript.js:195277:68)
    at process.<anonymous> (/home/leo/.vscode-server/cli/servers/Stable-33fc5a94a3f99ebe7087e8fe79fbe1d37a251016/server/extensions/node_modules/typescript/lib/_tsserver.js:525:14)
    at process.emit (node:events:518:28)
    at emit (node:internal/child_process:950:14)
    at process.processTicksAndRejections (node:internal/process/task_queues:83:21)
	at n.create (/home/leo/.vscode-server/cli/servers/Stable-33fc5a94a3f99ebe7087e8fe79fbe1d37a251016/server/extensions/typescript-language-features/dist/extension.js:2:492077)
	at y.dispatchResponse (/home/leo/.vscode-server/cli/servers/Stable-33fc5a94a3f99ebe7087e8fe79fbe1d37a251016/server/extensions/typescript-language-features/dist/extension.js:2:486047)
	at y.dispatchMessage (/home/leo/.vscode-server/cli/servers/Stable-33fc5a94a3f99ebe7087e8fe79fbe1d37a251016/server/extensions/typescript-language-features/dist/extension.js:2:484845)
	at ChildProcess.<anonymous> (/home/leo/.vscode-server/cli/servers/Stable-33fc5a94a3f99ebe7087e8fe79fbe1d37a251016/server/extensions/typescript-language-features/dist/extension.js:2:484338)
	at ChildProcess.emit (node:events:518:28)
	at emit (node:internal/child_process:950:14)
	at process.processTicksAndRejections (node:internal/process/task_queues:83:21)
2026-02-04 02:16:47.321 [error] Error: <semantic> TypeScript Server Error (5.7.3)
No Project.
Error: No Project.
    at Object.ThrowNoProject (/home/leo/.vscode-server/cli/servers/Stable-33fc5a94a3f99ebe7087e8fe79fbe1d37a251016/server/extensions/node_modules/typescript/lib/typescript.js:184577:11)
    at ScriptInfo.getDefaultProject (/home/leo/.vscode-server/cli/servers/Stable-33fc5a94a3f99ebe7087e8fe79fbe1d37a251016/server/extensions/node_modules/typescript/lib/typescript.js:185279:23)
    at _ProjectService.doEnsureDefaultProjectForFile (/home/leo/.vscode-server/cli/servers/Stable-33fc5a94a3f99ebe7087e8fe79fbe1d37a251016/server/extensions/node_modules/typescript/lib/typescript.js:188770:36)
    at _ProjectService.ensureDefaultProjectForFile (/home/leo/.vscode-server/cli/servers/Stable-33fc5a94a3f99ebe7087e8fe79fbe1d37a251016/server/extensions/node_modules/typescript/lib/typescript.js:188765:103)
    at IpcIOSession.getFileAndProjectWorker (/home/leo/.vscode-server/cli/servers/Stable-33fc5a94a3f99ebe7087e8fe79fbe1d37a251016/server/extensions/node_modules/typescript/lib/typescript.js:194296:77)
    at IpcIOSession.getFileAndProject (/home/leo/.vscode-server/cli/servers/Stable-33fc5a94a3f99ebe7087e8fe79fbe1d37a251016/server/extensions/node_modules/typescript/lib/typescript.js:194282:17)
    at IpcIOSession.getEncodedSemanticClassifications (/home/leo/.vscode-server/cli/servers/Stable-33fc5a94a3f99ebe7087e8fe79fbe1d37a251016/server/extensions/node_modules/typescript/lib/typescript.js:193541:36)
    at encodedSemanticClassifications-full (/home/leo/.vscode-server/cli/servers/Stable-33fc5a94a3f99ebe7087e8fe79fbe1d37a251016/server/extensions/node_modules/typescript/lib/typescript.js:192778:43)
    at /home/leo/.vscode-server/cli/servers/Stable-33fc5a94a3f99ebe7087e8fe79fbe1d37a251016/server/extensions/node_modules/typescript/lib/typescript.js:195231:15
    at IpcIOSession.executeWithRequestId (/home/leo/.vscode-server/cli/servers/Stable-33fc5a94a3f99ebe7087e8fe79fbe1d37a251016/server/extensions/node_modules/typescript/lib/typescript.js:195220:14)
    at IpcIOSession.executeCommand (/home/leo/.vscode-server/cli/servers/Stable-33fc5a94a3f99ebe7087e8fe79fbe1d37a251016/server/extensions/node_modules/typescript/lib/typescript.js:195229:29)
    at IpcIOSession.onMessage (/home/leo/.vscode-server/cli/servers/Stable-33fc5a94a3f99ebe7087e8fe79fbe1d37a251016/server/extensions/node_modules/typescript/lib/typescript.js:195277:68)
    at process.<anonymous> (/home/leo/.vscode-server/cli/servers/Stable-33fc5a94a3f99ebe7087e8fe79fbe1d37a251016/server/extensions/node_modules/typescript/lib/_tsserver.js:525:14)
    at process.emit (node:events:518:28)
    at emit (node:internal/child_process:950:14)
    at process.processTicksAndRejections (node:internal/process/task_queues:83:21)
	at n.create (/home/leo/.vscode-server/cli/servers/Stable-33fc5a94a3f99ebe7087e8fe79fbe1d37a251016/server/extensions/typescript-language-features/dist/extension.js:2:492077)
	at y.dispatchResponse (/home/leo/.vscode-server/cli/servers/Stable-33fc5a94a3f99ebe7087e8fe79fbe1d37a251016/server/extensions/typescript-language-features/dist/extension.js:2:486047)
	at y.dispatchMessage (/home/leo/.vscode-server/cli/servers/Stable-33fc5a94a3f99ebe7087e8fe79fbe1d37a251016/server/extensions/typescript-language-features/dist/extension.js:2:484845)
	at ChildProcess.<anonymous> (/home/leo/.vscode-server/cli/servers/Stable-33fc5a94a3f99ebe7087e8fe79fbe1d37a251016/server/extensions/typescript-language-features/dist/extension.js:2:484338)
	at ChildProcess.emit (node:events:518:28)
	at emit (node:internal/child_process:950:14)
	at process.processTicksAndRejections (node:internal/process/task_queues:83:21)
2026-02-04 02:16:48.958 [error] [vscode.typescript-language-features] provider FAILED
2026-02-04 02:16:48.958 [error] Error: <semantic> TypeScript Server Error (5.7.3)
No Project.
Error: No Project.
    at Object.ThrowNoProject (/home/leo/.vscode-server/cli/servers/Stable-33fc5a94a3f99ebe7087e8fe79fbe1d37a251016/server/extensions/node_modules/typescript/lib/typescript.js:184577:11)
    at ScriptInfo.getDefaultProject (/home/leo/.vscode-server/cli/servers/Stable-33fc5a94a3f99ebe7087e8fe79fbe1d37a251016/server/extensions/node_modules/typescript/lib/typescript.js:185279:23)
    at _ProjectService.doEnsureDefaultProjectForFile (/home/leo/.vscode-server/cli/servers/Stable-33fc5a94a3f99ebe7087e8fe79fbe1d37a251016/server/extensions/node_modules/typescript/lib/typescript.js:188770:36)
    at _ProjectService.ensureDefaultProjectForFile (/home/leo/.vscode-server/cli/servers/Stable-33fc5a94a3f99ebe7087e8fe79fbe1d37a251016/server/extensions/node_modules/typescript/lib/typescript.js:188765:103)
    at IpcIOSession.getFileAndProjectWorker (/home/leo/.vscode-server/cli/servers/Stable-33fc5a94a3f99ebe7087e8fe79fbe1d37a251016/server/extensions/node_modules/typescript/lib/typescript.js:194296:77)
    at IpcIOSession.getFileAndProject (/home/leo/.vscode-server/cli/servers/Stable-33fc5a94a3f99ebe7087e8fe79fbe1d37a251016/server/extensions/node_modules/typescript/lib/typescript.js:194282:17)
    at IpcIOSession.getEncodedSemanticClassifications (/home/leo/.vscode-server/cli/servers/Stable-33fc5a94a3f99ebe7087e8fe79fbe1d37a251016/server/extensions/node_modules/typescript/lib/typescript.js:193541:36)
    at encodedSemanticClassifications-full (/home/leo/.vscode-server/cli/servers/Stable-33fc5a94a3f99ebe7087e8fe79fbe1d37a251016/server/extensions/node_modules/typescript/lib/typescript.js:192778:43)
    at /home/leo/.vscode-server/cli/servers/Stable-33fc5a94a3f99ebe7087e8fe79fbe1d37a251016/server/extensions/node_modules/typescript/lib/typescript.js:195231:15
    at IpcIOSession.executeWithRequestId (/home/leo/.vscode-server/cli/servers/Stable-33fc5a94a3f99ebe7087e8fe79fbe1d37a251016/server/extensions/node_modules/typescript/lib/typescript.js:195220:14)
    at IpcIOSession.executeCommand (/home/leo/.vscode-server/cli/servers/Stable-33fc5a94a3f99ebe7087e8fe79fbe1d37a251016/server/extensions/node_modules/typescript/lib/typescript.js:195229:29)
    at IpcIOSession.onMessage (/home/leo/.vscode-server/cli/servers/Stable-33fc5a94a3f99ebe7087e8fe79fbe1d37a251016/server/extensions/node_modules/typescript/lib/typescript.js:195277:68)
    at process.<anonymous> (/home/leo/.vscode-server/cli/servers/Stable-33fc5a94a3f99ebe7087e8fe79fbe1d37a251016/server/extensions/node_modules/typescript/lib/_tsserver.js:525:14)
    at process.emit (node:events:518:28)
    at emit (node:internal/child_process:950:14)
    at process.processTicksAndRejections (node:internal/process/task_queues:83:21)
	at n.create (/home/leo/.vscode-server/cli/servers/Stable-33fc5a94a3f99ebe7087e8fe79fbe1d37a251016/server/extensions/typescript-language-features/dist/extension.js:2:492077)
	at y.dispatchResponse (/home/leo/.vscode-server/cli/servers/Stable-33fc5a94a3f99ebe7087e8fe79fbe1d37a251016/server/extensions/typescript-language-features/dist/extension.js:2:486047)
	at y.dispatchMessage (/home/leo/.vscode-server/cli/servers/Stable-33fc5a94a3f99ebe7087e8fe79fbe1d37a251016/server/extensions/typescript-language-features/dist/extension.js:2:484845)
	at ChildProcess.<anonymous> (/home/leo/.vscode-server/cli/servers/Stable-33fc5a94a3f99ebe7087e8fe79fbe1d37a251016/server/extensions/typescript-language-features/dist/extension.js:2:484338)
	at ChildProcess.emit (node:events:518:28)
	at emit (node:internal/child_process:950:14)
	at process.processTicksAndRejections (node:internal/process/task_queues:83:21)
2026-02-04 02:16:49.114 [error] [vscode.typescript-language-features] provider FAILED
2026-02-04 02:16:49.114 [error] Error: <semantic> TypeScript Server Error (5.7.3)
No Project.
Error: No Project.
    at Object.ThrowNoProject (/home/leo/.vscode-server/cli/servers/Stable-33fc5a94a3f99ebe7087e8fe79fbe1d37a251016/server/extensions/node_modules/typescript/lib/typescript.js:184577:11)
    at ScriptInfo.getDefaultProject (/home/leo/.vscode-server/cli/servers/Stable-33fc5a94a3f99ebe7087e8fe79fbe1d37a251016/server/extensions/node_modules/typescript/lib/typescript.js:185279:23)
    at _ProjectService.doEnsureDefaultProjectForFile (/home/leo/.vscode-server/cli/servers/Stable-33fc5a94a3f99ebe7087e8fe79fbe1d37a251016/server/extensions/node_modules/typescript/lib/typescript.js:188770:36)
    at _ProjectService.ensureDefaultProjectForFile (/home/leo/.vscode-server/cli/servers/Stable-33fc5a94a3f99ebe7087e8fe79fbe1d37a251016/server/extensions/node_modules/typescript/lib/typescript.js:188765:103)
    at IpcIOSession.getFileAndProjectWorker (/home/leo/.vscode-server/cli/servers/Stable-33fc5a94a3f99ebe7087e8fe79fbe1d37a251016/server/extensions/node_modules/typescript/lib/typescript.js:194296:77)
    at IpcIOSession.getFileAndProject (/home/leo/.vscode-server/cli/servers/Stable-33fc5a94a3f99ebe7087e8fe79fbe1d37a251016/server/extensions/node_modules/typescript/lib/typescript.js:194282:17)
    at IpcIOSession.getApplicableRefactors (/home/leo/.vscode-server/cli/servers/Stable-33fc5a94a3f99ebe7087e8fe79fbe1d37a251016/server/extensions/node_modules/typescript/lib/typescript.js:194801:36)
    at getApplicableRefactors (/home/leo/.vscode-server/cli/servers/Stable-33fc5a94a3f99ebe7087e8fe79fbe1d37a251016/server/extensions/node_modules/typescript/lib/typescript.js:192957:43)
    at /home/leo/.vscode-server/cli/servers/Stable-33fc5a94a3f99ebe7087e8fe79fbe1d37a251016/server/extensions/node_modules/typescript/lib/typescript.js:195231:15
    at IpcIOSession.executeWithRequestId (/home/leo/.vscode-server/cli/servers/Stable-33fc5a94a3f99ebe7087e8fe79fbe1d37a251016/server/extensions/node_modules/typescript/lib/typescript.js:195220:14)
    at IpcIOSession.executeCommand (/home/leo/.vscode-server/cli/servers/Stable-33fc5a94a3f99ebe7087e8fe79fbe1d37a251016/server/extensions/node_modules/typescript/lib/typescript.js:195229:29)
    at IpcIOSession.onMessage (/home/leo/.vscode-server/cli/servers/Stable-33fc5a94a3f99ebe7087e8fe79fbe1d37a251016/server/extensions/node_modules/typescript/lib/typescript.js:195277:68)
    at process.<anonymous> (/home/leo/.vscode-server/cli/servers/Stable-33fc5a94a3f99ebe7087e8fe79fbe1d37a251016/server/extensions/node_modules/typescript/lib/_tsserver.js:525:14)
    at process.emit (node:events:518:28)
    at emit (node:internal/child_process:950:14)
    at process.processTicksAndRejections (node:internal/process/task_queues:83:21)
	at n.create (/home/leo/.vscode-server/cli/servers/Stable-33fc5a94a3f99ebe7087e8fe79fbe1d37a251016/server/extensions/typescript-language-features/dist/extension.js:2:492077)
	at y.dispatchResponse (/home/leo/.vscode-server/cli/servers/Stable-33fc5a94a3f99ebe7087e8fe79fbe1d37a251016/server/extensions/typescript-language-features/dist/extension.js:2:486047)
	at y.dispatchMessage (/home/leo/.vscode-server/cli/servers/Stable-33fc5a94a3f99ebe7087e8fe79fbe1d37a251016/server/extensions/typescript-language-features/dist/extension.js:2:484845)
	at ChildProcess.<anonymous> (/home/leo/.vscode-server/cli/servers/Stable-33fc5a94a3f99ebe7087e8fe79fbe1d37a251016/server/extensions/typescript-language-features/dist/extension.js:2:484338)
	at ChildProcess.emit (node:events:518:28)
	at emit (node:internal/child_process:950:14)
	at process.processTicksAndRejections (node:internal/process/task_queues:83:21)
2026-02-04 02:16:49.961 [error] Error: <semantic> TypeScript Server Error (5.7.3)
No Project.
Error: No Project.
    at Object.ThrowNoProject (/home/leo/.vscode-server/cli/servers/Stable-33fc5a94a3f99ebe7087e8fe79fbe1d37a251016/server/extensions/node_modules/typescript/lib/typescript.js:184577:11)
    at ScriptInfo.getDefaultProject (/home/leo/.vscode-server/cli/servers/Stable-33fc5a94a3f99ebe7087e8fe79fbe1d37a251016/server/extensions/node_modules/typescript/lib/typescript.js:185279:23)
    at _ProjectService.doEnsureDefaultProjectForFile (/home/leo/.vscode-server/cli/servers/Stable-33fc5a94a3f99ebe7087e8fe79fbe1d37a251016/server/extensions/node_modules/typescript/lib/typescript.js:188770:36)
    at _ProjectService.ensureDefaultProjectForFile (/home/leo/.vscode-server/cli/servers/Stable-33fc5a94a3f99ebe7087e8fe79fbe1d37a251016/server/extensions/node_modules/typescript/lib/typescript.js:188765:103)
    at IpcIOSession.getFileAndProjectWorker (/home/leo/.vscode-server/cli/servers/Stable-33fc5a94a3f99ebe7087e8fe79fbe1d37a251016/server/extensions/node_modules/typescript/lib/typescript.js:194296:77)
    at IpcIOSession.getFileAndProject (/home/leo/.vscode-server/cli/servers/Stable-33fc5a94a3f99ebe7087e8fe79fbe1d37a251016/server/extensions/node_modules/typescript/lib/typescript.js:194282:17)
    at IpcIOSession.getEncodedSemanticClassifications (/home/leo/.vscode-server/cli/servers/Stable-33fc5a94a3f99ebe7087e8fe79fbe1d37a251016/server/extensions/node_modules/typescript/lib/typescript.js:193541:36)
    at encodedSemanticClassifications-full (/home/leo/.vscode-server/cli/servers/Stable-33fc5a94a3f99ebe7087e8fe79fbe1d37a251016/server/extensions/node_modules/typescript/lib/typescript.js:192778:43)
    at /home/leo/.vscode-server/cli/servers/Stable-33fc5a94a3f99ebe7087e8fe79fbe1d37a251016/server/extensions/node_modules/typescript/lib/typescript.js:195231:15
    at IpcIOSession.executeWithRequestId (/home/leo/.vscode-server/cli/servers/Stable-33fc5a94a3f99ebe7087e8fe79fbe1d37a251016/server/extensions/node_modules/typescript/lib/typescript.js:195220:14)
    at IpcIOSession.executeCommand (/home/leo/.vscode-server/cli/servers/Stable-33fc5a94a3f99ebe7087e8fe79fbe1d37a251016/server/extensions/node_modules/typescript/lib/typescript.js:195229:29)
    at IpcIOSession.onMessage (/home/leo/.vscode-server/cli/servers/Stable-33fc5a94a3f99ebe7087e8fe79fbe1d37a251016/server/extensions/node_modules/typescript/lib/typescript.js:195277:68)
    at process.<anonymous> (/home/leo/.vscode-server/cli/servers/Stable-33fc5a94a3f99ebe7087e8fe79fbe1d37a251016/server/extensions/node_modules/typescript/lib/_tsserver.js:525:14)
    at process.emit (node:events:518:28)
    at emit (node:internal/child_process:950:14)
    at process.processTicksAndRejections (node:internal/process/task_queues:83:21)
	at n.create (/home/leo/.vscode-server/cli/servers/Stable-33fc5a94a3f99ebe7087e8fe79fbe1d37a251016/server/extensions/typescript-language-features/dist/extension.js:2:492077)
	at y.dispatchResponse (/home/leo/.vscode-server/cli/servers/Stable-33fc5a94a3f99ebe7087e8fe79fbe1d37a251016/server/extensions/typescript-language-features/dist/extension.js:2:486047)
	at y.dispatchMessage (/home/leo/.vscode-server/cli/servers/Stable-33fc5a94a3f99ebe7087e8fe79fbe1d37a251016/server/extensions/typescript-language-features/dist/extension.js:2:484845)
	at ChildProcess.<anonymous> (/home/leo/.vscode-server/cli/servers/Stable-33fc5a94a3f99ebe7087e8fe79fbe1d37a251016/server/extensions/typescript-language-features/dist/extension.js:2:484338)
	at ChildProcess.emit (node:events:518:28)
	at emit (node:internal/child_process:950:14)
	at process.processTicksAndRejections (node:internal/process/task_queues:83:21)
2026-02-04 02:16:50.985 [error] [vscode.typescript-language-features] provider FAILED
2026-02-04 02:16:50.985 [error] Error: <semantic> TypeScript Server Error (5.7.3)
No Project.
Error: No Project.
    at Object.ThrowNoProject (/home/leo/.vscode-server/cli/servers/Stable-33fc5a94a3f99ebe7087e8fe79fbe1d37a251016/server/extensions/node_modules/typescript/lib/typescript.js:184577:11)
    at ScriptInfo.getDefaultProject (/home/leo/.vscode-server/cli/servers/Stable-33fc5a94a3f99ebe7087e8fe79fbe1d37a251016/server/extensions/node_modules/typescript/lib/typescript.js:185279:23)
    at _ProjectService.doEnsureDefaultProjectForFile (/home/leo/.vscode-server/cli/servers/Stable-33fc5a94a3f99ebe7087e8fe79fbe1d37a251016/server/extensions/node_modules/typescript/lib/typescript.js:188770:36)
    at _ProjectService.ensureDefaultProjectForFile (/home/leo/.vscode-server/cli/servers/Stable-33fc5a94a3f99ebe7087e8fe79fbe1d37a251016/server/extensions/node_modules/typescript/lib/typescript.js:188765:103)
    at IpcIOSession.getFileAndProjectWorker (/home/leo/.vscode-server/cli/servers/Stable-33fc5a94a3f99ebe7087e8fe79fbe1d37a251016/server/extensions/node_modules/typescript/lib/typescript.js:194296:77)
    at IpcIOSession.getFileAndProject (/home/leo/.vscode-server/cli/servers/Stable-33fc5a94a3f99ebe7087e8fe79fbe1d37a251016/server/extensions/node_modules/typescript/lib/typescript.js:194282:17)
    at IpcIOSession.getEncodedSemanticClassifications (/home/leo/.vscode-server/cli/servers/Stable-33fc5a94a3f99ebe7087e8fe79fbe1d37a251016/server/extensions/node_modules/typescript/lib/typescript.js:193541:36)
    at encodedSemanticClassifications-full (/home/leo/.vscode-server/cli/servers/Stable-33fc5a94a3f99ebe7087e8fe79fbe1d37a251016/server/extensions/node_modules/typescript/lib/typescript.js:192778:43)
    at /home/leo/.vscode-server/cli/servers/Stable-33fc5a94a3f99ebe7087e8fe79fbe1d37a251016/server/extensions/node_modules/typescript/lib/typescript.js:195231:15
    at IpcIOSession.executeWithRequestId (/home/leo/.vscode-server/cli/servers/Stable-33fc5a94a3f99ebe7087e8fe79fbe1d37a251016/server/extensions/node_modules/typescript/lib/typescript.js:195220:14)
    at IpcIOSession.executeCommand (/home/leo/.vscode-server/cli/servers/Stable-33fc5a94a3f99ebe7087e8fe79fbe1d37a251016/server/extensions/node_modules/typescript/lib/typescript.js:195229:29)
    at IpcIOSession.onMessage (/home/leo/.vscode-server/cli/servers/Stable-33fc5a94a3f99ebe7087e8fe79fbe1d37a251016/server/extensions/node_modules/typescript/lib/typescript.js:195277:68)
    at process.<anonymous> (/home/leo/.vscode-server/cli/servers/Stable-33fc5a94a3f99ebe7087e8fe79fbe1d37a251016/server/extensions/node_modules/typescript/lib/_tsserver.js:525:14)
    at process.emit (node:events:518:28)
    at emit (node:internal/child_process:950:14)
    at process.processTicksAndRejections (node:internal/process/task_queues:83:21)
	at n.create (/home/leo/.vscode-server/cli/servers/Stable-33fc5a94a3f99ebe7087e8fe79fbe1d37a251016/server/extensions/typescript-language-features/dist/extension.js:2:492077)
	at y.dispatchResponse (/home/leo/.vscode-server/cli/servers/Stable-33fc5a94a3f99ebe7087e8fe79fbe1d37a251016/server/extensions/typescript-language-features/dist/extension.js:2:486047)
	at y.dispatchMessage (/home/leo/.vscode-server/cli/servers/Stable-33fc5a94a3f99ebe7087e8fe79fbe1d37a251016/server/extensions/typescript-language-features/dist/extension.js:2:484845)
	at ChildProcess.<anonymous> (/home/leo/.vscode-server/cli/servers/Stable-33fc5a94a3f99ebe7087e8fe79fbe1d37a251016/server/extensions/typescript-language-features/dist/extension.js:2:484338)
	at ChildProcess.emit (node:events:518:28)
	at emit (node:internal/child_process:950:14)
	at process.processTicksAndRejections (node:internal/process/task_queues:83:21)
2026-02-04 02:16:51.999 [error] Error: <semantic> TypeScript Server Error (5.7.3)
No Project.
Error: No Project.
    at Object.ThrowNoProject (/home/leo/.vscode-server/cli/servers/Stable-33fc5a94a3f99ebe7087e8fe79fbe1d37a251016/server/extensions/node_modules/typescript/lib/typescript.js:184577:11)
    at ScriptInfo.getDefaultProject (/home/leo/.vscode-server/cli/servers/Stable-33fc5a94a3f99ebe7087e8fe79fbe1d37a251016/server/extensions/node_modules/typescript/lib/typescript.js:185279:23)
    at _ProjectService.doEnsureDefaultProjectForFile (/home/leo/.vscode-server/cli/servers/Stable-33fc5a94a3f99ebe7087e8fe79fbe1d37a251016/server/extensions/node_modules/typescript/lib/typescript.js:188770:36)
    at _ProjectService.ensureDefaultProjectForFile (/home/leo/.vscode-server/cli/servers/Stable-33fc5a94a3f99ebe7087e8fe79fbe1d37a251016/server/extensions/node_modules/typescript/lib/typescript.js:188765:103)
    at IpcIOSession.getFileAndProjectWorker (/home/leo/.vscode-server/cli/servers/Stable-33fc5a94a3f99ebe7087e8fe79fbe1d37a251016/server/extensions/node_modules/typescript/lib/typescript.js:194296:77)
    at IpcIOSession.getFileAndProject (/home/leo/.vscode-server/cli/servers/Stable-33fc5a94a3f99ebe7087e8fe79fbe1d37a251016/server/extensions/node_modules/typescript/lib/typescript.js:194282:17)
    at IpcIOSession.getEncodedSemanticClassifications (/home/leo/.vscode-server/cli/servers/Stable-33fc5a94a3f99ebe7087e8fe79fbe1d37a251016/server/extensions/node_modules/typescript/lib/typescript.js:193541:36)
    at encodedSemanticClassifications-full (/home/leo/.vscode-server/cli/servers/Stable-33fc5a94a3f99ebe7087e8fe79fbe1d37a251016/server/extensions/node_modules/typescript/lib/typescript.js:192778:43)
    at /home/leo/.vscode-server/cli/servers/Stable-33fc5a94a3f99ebe7087e8fe79fbe1d37a251016/server/extensions/node_modules/typescript/lib/typescript.js:195231:15
    at IpcIOSession.executeWithRequestId (/home/leo/.vscode-server/cli/servers/Stable-33fc5a94a3f99ebe7087e8fe79fbe1d37a251016/server/extensions/node_modules/typescript/lib/typescript.js:195220:14)
    at IpcIOSession.executeCommand (/home/leo/.vscode-server/cli/servers/Stable-33fc5a94a3f99ebe7087e8fe79fbe1d37a251016/server/extensions/node_modules/typescript/lib/typescript.js:195229:29)
    at IpcIOSession.onMessage (/home/leo/.vscode-server/cli/servers/Stable-33fc5a94a3f99ebe7087e8fe79fbe1d37a251016/server/extensions/node_modules/typescript/lib/typescript.js:195277:68)
    at process.<anonymous> (/home/leo/.vscode-server/cli/servers/Stable-33fc5a94a3f99ebe7087e8fe79fbe1d37a251016/server/extensions/node_modules/typescript/lib/_tsserver.js:525:14)
    at process.emit (node:events:518:28)
    at emit (node:internal/child_process:950:14)
    at process.processTicksAndRejections (node:internal/process/task_queues:83:21)
	at n.create (/home/leo/.vscode-server/cli/servers/Stable-33fc5a94a3f99ebe7087e8fe79fbe1d37a251016/server/extensions/typescript-language-features/dist/extension.js:2:492077)
	at y.dispatchResponse (/home/leo/.vscode-server/cli/servers/Stable-33fc5a94a3f99ebe7087e8fe79fbe1d37a251016/server/extensions/typescript-language-features/dist/extension.js:2:486047)
	at y.dispatchMessage (/home/leo/.vscode-server/cli/servers/Stable-33fc5a94a3f99ebe7087e8fe79fbe1d37a251016/server/extensions/typescript-language-features/dist/extension.js:2:484845)
	at ChildProcess.<anonymous> (/home/leo/.vscode-server/cli/servers/Stable-33fc5a94a3f99ebe7087e8fe79fbe1d37a251016/server/extensions/typescript-language-features/dist/extension.js:2:484338)
	at ChildProcess.emit (node:events:518:28)
	at emit (node:internal/child_process:950:14)
	at process.processTicksAndRejections (node:internal/process/task_queues:83:21)
2026-02-04 02:16:52.578 [error] [vscode.typescript-language-features] provider FAILED
2026-02-04 02:16:52.578 [error] Error: <semantic> TypeScript Server Error (5.7.3)
No Project.
Error: No Project.
    at Object.ThrowNoProject (/home/leo/.vscode-server/cli/servers/Stable-33fc5a94a3f99ebe7087e8fe79fbe1d37a251016/server/extensions/node_modules/typescript/lib/typescript.js:184577:11)
    at ScriptInfo.getDefaultProject (/home/leo/.vscode-server/cli/servers/Stable-33fc5a94a3f99ebe7087e8fe79fbe1d37a251016/server/extensions/node_modules/typescript/lib/typescript.js:185279:23)
    at _ProjectService.doEnsureDefaultProjectForFile (/home/leo/.vscode-server/cli/servers/Stable-33fc5a94a3f99ebe7087e8fe79fbe1d37a251016/server/extensions/node_modules/typescript/lib/typescript.js:188770:36)
    at _ProjectService.ensureDefaultProjectForFile (/home/leo/.vscode-server/cli/servers/Stable-33fc5a94a3f99ebe7087e8fe79fbe1d37a251016/server/extensions/node_modules/typescript/lib/typescript.js:188765:103)
    at IpcIOSession.getFileAndProjectWorker (/home/leo/.vscode-server/cli/servers/Stable-33fc5a94a3f99ebe7087e8fe79fbe1d37a251016/server/extensions/node_modules/typescript/lib/typescript.js:194296:77)
    at IpcIOSession.getFileAndProject (/home/leo/.vscode-server/cli/servers/Stable-33fc5a94a3f99ebe7087e8fe79fbe1d37a251016/server/extensions/node_modules/typescript/lib/typescript.js:194282:17)
    at IpcIOSession.getEncodedSemanticClassifications (/home/leo/.vscode-server/cli/servers/Stable-33fc5a94a3f99ebe7087e8fe79fbe1d37a251016/server/extensions/node_modules/typescript/lib/typescript.js:193541:36)
    at encodedSemanticClassifications-full (/home/leo/.vscode-server/cli/servers/Stable-33fc5a94a3f99ebe7087e8fe79fbe1d37a251016/server/extensions/node_modules/typescript/lib/typescript.js:192778:43)
    at /home/leo/.vscode-server/cli/servers/Stable-33fc5a94a3f99ebe7087e8fe79fbe1d37a251016/server/extensions/node_modules/typescript/lib/typescript.js:195231:15
    at IpcIOSession.executeWithRequestId (/home/leo/.vscode-server/cli/servers/Stable-33fc5a94a3f99ebe7087e8fe79fbe1d37a251016/server/extensions/node_modules/typescript/lib/typescript.js:195220:14)
    at IpcIOSession.executeCommand (/home/leo/.vscode-server/cli/servers/Stable-33fc5a94a3f99ebe7087e8fe79fbe1d37a251016/server/extensions/node_modules/typescript/lib/typescript.js:195229:29)
    at IpcIOSession.onMessage (/home/leo/.vscode-server/cli/servers/Stable-33fc5a94a3f99ebe7087e8fe79fbe1d37a251016/server/extensions/node_modules/typescript/lib/typescript.js:195277:68)
    at process.<anonymous> (/home/leo/.vscode-server/cli/servers/Stable-33fc5a94a3f99ebe7087e8fe79fbe1d37a251016/server/extensions/node_modules/typescript/lib/_tsserver.js:525:14)
    at process.emit (node:events:518:28)
    at emit (node:internal/child_process:950:14)
    at process.processTicksAndRejections (node:internal/process/task_queues:83:21)
	at n.create (/home/leo/.vscode-server/cli/servers/Stable-33fc5a94a3f99ebe7087e8fe79fbe1d37a251016/server/extensions/typescript-language-features/dist/extension.js:2:492077)
	at y.dispatchResponse (/home/leo/.vscode-server/cli/servers/Stable-33fc5a94a3f99ebe7087e8fe79fbe1d37a251016/server/extensions/typescript-language-features/dist/extension.js:2:486047)
	at y.dispatchMessage (/home/leo/.vscode-server/cli/servers/Stable-33fc5a94a3f99ebe7087e8fe79fbe1d37a251016/server/extensions/typescript-language-features/dist/extension.js:2:484845)
	at ChildProcess.<anonymous> (/home/leo/.vscode-server/cli/servers/Stable-33fc5a94a3f99ebe7087e8fe79fbe1d37a251016/server/extensions/typescript-language-features/dist/extension.js:2:484338)
	at ChildProcess.emit (node:events:518:28)
	at emit (node:internal/child_process:950:14)
	at process.processTicksAndRejections (node:internal/process/task_queues:83:21)
2026-02-04 02:16:52.730 [error] [vscode.typescript-language-features] provider FAILED
2026-02-04 02:16:52.730 [error] Error: <semantic> TypeScript Server Error (5.7.3)
No Project.
Error: No Project.
    at Object.ThrowNoProject (/home/leo/.vscode-server/cli/servers/Stable-33fc5a94a3f99ebe7087e8fe79fbe1d37a251016/server/extensions/node_modules/typescript/lib/typescript.js:184577:11)
    at ScriptInfo.getDefaultProject (/home/leo/.vscode-server/cli/servers/Stable-33fc5a94a3f99ebe7087e8fe79fbe1d37a251016/server/extensions/node_modules/typescript/lib/typescript.js:185279:23)
    at _ProjectService.doEnsureDefaultProjectForFile (/home/leo/.vscode-server/cli/servers/Stable-33fc5a94a3f99ebe7087e8fe79fbe1d37a251016/server/extensions/node_modules/typescript/lib/typescript.js:188770:36)
    at _ProjectService.ensureDefaultProjectForFile (/home/leo/.vscode-server/cli/servers/Stable-33fc5a94a3f99ebe7087e8fe79fbe1d37a251016/server/extensions/node_modules/typescript/lib/typescript.js:188765:103)
    at IpcIOSession.getFileAndProjectWorker (/home/leo/.vscode-server/cli/servers/Stable-33fc5a94a3f99ebe7087e8fe79fbe1d37a251016/server/extensions/node_modules/typescript/lib/typescript.js:194296:77)
    at IpcIOSession.getFileAndProject (/home/leo/.vscode-server/cli/servers/Stable-33fc5a94a3f99ebe7087e8fe79fbe1d37a251016/server/extensions/node_modules/typescript/lib/typescript.js:194282:17)
    at IpcIOSession.getApplicableRefactors (/home/leo/.vscode-server/cli/servers/Stable-33fc5a94a3f99ebe7087e8fe79fbe1d37a251016/server/extensions/node_modules/typescript/lib/typescript.js:194801:36)
    at getApplicableRefactors (/home/leo/.vscode-server/cli/servers/Stable-33fc5a94a3f99ebe7087e8fe79fbe1d37a251016/server/extensions/node_modules/typescript/lib/typescript.js:192957:43)
    at /home/leo/.vscode-server/cli/servers/Stable-33fc5a94a3f99ebe7087e8fe79fbe1d37a251016/server/extensions/node_modules/typescript/lib/typescript.js:195231:15
    at IpcIOSession.executeWithRequestId (/home/leo/.vscode-server/cli/servers/Stable-33fc5a94a3f99ebe7087e8fe79fbe1d37a251016/server/extensions/node_modules/typescript/lib/typescript.js:195220:14)
    at IpcIOSession.executeCommand (/home/leo/.vscode-server/cli/servers/Stable-33fc5a94a3f99ebe7087e8fe79fbe1d37a251016/server/extensions/node_modules/typescript/lib/typescript.js:195229:29)
    at IpcIOSession.onMessage (/home/leo/.vscode-server/cli/servers/Stable-33fc5a94a3f99ebe7087e8fe79fbe1d37a251016/server/extensions/node_modules/typescript/lib/typescript.js:195277:68)
    at process.<anonymous> (/home/leo/.vscode-server/cli/servers/Stable-33fc5a94a3f99ebe7087e8fe79fbe1d37a251016/server/extensions/node_modules/typescript/lib/_tsserver.js:525:14)
    at process.emit (node:events:518:28)
    at emit (node:internal/child_process:950:14)
    at process.processTicksAndRejections (node:internal/process/task_queues:83:21)
	at n.create (/home/leo/.vscode-server/cli/servers/Stable-33fc5a94a3f99ebe7087e8fe79fbe1d37a251016/server/extensions/typescript-language-features/dist/extension.js:2:492077)
	at y.dispatchResponse (/home/leo/.vscode-server/cli/servers/Stable-33fc5a94a3f99ebe7087e8fe79fbe1d37a251016/server/extensions/typescript-language-features/dist/extension.js:2:486047)
	at y.dispatchMessage (/home/leo/.vscode-server/cli/servers/Stable-33fc5a94a3f99ebe7087e8fe79fbe1d37a251016/server/extensions/typescript-language-features/dist/extension.js:2:484845)
	at ChildProcess.<anonymous> (/home/leo/.vscode-server/cli/servers/Stable-33fc5a94a3f99ebe7087e8fe79fbe1d37a251016/server/extensions/typescript-language-features/dist/extension.js:2:484338)
	at ChildProcess.emit (node:events:518:28)
	at emit (node:internal/child_process:950:14)
	at process.processTicksAndRejections (node:internal/process/task_queues:83:21)
2026-02-04 02:16:53.579 [error] Error: <semantic> TypeScript Server Error (5.7.3)
No Project.
Error: No Project.
    at Object.ThrowNoProject (/home/leo/.vscode-server/cli/servers/Stable-33fc5a94a3f99ebe7087e8fe79fbe1d37a251016/server/extensions/node_modules/typescript/lib/typescript.js:184577:11)
    at ScriptInfo.getDefaultProject (/home/leo/.vscode-server/cli/servers/Stable-33fc5a94a3f99ebe7087e8fe79fbe1d37a251016/server/extensions/node_modules/typescript/lib/typescript.js:185279:23)
    at _ProjectService.doEnsureDefaultProjectForFile (/home/leo/.vscode-server/cli/servers/Stable-33fc5a94a3f99ebe7087e8fe79fbe1d37a251016/server/extensions/node_modules/typescript/lib/typescript.js:188770:36)
    at _ProjectService.ensureDefaultProjectForFile (/home/leo/.vscode-server/cli/servers/Stable-33fc5a94a3f99ebe7087e8fe79fbe1d37a251016/server/extensions/node_modules/typescript/lib/typescript.js:188765:103)
    at IpcIOSession.getFileAndProjectWorker (/home/leo/.vscode-server/cli/servers/Stable-33fc5a94a3f99ebe7087e8fe79fbe1d37a251016/server/extensions/node_modules/typescript/lib/typescript.js:194296:77)
    at IpcIOSession.getFileAndProject (/home/leo/.vscode-server/cli/servers/Stable-33fc5a94a3f99ebe7087e8fe79fbe1d37a251016/server/extensions/node_modules/typescript/lib/typescript.js:194282:17)
    at IpcIOSession.getEncodedSemanticClassifications (/home/leo/.vscode-server/cli/servers/Stable-33fc5a94a3f99ebe7087e8fe79fbe1d37a251016/server/extensions/node_modules/typescript/lib/typescript.js:193541:36)
    at encodedSemanticClassifications-full (/home/leo/.vscode-server/cli/servers/Stable-33fc5a94a3f99ebe7087e8fe79fbe1d37a251016/server/extensions/node_modules/typescript/lib/typescript.js:192778:43)
    at /home/leo/.vscode-server/cli/servers/Stable-33fc5a94a3f99ebe7087e8fe79fbe1d37a251016/server/extensions/node_modules/typescript/lib/typescript.js:195231:15
    at IpcIOSession.executeWithRequestId (/home/leo/.vscode-server/cli/servers/Stable-33fc5a94a3f99ebe7087e8fe79fbe1d37a251016/server/extensions/node_modules/typescript/lib/typescript.js:195220:14)
    at IpcIOSession.executeCommand (/home/leo/.vscode-server/cli/servers/Stable-33fc5a94a3f99ebe7087e8fe79fbe1d37a251016/server/extensions/node_modules/typescript/lib/typescript.js:195229:29)
    at IpcIOSession.onMessage (/home/leo/.vscode-server/cli/servers/Stable-33fc5a94a3f99ebe7087e8fe79fbe1d37a251016/server/extensions/node_modules/typescript/lib/typescript.js:195277:68)
    at process.<anonymous> (/home/leo/.vscode-server/cli/servers/Stable-33fc5a94a3f99ebe7087e8fe79fbe1d37a251016/server/extensions/node_modules/typescript/lib/_tsserver.js:525:14)
    at process.emit (node:events:518:28)
    at emit (node:internal/child_process:950:14)
    at process.processTicksAndRejections (node:internal/process/task_queues:83:21)
	at n.create (/home/leo/.vscode-server/cli/servers/Stable-33fc5a94a3f99ebe7087e8fe79fbe1d37a251016/server/extensions/typescript-language-features/dist/extension.js:2:492077)
	at y.dispatchResponse (/home/leo/.vscode-server/cli/servers/Stable-33fc5a94a3f99ebe7087e8fe79fbe1d37a251016/server/extensions/typescript-language-features/dist/extension.js:2:486047)
	at y.dispatchMessage (/home/leo/.vscode-server/cli/servers/Stable-33fc5a94a3f99ebe7087e8fe79fbe1d37a251016/server/extensions/typescript-language-features/dist/extension.js:2:484845)
	at ChildProcess.<anonymous> (/home/leo/.vscode-server/cli/servers/Stable-33fc5a94a3f99ebe7087e8fe79fbe1d37a251016/server/extensions/typescript-language-features/dist/extension.js:2:484338)
	at ChildProcess.emit (node:events:518:28)
	at emit (node:internal/child_process:950:14)
	at process.processTicksAndRejections (node:internal/process/task_queues:83:21)
2026-02-04 02:19:04.604 [error] [vscode.typescript-language-features] provider FAILED
2026-02-04 02:19:04.604 [error] Error: <semantic> TypeScript Server Error (5.7.3)
No Project.
Error: No Project.
    at Object.ThrowNoProject (/home/leo/.vscode-server/cli/servers/Stable-33fc5a94a3f99ebe7087e8fe79fbe1d37a251016/server/extensions/node_modules/typescript/lib/typescript.js:184577:11)
    at ScriptInfo.getDefaultProject (/home/leo/.vscode-server/cli/servers/Stable-33fc5a94a3f99ebe7087e8fe79fbe1d37a251016/server/extensions/node_modules/typescript/lib/typescript.js:185279:23)
    at _ProjectService.doEnsureDefaultProjectForFile (/home/leo/.vscode-server/cli/servers/Stable-33fc5a94a3f99ebe7087e8fe79fbe1d37a251016/server/extensions/node_modules/typescript/lib/typescript.js:188770:36)
    at _ProjectService.ensureDefaultProjectForFile (/home/leo/.vscode-server/cli/servers/Stable-33fc5a94a3f99ebe7087e8fe79fbe1d37a251016/server/extensions/node_modules/typescript/lib/typescript.js:188765:103)
    at IpcIOSession.getFileAndProjectWorker (/home/leo/.vscode-server/cli/servers/Stable-33fc5a94a3f99ebe7087e8fe79fbe1d37a251016/server/extensions/node_modules/typescript/lib/typescript.js:194296:77)
    at IpcIOSession.getFileAndProject (/home/leo/.vscode-server/cli/servers/Stable-33fc5a94a3f99ebe7087e8fe79fbe1d37a251016/server/extensions/node_modules/typescript/lib/typescript.js:194282:17)
    at IpcIOSession.getApplicableRefactors (/home/leo/.vscode-server/cli/servers/Stable-33fc5a94a3f99ebe7087e8fe79fbe1d37a251016/server/extensions/node_modules/typescript/lib/typescript.js:194801:36)
    at getApplicableRefactors (/home/leo/.vscode-server/cli/servers/Stable-33fc5a94a3f99ebe7087e8fe79fbe1d37a251016/server/extensions/node_modules/typescript/lib/typescript.js:192957:43)
    at /home/leo/.vscode-server/cli/servers/Stable-33fc5a94a3f99ebe7087e8fe79fbe1d37a251016/server/extensions/node_modules/typescript/lib/typescript.js:195231:15
    at IpcIOSession.executeWithRequestId (/home/leo/.vscode-server/cli/servers/Stable-33fc5a94a3f99ebe7087e8fe79fbe1d37a251016/server/extensions/node_modules/typescript/lib/typescript.js:195220:14)
    at IpcIOSession.executeCommand (/home/leo/.vscode-server/cli/servers/Stable-33fc5a94a3f99ebe7087e8fe79fbe1d37a251016/server/extensions/node_modules/typescript/lib/typescript.js:195229:29)
    at IpcIOSession.onMessage (/home/leo/.vscode-server/cli/servers/Stable-33fc5a94a3f99ebe7087e8fe79fbe1d37a251016/server/extensions/node_modules/typescript/lib/typescript.js:195277:68)
    at process.<anonymous> (/home/leo/.vscode-server/cli/servers/Stable-33fc5a94a3f99ebe7087e8fe79fbe1d37a251016/server/extensions/node_modules/typescript/lib/_tsserver.js:525:14)
    at process.emit (node:events:518:28)
    at emit (node:internal/child_process:950:14)
    at process.processTicksAndRejections (node:internal/process/task_queues:83:21)
	at n.create (/home/leo/.vscode-server/cli/servers/Stable-33fc5a94a3f99ebe7087e8fe79fbe1d37a251016/server/extensions/typescript-language-features/dist/extension.js:2:492077)
	at y.dispatchResponse (/home/leo/.vscode-server/cli/servers/Stable-33fc5a94a3f99ebe7087e8fe79fbe1d37a251016/server/extensions/typescript-language-features/dist/extension.js:2:486047)
	at y.dispatchMessage (/home/leo/.vscode-server/cli/servers/Stable-33fc5a94a3f99ebe7087e8fe79fbe1d37a251016/server/extensions/typescript-language-features/dist/extension.js:2:484845)
	at ChildProcess.<anonymous> (/home/leo/.vscode-server/cli/servers/Stable-33fc5a94a3f99ebe7087e8fe79fbe1d37a251016/server/extensions/typescript-language-features/dist/extension.js:2:484338)
	at ChildProcess.emit (node:events:518:28)
	at emit (node:internal/child_process:950:14)
	at process.processTicksAndRejections (node:internal/process/task_queues:83:21)
2026-02-04 02:19:06.061 [error] [vscode.typescript-language-features] provider FAILED
2026-02-04 02:19:06.061 [error] Error: <semantic> TypeScript Server Error (5.7.3)
No Project.
Error: No Project.
    at Object.ThrowNoProject (/home/leo/.vscode-server/cli/servers/Stable-33fc5a94a3f99ebe7087e8fe79fbe1d37a251016/server/extensions/node_modules/typescript/lib/typescript.js:184577:11)
    at ScriptInfo.getDefaultProject (/home/leo/.vscode-server/cli/servers/Stable-33fc5a94a3f99ebe7087e8fe79fbe1d37a251016/server/extensions/node_modules/typescript/lib/typescript.js:185279:23)
    at _ProjectService.doEnsureDefaultProjectForFile (/home/leo/.vscode-server/cli/servers/Stable-33fc5a94a3f99ebe7087e8fe79fbe1d37a251016/server/extensions/node_modules/typescript/lib/typescript.js:188770:36)
    at _ProjectService.ensureDefaultProjectForFile (/home/leo/.vscode-server/cli/servers/Stable-33fc5a94a3f99ebe7087e8fe79fbe1d37a251016/server/extensions/node_modules/typescript/lib/typescript.js:188765:103)
    at IpcIOSession.getFileAndProjectWorker (/home/leo/.vscode-server/cli/servers/Stable-33fc5a94a3f99ebe7087e8fe79fbe1d37a251016/server/extensions/node_modules/typescript/lib/typescript.js:194296:77)
    at IpcIOSession.getFileAndProject (/home/leo/.vscode-server/cli/servers/Stable-33fc5a94a3f99ebe7087e8fe79fbe1d37a251016/server/extensions/node_modules/typescript/lib/typescript.js:194282:17)
    at IpcIOSession.getEncodedSemanticClassifications (/home/leo/.vscode-server/cli/servers/Stable-33fc5a94a3f99ebe7087e8fe79fbe1d37a251016/server/extensions/node_modules/typescript/lib/typescript.js:193541:36)
    at encodedSemanticClassifications-full (/home/leo/.vscode-server/cli/servers/Stable-33fc5a94a3f99ebe7087e8fe79fbe1d37a251016/server/extensions/node_modules/typescript/lib/typescript.js:192778:43)
    at /home/leo/.vscode-server/cli/servers/Stable-33fc5a94a3f99ebe7087e8fe79fbe1d37a251016/server/extensions/node_modules/typescript/lib/typescript.js:195231:15
    at IpcIOSession.executeWithRequestId (/home/leo/.vscode-server/cli/servers/Stable-33fc5a94a3f99ebe7087e8fe79fbe1d37a251016/server/extensions/node_modules/typescript/lib/typescript.js:195220:14)
    at IpcIOSession.executeCommand (/home/leo/.vscode-server/cli/servers/Stable-33fc5a94a3f99ebe7087e8fe79fbe1d37a251016/server/extensions/node_modules/typescript/lib/typescript.js:195229:29)
    at IpcIOSession.onMessage (/home/leo/.vscode-server/cli/servers/Stable-33fc5a94a3f99ebe7087e8fe79fbe1d37a251016/server/extensions/node_modules/typescript/lib/typescript.js:195277:68)
    at process.<anonymous> (/home/leo/.vscode-server/cli/servers/Stable-33fc5a94a3f99ebe7087e8fe79fbe1d37a251016/server/extensions/node_modules/typescript/lib/_tsserver.js:525:14)
    at process.emit (node:events:518:28)
    at emit (node:internal/child_process:950:14)
    at process.processTicksAndRejections (node:internal/process/task_queues:83:21)
	at n.create (/home/leo/.vscode-server/cli/servers/Stable-33fc5a94a3f99ebe7087e8fe79fbe1d37a251016/server/extensions/typescript-language-features/dist/extension.js:2:492077)
	at y.dispatchResponse (/home/leo/.vscode-server/cli/servers/Stable-33fc5a94a3f99ebe7087e8fe79fbe1d37a251016/server/extensions/typescript-language-features/dist/extension.js:2:486047)
	at y.dispatchMessage (/home/leo/.vscode-server/cli/servers/Stable-33fc5a94a3f99ebe7087e8fe79fbe1d37a251016/server/extensions/typescript-language-features/dist/extension.js:2:484845)
	at ChildProcess.<anonymous> (/home/leo/.vscode-server/cli/servers/Stable-33fc5a94a3f99ebe7087e8fe79fbe1d37a251016/server/extensions/typescript-language-features/dist/extension.js:2:484338)
	at ChildProcess.emit (node:events:518:28)
	at emit (node:internal/child_process:950:14)
	at process.processTicksAndRejections (node:internal/process/task_queues:83:21)
2026-02-04 02:19:06.213 [error] [vscode.typescript-language-features] provider FAILED
2026-02-04 02:19:06.213 [error] Error: <semantic> TypeScript Server Error (5.7.3)
No Project.
Error: No Project.
    at Object.ThrowNoProject (/home/leo/.vscode-server/cli/servers/Stable-33fc5a94a3f99ebe7087e8fe79fbe1d37a251016/server/extensions/node_modules/typescript/lib/typescript.js:184577:11)
    at ScriptInfo.getDefaultProject (/home/leo/.vscode-server/cli/servers/Stable-33fc5a94a3f99ebe7087e8fe79fbe1d37a251016/server/extensions/node_modules/typescript/lib/typescript.js:185279:23)
    at _ProjectService.doEnsureDefaultProjectForFile (/home/leo/.vscode-server/cli/servers/Stable-33fc5a94a3f99ebe7087e8fe79fbe1d37a251016/server/extensions/node_modules/typescript/lib/typescript.js:188770:36)
    at _ProjectService.ensureDefaultProjectForFile (/home/leo/.vscode-server/cli/servers/Stable-33fc5a94a3f99ebe7087e8fe79fbe1d37a251016/server/extensions/node_modules/typescript/lib/typescript.js:188765:103)
    at IpcIOSession.getFileAndProjectWorker (/home/leo/.vscode-server/cli/servers/Stable-33fc5a94a3f99ebe7087e8fe79fbe1d37a251016/server/extensions/node_modules/typescript/lib/typescript.js:194296:77)
    at IpcIOSession.getFileAndProject (/home/leo/.vscode-server/cli/servers/Stable-33fc5a94a3f99ebe7087e8fe79fbe1d37a251016/server/extensions/node_modules/typescript/lib/typescript.js:194282:17)
    at IpcIOSession.getApplicableRefactors (/home/leo/.vscode-server/cli/servers/Stable-33fc5a94a3f99ebe7087e8fe79fbe1d37a251016/server/extensions/node_modules/typescript/lib/typescript.js:194801:36)
    at getApplicableRefactors (/home/leo/.vscode-server/cli/servers/Stable-33fc5a94a3f99ebe7087e8fe79fbe1d37a251016/server/extensions/node_modules/typescript/lib/typescript.js:192957:43)
    at /home/leo/.vscode-server/cli/servers/Stable-33fc5a94a3f99ebe7087e8fe79fbe1d37a251016/server/extensions/node_modules/typescript/lib/typescript.js:195231:15
    at IpcIOSession.executeWithRequestId (/home/leo/.vscode-server/cli/servers/Stable-33fc5a94a3f99ebe7087e8fe79fbe1d37a251016/server/extensions/node_modules/typescript/lib/typescript.js:195220:14)
    at IpcIOSession.executeCommand (/home/leo/.vscode-server/cli/servers/Stable-33fc5a94a3f99ebe7087e8fe79fbe1d37a251016/server/extensions/node_modules/typescript/lib/typescript.js:195229:29)
    at IpcIOSession.onMessage (/home/leo/.vscode-server/cli/servers/Stable-33fc5a94a3f99ebe7087e8fe79fbe1d37a251016/server/extensions/node_modules/typescript/lib/typescript.js:195277:68)
    at process.<anonymous> (/home/leo/.vscode-server/cli/servers/Stable-33fc5a94a3f99ebe7087e8fe79fbe1d37a251016/server/extensions/node_modules/typescript/lib/_tsserver.js:525:14)
    at process.emit (node:events:518:28)
    at emit (node:internal/child_process:950:14)
    at process.processTicksAndRejections (node:internal/process/task_queues:83:21)
	at n.create (/home/leo/.vscode-server/cli/servers/Stable-33fc5a94a3f99ebe7087e8fe79fbe1d37a251016/server/extensions/typescript-language-features/dist/extension.js:2:492077)
	at y.dispatchResponse (/home/leo/.vscode-server/cli/servers/Stable-33fc5a94a3f99ebe7087e8fe79fbe1d37a251016/server/extensions/typescript-language-features/dist/extension.js:2:486047)
	at y.dispatchMessage (/home/leo/.vscode-server/cli/servers/Stable-33fc5a94a3f99ebe7087e8fe79fbe1d37a251016/server/extensions/typescript-language-features/dist/extension.js:2:484845)
	at ChildProcess.<anonymous> (/home/leo/.vscode-server/cli/servers/Stable-33fc5a94a3f99ebe7087e8fe79fbe1d37a251016/server/extensions/typescript-language-features/dist/extension.js:2:484338)
	at ChildProcess.emit (node:events:518:28)
	at emit (node:internal/child_process:950:14)
	at process.processTicksAndRejections (node:internal/process/task_queues:83:21)
2026-02-04 02:19:07.093 [error] Error: <semantic> TypeScript Server Error (5.7.3)
No Project.
Error: No Project.
    at Object.ThrowNoProject (/home/leo/.vscode-server/cli/servers/Stable-33fc5a94a3f99ebe7087e8fe79fbe1d37a251016/server/extensions/node_modules/typescript/lib/typescript.js:184577:11)
    at ScriptInfo.getDefaultProject (/home/leo/.vscode-server/cli/servers/Stable-33fc5a94a3f99ebe7087e8fe79fbe1d37a251016/server/extensions/node_modules/typescript/lib/typescript.js:185279:23)
    at _ProjectService.doEnsureDefaultProjectForFile (/home/leo/.vscode-server/cli/servers/Stable-33fc5a94a3f99ebe7087e8fe79fbe1d37a251016/server/extensions/node_modules/typescript/lib/typescript.js:188770:36)
    at _ProjectService.ensureDefaultProjectForFile (/home/leo/.vscode-server/cli/servers/Stable-33fc5a94a3f99ebe7087e8fe79fbe1d37a251016/server/extensions/node_modules/typescript/lib/typescript.js:188765:103)
    at IpcIOSession.getFileAndProjectWorker (/home/leo/.vscode-server/cli/servers/Stable-33fc5a94a3f99ebe7087e8fe79fbe1d37a251016/server/extensions/node_modules/typescript/lib/typescript.js:194296:77)
    at IpcIOSession.getFileAndProject (/home/leo/.vscode-server/cli/servers/Stable-33fc5a94a3f99ebe7087e8fe79fbe1d37a251016/server/extensions/node_modules/typescript/lib/typescript.js:194282:17)
    at IpcIOSession.getEncodedSemanticClassifications (/home/leo/.vscode-server/cli/servers/Stable-33fc5a94a3f99ebe7087e8fe79fbe1d37a251016/server/extensions/node_modules/typescript/lib/typescript.js:193541:36)
    at encodedSemanticClassifications-full (/home/leo/.vscode-server/cli/servers/Stable-33fc5a94a3f99ebe7087e8fe79fbe1d37a251016/server/extensions/node_modules/typescript/lib/typescript.js:192778:43)
    at /home/leo/.vscode-server/cli/servers/Stable-33fc5a94a3f99ebe7087e8fe79fbe1d37a251016/server/extensions/node_modules/typescript/lib/typescript.js:195231:15
    at IpcIOSession.executeWithRequestId (/home/leo/.vscode-server/cli/servers/Stable-33fc5a94a3f99ebe7087e8fe79fbe1d37a251016/server/extensions/node_modules/typescript/lib/typescript.js:195220:14)
    at IpcIOSession.executeCommand (/home/leo/.vscode-server/cli/servers/Stable-33fc5a94a3f99ebe7087e8fe79fbe1d37a251016/server/extensions/node_modules/typescript/lib/typescript.js:195229:29)
    at IpcIOSession.onMessage (/home/leo/.vscode-server/cli/servers/Stable-33fc5a94a3f99ebe7087e8fe79fbe1d37a251016/server/extensions/node_modules/typescript/lib/typescript.js:195277:68)
    at process.<anonymous> (/home/leo/.vscode-server/cli/servers/Stable-33fc5a94a3f99ebe7087e8fe79fbe1d37a251016/server/extensions/node_modules/typescript/lib/_tsserver.js:525:14)
    at process.emit (node:events:518:28)
    at emit (node:internal/child_process:950:14)
    at process.processTicksAndRejections (node:internal/process/task_queues:83:21)
	at n.create (/home/leo/.vscode-server/cli/servers/Stable-33fc5a94a3f99ebe7087e8fe79fbe1d37a251016/server/extensions/typescript-language-features/dist/extension.js:2:492077)
	at y.dispatchResponse (/home/leo/.vscode-server/cli/servers/Stable-33fc5a94a3f99ebe7087e8fe79fbe1d37a251016/server/extensions/typescript-language-features/dist/extension.js:2:486047)
	at y.dispatchMessage (/home/leo/.vscode-server/cli/servers/Stable-33fc5a94a3f99ebe7087e8fe79fbe1d37a251016/server/extensions/typescript-language-features/dist/extension.js:2:484845)
	at ChildProcess.<anonymous> (/home/leo/.vscode-server/cli/servers/Stable-33fc5a94a3f99ebe7087e8fe79fbe1d37a251016/server/extensions/typescript-language-features/dist/extension.js:2:484338)
	at ChildProcess.emit (node:events:518:28)
	at emit (node:internal/child_process:950:14)
	at process.processTicksAndRejections (node:internal/process/task_queues:83:21)
2026-02-04 02:32:38.436 [info] ExtensionService#_doActivateExtension vscode.css-language-features, startup: false, activationEvent: 'onLanguage:css'
2026-02-04 02:42:02.487 [info] ExtensionService#_doActivateExtension vscode.html-language-features, startup: false, activationEvent: 'onLanguage:html'
2026-02-04 03:51:31.983 [info] ExtensionService#_doActivateExtension bradlc.vscode-tailwindcss, startup: false, activationEvent: 'onStartupFinished'
2026-02-04 13:15:00.094 [info] Extension host terminating: renderer disconnected for too long (2)
2026-02-04 13:15:00.095 [info] Lock '/home/leo/.vscode-server/data/User/workspaceStorage/730cbd54b2c14d1f7b36303f887028c9/vscode.lock': Marking the lockfile as scheduled to be released in 6000 ms.
2026-02-04 13:15:00.160 [error] Canceled: Canceled
	at new XT (file:///home/leo/.vscode-server/cli/servers/Stable-33fc5a94a3f99ebe7087e8fe79fbe1d37a251016/server/out/vs/workbench/api/node/extensionHostProcess.js:29:153636)
	at Uy.U (file:///home/leo/.vscode-server/cli/servers/Stable-33fc5a94a3f99ebe7087e8fe79fbe1d37a251016/server/out/vs/workbench/api/node/extensionHostProcess.js:29:158246)
	at s.<computed>.n.charCodeAt.s.<computed> (file:///home/leo/.vscode-server/cli/servers/Stable-33fc5a94a3f99ebe7087e8fe79fbe1d37a251016/server/out/vs/workbench/api/node/extensionHostProcess.js:29:155740)
	at mw.g (file:///home/leo/.vscode-server/cli/servers/Stable-33fc5a94a3f99ebe7087e8fe79fbe1d37a251016/server/out/vs/workbench/api/node/extensionHostProcess.js:112:32221)
	at mw.executeCommand (file:///home/leo/.vscode-server/cli/servers/Stable-33fc5a94a3f99ebe7087e8fe79fbe1d37a251016/server/out/vs/workbench/api/node/extensionHostProcess.js:112:31725)
	at r.registerCommand.description (file:///home/leo/.vscode-server/cli/servers/Stable-33fc5a94a3f99ebe7087e8fe79fbe1d37a251016/server/out/vs/workbench/api/node/extensionHostProcess.js:112:31055)
	at mw.h (file:///home/leo/.vscode-server/cli/servers/Stable-33fc5a94a3f99ebe7087e8fe79fbe1d37a251016/server/out/vs/workbench/api/node/extensionHostProcess.js:112:32741)
	at mw.g (file:///home/leo/.vscode-server/cli/servers/Stable-33fc5a94a3f99ebe7087e8fe79fbe1d37a251016/server/out/vs/workbench/api/node/extensionHostProcess.js:112:31818)
	at mw.executeCommand (file:///home/leo/.vscode-server/cli/servers/Stable-33fc5a94a3f99ebe7087e8fe79fbe1d37a251016/server/out/vs/workbench/api/node/extensionHostProcess.js:112:31725)
	at Object.executeCommand (file:///home/leo/.vscode-server/cli/servers/Stable-33fc5a94a3f99ebe7087e8fe79fbe1d37a251016/server/out/vs/workbench/api/node/extensionHostProcess.js:172:37254)
	at nT (/home/leo/.vscode-server/extensions/bradlc.vscode-tailwindcss-0.14.29/dist/extension.js:40:9860)
	at xe (/home/leo/.vscode-server/extensions/bradlc.vscode-tailwindcss-0.14.29/dist/extension.js:4:1357)
	at pe (/home/leo/.vscode-server/extensions/bradlc.vscode-tailwindcss-0.14.29/dist/extension.js:3:6849)
	at Immediate.<anonymous> (/home/leo/.vscode-server/extensions/bradlc.vscode-tailwindcss-0.14.29/dist/extension.js:3:6727)
	at process.processImmediate (node:internal/timers:483:21) setContext undefined
2026-02-04 13:15:00.164 [info] Extension host with pid 10155 exiting with code 0
