2026-02-03 20:55:46.081 [info] [main] Nivel de registro: Info
2026-02-03 20:55:46.081 [info] [main] Validando git encontrado en: "git"
2026-02-03 20:55:46.081 [info] [main] Usando git "2.43.0" de "git"
2026-02-03 20:55:46.081 [info] [Model][doInitialScan] Initial repository scan started
2026-02-03 20:55:46.081 [info] > git rev-parse --show-toplevel [18ms]
2026-02-03 20:55:46.081 [info] fatal: not a git repository (or any of the parent directories): .git
2026-02-03 20:55:46.092 [info] > git rev-parse --show-toplevel [4ms]
2026-02-03 20:55:46.092 [info] fatal: not a git repository (or any of the parent directories): .git
2026-02-03 20:55:46.117 [info] > git rev-parse --show-toplevel [12ms]
2026-02-03 20:55:46.117 [info] fatal: not a git repository (or any of the parent directories): .git
2026-02-03 20:55:46.126 [info] > git rev-parse --show-toplevel [3ms]
2026-02-03 20:55:46.127 [info] fatal: not a git repository (or any of the parent directories): .git
2026-02-03 20:55:46.137 [info] > git rev-parse --show-toplevel [4ms]
2026-02-03 20:55:46.137 [info] fatal: not a git repository (or any of the parent directories): .git
2026-02-03 20:55:46.145 [info] > git rev-parse --show-toplevel [3ms]
2026-02-03 20:55:46.145 [info] fatal: not a git repository (or any of the parent directories): .git
2026-02-03 20:55:46.157 [info] > git rev-parse --show-toplevel [6ms]
2026-02-03 20:55:46.157 [info] fatal: not a git repository (or any of the parent directories): .git
2026-02-03 20:55:46.172 [info] > git rev-parse --show-toplevel [3ms]
2026-02-03 20:55:46.172 [info] fatal: not a git repository (or any of the parent directories): .git
2026-02-03 20:55:46.181 [info] > git rev-parse --show-toplevel [4ms]
2026-02-03 20:55:46.181 [info] fatal: not a git repository (or any of the parent directories): .git
2026-02-03 20:55:46.251 [info] > git rev-parse --show-toplevel [55ms]
2026-02-03 20:55:46.251 [info] fatal: not a git repository (or any of the parent directories): .git
2026-02-03 20:55:46.255 [info] [Model][doInitialScan] Initial repository scan completed - repositories (0), closed repositories (0), parent repositories (0), unsafe repositories (0)
2026-02-03 20:55:46.388 [info] > git rev-parse --show-toplevel [3ms]
2026-02-03 20:55:46.388 [info] fatal: not a git repository (or any of the parent directories): .git
2026-02-03 20:55:47.183 [info] > git rev-parse --show-toplevel [4ms]
2026-02-03 20:55:47.183 [info] fatal: not a git repository (or any of the parent directories): .git
2026-02-03 21:01:15.870 [info] > git rev-parse --show-toplevel [2ms]
2026-02-03 21:01:15.871 [info] fatal: not a git repository (or any of the parent directories): .git
2026-02-03 22:28:57.867 [info] > git rev-parse --show-toplevel [8ms]
2026-02-03 22:28:57.867 [info] fatal: not a git repository (or any of the parent directories): .git
2026-02-03 22:33:16.476 [info] > git rev-parse --show-toplevel [6ms]
2026-02-03 22:33:16.477 [info] fatal: not a git repository (or any of the parent directories): .git
2026-02-03 22:45:40.032 [info] > git rev-parse --show-toplevel [4ms]
2026-02-03 22:45:40.032 [info] fatal: not a git repository (or any of the parent directories): .git
2026-02-03 22:49:08.886 [info] > git rev-parse --show-toplevel [1ms]
2026-02-03 22:49:08.887 [info] fatal: not a git repository (or any of the parent directories): .git
2026-02-03 22:50:24.106 [info] > git rev-parse --show-toplevel [4ms]
2026-02-03 22:50:24.106 [info] fatal: not a git repository (or any of the parent directories): .git
2026-02-03 22:53:14.602 [info] > git rev-parse --show-toplevel [4ms]
2026-02-03 22:53:14.602 [info] fatal: not a git repository (or any of the parent directories): .git
2026-02-03 22:53:15.113 [info] > git rev-parse --show-toplevel [3ms]
2026-02-03 22:53:15.113 [info] fatal: not a git repository (or any of the parent directories): .git
2026-02-03 22:57:10.516 [info] > git rev-parse --show-toplevel [6ms]
2026-02-03 22:57:10.516 [info] fatal: not a git repository (or any of the parent directories): .git
2026-02-03 22:58:55.947 [info] > git rev-parse --show-toplevel [5ms]
2026-02-03 22:58:55.947 [info] fatal: not a git repository (or any of the parent directories): .git
2026-02-03 22:59:04.129 [info] > git rev-parse --show-toplevel [7ms]
2026-02-03 22:59:04.129 [info] fatal: not a git repository (or any of the parent directories): .git
2026-02-03 22:59:06.974 [info] > git rev-parse --show-toplevel [6ms]
2026-02-03 22:59:06.975 [info] fatal: not a git repository (or any of the parent directories): .git
2026-02-03 22:59:08.103 [info] > git rev-parse --show-toplevel [6ms]
2026-02-03 22:59:08.103 [info] fatal: not a git repository (or any of the parent directories): .git
2026-02-03 22:59:11.393 [info] > git rev-parse --show-toplevel [4ms]
2026-02-03 22:59:11.393 [info] fatal: not a git repository (or any of the parent directories): .git
2026-02-03 22:59:13.569 [info] > git rev-parse --show-toplevel [4ms]
2026-02-03 22:59:13.569 [info] fatal: not a git repository (or any of the parent directories): .git
2026-02-03 22:59:15.186 [info] > git rev-parse --show-toplevel [8ms]
2026-02-03 22:59:15.186 [info] fatal: not a git repository (or any of the parent directories): .git
2026-02-03 23:00:15.160 [info] > git rev-parse --show-toplevel [6ms]
2026-02-03 23:00:15.160 [info] fatal: not a git repository (or any of the parent directories): .git
2026-02-03 23:52:34.008 [info] > git rev-parse --show-toplevel [3ms]
2026-02-03 23:52:34.008 [info] fatal: not a git repository (or any of the parent directories): .git
2026-02-03 23:52:35.376 [info] > git rev-parse --show-toplevel [2ms]
2026-02-03 23:52:35.376 [info] fatal: not a git repository (or any of the parent directories): .git
2026-02-03 23:54:15.388 [info] > git rev-parse --show-toplevel [6ms]
2026-02-03 23:54:15.388 [info] fatal: not a git repository (or any of the parent directories): .git
2026-02-03 23:59:24.310 [info] > git rev-parse --show-toplevel [3ms]
2026-02-03 23:59:24.310 [info] fatal: not a git repository (or any of the parent directories): .git
2026-02-04 00:38:35.919 [info] > git rev-parse --show-toplevel [5ms]
2026-02-04 00:38:35.919 [info] fatal: not a git repository (or any of the parent directories): .git
2026-02-04 00:49:12.290 [info] > git rev-parse --show-toplevel [1ms]
2026-02-04 00:49:12.290 [info] fatal: not a git repository (or any of the parent directories): .git
2026-02-04 00:50:19.131 [info] > git rev-parse --show-toplevel [4ms]
2026-02-04 00:50:19.131 [info] fatal: not a git repository (or any of the parent directories): .git
2026-02-04 01:02:29.741 [info] > git rev-parse --show-toplevel [3ms]
2026-02-04 01:02:29.741 [info] fatal: not a git repository (or any of the parent directories): .git
2026-02-04 01:04:16.813 [info] > git rev-parse --show-toplevel [4ms]
2026-02-04 01:04:16.813 [info] fatal: not a git repository (or any of the parent directories): .git
2026-02-04 01:08:33.139 [info] > git rev-parse --show-toplevel [6ms]
2026-02-04 01:08:33.139 [info] fatal: not a git repository (or any of the parent directories): .git
2026-02-04 01:10:31.274 [info] > git rev-parse --show-toplevel [5ms]
2026-02-04 01:10:31.274 [info] fatal: not a git repository (or any of the parent directories): .git
2026-02-04 01:16:40.529 [info] > git rev-parse --show-toplevel [7ms]
2026-02-04 01:16:40.529 [info] fatal: not a git repository (or any of the parent directories): .git
2026-02-04 01:17:01.871 [info] > git rev-parse --show-toplevel [4ms]
2026-02-04 01:17:01.871 [info] fatal: not a git repository (or any of the parent directories): .git
2026-02-04 01:17:07.635 [info] > git rev-parse --show-toplevel [1ms]
2026-02-04 01:17:07.635 [info] fatal: not a git repository (or any of the parent directories): .git
2026-02-04 02:12:17.834 [info] > git rev-parse --show-toplevel [14ms]
2026-02-04 02:12:17.834 [info] fatal: not a git repository (or any of the parent directories): .git
2026-02-04 02:15:54.486 [info] > git rev-parse --show-toplevel [13ms]
2026-02-04 02:15:54.487 [info] fatal: not a git repository (or any of the parent directories): .git
2026-02-04 02:28:29.948 [info] > git rev-parse --show-toplevel [6ms]
2026-02-04 02:28:29.948 [info] fatal: not a git repository (or any of the parent directories): .git
2026-02-04 02:28:29.966 [info] > git rev-parse --show-toplevel [4ms]
2026-02-04 02:28:29.967 [info] fatal: not a git repository (or any of the parent directories): .git
2026-02-04 02:32:38.451 [info] > git rev-parse --show-toplevel [5ms]
2026-02-04 02:32:38.451 [info] fatal: not a git repository (or any of the parent directories): .git
2026-02-04 02:34:20.164 [info] > git rev-parse --show-toplevel [3ms]
2026-02-04 02:34:20.164 [info] fatal: not a git repository (or any of the parent directories): .git
2026-02-04 02:39:14.387 [info] > git rev-parse --show-toplevel [4ms]
2026-02-04 02:39:14.387 [info] fatal: not a git repository (or any of the parent directories): .git
2026-02-04 02:40:12.845 [info] > git rev-parse --show-toplevel [6ms]
2026-02-04 02:40:12.845 [info] fatal: not a git repository (or any of the parent directories): .git
2026-02-04 02:40:28.127 [info] > git rev-parse --show-toplevel [3ms]
2026-02-04 02:40:28.128 [info] fatal: not a git repository (or any of the parent directories): .git
2026-02-04 02:40:32.293 [info] > git rev-parse --show-toplevel [5ms]
2026-02-04 02:40:32.293 [info] fatal: not a git repository (or any of the parent directories): .git
2026-02-04 02:42:02.498 [info] > git rev-parse --show-toplevel [3ms]
2026-02-04 02:42:02.498 [info] fatal: not a git repository (or any of the parent directories): .git
2026-02-04 02:43:24.854 [info] > git rev-parse --show-toplevel [4ms]
2026-02-04 02:43:24.854 [info] fatal: not a git repository (or any of the parent directories): .git
2026-02-04 02:58:38.187 [info] > git rev-parse --show-toplevel [4ms]
2026-02-04 02:58:38.187 [info] fatal: not a git repository (or any of the parent directories): .git
2026-02-04 03:00:54.707 [info] > git rev-parse --show-toplevel [2ms]
2026-02-04 03:00:54.707 [info] fatal: not a git repository (or any of the parent directories): .git
2026-02-04 03:01:45.076 [info] > git rev-parse --show-toplevel [5ms]
2026-02-04 03:01:45.076 [info] fatal: not a git repository (or any of the parent directories): .git
2026-02-04 03:02:55.777 [info] > git rev-parse --show-toplevel [6ms]
2026-02-04 03:02:55.778 [info] fatal: not a git repository (or any of the parent directories): .git
2026-02-04 03:38:07.311 [info] > git rev-parse --show-toplevel [4ms]
2026-02-04 03:38:07.311 [info] fatal: not a git repository (or any of the parent directories): .git
2026-02-04 03:40:59.593 [info] > git rev-parse --show-toplevel [5ms]
2026-02-04 03:40:59.593 [info] fatal: not a git repository (or any of the parent directories): .git
2026-02-04 03:41:00.177 [info] > git rev-parse --show-toplevel [8ms]
2026-02-04 03:41:00.177 [info] fatal: not a git repository (or any of the parent directories): .git
2026-02-04 03:49:00.246 [info] > git rev-parse --show-toplevel [6ms]
2026-02-04 03:49:00.246 [info] fatal: not a git repository (or any of the parent directories): .git
2026-02-04 03:51:13.898 [info] > git rev-parse --show-toplevel [2ms]
2026-02-04 03:51:13.898 [info] fatal: not a git repository (or any of the parent directories): .git
2026-02-04 03:51:31.830 [info] > git rev-parse --show-toplevel [16ms]
2026-02-04 03:51:31.830 [info] fatal: not a git repository (or any of the parent directories): .git
2026-02-04 03:51:33.004 [info] > git rev-parse --show-toplevel [17ms]
2026-02-04 03:51:33.004 [info] fatal: not a git repository (or any of the parent directories): .git
2026-02-04 03:51:42.325 [info] > git rev-parse --show-toplevel [6ms]
2026-02-04 03:51:42.325 [info] fatal: not a git repository (or any of the parent directories): .git
