2026-02-05 23:37:23.876 [info] [main] Nivel de registro: Info
2026-02-05 23:37:23.876 [info] [main] Validando git encontrado en: "git"
2026-02-05 23:37:23.876 [info] [main] Usando git "2.43.0" de "git"
2026-02-05 23:37:23.876 [info] [Model][doInitialScan] Initial repository scan started
2026-02-05 23:37:23.876 [info] > git rev-parse --show-toplevel [123ms]
2026-02-05 23:37:23.876 [info] fatal: not a git repository (or any of the parent directories): .git
2026-02-05 23:37:23.876 [info] > git rev-parse --show-toplevel [76ms]
2026-02-05 23:37:23.876 [info] fatal: not a git repository (or any of the parent directories): .git
2026-02-05 23:37:23.955 [info] > git rev-parse --show-toplevel [29ms]
2026-02-05 23:37:23.955 [info] fatal: not a git repository (or any of the parent directories): .git
2026-02-05 23:37:24.127 [info] > git rev-parse --show-toplevel [21ms]
2026-02-05 23:37:24.127 [info] fatal: not a git repository (or any of the parent directories): .git
2026-02-05 23:37:24.268 [info] > git rev-parse --show-toplevel [37ms]
2026-02-05 23:37:24.270 [info] fatal: not a git repository (or any of the parent directories): .git
2026-02-05 23:37:24.611 [info] > git rev-parse --show-toplevel [323ms]
2026-02-05 23:37:24.612 [info] fatal: not a git repository (or any of the parent directories): .git
2026-02-05 23:37:24.643 [info] > git rev-parse --show-toplevel [10ms]
2026-02-05 23:37:24.643 [info] fatal: not a git repository (or any of the parent directories): .git
2026-02-05 23:37:24.696 [info] > git rev-parse --show-toplevel [17ms]
2026-02-05 23:37:24.696 [info] fatal: not a git repository (or any of the parent directories): .git
2026-02-05 23:37:24.718 [info] > git rev-parse --show-toplevel [10ms]
2026-02-05 23:37:24.718 [info] fatal: not a git repository (or any of the parent directories): .git
2026-02-05 23:37:24.734 [info] > git rev-parse --show-toplevel [5ms]
2026-02-05 23:37:24.734 [info] fatal: not a git repository (or any of the parent directories): .git
2026-02-05 23:37:24.754 [info] > git rev-parse --show-toplevel [5ms]
2026-02-05 23:37:24.755 [info] fatal: not a git repository (or any of the parent directories): .git
2026-02-05 23:37:24.769 [info] > git rev-parse --show-toplevel [4ms]
2026-02-05 23:37:24.769 [info] fatal: not a git repository (or any of the parent directories): .git
2026-02-05 23:37:24.772 [info] [Model][doInitialScan] Initial repository scan completed - repositories (0), closed repositories (0), parent repositories (0), unsafe repositories (0)
2026-02-05 23:37:27.312 [info] > git rev-parse --show-toplevel [2ms]
2026-02-05 23:37:27.312 [info] fatal: not a git repository (or any of the parent directories): .git
2026-02-05 23:37:27.332 [info] > git rev-parse --show-toplevel [4ms]
2026-02-05 23:37:27.332 [info] fatal: not a git repository (or any of the parent directories): .git
2026-02-05 23:42:49.704 [info] > git rev-parse --show-toplevel [14ms]
2026-02-05 23:42:49.704 [info] fatal: not a git repository (or any of the parent directories): .git
2026-02-05 23:45:08.265 [info] > git rev-parse --show-toplevel [4ms]
2026-02-05 23:45:08.265 [info] fatal: not a git repository (or any of the parent directories): .git
2026-02-06 01:04:46.397 [info] > git rev-parse --show-toplevel [9ms]
2026-02-06 01:04:46.397 [info] fatal: not a git repository (or any of the parent directories): .git
2026-02-06 01:59:12.711 [info] > git rev-parse --show-toplevel [20ms]
2026-02-06 01:59:12.712 [info] fatal: not a git repository (or any of the parent directories): .git
2026-02-06 02:00:04.876 [info] > git rev-parse --show-toplevel [10ms]
2026-02-06 02:00:04.876 [info] fatal: not a git repository (or any of the parent directories): .git
2026-02-06 02:02:08.153 [info] > git rev-parse --show-toplevel [3ms]
2026-02-06 02:02:08.153 [info] fatal: not a git repository (or any of the parent directories): .git
2026-02-06 02:02:08.171 [info] > git rev-parse --show-toplevel [3ms]
2026-02-06 02:02:08.171 [info] fatal: not a git repository (or any of the parent directories): .git
2026-02-06 02:02:18.336 [info] > git rev-parse --show-toplevel [13ms]
2026-02-06 02:02:18.336 [info] fatal: not a git repository (or any of the parent directories): .git
2026-02-06 02:02:19.093 [info] > git rev-parse --show-toplevel [4ms]
2026-02-06 02:02:19.094 [info] fatal: not a git repository (or any of the parent directories): .git
2026-02-06 02:02:21.070 [info] > git rev-parse --show-toplevel [8ms]
2026-02-06 02:02:21.071 [info] fatal: not a git repository (or any of the parent directories): .git
2026-02-06 02:02:22.463 [info] > git rev-parse --show-toplevel [4ms]
2026-02-06 02:02:22.463 [info] fatal: not a git repository (or any of the parent directories): .git
2026-02-06 02:02:23.423 [info] > git rev-parse --show-toplevel [76ms]
2026-02-06 02:02:23.423 [info] fatal: not a git repository (or any of the parent directories): .git
2026-02-06 02:02:24.314 [info] > git rev-parse --show-toplevel [3ms]
2026-02-06 02:02:24.314 [info] fatal: not a git repository (or any of the parent directories): .git
2026-02-06 02:02:25.099 [info] > git rev-parse --show-toplevel [3ms]
2026-02-06 02:02:25.099 [info] fatal: not a git repository (or any of the parent directories): .git
2026-02-06 02:02:25.553 [info] > git rev-parse --show-toplevel [3ms]
2026-02-06 02:02:25.553 [info] fatal: not a git repository (or any of the parent directories): .git
2026-02-06 02:02:29.561 [info] > git rev-parse --show-toplevel [22ms]
2026-02-06 02:02:29.561 [info] fatal: not a git repository (or any of the parent directories): .git
2026-02-06 02:02:29.582 [info] > git rev-parse --show-toplevel [3ms]
2026-02-06 02:02:29.582 [info] fatal: not a git repository (or any of the parent directories): .git
2026-02-06 02:02:29.602 [info] > git rev-parse --show-toplevel [3ms]
2026-02-06 02:02:29.602 [info] fatal: not a git repository (or any of the parent directories): .git
2026-02-06 02:02:29.620 [info] > git rev-parse --show-toplevel [2ms]
2026-02-06 02:02:29.621 [info] fatal: not a git repository (or any of the parent directories): .git
2026-02-06 02:02:29.642 [info] > git rev-parse --show-toplevel [3ms]
2026-02-06 02:02:29.642 [info] fatal: not a git repository (or any of the parent directories): .git
2026-02-06 02:02:29.662 [info] > git rev-parse --show-toplevel [3ms]
2026-02-06 02:02:29.662 [info] fatal: not a git repository (or any of the parent directories): .git
2026-02-06 02:02:29.682 [info] > git rev-parse --show-toplevel [2ms]
2026-02-06 02:02:29.682 [info] fatal: not a git repository (or any of the parent directories): .git
2026-02-06 02:05:02.258 [info] > git rev-parse --show-toplevel [26ms]
2026-02-06 02:05:02.258 [info] fatal: not a git repository (or any of the parent directories): .git
2026-02-06 02:06:43.381 [info] > git rev-parse --show-toplevel [22ms]
2026-02-06 02:06:43.381 [info] fatal: not a git repository (or any of the parent directories): .git
2026-02-06 02:08:53.887 [info] > git rev-parse --show-toplevel [9ms]
2026-02-06 02:08:53.887 [info] fatal: not a git repository (or any of the parent directories): .git
2026-02-06 02:09:08.633 [info] > git rev-parse --show-toplevel [12ms]
2026-02-06 02:09:08.633 [info] fatal: not a git repository (or any of the parent directories): .git
2026-02-06 02:09:10.573 [info] > git rev-parse --show-toplevel [8ms]
2026-02-06 02:09:10.574 [info] fatal: not a git repository (or any of the parent directories): .git
2026-02-06 02:09:21.658 [info] > git rev-parse --show-toplevel [17ms]
2026-02-06 02:09:21.659 [info] fatal: not a git repository (or any of the parent directories): .git
2026-02-06 02:09:30.749 [info] > git rev-parse --show-toplevel [11ms]
2026-02-06 02:09:30.750 [info] fatal: not a git repository (or any of the parent directories): .git
2026-02-06 02:09:38.337 [info] > git rev-parse --show-toplevel [4ms]
2026-02-06 02:09:38.338 [info] fatal: not a git repository (or any of the parent directories): .git
2026-02-06 02:10:01.769 [info] > git rev-parse --show-toplevel [5ms]
2026-02-06 02:10:01.769 [info] fatal: not a git repository (or any of the parent directories): .git
2026-02-06 02:10:40.013 [info] > git rev-parse --show-toplevel [3ms]
2026-02-06 02:10:40.014 [info] fatal: not a git repository (or any of the parent directories): .git
2026-02-06 02:10:52.910 [info] > git rev-parse --show-toplevel [7ms]
2026-02-06 02:10:52.910 [info] fatal: not a git repository (or any of the parent directories): .git
2026-02-06 02:10:53.786 [info] > git rev-parse --show-toplevel [2ms]
2026-02-06 02:10:53.786 [info] fatal: not a git repository (or any of the parent directories): .git
2026-02-06 02:10:55.587 [info] > git rev-parse --show-toplevel [5ms]
2026-02-06 02:10:55.587 [info] fatal: not a git repository (or any of the parent directories): .git
2026-02-06 02:10:58.207 [info] > git rev-parse --show-toplevel [11ms]
2026-02-06 02:10:58.207 [info] fatal: not a git repository (or any of the parent directories): .git
2026-02-06 02:10:58.766 [info] > git rev-parse --show-toplevel [4ms]
2026-02-06 02:10:58.766 [info] fatal: not a git repository (or any of the parent directories): .git
2026-02-06 02:11:37.916 [info] > git rev-parse --show-toplevel [6ms]
2026-02-06 02:11:37.916 [info] fatal: not a git repository (or any of the parent directories): .git
2026-02-06 02:12:43.151 [info] > git rev-parse --show-toplevel [3ms]
2026-02-06 02:12:43.151 [info] fatal: not a git repository (or any of the parent directories): .git
2026-02-06 02:12:44.554 [info] > git rev-parse --show-toplevel [9ms]
2026-02-06 02:12:44.554 [info] fatal: not a git repository (or any of the parent directories): .git
2026-02-06 02:12:46.946 [info] > git rev-parse --show-toplevel [7ms]
2026-02-06 02:12:46.946 [info] fatal: not a git repository (or any of the parent directories): .git
2026-02-06 02:12:49.003 [info] > git rev-parse --show-toplevel [4ms]
2026-02-06 02:12:49.004 [info] fatal: not a git repository (or any of the parent directories): .git
2026-02-06 02:15:40.009 [info] > git rev-parse --show-toplevel [29ms]
2026-02-06 02:15:40.009 [info] fatal: not a git repository (or any of the parent directories): .git
2026-02-06 02:16:13.190 [info] > git rev-parse --show-toplevel [29ms]
2026-02-06 02:16:13.190 [info] fatal: not a git repository (or any of the parent directories): .git
2026-02-06 02:16:20.732 [info] > git rev-parse --show-toplevel [8ms]
2026-02-06 02:16:20.732 [info] fatal: not a git repository (or any of the parent directories): .git
2026-02-06 02:17:05.281 [info] > git rev-parse --show-toplevel [2ms]
2026-02-06 02:17:05.282 [info] fatal: not a git repository (or any of the parent directories): .git
2026-02-06 02:20:29.408 [info] > git rev-parse --show-toplevel [14ms]
2026-02-06 02:20:29.408 [info] fatal: not a git repository (or any of the parent directories): .git
2026-02-06 02:24:15.427 [info] > git rev-parse --show-toplevel [10ms]
2026-02-06 02:24:15.427 [info] fatal: not a git repository (or any of the parent directories): .git
2026-02-06 02:28:19.355 [info] > git rev-parse --show-toplevel [19ms]
2026-02-06 02:28:19.355 [info] fatal: not a git repository (or any of the parent directories): .git
2026-02-06 02:30:24.915 [info] > git rev-parse --show-toplevel [14ms]
2026-02-06 02:30:24.915 [info] fatal: not a git repository (or any of the parent directories): .git
2026-02-06 02:30:28.293 [info] > git rev-parse --show-toplevel [5ms]
2026-02-06 02:30:28.293 [info] fatal: not a git repository (or any of the parent directories): .git
2026-02-06 02:30:29.299 [info] > git rev-parse --show-toplevel [8ms]
2026-02-06 02:30:29.299 [info] fatal: not a git repository (or any of the parent directories): .git
2026-02-06 02:32:42.899 [info] > git rev-parse --show-toplevel [8ms]
2026-02-06 02:32:42.899 [info] fatal: not a git repository (or any of the parent directories): .git
2026-02-06 02:38:11.918 [info] > git rev-parse --show-toplevel [14ms]
2026-02-06 02:38:11.918 [info] fatal: not a git repository (or any of the parent directories): .git
2026-02-06 02:39:34.107 [info] > git rev-parse --show-toplevel [4ms]
2026-02-06 02:39:34.107 [info] fatal: not a git repository (or any of the parent directories): .git
2026-02-06 02:40:56.835 [info] > git rev-parse --show-toplevel [44ms]
2026-02-06 02:40:56.835 [info] fatal: not a git repository (or any of the parent directories): .git
2026-02-06 02:41:01.114 [info] > git rev-parse --show-toplevel [11ms]
2026-02-06 02:41:01.114 [info] fatal: not a git repository (or any of the parent directories): .git
2026-02-06 02:41:06.162 [info] > git rev-parse --show-toplevel [6ms]
2026-02-06 02:41:06.162 [info] fatal: not a git repository (or any of the parent directories): .git
2026-02-06 02:41:37.742 [info] > git rev-parse --show-toplevel [6ms]
2026-02-06 02:41:37.742 [info] fatal: not a git repository (or any of the parent directories): .git
2026-02-06 02:42:25.334 [info] > git rev-parse --show-toplevel [9ms]
2026-02-06 02:42:25.334 [info] fatal: not a git repository (or any of the parent directories): .git
2026-02-06 02:45:04.617 [info] > git rev-parse --show-toplevel [12ms]
2026-02-06 02:45:04.617 [info] fatal: not a git repository (or any of the parent directories): .git
2026-02-06 02:46:01.685 [info] > git rev-parse --show-toplevel [38ms]
2026-02-06 02:46:01.685 [info] fatal: not a git repository (or any of the parent directories): .git
2026-02-06 02:50:06.110 [info] > git rev-parse --show-toplevel [14ms]
2026-02-06 02:50:06.110 [info] fatal: not a git repository (or any of the parent directories): .git
2026-02-06 02:50:12.019 [info] > git rev-parse --show-toplevel [8ms]
2026-02-06 02:50:12.019 [info] fatal: not a git repository (or any of the parent directories): .git
2026-02-06 02:50:44.109 [info] > git rev-parse --show-toplevel [8ms]
2026-02-06 02:50:44.109 [info] fatal: not a git repository (or any of the parent directories): .git
2026-02-06 02:50:51.783 [info] > git rev-parse --show-toplevel [12ms]
2026-02-06 02:50:51.783 [info] fatal: not a git repository (or any of the parent directories): .git
2026-02-06 02:50:52.752 [info] > git rev-parse --show-toplevel [12ms]
2026-02-06 02:50:52.752 [info] fatal: not a git repository (or any of the parent directories): .git
2026-02-06 02:51:00.126 [info] > git rev-parse --show-toplevel [22ms]
2026-02-06 02:51:00.126 [info] fatal: not a git repository (or any of the parent directories): .git
2026-02-06 02:51:01.583 [info] > git rev-parse --show-toplevel [10ms]
2026-02-06 02:51:01.584 [info] fatal: not a git repository (or any of the parent directories): .git
2026-02-06 02:51:02.866 [info] > git rev-parse --show-toplevel [9ms]
2026-02-06 02:51:02.866 [info] fatal: not a git repository (or any of the parent directories): .git
2026-02-06 02:55:57.082 [info] > git rev-parse --show-toplevel [5ms]
2026-02-06 02:55:57.082 [info] fatal: not a git repository (or any of the parent directories): .git
