Locating server…
Booting server...
Setting up server…
Listening for messages…
Searching for Tailwind CSS projects in the workspace's folders.
hoist-at-import: The file '/home/leo/snap/postman/360/.local/share/themes/Ambiance/gtk-3.0/gtk-main.css' contains @import rules after other at rules. This is invalid CSS and may cause problems with your build.
hoist-at-import: The file '/home/leo/snap/postman/360/.local/share/themes/Ambiance/gtk-3.20/gtk-main.css' contains @import rules after other at rules. This is invalid CSS and may cause problems with your build.
hoist-at-import: The file '/home/leo/snap/postman/360/.local/share/themes/Radiance/gtk-3.0/gtk-main.css' contains @import rules after other at rules. This is invalid CSS and may cause problems with your build.
hoist-at-import: The file '/home/leo/snap/postman/360/.local/share/themes/Radiance/gtk-3.20/gtk-main.css' contains @import rules after other at rules. This is invalid CSS and may cause problems with your build.
hoist-at-import: The file '/home/leo/snap/postman/360/.themes/Ambiance/gtk-3.0/gtk-main.css' contains @import rules after other at rules. This is invalid CSS and may cause problems with your build.
hoist-at-import: The file '/home/leo/snap/postman/360/.themes/Ambiance/gtk-3.20/gtk-main.css' contains @import rules after other at rules. This is invalid CSS and may cause problems with your build.
hoist-at-import: The file '/home/leo/snap/postman/360/.themes/Radiance/gtk-3.0/gtk-main.css' contains @import rules after other at rules. This is invalid CSS and may cause problems with your build.
hoist-at-import: The file '/home/leo/snap/postman/360/.themes/Radiance/gtk-3.20/gtk-main.css' contains @import rules after other at rules. This is invalid CSS and may cause problems with your build.
hoist-at-import: The file '/home/leo/snap/postman/current/.local/share/themes/Ambiance/gtk-3.0/gtk-main.css' contains @import rules after other at rules. This is invalid CSS and may cause problems with your build.
hoist-at-import: The file '/home/leo/snap/postman/current/.local/share/themes/Ambiance/gtk-3.20/gtk-main.css' contains @import rules after other at rules. This is invalid CSS and may cause problems with your build.
hoist-at-import: The file '/home/leo/snap/postman/current/.local/share/themes/Radiance/gtk-3.0/gtk-main.css' contains @import rules after other at rules. This is invalid CSS and may cause problems with your build.
hoist-at-import: The file '/home/leo/snap/postman/current/.local/share/themes/Radiance/gtk-3.20/gtk-main.css' contains @import rules after other at rules. This is invalid CSS and may cause problems with your build.
hoist-at-import: The file '/home/leo/snap/postman/current/.themes/Ambiance/gtk-3.0/gtk-main.css' contains @import rules after other at rules. This is invalid CSS and may cause problems with your build.
hoist-at-import: The file '/home/leo/snap/postman/current/.themes/Ambiance/gtk-3.20/gtk-main.css' contains @import rules after other at rules. This is invalid CSS and may cause problems with your build.
hoist-at-import: The file '/home/leo/snap/postman/current/.themes/Radiance/gtk-3.0/gtk-main.css' contains @import rules after other at rules. This is invalid CSS and may cause problems with your build.
hoist-at-import: The file '/home/leo/snap/postman/current/.themes/Radiance/gtk-3.20/gtk-main.css' contains @import rules after other at rules. This is invalid CSS and may cause problems with your build.
{"tailwind":{"version":"4.1.15","features":["css-at-theme","layer:base","content-list","source-inline","source-not"],"isDefaultVersion":true},"path":"/home/leo/.vscode-server/data/User/History/131947df/FRfR.css"}
[Warn  - 3:12:12 PM] The config /home/leo/.vscode-server/data/User/History/131947df/FRfR.css looks like it might be for a different Tailwind CSS version. Skipping.
{"tailwind":{"version":"4.1.15","features":["css-at-theme","layer:base","content-list","source-inline","source-not"],"isDefaultVersion":true},"path":"/home/leo/.vscode-server/data/User/History/131947df/GGc3.css"}
[Warn  - 3:12:12 PM] The config /home/leo/.vscode-server/data/User/History/131947df/GGc3.css looks like it might be for a different Tailwind CSS version. Skipping.
{"tailwind":{"version":"4.1.15","features":["css-at-theme","layer:base","content-list","source-inline","source-not"],"isDefaultVersion":true},"path":"/home/leo/snap/postman/360/.local/share/themes/Ambiance/gtk-3.0/gtk-main.css"}
{"tailwind":{"version":"4.1.15","features":["css-at-theme","layer:base","content-list","source-inline","source-not"],"isDefaultVersion":true},"path":"/home/leo/snap/postman/360/.local/share/themes/Ambiance/gtk-3.20/gtk-main.css"}
{"tailwind":{"version":"4.1.15","features":["css-at-theme","layer:base","content-list","source-inline","source-not"],"isDefaultVersion":true},"path":"/home/leo/snap/postman/360/.local/share/themes/Radiance/gtk-3.0/gtk-main.css"}
{"tailwind":{"version":"4.1.15","features":["css-at-theme","layer:base","content-list","source-inline","source-not"],"isDefaultVersion":true},"path":"/home/leo/snap/postman/360/.local/share/themes/Radiance/gtk-3.20/gtk-main.css"}
{"tailwind":{"version":"4.1.15","features":["css-at-theme","layer:base","content-list","source-inline","source-not"],"isDefaultVersion":true},"path":"/home/leo/snap/postman/360/.local/share/themes/Ambiance/gtk-3.0/apps/gnome-applications.css"}
{"tailwind":{"version":"4.1.15","features":["css-at-theme","layer:base","content-list","source-inline","source-not"],"isDefaultVersion":true},"path":"/home/leo/snap/postman/360/.local/share/themes/Ambiance/gtk-3.20/apps/gnome-applications.css"}
[Global] Creating projects: [{"folder":"/home/leo","config":"/home/leo/snap/postman/360/.local/share/themes/Ambiance/gtk-3.0/apps/gnome-applications.css","selectors":[{"pattern":"/home/leo/snap/postman/360/.local/share/themes/Ambiance/gtk-3.0/apps/gnome-applications.css","priority":0},{"pattern":"/home/leo/snap/postman/360/.local/share/themes/Ambiance/gtk-3.0/apps/**","priority":2},{"pattern":"/home/leo/**","priority":4}],"user":false,"tailwind":{"version":"4.1.15","features":["css-at-theme","layer:base","content-list","source-inline","source-not"],"isDefaultVersion":true}},{"folder":"/home/leo","config":"/home/leo/snap/postman/360/.local/share/themes/Ambiance/gtk-3.0/gtk-main.css","selectors":[{"pattern":"/home/leo/snap/postman/360/.local/share/themes/Ambiance/gtk-3.0/apps/nautilus.css","priority":0},{"pattern":"/home/leo/snap/postman/360/.local/share/themes/Ambiance/gtk-3.0/gtk-main.css","priority":0},{"pattern":"/home/leo/snap/postman/360/.local/share/themes/Ambiance/gtk-3.0/apps/**","priority":2},{"pattern":"/home/leo/snap/postman/360/.local/share/themes/Ambiance/gtk-3.0/**","priority":2},{"pattern":"/home/leo/**","priority":4}],"user":false,"tailwind":{"version":"4.1.15","features":["css-at-theme","layer:base","content-list","source-inline","source-not"],"isDefaultVersion":true}},{"folder":"/home/leo","config":"/home/leo/snap/postman/360/.local/share/themes/Ambiance/gtk-3.20/apps/gnome-applications.css","selectors":[{"pattern":"/home/leo/snap/postman/360/.local/share/themes/Ambiance/gtk-3.20/apps/gnome-applications.css","priority":0},{"pattern":"/home/leo/snap/postman/360/.local/share/themes/Ambiance/gtk-3.20/apps/**","priority":2},{"pattern":"/home/leo/**","priority":4}],"user":false,"tailwind":{"version":"4.1.15","features":["css-at-theme","layer:base","content-list","source-inline","source-not"],"isDefaultVersion":true}},{"folder":"/home/leo","config":"/home/leo/snap/postman/360/.local/share/themes/Ambiance/gtk-3.20/gtk-main.css","selectors":[{"pattern":"/home/leo/snap/postman/360/.local/share/themes/Ambiance/gtk-3.20/apps/nautilus.css","priority":0},{"pattern":"/home/leo/snap/postman/360/.local/share/themes/Ambiance/gtk-3.20/gtk-main.css","priority":0},{"pattern":"/home/leo/snap/postman/360/.local/share/themes/Ambiance/gtk-3.20/apps/**","priority":2},{"pattern":"/home/leo/snap/postman/360/.local/share/themes/Ambiance/gtk-3.20/**","priority":2},{"pattern":"/home/leo/**","priority":4}],"user":false,"tailwind":{"version":"4.1.15","features":["css-at-theme","layer:base","content-list","source-inline","source-not"],"isDefaultVersion":true}},{"folder":"/home/leo","config":"/home/leo/snap/postman/360/.local/share/themes/Radiance/gtk-3.0/gtk-main.css","selectors":[{"pattern":"/home/leo/snap/postman/360/.local/share/themes/Radiance/gtk-3.0/apps/nautilus.css","priority":0},{"pattern":"/home/leo/snap/postman/360/.local/share/themes/Radiance/gtk-3.0/gtk-main.css","priority":0},{"pattern":"/home/leo/snap/postman/360/.local/share/themes/Radiance/gtk-3.0/apps/**","priority":2},{"pattern":"/home/leo/snap/postman/360/.local/share/themes/Radiance/gtk-3.0/**","priority":2},{"pattern":"/home/leo/**","priority":4}],"user":false,"tailwind":{"version":"4.1.15","features":["css-at-theme","layer:base","content-list","source-inline","source-not"],"isDefaultVersion":true}},{"folder":"/home/leo","config":"/home/leo/snap/postman/360/.local/share/themes/Radiance/gtk-3.20/gtk-main.css","selectors":[{"pattern":"/home/leo/snap/postman/360/.local/share/themes/Radiance/gtk-3.20/apps/nautilus.css","priority":0},{"pattern":"/home/leo/snap/postman/360/.local/share/themes/Radiance/gtk-3.20/gtk-main.css","priority":0},{"pattern":"/home/leo/snap/postman/360/.local/share/themes/Radiance/gtk-3.20/apps/**","priority":2},{"pattern":"/home/leo/snap/postman/360/.local/share/themes/Radiance/gtk-3.20/**","priority":2},{"pattern":"/home/leo/**","priority":4}],"user":false,"tailwind":{"version":"4.1.15","features":["css-at-theme","layer:base","content-list","source-inline","source-not"],"isDefaultVersion":true}}]
[Global] Preparing projects...
[Global] Initializing projects...
[snap/postman/360/.local/share/themes/Ambiance/gtk-3.0/apps/gnome-applications.css] Initializing...
[Global] Adding watch patterns: /home/leo/snap/postman/360/.local/share/themes/Ambiance/gtk-3.0/apps/gnome-applications.css, /home/leo/snap/postman/360/.local/share/themes/Ambiance/gtk-3.0/apps, /home/leo/snap/postman/360/.local/share/themes/Ambiance/gtk-3.0, /home/leo/snap/postman/360/.local/share/themes/Ambiance, /home/leo/snap/postman/360/.local/share/themes, /home/leo/snap/postman/360/.local/share, /home/leo/snap/postman/360/.local, /home/leo/snap/postman/360, /home/leo/snap/postman, /home/leo/snap, /home/leo
[snap/postman/360/.local/share/themes/Ambiance/gtk-3.0/apps/gnome-applications.css] Failed to load workspace modules.
[snap/postman/360/.local/share/themes/Ambiance/gtk-3.0/apps/gnome-applications.css] Using bundled version of `tailwindcss`: v4.1.15
[snap/postman/360/.local/share/themes/Ambiance/gtk-3.0/apps/gnome-applications.css] Building...
[Global] Initialized 1 projects
----------
RESTARTING
----------
[Info  - 3:14:58 PM] [GLOBAL] No matching project for document {
  fsPath: '/home/leo/frontend/src/App.jsx',
  normalPath: '/home/leo/frontend/src/App.jsx'
}
Searching for Tailwind CSS projects in the workspace's folders.
[Info  - 3:14:58 PM] [GLOBAL] No matching project for document {
  fsPath: '/home/leo/frontend/index.html',
  normalPath: '/home/leo/frontend/index.html'
}
hoist-at-import: The file '/home/leo/snap/postman/360/.local/share/themes/Ambiance/gtk-3.0/gtk-main.css' contains @import rules after other at rules. This is invalid CSS and may cause problems with your build.
hoist-at-import: The file '/home/leo/snap/postman/360/.local/share/themes/Ambiance/gtk-3.20/gtk-main.css' contains @import rules after other at rules. This is invalid CSS and may cause problems with your build.
hoist-at-import: The file '/home/leo/snap/postman/360/.local/share/themes/Radiance/gtk-3.0/gtk-main.css' contains @import rules after other at rules. This is invalid CSS and may cause problems with your build.
hoist-at-import: The file '/home/leo/snap/postman/360/.local/share/themes/Radiance/gtk-3.20/gtk-main.css' contains @import rules after other at rules. This is invalid CSS and may cause problems with your build.
hoist-at-import: The file '/home/leo/snap/postman/360/.themes/Ambiance/gtk-3.0/gtk-main.css' contains @import rules after other at rules. This is invalid CSS and may cause problems with your build.
hoist-at-import: The file '/home/leo/snap/postman/360/.themes/Ambiance/gtk-3.20/gtk-main.css' contains @import rules after other at rules. This is invalid CSS and may cause problems with your build.
hoist-at-import: The file '/home/leo/snap/postman/360/.themes/Radiance/gtk-3.0/gtk-main.css' contains @import rules after other at rules. This is invalid CSS and may cause problems with your build.
hoist-at-import: The file '/home/leo/snap/postman/360/.themes/Radiance/gtk-3.20/gtk-main.css' contains @import rules after other at rules. This is invalid CSS and may cause problems with your build.
hoist-at-import: The file '/home/leo/snap/postman/current/.local/share/themes/Ambiance/gtk-3.0/gtk-main.css' contains @import rules after other at rules. This is invalid CSS and may cause problems with your build.
hoist-at-import: The file '/home/leo/snap/postman/current/.local/share/themes/Ambiance/gtk-3.20/gtk-main.css' contains @import rules after other at rules. This is invalid CSS and may cause problems with your build.
hoist-at-import: The file '/home/leo/snap/postman/current/.local/share/themes/Radiance/gtk-3.0/gtk-main.css' contains @import rules after other at rules. This is invalid CSS and may cause problems with your build.
hoist-at-import: The file '/home/leo/snap/postman/current/.local/share/themes/Radiance/gtk-3.20/gtk-main.css' contains @import rules after other at rules. This is invalid CSS and may cause problems with your build.
hoist-at-import: The file '/home/leo/snap/postman/current/.themes/Ambiance/gtk-3.0/gtk-main.css' contains @import rules after other at rules. This is invalid CSS and may cause problems with your build.
hoist-at-import: The file '/home/leo/snap/postman/current/.themes/Ambiance/gtk-3.20/gtk-main.css' contains @import rules after other at rules. This is invalid CSS and may cause problems with your build.
hoist-at-import: The file '/home/leo/snap/postman/current/.themes/Radiance/gtk-3.0/gtk-main.css' contains @import rules after other at rules. This is invalid CSS and may cause problems with your build.
hoist-at-import: The file '/home/leo/snap/postman/current/.themes/Radiance/gtk-3.20/gtk-main.css' contains @import rules after other at rules. This is invalid CSS and may cause problems with your build.
{"tailwind":{"version":"4.1.15","features":["css-at-theme","layer:base","content-list","source-inline","source-not"],"isDefaultVersion":true},"path":"/home/leo/.vscode-server/data/User/History/131947df/FRfR.css"}
[Warn  - 3:15:00 PM] The config /home/leo/.vscode-server/data/User/History/131947df/FRfR.css looks like it might be for a different Tailwind CSS version. Skipping.
{"tailwind":{"version":"4.1.15","features":["css-at-theme","layer:base","content-list","source-inline","source-not"],"isDefaultVersion":true},"path":"/home/leo/.vscode-server/data/User/History/131947df/GGc3.css"}
[Warn  - 3:15:00 PM] The config /home/leo/.vscode-server/data/User/History/131947df/GGc3.css looks like it might be for a different Tailwind CSS version. Skipping.
{"tailwind":{"version":"4.1.15","features":["css-at-theme","layer:base","content-list","source-inline","source-not"],"isDefaultVersion":true},"path":"/home/leo/snap/postman/360/.local/share/themes/Ambiance/gtk-3.0/gtk-main.css"}
{"tailwind":{"version":"4.1.15","features":["css-at-theme","layer:base","content-list","source-inline","source-not"],"isDefaultVersion":true},"path":"/home/leo/snap/postman/360/.local/share/themes/Ambiance/gtk-3.20/gtk-main.css"}
{"tailwind":{"version":"4.1.15","features":["css-at-theme","layer:base","content-list","source-inline","source-not"],"isDefaultVersion":true},"path":"/home/leo/snap/postman/360/.local/share/themes/Radiance/gtk-3.0/gtk-main.css"}
{"tailwind":{"version":"4.1.15","features":["css-at-theme","layer:base","content-list","source-inline","source-not"],"isDefaultVersion":true},"path":"/home/leo/snap/postman/360/.local/share/themes/Radiance/gtk-3.20/gtk-main.css"}
{"tailwind":{"version":"4.1.15","features":["css-at-theme","layer:base","content-list","source-inline","source-not"],"isDefaultVersion":true},"path":"/home/leo/snap/postman/360/.local/share/themes/Ambiance/gtk-3.0/apps/gnome-applications.css"}
{"tailwind":{"version":"4.1.15","features":["css-at-theme","layer:base","content-list","source-inline","source-not"],"isDefaultVersion":true},"path":"/home/leo/snap/postman/360/.local/share/themes/Ambiance/gtk-3.20/apps/gnome-applications.css"}
[Global] Creating projects: [{"folder":"/home/leo","config":"/home/leo/snap/postman/360/.local/share/themes/Ambiance/gtk-3.0/apps/gnome-applications.css","selectors":[{"pattern":"/home/leo/snap/postman/360/.local/share/themes/Ambiance/gtk-3.0/apps/gnome-applications.css","priority":0},{"pattern":"/home/leo/snap/postman/360/.local/share/themes/Ambiance/gtk-3.0/apps/**","priority":2},{"pattern":"/home/leo/**","priority":4}],"user":false,"tailwind":{"version":"4.1.15","features":["css-at-theme","layer:base","content-list","source-inline","source-not"],"isDefaultVersion":true}},{"folder":"/home/leo","config":"/home/leo/snap/postman/360/.local/share/themes/Ambiance/gtk-3.0/gtk-main.css","selectors":[{"pattern":"/home/leo/snap/postman/360/.local/share/themes/Ambiance/gtk-3.0/apps/nautilus.css","priority":0},{"pattern":"/home/leo/snap/postman/360/.local/share/themes/Ambiance/gtk-3.0/gtk-main.css","priority":0},{"pattern":"/home/leo/snap/postman/360/.local/share/themes/Ambiance/gtk-3.0/apps/**","priority":2},{"pattern":"/home/leo/snap/postman/360/.local/share/themes/Ambiance/gtk-3.0/**","priority":2},{"pattern":"/home/leo/**","priority":4}],"user":false,"tailwind":{"version":"4.1.15","features":["css-at-theme","layer:base","content-list","source-inline","source-not"],"isDefaultVersion":true}},{"folder":"/home/leo","config":"/home/leo/snap/postman/360/.local/share/themes/Ambiance/gtk-3.20/apps/gnome-applications.css","selectors":[{"pattern":"/home/leo/snap/postman/360/.local/share/themes/Ambiance/gtk-3.20/apps/gnome-applications.css","priority":0},{"pattern":"/home/leo/snap/postman/360/.local/share/themes/Ambiance/gtk-3.20/apps/**","priority":2},{"pattern":"/home/leo/**","priority":4}],"user":false,"tailwind":{"version":"4.1.15","features":["css-at-theme","layer:base","content-list","source-inline","source-not"],"isDefaultVersion":true}},{"folder":"/home/leo","config":"/home/leo/snap/postman/360/.local/share/themes/Ambiance/gtk-3.20/gtk-main.css","selectors":[{"pattern":"/home/leo/snap/postman/360/.local/share/themes/Ambiance/gtk-3.20/apps/nautilus.css","priority":0},{"pattern":"/home/leo/snap/postman/360/.local/share/themes/Ambiance/gtk-3.20/gtk-main.css","priority":0},{"pattern":"/home/leo/snap/postman/360/.local/share/themes/Ambiance/gtk-3.20/apps/**","priority":2},{"pattern":"/home/leo/snap/postman/360/.local/share/themes/Ambiance/gtk-3.20/**","priority":2},{"pattern":"/home/leo/**","priority":4}],"user":false,"tailwind":{"version":"4.1.15","features":["css-at-theme","layer:base","content-list","source-inline","source-not"],"isDefaultVersion":true}},{"folder":"/home/leo","config":"/home/leo/snap/postman/360/.local/share/themes/Radiance/gtk-3.0/gtk-main.css","selectors":[{"pattern":"/home/leo/snap/postman/360/.local/share/themes/Radiance/gtk-3.0/apps/nautilus.css","priority":0},{"pattern":"/home/leo/snap/postman/360/.local/share/themes/Radiance/gtk-3.0/gtk-main.css","priority":0},{"pattern":"/home/leo/snap/postman/360/.local/share/themes/Radiance/gtk-3.0/apps/**","priority":2},{"pattern":"/home/leo/snap/postman/360/.local/share/themes/Radiance/gtk-3.0/**","priority":2},{"pattern":"/home/leo/**","priority":4}],"user":false,"tailwind":{"version":"4.1.15","features":["css-at-theme","layer:base","content-list","source-inline","source-not"],"isDefaultVersion":true}},{"folder":"/home/leo","config":"/home/leo/snap/postman/360/.local/share/themes/Radiance/gtk-3.20/gtk-main.css","selectors":[{"pattern":"/home/leo/snap/postman/360/.local/share/themes/Radiance/gtk-3.20/apps/nautilus.css","priority":0},{"pattern":"/home/leo/snap/postman/360/.local/share/themes/Radiance/gtk-3.20/gtk-main.css","priority":0},{"pattern":"/home/leo/snap/postman/360/.local/share/themes/Radiance/gtk-3.20/apps/**","priority":2},{"pattern":"/home/leo/snap/postman/360/.local/share/themes/Radiance/gtk-3.20/**","priority":2},{"pattern":"/home/leo/**","priority":4}],"user":false,"tailwind":{"version":"4.1.15","features":["css-at-theme","layer:base","content-list","source-inline","source-not"],"isDefaultVersion":true}}]
[Global] Preparing projects...
[Global] Initializing projects...
[snap/postman/360/.local/share/themes/Ambiance/gtk-3.0/apps/gnome-applications.css] Initializing...
[Global] Adding watch patterns: /home/leo/snap/postman/360/.local/share/themes/Ambiance/gtk-3.0/apps/gnome-applications.css, /home/leo/snap/postman/360/.local/share/themes/Ambiance/gtk-3.0/apps, /home/leo/snap/postman/360/.local/share/themes/Ambiance/gtk-3.0, /home/leo/snap/postman/360/.local/share/themes/Ambiance, /home/leo/snap/postman/360/.local/share/themes, /home/leo/snap/postman/360/.local/share, /home/leo/snap/postman/360/.local, /home/leo/snap/postman/360, /home/leo/snap/postman, /home/leo/snap, /home/leo
[snap/postman/360/.local/share/themes/Ambiance/gtk-3.0/apps/gnome-applications.css] Failed to load workspace modules.
[snap/postman/360/.local/share/themes/Ambiance/gtk-3.0/apps/gnome-applications.css] Using bundled version of `tailwindcss`: v4.1.15
[snap/postman/360/.local/share/themes/Ambiance/gtk-3.0/apps/gnome-applications.css] Building...
[Global] Initialized 1 projects
----------
RESTARTING
----------
[Info  - 3:24:32 PM] [GLOBAL] No matching project for document {
  fsPath: '/home/leo/frontend/src/App.jsx',
  normalPath: '/home/leo/frontend/src/App.jsx'
}
[Info  - 3:24:32 PM] [GLOBAL] No matching project for document {
  fsPath: '/home/leo/frontend/index.html',
  normalPath: '/home/leo/frontend/index.html'
}
[Info  - 3:24:32 PM] [GLOBAL] No matching project for document {
  fsPath: '/home/leo/frontend/src/components/Login.jsx',
  normalPath: '/home/leo/frontend/src/components/Login.jsx'
}
Searching for Tailwind CSS projects in the workspace's folders.
hoist-at-import: The file '/home/leo/snap/postman/360/.local/share/themes/Ambiance/gtk-3.0/gtk-main.css' contains @import rules after other at rules. This is invalid CSS and may cause problems with your build.
hoist-at-import: The file '/home/leo/snap/postman/360/.local/share/themes/Ambiance/gtk-3.20/gtk-main.css' contains @import rules after other at rules. This is invalid CSS and may cause problems with your build.
hoist-at-import: The file '/home/leo/snap/postman/360/.local/share/themes/Radiance/gtk-3.0/gtk-main.css' contains @import rules after other at rules. This is invalid CSS and may cause problems with your build.
hoist-at-import: The file '/home/leo/snap/postman/360/.local/share/themes/Radiance/gtk-3.20/gtk-main.css' contains @import rules after other at rules. This is invalid CSS and may cause problems with your build.
hoist-at-import: The file '/home/leo/snap/postman/360/.themes/Ambiance/gtk-3.0/gtk-main.css' contains @import rules after other at rules. This is invalid CSS and may cause problems with your build.
hoist-at-import: The file '/home/leo/snap/postman/360/.themes/Ambiance/gtk-3.20/gtk-main.css' contains @import rules after other at rules. This is invalid CSS and may cause problems with your build.
hoist-at-import: The file '/home/leo/snap/postman/360/.themes/Radiance/gtk-3.0/gtk-main.css' contains @import rules after other at rules. This is invalid CSS and may cause problems with your build.
hoist-at-import: The file '/home/leo/snap/postman/360/.themes/Radiance/gtk-3.20/gtk-main.css' contains @import rules after other at rules. This is invalid CSS and may cause problems with your build.
hoist-at-import: The file '/home/leo/snap/postman/current/.local/share/themes/Ambiance/gtk-3.0/gtk-main.css' contains @import rules after other at rules. This is invalid CSS and may cause problems with your build.
hoist-at-import: The file '/home/leo/snap/postman/current/.local/share/themes/Ambiance/gtk-3.20/gtk-main.css' contains @import rules after other at rules. This is invalid CSS and may cause problems with your build.
hoist-at-import: The file '/home/leo/snap/postman/current/.local/share/themes/Radiance/gtk-3.0/gtk-main.css' contains @import rules after other at rules. This is invalid CSS and may cause problems with your build.
hoist-at-import: The file '/home/leo/snap/postman/current/.local/share/themes/Radiance/gtk-3.20/gtk-main.css' contains @import rules after other at rules. This is invalid CSS and may cause problems with your build.
hoist-at-import: The file '/home/leo/snap/postman/current/.themes/Ambiance/gtk-3.0/gtk-main.css' contains @import rules after other at rules. This is invalid CSS and may cause problems with your build.
hoist-at-import: The file '/home/leo/snap/postman/current/.themes/Ambiance/gtk-3.20/gtk-main.css' contains @import rules after other at rules. This is invalid CSS and may cause problems with your build.
hoist-at-import: The file '/home/leo/snap/postman/current/.themes/Radiance/gtk-3.0/gtk-main.css' contains @import rules after other at rules. This is invalid CSS and may cause problems with your build.
hoist-at-import: The file '/home/leo/snap/postman/current/.themes/Radiance/gtk-3.20/gtk-main.css' contains @import rules after other at rules. This is invalid CSS and may cause problems with your build.
{"tailwind":{"version":"4.1.15","features":["css-at-theme","layer:base","content-list","source-inline","source-not"],"isDefaultVersion":true},"path":"/home/leo/.vscode-server/data/User/History/131947df/FRfR.css"}
[Warn  - 3:24:33 PM] The config /home/leo/.vscode-server/data/User/History/131947df/FRfR.css looks like it might be for a different Tailwind CSS version. Skipping.
{"tailwind":{"version":"4.1.15","features":["css-at-theme","layer:base","content-list","source-inline","source-not"],"isDefaultVersion":true},"path":"/home/leo/.vscode-server/data/User/History/131947df/GGc3.css"}
[Warn  - 3:24:33 PM] The config /home/leo/.vscode-server/data/User/History/131947df/GGc3.css looks like it might be for a different Tailwind CSS version. Skipping.
{"tailwind":{"version":"4.1.15","features":["css-at-theme","layer:base","content-list","source-inline","source-not"],"isDefaultVersion":true},"path":"/home/leo/snap/postman/360/.local/share/themes/Ambiance/gtk-3.0/gtk-main.css"}
{"tailwind":{"version":"4.1.15","features":["css-at-theme","layer:base","content-list","source-inline","source-not"],"isDefaultVersion":true},"path":"/home/leo/snap/postman/360/.local/share/themes/Ambiance/gtk-3.20/gtk-main.css"}
{"tailwind":{"version":"4.1.15","features":["css-at-theme","layer:base","content-list","source-inline","source-not"],"isDefaultVersion":true},"path":"/home/leo/snap/postman/360/.local/share/themes/Radiance/gtk-3.0/gtk-main.css"}
{"tailwind":{"version":"4.1.15","features":["css-at-theme","layer:base","content-list","source-inline","source-not"],"isDefaultVersion":true},"path":"/home/leo/snap/postman/360/.local/share/themes/Radiance/gtk-3.20/gtk-main.css"}
{"tailwind":{"version":"4.1.15","features":["css-at-theme","layer:base","content-list","source-inline","source-not"],"isDefaultVersion":true},"path":"/home/leo/snap/postman/360/.local/share/themes/Ambiance/gtk-3.0/apps/gnome-applications.css"}
{"tailwind":{"version":"4.1.15","features":["css-at-theme","layer:base","content-list","source-inline","source-not"],"isDefaultVersion":true},"path":"/home/leo/snap/postman/360/.local/share/themes/Ambiance/gtk-3.20/apps/gnome-applications.css"}
[Global] Creating projects: [{"folder":"/home/leo","config":"/home/leo/snap/postman/360/.local/share/themes/Ambiance/gtk-3.0/apps/gnome-applications.css","selectors":[{"pattern":"/home/leo/snap/postman/360/.local/share/themes/Ambiance/gtk-3.0/apps/gnome-applications.css","priority":0},{"pattern":"/home/leo/snap/postman/360/.local/share/themes/Ambiance/gtk-3.0/apps/**","priority":2},{"pattern":"/home/leo/**","priority":4}],"user":false,"tailwind":{"version":"4.1.15","features":["css-at-theme","layer:base","content-list","source-inline","source-not"],"isDefaultVersion":true}},{"folder":"/home/leo","config":"/home/leo/snap/postman/360/.local/share/themes/Ambiance/gtk-3.0/gtk-main.css","selectors":[{"pattern":"/home/leo/snap/postman/360/.local/share/themes/Ambiance/gtk-3.0/apps/nautilus.css","priority":0},{"pattern":"/home/leo/snap/postman/360/.local/share/themes/Ambiance/gtk-3.0/gtk-main.css","priority":0},{"pattern":"/home/leo/snap/postman/360/.local/share/themes/Ambiance/gtk-3.0/apps/**","priority":2},{"pattern":"/home/leo/snap/postman/360/.local/share/themes/Ambiance/gtk-3.0/**","priority":2},{"pattern":"/home/leo/**","priority":4}],"user":false,"tailwind":{"version":"4.1.15","features":["css-at-theme","layer:base","content-list","source-inline","source-not"],"isDefaultVersion":true}},{"folder":"/home/leo","config":"/home/leo/snap/postman/360/.local/share/themes/Ambiance/gtk-3.20/apps/gnome-applications.css","selectors":[{"pattern":"/home/leo/snap/postman/360/.local/share/themes/Ambiance/gtk-3.20/apps/gnome-applications.css","priority":0},{"pattern":"/home/leo/snap/postman/360/.local/share/themes/Ambiance/gtk-3.20/apps/**","priority":2},{"pattern":"/home/leo/**","priority":4}],"user":false,"tailwind":{"version":"4.1.15","features":["css-at-theme","layer:base","content-list","source-inline","source-not"],"isDefaultVersion":true}},{"folder":"/home/leo","config":"/home/leo/snap/postman/360/.local/share/themes/Ambiance/gtk-3.20/gtk-main.css","selectors":[{"pattern":"/home/leo/snap/postman/360/.local/share/themes/Ambiance/gtk-3.20/apps/nautilus.css","priority":0},{"pattern":"/home/leo/snap/postman/360/.local/share/themes/Ambiance/gtk-3.20/gtk-main.css","priority":0},{"pattern":"/home/leo/snap/postman/360/.local/share/themes/Ambiance/gtk-3.20/apps/**","priority":2},{"pattern":"/home/leo/snap/postman/360/.local/share/themes/Ambiance/gtk-3.20/**","priority":2},{"pattern":"/home/leo/**","priority":4}],"user":false,"tailwind":{"version":"4.1.15","features":["css-at-theme","layer:base","content-list","source-inline","source-not"],"isDefaultVersion":true}},{"folder":"/home/leo","config":"/home/leo/snap/postman/360/.local/share/themes/Radiance/gtk-3.0/gtk-main.css","selectors":[{"pattern":"/home/leo/snap/postman/360/.local/share/themes/Radiance/gtk-3.0/apps/nautilus.css","priority":0},{"pattern":"/home/leo/snap/postman/360/.local/share/themes/Radiance/gtk-3.0/gtk-main.css","priority":0},{"pattern":"/home/leo/snap/postman/360/.local/share/themes/Radiance/gtk-3.0/apps/**","priority":2},{"pattern":"/home/leo/snap/postman/360/.local/share/themes/Radiance/gtk-3.0/**","priority":2},{"pattern":"/home/leo/**","priority":4}],"user":false,"tailwind":{"version":"4.1.15","features":["css-at-theme","layer:base","content-list","source-inline","source-not"],"isDefaultVersion":true}},{"folder":"/home/leo","config":"/home/leo/snap/postman/360/.local/share/themes/Radiance/gtk-3.20/gtk-main.css","selectors":[{"pattern":"/home/leo/snap/postman/360/.local/share/themes/Radiance/gtk-3.20/apps/nautilus.css","priority":0},{"pattern":"/home/leo/snap/postman/360/.local/share/themes/Radiance/gtk-3.20/gtk-main.css","priority":0},{"pattern":"/home/leo/snap/postman/360/.local/share/themes/Radiance/gtk-3.20/apps/**","priority":2},{"pattern":"/home/leo/snap/postman/360/.local/share/themes/Radiance/gtk-3.20/**","priority":2},{"pattern":"/home/leo/**","priority":4}],"user":false,"tailwind":{"version":"4.1.15","features":["css-at-theme","layer:base","content-list","source-inline","source-not"],"isDefaultVersion":true}}]
[Global] Preparing projects...
[Global] Initializing projects...
[snap/postman/360/.local/share/themes/Ambiance/gtk-3.0/apps/gnome-applications.css] Initializing...
[Global] Adding watch patterns: /home/leo/snap/postman/360/.local/share/themes/Ambiance/gtk-3.0/apps/gnome-applications.css, /home/leo/snap/postman/360/.local/share/themes/Ambiance/gtk-3.0/apps, /home/leo/snap/postman/360/.local/share/themes/Ambiance/gtk-3.0, /home/leo/snap/postman/360/.local/share/themes/Ambiance, /home/leo/snap/postman/360/.local/share/themes, /home/leo/snap/postman/360/.local/share, /home/leo/snap/postman/360/.local, /home/leo/snap/postman/360, /home/leo/snap/postman, /home/leo/snap, /home/leo
[snap/postman/360/.local/share/themes/Ambiance/gtk-3.0/apps/gnome-applications.css] Failed to load workspace modules.
[snap/postman/360/.local/share/themes/Ambiance/gtk-3.0/apps/gnome-applications.css] Using bundled version of `tailwindcss`: v4.1.15
[snap/postman/360/.local/share/themes/Ambiance/gtk-3.0/apps/gnome-applications.css] Building...
[Global] Initialized 1 projects
----------
RESTARTING
----------
[Info  - 3:41:34 PM] [GLOBAL] No matching project for document {
  fsPath: '/home/leo/frontend/src/App.jsx',
  normalPath: '/home/leo/frontend/src/App.jsx'
}
[Info  - 3:41:34 PM] [GLOBAL] No matching project for document {
  fsPath: '/home/leo/frontend/src/components/Login.jsx',
  normalPath: '/home/leo/frontend/src/components/Login.jsx'
}
[Info  - 3:41:34 PM] [GLOBAL] No matching project for document {
  fsPath: '/home/leo/frontend/src/main.jsx',
  normalPath: '/home/leo/frontend/src/main.jsx'
}
Searching for Tailwind CSS projects in the workspace's folders.
hoist-at-import: The file '/home/leo/snap/postman/360/.local/share/themes/Ambiance/gtk-3.0/gtk-main.css' contains @import rules after other at rules. This is invalid CSS and may cause problems with your build.
hoist-at-import: The file '/home/leo/snap/postman/360/.local/share/themes/Ambiance/gtk-3.20/gtk-main.css' contains @import rules after other at rules. This is invalid CSS and may cause problems with your build.
hoist-at-import: The file '/home/leo/snap/postman/360/.local/share/themes/Radiance/gtk-3.0/gtk-main.css' contains @import rules after other at rules. This is invalid CSS and may cause problems with your build.
hoist-at-import: The file '/home/leo/snap/postman/360/.local/share/themes/Radiance/gtk-3.20/gtk-main.css' contains @import rules after other at rules. This is invalid CSS and may cause problems with your build.
hoist-at-import: The file '/home/leo/snap/postman/360/.themes/Ambiance/gtk-3.0/gtk-main.css' contains @import rules after other at rules. This is invalid CSS and may cause problems with your build.
hoist-at-import: The file '/home/leo/snap/postman/360/.themes/Ambiance/gtk-3.20/gtk-main.css' contains @import rules after other at rules. This is invalid CSS and may cause problems with your build.
hoist-at-import: The file '/home/leo/snap/postman/360/.themes/Radiance/gtk-3.0/gtk-main.css' contains @import rules after other at rules. This is invalid CSS and may cause problems with your build.
hoist-at-import: The file '/home/leo/snap/postman/360/.themes/Radiance/gtk-3.20/gtk-main.css' contains @import rules after other at rules. This is invalid CSS and may cause problems with your build.
hoist-at-import: The file '/home/leo/snap/postman/current/.local/share/themes/Ambiance/gtk-3.0/gtk-main.css' contains @import rules after other at rules. This is invalid CSS and may cause problems with your build.
hoist-at-import: The file '/home/leo/snap/postman/current/.local/share/themes/Ambiance/gtk-3.20/gtk-main.css' contains @import rules after other at rules. This is invalid CSS and may cause problems with your build.
hoist-at-import: The file '/home/leo/snap/postman/current/.local/share/themes/Radiance/gtk-3.0/gtk-main.css' contains @import rules after other at rules. This is invalid CSS and may cause problems with your build.
hoist-at-import: The file '/home/leo/snap/postman/current/.local/share/themes/Radiance/gtk-3.20/gtk-main.css' contains @import rules after other at rules. This is invalid CSS and may cause problems with your build.
hoist-at-import: The file '/home/leo/snap/postman/current/.themes/Ambiance/gtk-3.0/gtk-main.css' contains @import rules after other at rules. This is invalid CSS and may cause problems with your build.
hoist-at-import: The file '/home/leo/snap/postman/current/.themes/Ambiance/gtk-3.20/gtk-main.css' contains @import rules after other at rules. This is invalid CSS and may cause problems with your build.
hoist-at-import: The file '/home/leo/snap/postman/current/.themes/Radiance/gtk-3.0/gtk-main.css' contains @import rules after other at rules. This is invalid CSS and may cause problems with your build.
hoist-at-import: The file '/home/leo/snap/postman/current/.themes/Radiance/gtk-3.20/gtk-main.css' contains @import rules after other at rules. This is invalid CSS and may cause problems with your build.
{"tailwind":{"version":"4.1.15","features":["css-at-theme","layer:base","content-list","source-inline","source-not"],"isDefaultVersion":true},"path":"/home/leo/.vscode-server/data/User/History/131947df/FRfR.css"}
[Warn  - 3:41:36 PM] The config /home/leo/.vscode-server/data/User/History/131947df/FRfR.css looks like it might be for a different Tailwind CSS version. Skipping.
{"tailwind":{"version":"4.1.15","features":["css-at-theme","layer:base","content-list","source-inline","source-not"],"isDefaultVersion":true},"path":"/home/leo/.vscode-server/data/User/History/131947df/GGc3.css"}
[Warn  - 3:41:36 PM] The config /home/leo/.vscode-server/data/User/History/131947df/GGc3.css looks like it might be for a different Tailwind CSS version. Skipping.
{"tailwind":{"version":"4.1.15","features":["css-at-theme","layer:base","content-list","source-inline","source-not"],"isDefaultVersion":true},"path":"/home/leo/snap/postman/360/.local/share/themes/Ambiance/gtk-3.0/gtk-main.css"}
{"tailwind":{"version":"4.1.15","features":["css-at-theme","layer:base","content-list","source-inline","source-not"],"isDefaultVersion":true},"path":"/home/leo/snap/postman/360/.local/share/themes/Ambiance/gtk-3.20/gtk-main.css"}
{"tailwind":{"version":"4.1.15","features":["css-at-theme","layer:base","content-list","source-inline","source-not"],"isDefaultVersion":true},"path":"/home/leo/snap/postman/360/.local/share/themes/Radiance/gtk-3.0/gtk-main.css"}
{"tailwind":{"version":"4.1.15","features":["css-at-theme","layer:base","content-list","source-inline","source-not"],"isDefaultVersion":true},"path":"/home/leo/snap/postman/360/.local/share/themes/Radiance/gtk-3.20/gtk-main.css"}
{"tailwind":{"version":"4.1.15","features":["css-at-theme","layer:base","content-list","source-inline","source-not"],"isDefaultVersion":true},"path":"/home/leo/snap/postman/360/.local/share/themes/Ambiance/gtk-3.0/apps/gnome-applications.css"}
{"tailwind":{"version":"4.1.15","features":["css-at-theme","layer:base","content-list","source-inline","source-not"],"isDefaultVersion":true},"path":"/home/leo/snap/postman/360/.local/share/themes/Ambiance/gtk-3.20/apps/gnome-applications.css"}
[Global] Creating projects: [{"folder":"/home/leo","config":"/home/leo/snap/postman/360/.local/share/themes/Ambiance/gtk-3.0/apps/gnome-applications.css","selectors":[{"pattern":"/home/leo/snap/postman/360/.local/share/themes/Ambiance/gtk-3.0/apps/gnome-applications.css","priority":0},{"pattern":"/home/leo/snap/postman/360/.local/share/themes/Ambiance/gtk-3.0/apps/**","priority":2},{"pattern":"/home/leo/**","priority":4}],"user":false,"tailwind":{"version":"4.1.15","features":["css-at-theme","layer:base","content-list","source-inline","source-not"],"isDefaultVersion":true}},{"folder":"/home/leo","config":"/home/leo/snap/postman/360/.local/share/themes/Ambiance/gtk-3.0/gtk-main.css","selectors":[{"pattern":"/home/leo/snap/postman/360/.local/share/themes/Ambiance/gtk-3.0/apps/nautilus.css","priority":0},{"pattern":"/home/leo/snap/postman/360/.local/share/themes/Ambiance/gtk-3.0/gtk-main.css","priority":0},{"pattern":"/home/leo/snap/postman/360/.local/share/themes/Ambiance/gtk-3.0/apps/**","priority":2},{"pattern":"/home/leo/snap/postman/360/.local/share/themes/Ambiance/gtk-3.0/**","priority":2},{"pattern":"/home/leo/**","priority":4}],"user":false,"tailwind":{"version":"4.1.15","features":["css-at-theme","layer:base","content-list","source-inline","source-not"],"isDefaultVersion":true}},{"folder":"/home/leo","config":"/home/leo/snap/postman/360/.local/share/themes/Ambiance/gtk-3.20/apps/gnome-applications.css","selectors":[{"pattern":"/home/leo/snap/postman/360/.local/share/themes/Ambiance/gtk-3.20/apps/gnome-applications.css","priority":0},{"pattern":"/home/leo/snap/postman/360/.local/share/themes/Ambiance/gtk-3.20/apps/**","priority":2},{"pattern":"/home/leo/**","priority":4}],"user":false,"tailwind":{"version":"4.1.15","features":["css-at-theme","layer:base","content-list","source-inline","source-not"],"isDefaultVersion":true}},{"folder":"/home/leo","config":"/home/leo/snap/postman/360/.local/share/themes/Ambiance/gtk-3.20/gtk-main.css","selectors":[{"pattern":"/home/leo/snap/postman/360/.local/share/themes/Ambiance/gtk-3.20/apps/nautilus.css","priority":0},{"pattern":"/home/leo/snap/postman/360/.local/share/themes/Ambiance/gtk-3.20/gtk-main.css","priority":0},{"pattern":"/home/leo/snap/postman/360/.local/share/themes/Ambiance/gtk-3.20/apps/**","priority":2},{"pattern":"/home/leo/snap/postman/360/.local/share/themes/Ambiance/gtk-3.20/**","priority":2},{"pattern":"/home/leo/**","priority":4}],"user":false,"tailwind":{"version":"4.1.15","features":["css-at-theme","layer:base","content-list","source-inline","source-not"],"isDefaultVersion":true}},{"folder":"/home/leo","config":"/home/leo/snap/postman/360/.local/share/themes/Radiance/gtk-3.0/gtk-main.css","selectors":[{"pattern":"/home/leo/snap/postman/360/.local/share/themes/Radiance/gtk-3.0/apps/nautilus.css","priority":0},{"pattern":"/home/leo/snap/postman/360/.local/share/themes/Radiance/gtk-3.0/gtk-main.css","priority":0},{"pattern":"/home/leo/snap/postman/360/.local/share/themes/Radiance/gtk-3.0/apps/**","priority":2},{"pattern":"/home/leo/snap/postman/360/.local/share/themes/Radiance/gtk-3.0/**","priority":2},{"pattern":"/home/leo/**","priority":4}],"user":false,"tailwind":{"version":"4.1.15","features":["css-at-theme","layer:base","content-list","source-inline","source-not"],"isDefaultVersion":true}},{"folder":"/home/leo","config":"/home/leo/snap/postman/360/.local/share/themes/Radiance/gtk-3.20/gtk-main.css","selectors":[{"pattern":"/home/leo/snap/postman/360/.local/share/themes/Radiance/gtk-3.20/apps/nautilus.css","priority":0},{"pattern":"/home/leo/snap/postman/360/.local/share/themes/Radiance/gtk-3.20/gtk-main.css","priority":0},{"pattern":"/home/leo/snap/postman/360/.local/share/themes/Radiance/gtk-3.20/apps/**","priority":2},{"pattern":"/home/leo/snap/postman/360/.local/share/themes/Radiance/gtk-3.20/**","priority":2},{"pattern":"/home/leo/**","priority":4}],"user":false,"tailwind":{"version":"4.1.15","features":["css-at-theme","layer:base","content-list","source-inline","source-not"],"isDefaultVersion":true}}]
[Global] Preparing projects...
[Global] Initializing projects...
[snap/postman/360/.local/share/themes/Ambiance/gtk-3.0/apps/gnome-applications.css] Initializing...
[Global] Adding watch patterns: /home/leo/snap/postman/360/.local/share/themes/Ambiance/gtk-3.0/apps/gnome-applications.css, /home/leo/snap/postman/360/.local/share/themes/Ambiance/gtk-3.0/apps, /home/leo/snap/postman/360/.local/share/themes/Ambiance/gtk-3.0, /home/leo/snap/postman/360/.local/share/themes/Ambiance, /home/leo/snap/postman/360/.local/share/themes, /home/leo/snap/postman/360/.local/share, /home/leo/snap/postman/360/.local, /home/leo/snap/postman/360, /home/leo/snap/postman, /home/leo/snap, /home/leo
[snap/postman/360/.local/share/themes/Ambiance/gtk-3.0/apps/gnome-applications.css] Failed to load workspace modules.
[snap/postman/360/.local/share/themes/Ambiance/gtk-3.0/apps/gnome-applications.css] Using bundled version of `tailwindcss`: v4.1.15
[snap/postman/360/.local/share/themes/Ambiance/gtk-3.0/apps/gnome-applications.css] Building...
[Global] Initialized 1 projects
----------
RESTARTING
----------
[Info  - 4:23:45 PM] [GLOBAL] No matching project for document {
  fsPath: '/home/leo/frontend/src/App.jsx',
  normalPath: '/home/leo/frontend/src/App.jsx'
}
[Info  - 4:23:45 PM] [GLOBAL] No matching project for document {
  fsPath: '/home/leo/frontend/src/components/Login.jsx',
  normalPath: '/home/leo/frontend/src/components/Login.jsx'
}
[Info  - 4:23:45 PM] [GLOBAL] No matching project for document {
  fsPath: '/home/leo/frontend/src/main.jsx',
  normalPath: '/home/leo/frontend/src/main.jsx'
}
[Info  - 4:23:45 PM] [GLOBAL] No matching project for document {
  fsPath: '/home/leo/backend/server.js',
  normalPath: '/home/leo/backend/server.js'
}
Searching for Tailwind CSS projects in the workspace's folders.
hoist-at-import: The file '/home/leo/snap/postman/360/.local/share/themes/Ambiance/gtk-3.0/gtk-main.css' contains @import rules after other at rules. This is invalid CSS and may cause problems with your build.
hoist-at-import: The file '/home/leo/snap/postman/360/.local/share/themes/Ambiance/gtk-3.20/gtk-main.css' contains @import rules after other at rules. This is invalid CSS and may cause problems with your build.
hoist-at-import: The file '/home/leo/snap/postman/360/.local/share/themes/Radiance/gtk-3.0/gtk-main.css' contains @import rules after other at rules. This is invalid CSS and may cause problems with your build.
hoist-at-import: The file '/home/leo/snap/postman/360/.local/share/themes/Radiance/gtk-3.20/gtk-main.css' contains @import rules after other at rules. This is invalid CSS and may cause problems with your build.
hoist-at-import: The file '/home/leo/snap/postman/360/.themes/Ambiance/gtk-3.0/gtk-main.css' contains @import rules after other at rules. This is invalid CSS and may cause problems with your build.
hoist-at-import: The file '/home/leo/snap/postman/360/.themes/Ambiance/gtk-3.20/gtk-main.css' contains @import rules after other at rules. This is invalid CSS and may cause problems with your build.
hoist-at-import: The file '/home/leo/snap/postman/360/.themes/Radiance/gtk-3.0/gtk-main.css' contains @import rules after other at rules. This is invalid CSS and may cause problems with your build.
hoist-at-import: The file '/home/leo/snap/postman/360/.themes/Radiance/gtk-3.20/gtk-main.css' contains @import rules after other at rules. This is invalid CSS and may cause problems with your build.
hoist-at-import: The file '/home/leo/snap/postman/current/.local/share/themes/Ambiance/gtk-3.0/gtk-main.css' contains @import rules after other at rules. This is invalid CSS and may cause problems with your build.
hoist-at-import: The file '/home/leo/snap/postman/current/.local/share/themes/Ambiance/gtk-3.20/gtk-main.css' contains @import rules after other at rules. This is invalid CSS and may cause problems with your build.
hoist-at-import: The file '/home/leo/snap/postman/current/.local/share/themes/Radiance/gtk-3.0/gtk-main.css' contains @import rules after other at rules. This is invalid CSS and may cause problems with your build.
hoist-at-import: The file '/home/leo/snap/postman/current/.local/share/themes/Radiance/gtk-3.20/gtk-main.css' contains @import rules after other at rules. This is invalid CSS and may cause problems with your build.
hoist-at-import: The file '/home/leo/snap/postman/current/.themes/Ambiance/gtk-3.0/gtk-main.css' contains @import rules after other at rules. This is invalid CSS and may cause problems with your build.
hoist-at-import: The file '/home/leo/snap/postman/current/.themes/Ambiance/gtk-3.20/gtk-main.css' contains @import rules after other at rules. This is invalid CSS and may cause problems with your build.
hoist-at-import: The file '/home/leo/snap/postman/current/.themes/Radiance/gtk-3.0/gtk-main.css' contains @import rules after other at rules. This is invalid CSS and may cause problems with your build.
hoist-at-import: The file '/home/leo/snap/postman/current/.themes/Radiance/gtk-3.20/gtk-main.css' contains @import rules after other at rules. This is invalid CSS and may cause problems with your build.
{"tailwind":{"version":"4.1.15","features":["css-at-theme","layer:base","content-list","source-inline","source-not"],"isDefaultVersion":true},"path":"/home/leo/.vscode-server/data/User/History/131947df/FRfR.css"}
[Warn  - 4:23:47 PM] The config /home/leo/.vscode-server/data/User/History/131947df/FRfR.css looks like it might be for a different Tailwind CSS version. Skipping.
{"tailwind":{"version":"4.1.15","features":["css-at-theme","layer:base","content-list","source-inline","source-not"],"isDefaultVersion":true},"path":"/home/leo/.vscode-server/data/User/History/131947df/GGc3.css"}
[Warn  - 4:23:47 PM] The config /home/leo/.vscode-server/data/User/History/131947df/GGc3.css looks like it might be for a different Tailwind CSS version. Skipping.
{"tailwind":{"version":"4.1.15","features":["css-at-theme","layer:base","content-list","source-inline","source-not"],"isDefaultVersion":true},"path":"/home/leo/snap/postman/360/.local/share/themes/Ambiance/gtk-3.0/gtk-main.css"}
{"tailwind":{"version":"4.1.15","features":["css-at-theme","layer:base","content-list","source-inline","source-not"],"isDefaultVersion":true},"path":"/home/leo/snap/postman/360/.local/share/themes/Ambiance/gtk-3.20/gtk-main.css"}
{"tailwind":{"version":"4.1.15","features":["css-at-theme","layer:base","content-list","source-inline","source-not"],"isDefaultVersion":true},"path":"/home/leo/snap/postman/360/.local/share/themes/Radiance/gtk-3.0/gtk-main.css"}
{"tailwind":{"version":"4.1.15","features":["css-at-theme","layer:base","content-list","source-inline","source-not"],"isDefaultVersion":true},"path":"/home/leo/snap/postman/360/.local/share/themes/Radiance/gtk-3.20/gtk-main.css"}
{"tailwind":{"version":"4.1.15","features":["css-at-theme","layer:base","content-list","source-inline","source-not"],"isDefaultVersion":true},"path":"/home/leo/snap/postman/360/.local/share/themes/Ambiance/gtk-3.0/apps/gnome-applications.css"}
{"tailwind":{"version":"4.1.15","features":["css-at-theme","layer:base","content-list","source-inline","source-not"],"isDefaultVersion":true},"path":"/home/leo/snap/postman/360/.local/share/themes/Ambiance/gtk-3.20/apps/gnome-applications.css"}
[Global] Creating projects: [{"folder":"/home/leo","config":"/home/leo/snap/postman/360/.local/share/themes/Ambiance/gtk-3.0/apps/gnome-applications.css","selectors":[{"pattern":"/home/leo/snap/postman/360/.local/share/themes/Ambiance/gtk-3.0/apps/gnome-applications.css","priority":0},{"pattern":"/home/leo/snap/postman/360/.local/share/themes/Ambiance/gtk-3.0/apps/**","priority":2},{"pattern":"/home/leo/**","priority":4}],"user":false,"tailwind":{"version":"4.1.15","features":["css-at-theme","layer:base","content-list","source-inline","source-not"],"isDefaultVersion":true}},{"folder":"/home/leo","config":"/home/leo/snap/postman/360/.local/share/themes/Ambiance/gtk-3.0/gtk-main.css","selectors":[{"pattern":"/home/leo/snap/postman/360/.local/share/themes/Ambiance/gtk-3.0/apps/nautilus.css","priority":0},{"pattern":"/home/leo/snap/postman/360/.local/share/themes/Ambiance/gtk-3.0/gtk-main.css","priority":0},{"pattern":"/home/leo/snap/postman/360/.local/share/themes/Ambiance/gtk-3.0/apps/**","priority":2},{"pattern":"/home/leo/snap/postman/360/.local/share/themes/Ambiance/gtk-3.0/**","priority":2},{"pattern":"/home/leo/**","priority":4}],"user":false,"tailwind":{"version":"4.1.15","features":["css-at-theme","layer:base","content-list","source-inline","source-not"],"isDefaultVersion":true}},{"folder":"/home/leo","config":"/home/leo/snap/postman/360/.local/share/themes/Ambiance/gtk-3.20/apps/gnome-applications.css","selectors":[{"pattern":"/home/leo/snap/postman/360/.local/share/themes/Ambiance/gtk-3.20/apps/gnome-applications.css","priority":0},{"pattern":"/home/leo/snap/postman/360/.local/share/themes/Ambiance/gtk-3.20/apps/**","priority":2},{"pattern":"/home/leo/**","priority":4}],"user":false,"tailwind":{"version":"4.1.15","features":["css-at-theme","layer:base","content-list","source-inline","source-not"],"isDefaultVersion":true}},{"folder":"/home/leo","config":"/home/leo/snap/postman/360/.local/share/themes/Ambiance/gtk-3.20/gtk-main.css","selectors":[{"pattern":"/home/leo/snap/postman/360/.local/share/themes/Ambiance/gtk-3.20/apps/nautilus.css","priority":0},{"pattern":"/home/leo/snap/postman/360/.local/share/themes/Ambiance/gtk-3.20/gtk-main.css","priority":0},{"pattern":"/home/leo/snap/postman/360/.local/share/themes/Ambiance/gtk-3.20/apps/**","priority":2},{"pattern":"/home/leo/snap/postman/360/.local/share/themes/Ambiance/gtk-3.20/**","priority":2},{"pattern":"/home/leo/**","priority":4}],"user":false,"tailwind":{"version":"4.1.15","features":["css-at-theme","layer:base","content-list","source-inline","source-not"],"isDefaultVersion":true}},{"folder":"/home/leo","config":"/home/leo/snap/postman/360/.local/share/themes/Radiance/gtk-3.0/gtk-main.css","selectors":[{"pattern":"/home/leo/snap/postman/360/.local/share/themes/Radiance/gtk-3.0/apps/nautilus.css","priority":0},{"pattern":"/home/leo/snap/postman/360/.local/share/themes/Radiance/gtk-3.0/gtk-main.css","priority":0},{"pattern":"/home/leo/snap/postman/360/.local/share/themes/Radiance/gtk-3.0/apps/**","priority":2},{"pattern":"/home/leo/snap/postman/360/.local/share/themes/Radiance/gtk-3.0/**","priority":2},{"pattern":"/home/leo/**","priority":4}],"user":false,"tailwind":{"version":"4.1.15","features":["css-at-theme","layer:base","content-list","source-inline","source-not"],"isDefaultVersion":true}},{"folder":"/home/leo","config":"/home/leo/snap/postman/360/.local/share/themes/Radiance/gtk-3.20/gtk-main.css","selectors":[{"pattern":"/home/leo/snap/postman/360/.local/share/themes/Radiance/gtk-3.20/apps/nautilus.css","priority":0},{"pattern":"/home/leo/snap/postman/360/.local/share/themes/Radiance/gtk-3.20/gtk-main.css","priority":0},{"pattern":"/home/leo/snap/postman/360/.local/share/themes/Radiance/gtk-3.20/apps/**","priority":2},{"pattern":"/home/leo/snap/postman/360/.local/share/themes/Radiance/gtk-3.20/**","priority":2},{"pattern":"/home/leo/**","priority":4}],"user":false,"tailwind":{"version":"4.1.15","features":["css-at-theme","layer:base","content-list","source-inline","source-not"],"isDefaultVersion":true}}]
[Global] Preparing projects...
[Global] Initializing projects...
[snap/postman/360/.local/share/themes/Ambiance/gtk-3.0/apps/gnome-applications.css] Initializing...
[Global] Adding watch patterns: /home/leo/snap/postman/360/.local/share/themes/Ambiance/gtk-3.0/apps/gnome-applications.css, /home/leo/snap/postman/360/.local/share/themes/Ambiance/gtk-3.0/apps, /home/leo/snap/postman/360/.local/share/themes/Ambiance/gtk-3.0, /home/leo/snap/postman/360/.local/share/themes/Ambiance, /home/leo/snap/postman/360/.local/share/themes, /home/leo/snap/postman/360/.local/share, /home/leo/snap/postman/360/.local, /home/leo/snap/postman/360, /home/leo/snap/postman, /home/leo/snap, /home/leo
[snap/postman/360/.local/share/themes/Ambiance/gtk-3.0/apps/gnome-applications.css] Failed to load workspace modules.
[snap/postman/360/.local/share/themes/Ambiance/gtk-3.0/apps/gnome-applications.css] Using bundled version of `tailwindcss`: v4.1.15
[snap/postman/360/.local/share/themes/Ambiance/gtk-3.0/apps/gnome-applications.css] Building...
[Global] Initialized 1 projects
----------
RESTARTING
----------
[Info  - 9:00:35 PM] [GLOBAL] No matching project for document {
  fsPath: '/home/leo/frontend/src/App.jsx',
  normalPath: '/home/leo/frontend/src/App.jsx'
}
[Info  - 9:00:35 PM] [GLOBAL] No matching project for document {
  fsPath: '/home/leo/frontend/src/main.jsx',
  normalPath: '/home/leo/frontend/src/main.jsx'
}
[Info  - 9:00:35 PM] [GLOBAL] No matching project for document {
  fsPath: '/home/leo/backend/models/Solicitudes.js',
  normalPath: '/home/leo/backend/models/Solicitudes.js'
}
[Info  - 9:00:35 PM] [GLOBAL] No matching project for document {
  fsPath: '/home/leo/backend/routes/solicitudes.js',
  normalPath: '/home/leo/backend/routes/solicitudes.js'
}
[Info  - 9:00:35 PM] [GLOBAL] No matching project for document {
  fsPath: '/home/leo/backend/server.js',
  normalPath: '/home/leo/backend/server.js'
}
[Info  - 9:00:35 PM] [GLOBAL] No matching project for document {
  fsPath: '/home/leo/backend/config/nodemailer.js',
  normalPath: '/home/leo/backend/config/nodemailer.js'
}
Searching for Tailwind CSS projects in the workspace's folders.
hoist-at-import: The file '/home/leo/snap/postman/360/.local/share/themes/Ambiance/gtk-3.0/gtk-main.css' contains @import rules after other at rules. This is invalid CSS and may cause problems with your build.
hoist-at-import: The file '/home/leo/snap/postman/360/.local/share/themes/Ambiance/gtk-3.20/gtk-main.css' contains @import rules after other at rules. This is invalid CSS and may cause problems with your build.
hoist-at-import: The file '/home/leo/snap/postman/360/.local/share/themes/Radiance/gtk-3.0/gtk-main.css' contains @import rules after other at rules. This is invalid CSS and may cause problems with your build.
hoist-at-import: The file '/home/leo/snap/postman/360/.local/share/themes/Radiance/gtk-3.20/gtk-main.css' contains @import rules after other at rules. This is invalid CSS and may cause problems with your build.
hoist-at-import: The file '/home/leo/snap/postman/360/.themes/Ambiance/gtk-3.0/gtk-main.css' contains @import rules after other at rules. This is invalid CSS and may cause problems with your build.
hoist-at-import: The file '/home/leo/snap/postman/360/.themes/Ambiance/gtk-3.20/gtk-main.css' contains @import rules after other at rules. This is invalid CSS and may cause problems with your build.
hoist-at-import: The file '/home/leo/snap/postman/360/.themes/Radiance/gtk-3.0/gtk-main.css' contains @import rules after other at rules. This is invalid CSS and may cause problems with your build.
hoist-at-import: The file '/home/leo/snap/postman/360/.themes/Radiance/gtk-3.20/gtk-main.css' contains @import rules after other at rules. This is invalid CSS and may cause problems with your build.
hoist-at-import: The file '/home/leo/snap/postman/current/.local/share/themes/Ambiance/gtk-3.0/gtk-main.css' contains @import rules after other at rules. This is invalid CSS and may cause problems with your build.
hoist-at-import: The file '/home/leo/snap/postman/current/.local/share/themes/Ambiance/gtk-3.20/gtk-main.css' contains @import rules after other at rules. This is invalid CSS and may cause problems with your build.
hoist-at-import: The file '/home/leo/snap/postman/current/.local/share/themes/Radiance/gtk-3.0/gtk-main.css' contains @import rules after other at rules. This is invalid CSS and may cause problems with your build.
hoist-at-import: The file '/home/leo/snap/postman/current/.local/share/themes/Radiance/gtk-3.20/gtk-main.css' contains @import rules after other at rules. This is invalid CSS and may cause problems with your build.
hoist-at-import: The file '/home/leo/snap/postman/current/.themes/Ambiance/gtk-3.0/gtk-main.css' contains @import rules after other at rules. This is invalid CSS and may cause problems with your build.
hoist-at-import: The file '/home/leo/snap/postman/current/.themes/Ambiance/gtk-3.20/gtk-main.css' contains @import rules after other at rules. This is invalid CSS and may cause problems with your build.
hoist-at-import: The file '/home/leo/snap/postman/current/.themes/Radiance/gtk-3.0/gtk-main.css' contains @import rules after other at rules. This is invalid CSS and may cause problems with your build.
hoist-at-import: The file '/home/leo/snap/postman/current/.themes/Radiance/gtk-3.20/gtk-main.css' contains @import rules after other at rules. This is invalid CSS and may cause problems with your build.
{"tailwind":{"version":"4.1.15","features":["css-at-theme","layer:base","content-list","source-inline","source-not"],"isDefaultVersion":true},"path":"/home/leo/.vscode-server/data/User/History/131947df/FRfR.css"}
[Warn  - 9:00:38 PM] The config /home/leo/.vscode-server/data/User/History/131947df/FRfR.css looks like it might be for a different Tailwind CSS version. Skipping.
{"tailwind":{"version":"4.1.15","features":["css-at-theme","layer:base","content-list","source-inline","source-not"],"isDefaultVersion":true},"path":"/home/leo/.vscode-server/data/User/History/131947df/GGc3.css"}
[Warn  - 9:00:38 PM] The config /home/leo/.vscode-server/data/User/History/131947df/GGc3.css looks like it might be for a different Tailwind CSS version. Skipping.
{"tailwind":{"version":"4.1.15","features":["css-at-theme","layer:base","content-list","source-inline","source-not"],"isDefaultVersion":true},"path":"/home/leo/snap/postman/360/.local/share/themes/Ambiance/gtk-3.20/gtk-main.css"}
{"tailwind":{"version":"4.1.15","features":["css-at-theme","layer:base","content-list","source-inline","source-not"],"isDefaultVersion":true},"path":"/home/leo/snap/postman/360/.local/share/themes/Ambiance/gtk-3.0/gtk-main.css"}
{"tailwind":{"version":"4.1.15","features":["css-at-theme","layer:base","content-list","source-inline","source-not"],"isDefaultVersion":true},"path":"/home/leo/snap/postman/360/.local/share/themes/Radiance/gtk-3.0/gtk-main.css"}
{"tailwind":{"version":"4.1.15","features":["css-at-theme","layer:base","content-list","source-inline","source-not"],"isDefaultVersion":true},"path":"/home/leo/snap/postman/360/.local/share/themes/Radiance/gtk-3.20/gtk-main.css"}
{"tailwind":{"version":"4.1.15","features":["css-at-theme","layer:base","content-list","source-inline","source-not"],"isDefaultVersion":true},"path":"/home/leo/snap/postman/360/.local/share/themes/Ambiance/gtk-3.20/apps/gnome-applications.css"}
{"tailwind":{"version":"4.1.15","features":["css-at-theme","layer:base","content-list","source-inline","source-not"],"isDefaultVersion":true},"path":"/home/leo/snap/postman/360/.local/share/themes/Ambiance/gtk-3.0/apps/gnome-applications.css"}
[Global] Creating projects: [{"folder":"/home/leo","config":"/home/leo/snap/postman/360/.local/share/themes/Ambiance/gtk-3.0/apps/gnome-applications.css","selectors":[{"pattern":"/home/leo/snap/postman/360/.local/share/themes/Ambiance/gtk-3.0/apps/gnome-applications.css","priority":0},{"pattern":"/home/leo/snap/postman/360/.local/share/themes/Ambiance/gtk-3.0/apps/**","priority":2},{"pattern":"/home/leo/**","priority":4}],"user":false,"tailwind":{"version":"4.1.15","features":["css-at-theme","layer:base","content-list","source-inline","source-not"],"isDefaultVersion":true}},{"folder":"/home/leo","config":"/home/leo/snap/postman/360/.local/share/themes/Ambiance/gtk-3.0/gtk-main.css","selectors":[{"pattern":"/home/leo/snap/postman/360/.local/share/themes/Ambiance/gtk-3.0/apps/nautilus.css","priority":0},{"pattern":"/home/leo/snap/postman/360/.local/share/themes/Ambiance/gtk-3.0/gtk-main.css","priority":0},{"pattern":"/home/leo/snap/postman/360/.local/share/themes/Ambiance/gtk-3.0/apps/**","priority":2},{"pattern":"/home/leo/snap/postman/360/.local/share/themes/Ambiance/gtk-3.0/**","priority":2},{"pattern":"/home/leo/**","priority":4}],"user":false,"tailwind":{"version":"4.1.15","features":["css-at-theme","layer:base","content-list","source-inline","source-not"],"isDefaultVersion":true}},{"folder":"/home/leo","config":"/home/leo/snap/postman/360/.local/share/themes/Ambiance/gtk-3.20/apps/gnome-applications.css","selectors":[{"pattern":"/home/leo/snap/postman/360/.local/share/themes/Ambiance/gtk-3.20/apps/gnome-applications.css","priority":0},{"pattern":"/home/leo/snap/postman/360/.local/share/themes/Ambiance/gtk-3.20/apps/**","priority":2},{"pattern":"/home/leo/**","priority":4}],"user":false,"tailwind":{"version":"4.1.15","features":["css-at-theme","layer:base","content-list","source-inline","source-not"],"isDefaultVersion":true}},{"folder":"/home/leo","config":"/home/leo/snap/postman/360/.local/share/themes/Ambiance/gtk-3.20/gtk-main.css","selectors":[{"pattern":"/home/leo/snap/postman/360/.local/share/themes/Ambiance/gtk-3.20/apps/nautilus.css","priority":0},{"pattern":"/home/leo/snap/postman/360/.local/share/themes/Ambiance/gtk-3.20/gtk-main.css","priority":0},{"pattern":"/home/leo/snap/postman/360/.local/share/themes/Ambiance/gtk-3.20/apps/**","priority":2},{"pattern":"/home/leo/snap/postman/360/.local/share/themes/Ambiance/gtk-3.20/**","priority":2},{"pattern":"/home/leo/**","priority":4}],"user":false,"tailwind":{"version":"4.1.15","features":["css-at-theme","layer:base","content-list","source-inline","source-not"],"isDefaultVersion":true}},{"folder":"/home/leo","config":"/home/leo/snap/postman/360/.local/share/themes/Radiance/gtk-3.0/gtk-main.css","selectors":[{"pattern":"/home/leo/snap/postman/360/.local/share/themes/Radiance/gtk-3.0/apps/nautilus.css","priority":0},{"pattern":"/home/leo/snap/postman/360/.local/share/themes/Radiance/gtk-3.0/gtk-main.css","priority":0},{"pattern":"/home/leo/snap/postman/360/.local/share/themes/Radiance/gtk-3.0/apps/**","priority":2},{"pattern":"/home/leo/snap/postman/360/.local/share/themes/Radiance/gtk-3.0/**","priority":2},{"pattern":"/home/leo/**","priority":4}],"user":false,"tailwind":{"version":"4.1.15","features":["css-at-theme","layer:base","content-list","source-inline","source-not"],"isDefaultVersion":true}},{"folder":"/home/leo","config":"/home/leo/snap/postman/360/.local/share/themes/Radiance/gtk-3.20/gtk-main.css","selectors":[{"pattern":"/home/leo/snap/postman/360/.local/share/themes/Radiance/gtk-3.20/apps/nautilus.css","priority":0},{"pattern":"/home/leo/snap/postman/360/.local/share/themes/Radiance/gtk-3.20/gtk-main.css","priority":0},{"pattern":"/home/leo/snap/postman/360/.local/share/themes/Radiance/gtk-3.20/apps/**","priority":2},{"pattern":"/home/leo/snap/postman/360/.local/share/themes/Radiance/gtk-3.20/**","priority":2},{"pattern":"/home/leo/**","priority":4}],"user":false,"tailwind":{"version":"4.1.15","features":["css-at-theme","layer:base","content-list","source-inline","source-not"],"isDefaultVersion":true}}]
[Global] Preparing projects...
[Global] Initializing projects...
[snap/postman/360/.local/share/themes/Ambiance/gtk-3.0/apps/gnome-applications.css] Initializing...
[Global] Adding watch patterns: /home/leo/snap/postman/360/.local/share/themes/Ambiance/gtk-3.0/apps/gnome-applications.css, /home/leo/snap/postman/360/.local/share/themes/Ambiance/gtk-3.0/apps, /home/leo/snap/postman/360/.local/share/themes/Ambiance/gtk-3.0, /home/leo/snap/postman/360/.local/share/themes/Ambiance, /home/leo/snap/postman/360/.local/share/themes, /home/leo/snap/postman/360/.local/share, /home/leo/snap/postman/360/.local, /home/leo/snap/postman/360, /home/leo/snap/postman, /home/leo/snap, /home/leo
[snap/postman/360/.local/share/themes/Ambiance/gtk-3.0/apps/gnome-applications.css] Failed to load workspace modules.
[snap/postman/360/.local/share/themes/Ambiance/gtk-3.0/apps/gnome-applications.css] Using bundled version of `tailwindcss`: v4.1.15
[snap/postman/360/.local/share/themes/Ambiance/gtk-3.0/apps/gnome-applications.css] Building...
[Global] Initialized 1 projects
