2026-02-09 22:22:52.027 [info] l10n: Problems loading vscode-local:/c%3A/Users/Administrator/.vscode/extensions/ms-ceintl.vscode-language-pack-es-1.97.2025021209/translations/extensions/vscode.json-language-features.i18n.json : Error: Unsupported protocol
2026-02-09 23:32:25.412 [info] read schema from vscode: vscode://schemas/vscode-extensions
2026-02-09 23:32:25.554 [info] read schema from vscode: vscode://schemas/toolsParameters
2026-02-09 23:32:25.554 [info] read schema from vscode: vscode://schemas/settings/configurationDefaults
2026-02-09 23:32:25.726 [info] read schema from vscode: vscode://schemas/settings/resourceLanguage
2026-02-09 23:32:25.743 [info] read schema from vscode: vscode://schemas/token-styling
2026-02-09 23:32:25.747 [info] read schema from vscode: vscode://schemas/textmate-colors
2026-02-09 23:32:25.752 [info] read schema from vscode: vscode://schemas/workbench-colors
2026-02-09 23:33:34.501 [info] schema change detected vscode://schemas/settings/configurationDefaults
2026-02-09 23:33:34.505 [info] read schema from vscode: vscode://schemas/vscode-extensions
2026-02-09 23:33:34.615 [info] read schema from vscode: vscode://schemas/settings/configurationDefaults
2026-02-09 23:33:37.594 [info] schema change detected vscode://schemas/settings/configurationDefaults
2026-02-09 23:33:37.597 [info] read schema from vscode: vscode://schemas/vscode-extensions
2026-02-09 23:33:37.700 [info] read schema from vscode: vscode://schemas/settings/configurationDefaults
2026-02-09 23:34:34.563 [info] schema change detected vscode://schemas/settings/configurationDefaults
2026-02-09 23:34:34.568 [info] read schema from vscode: vscode://schemas/vscode-extensions
2026-02-09 23:34:34.635 [info] read schema from vscode: vscode://schemas/settings/configurationDefaults
2026-02-09 23:34:37.847 [info] schema change detected vscode://schemas/settings/configurationDefaults
2026-02-09 23:34:37.850 [info] read schema from vscode: vscode://schemas/vscode-extensions
2026-02-09 23:34:37.960 [info] read schema from vscode: vscode://schemas/settings/configurationDefaults
2026-02-09 23:35:09.589 [info] schema change detected vscode://schemas/settings/configurationDefaults
2026-02-09 23:35:09.593 [info] read schema from vscode: vscode://schemas/vscode-extensions
2026-02-09 23:35:09.695 [info] read schema from vscode: vscode://schemas/settings/configurationDefaults
2026-02-09 23:35:12.631 [info] schema change detected vscode://schemas/settings/configurationDefaults
2026-02-09 23:35:12.634 [info] read schema from vscode: vscode://schemas/vscode-extensions
2026-02-09 23:35:12.712 [info] read schema from vscode: vscode://schemas/settings/configurationDefaults
2026-02-09 23:38:52.755 [info] schema change detected vscode://schemas/settings/configurationDefaults
2026-02-09 23:38:56.267 [info] schema change detected vscode://schemas/settings/configurationDefaults
2026-02-10 01:17:13.754 [info] schema change detected vscode://schemas/settings/configurationDefaults
2026-02-10 01:19:18.165 [info] schema change detected vscode://schemas/settings/configurationDefaults
2026-02-10 01:19:23.060 [info] schema change detected vscode://schemas/settings/configurationDefaults
2026-02-10 01:43:16.307 [info] schema change detected vscode://schemas/settings/configurationDefaults
2026-02-10 01:43:19.911 [info] schema change detected vscode://schemas/settings/configurationDefaults
2026-02-10 02:49:56.900 [info] cancelled
2026-02-10 03:54:01.346 [info] schema change detected vscode://schemas/settings/configurationDefaults
2026-02-10 03:54:06.201 [info] schema change detected vscode://schemas/settings/configurationDefaults
2026-02-10 04:03:09.277 [info] schema change detected vscode://schemas/settings/configurationDefaults
2026-02-10 04:03:13.483 [info] schema change detected vscode://schemas/settings/configurationDefaults
